<?xml version="1.0" encoding="UTF-8"?>
<testsuite xmlns:xsi="http://www.w3.org/2001/XMLSchema-instance" xsi:noNamespaceSchemaLocation="https://maven.apache.org/surefire/maven-surefire-plugin/xsd/surefire-test-report-3.0.xsd" version="3.0" name="es.ubu.lsi.avrela.scm.adapter.github.GitHubScmClientTest$GitHubCommitsTest$GitHubRepositoryWithCommits" time="0.854" tests="2" errors="0" skipped="0" failures="0">
  <properties>
    <property name="java.specification.version" value="17"/>
    <property name="sun.jnu.encoding" value="UTF-8"/>
    <property name="java.class.path" value="/Users/maureon/Workspaces/03_selflearning/07_avrela/target/test-classes:/Users/maureon/Workspaces/03_selflearning/07_avrela/target/classes:/Users/maureon/.m2/repository/org/springframework/cloud/spring-cloud-starter-openfeign/3.1.4/spring-cloud-starter-openfeign-3.1.4.jar:/Users/maureon/.m2/repository/org/springframework/cloud/spring-cloud-starter/3.1.4/spring-cloud-starter-3.1.4.jar:/Users/maureon/.m2/repository/org/springframework/cloud/spring-cloud-context/3.1.4/spring-cloud-context-3.1.4.jar:/Users/maureon/.m2/repository/org/springframework/security/spring-security-rsa/1.0.11.RELEASE/spring-security-rsa-1.0.11.RELEASE.jar:/Users/maureon/.m2/repository/org/bouncycastle/bcpkix-jdk15on/1.69/bcpkix-jdk15on-1.69.jar:/Users/maureon/.m2/repository/org/bouncycastle/bcprov-jdk15on/1.69/bcprov-jdk15on-1.69.jar:/Users/maureon/.m2/repository/org/bouncycastle/bcutil-jdk15on/1.69/bcutil-jdk15on-1.69.jar:/Users/maureon/.m2/repository/org/springframework/cloud/spring-cloud-openfeign-core/3.1.4/spring-cloud-openfeign-core-3.1.4.jar:/Users/maureon/.m2/repository/org/springframework/boot/spring-boot-autoconfigure/2.7.4/spring-boot-autoconfigure-2.7.4.jar:/Users/maureon/.m2/repository/org/springframework/boot/spring-boot-starter-aop/2.7.4/spring-boot-starter-aop-2.7.4.jar:/Users/maureon/.m2/repository/org/aspectj/aspectjweaver/1.9.7/aspectjweaver-1.9.7.jar:/Users/maureon/.m2/repository/io/github/openfeign/form/feign-form-spring/3.8.0/feign-form-spring-3.8.0.jar:/Users/maureon/.m2/repository/io/github/openfeign/form/feign-form/3.8.0/feign-form-3.8.0.jar:/Users/maureon/.m2/repository/commons-fileupload/commons-fileupload/1.4/commons-fileupload-1.4.jar:/Users/maureon/.m2/repository/org/springframework/spring-web/5.3.23/spring-web-5.3.23.jar:/Users/maureon/.m2/repository/org/springframework/spring-beans/5.3.23/spring-beans-5.3.23.jar:/Users/maureon/.m2/repository/org/springframework/cloud/spring-cloud-commons/3.1.4/spring-cloud-commons-3.1.4.jar:/Users/maureon/.m2/repository/org/springframework/security/spring-security-crypto/5.7.3/spring-security-crypto-5.7.3.jar:/Users/maureon/.m2/repository/io/github/openfeign/feign-core/11.8/feign-core-11.8.jar:/Users/maureon/.m2/repository/io/github/openfeign/feign-slf4j/11.8/feign-slf4j-11.8.jar:/Users/maureon/.m2/repository/org/slf4j/slf4j-api/1.7.36/slf4j-api-1.7.36.jar:/Users/maureon/.m2/repository/org/projectlombok/lombok/1.18.24/lombok-1.18.24.jar:/Users/maureon/.m2/repository/org/springframework/boot/spring-boot-starter-test/2.7.4/spring-boot-starter-test-2.7.4.jar:/Users/maureon/.m2/repository/org/springframework/boot/spring-boot-starter/2.7.4/spring-boot-starter-2.7.4.jar:/Users/maureon/.m2/repository/org/springframework/boot/spring-boot/2.7.4/spring-boot-2.7.4.jar:/Users/maureon/.m2/repository/org/springframework/boot/spring-boot-starter-logging/2.7.4/spring-boot-starter-logging-2.7.4.jar:/Users/maureon/.m2/repository/ch/qos/logback/logback-classic/1.2.11/logback-classic-1.2.11.jar:/Users/maureon/.m2/repository/ch/qos/logback/logback-core/1.2.11/logback-core-1.2.11.jar:/Users/maureon/.m2/repository/org/apache/logging/log4j/log4j-to-slf4j/2.17.2/log4j-to-slf4j-2.17.2.jar:/Users/maureon/.m2/repository/org/apache/logging/log4j/log4j-api/2.17.2/log4j-api-2.17.2.jar:/Users/maureon/.m2/repository/org/slf4j/jul-to-slf4j/1.7.36/jul-to-slf4j-1.7.36.jar:/Users/maureon/.m2/repository/jakarta/annotation/jakarta.annotation-api/1.3.5/jakarta.annotation-api-1.3.5.jar:/Users/maureon/.m2/repository/org/yaml/snakeyaml/1.30/snakeyaml-1.30.jar:/Users/maureon/.m2/repository/org/springframework/boot/spring-boot-test/2.7.4/spring-boot-test-2.7.4.jar:/Users/maureon/.m2/repository/org/springframework/boot/spring-boot-test-autoconfigure/2.7.4/spring-boot-test-autoconfigure-2.7.4.jar:/Users/maureon/.m2/repository/com/jayway/jsonpath/json-path/2.7.0/json-path-2.7.0.jar:/Users/maureon/.m2/repository/net/minidev/json-smart/2.4.8/json-smart-2.4.8.jar:/Users/maureon/.m2/repository/net/minidev/accessors-smart/2.4.8/accessors-smart-2.4.8.jar:/Users/maureon/.m2/repository/org/ow2/asm/asm/9.1/asm-9.1.jar:/Users/maureon/.m2/repository/jakarta/xml/bind/jakarta.xml.bind-api/2.3.3/jakarta.xml.bind-api-2.3.3.jar:/Users/maureon/.m2/repository/jakarta/activation/jakarta.activation-api/1.2.2/jakarta.activation-api-1.2.2.jar:/Users/maureon/.m2/repository/org/assertj/assertj-core/3.22.0/assertj-core-3.22.0.jar:/Users/maureon/.m2/repository/org/hamcrest/hamcrest/2.2/hamcrest-2.2.jar:/Users/maureon/.m2/repository/org/mockito/mockito-core/4.5.1/mockito-core-4.5.1.jar:/Users/maureon/.m2/repository/net/bytebuddy/byte-buddy/1.12.17/byte-buddy-1.12.17.jar:/Users/maureon/.m2/repository/net/bytebuddy/byte-buddy-agent/1.12.17/byte-buddy-agent-1.12.17.jar:/Users/maureon/.m2/repository/org/objenesis/objenesis/3.2/objenesis-3.2.jar:/Users/maureon/.m2/repository/org/mockito/mockito-junit-jupiter/4.5.1/mockito-junit-jupiter-4.5.1.jar:/Users/maureon/.m2/repository/org/skyscreamer/jsonassert/1.5.1/jsonassert-1.5.1.jar:/Users/maureon/.m2/repository/com/vaadin/external/google/android-json/0.0.20131108.vaadin1/android-json-0.0.20131108.vaadin1.jar:/Users/maureon/.m2/repository/org/springframework/spring-core/5.3.23/spring-core-5.3.23.jar:/Users/maureon/.m2/repository/org/springframework/spring-jcl/5.3.23/spring-jcl-5.3.23.jar:/Users/maureon/.m2/repository/org/springframework/spring-test/5.3.23/spring-test-5.3.23.jar:/Users/maureon/.m2/repository/org/xmlunit/xmlunit-core/2.9.0/xmlunit-core-2.9.0.jar:/Users/maureon/.m2/repository/io/github/openfeign/feign-gson/11.8/feign-gson-11.8.jar:/Users/maureon/.m2/repository/com/google/code/gson/gson/2.9.1/gson-2.9.1.jar:/Users/maureon/.m2/repository/org/junit/jupiter/junit-jupiter/5.9.1/junit-jupiter-5.9.1.jar:/Users/maureon/.m2/repository/org/junit/jupiter/junit-jupiter-api/5.9.1/junit-jupiter-api-5.9.1.jar:/Users/maureon/.m2/repository/org/opentest4j/opentest4j/1.2.0/opentest4j-1.2.0.jar:/Users/maureon/.m2/repository/org/junit/platform/junit-platform-commons/1.9.1/junit-platform-commons-1.9.1.jar:/Users/maureon/.m2/repository/org/junit/jupiter/junit-jupiter-params/5.9.1/junit-jupiter-params-5.9.1.jar:/Users/maureon/.m2/repository/org/junit/jupiter/junit-jupiter-engine/5.9.1/junit-jupiter-engine-5.9.1.jar:/Users/maureon/.m2/repository/org/junit/platform/junit-platform-suite/1.9.1/junit-platform-suite-1.9.1.jar:/Users/maureon/.m2/repository/org/junit/platform/junit-platform-suite-api/1.9.1/junit-platform-suite-api-1.9.1.jar:/Users/maureon/.m2/repository/org/junit/platform/junit-platform-suite-engine/1.9.1/junit-platform-suite-engine-1.9.1.jar:/Users/maureon/.m2/repository/org/junit/platform/junit-platform-suite-commons/1.9.1/junit-platform-suite-commons-1.9.1.jar:/Users/maureon/.m2/repository/org/junit/platform/junit-platform-launcher/1.9.1/junit-platform-launcher-1.9.1.jar:/Users/maureon/.m2/repository/io/cucumber/cucumber-java/7.8.1/cucumber-java-7.8.1.jar:/Users/maureon/.m2/repository/io/cucumber/cucumber-core/7.8.1/cucumber-core-7.8.1.jar:/Users/maureon/.m2/repository/io/cucumber/cucumber-gherkin/7.8.1/cucumber-gherkin-7.8.1.jar:/Users/maureon/.m2/repository/io/cucumber/cucumber-gherkin-messages/7.8.1/cucumber-gherkin-messages-7.8.1.jar:/Users/maureon/.m2/repository/io/cucumber/gherkin/24.0.0/gherkin-24.0.0.jar:/Users/maureon/.m2/repository/io/cucumber/messages/19.1.4/messages-19.1.4.jar:/Users/maureon/.m2/repository/io/cucumber/tag-expressions/4.1.0/tag-expressions-4.1.0.jar:/Users/maureon/.m2/repository/io/cucumber/cucumber-expressions/16.0.0/cucumber-expressions-16.0.0.jar:/Users/maureon/.m2/repository/io/cucumber/datatable/7.8.1/datatable-7.8.1.jar:/Users/maureon/.m2/repository/io/cucumber/cucumber-plugin/7.8.1/cucumber-plugin-7.8.1.jar:/Users/maureon/.m2/repository/io/cucumber/docstring/7.8.1/docstring-7.8.1.jar:/Users/maureon/.m2/repository/io/cucumber/html-formatter/20.1.0/html-formatter-20.1.0.jar:/Users/maureon/.m2/repository/io/cucumber/ci-environment/9.1.0/ci-environment-9.1.0.jar:/Users/maureon/.m2/repository/org/apiguardian/apiguardian-api/1.1.2/apiguardian-api-1.1.2.jar:/Users/maureon/.m2/repository/io/cucumber/cucumber-junit-platform-engine/7.8.1/cucumber-junit-platform-engine-7.8.1.jar:/Users/maureon/.m2/repository/org/junit/platform/junit-platform-engine/1.9.1/junit-platform-engine-1.9.1.jar:/Users/maureon/.m2/repository/org/springframework/boot/spring-boot-starter-thymeleaf/2.7.4/spring-boot-starter-thymeleaf-2.7.4.jar:/Users/maureon/.m2/repository/org/thymeleaf/thymeleaf-spring5/3.0.15.RELEASE/thymeleaf-spring5-3.0.15.RELEASE.jar:/Users/maureon/.m2/repository/org/thymeleaf/thymeleaf/3.0.15.RELEASE/thymeleaf-3.0.15.RELEASE.jar:/Users/maureon/.m2/repository/org/attoparser/attoparser/2.0.5.RELEASE/attoparser-2.0.5.RELEASE.jar:/Users/maureon/.m2/repository/org/unbescape/unbescape/1.1.6.RELEASE/unbescape-1.1.6.RELEASE.jar:/Users/maureon/.m2/repository/org/thymeleaf/extras/thymeleaf-extras-java8time/3.0.4.RELEASE/thymeleaf-extras-java8time-3.0.4.RELEASE.jar:/Users/maureon/.m2/repository/org/springframework/boot/spring-boot-starter-web/2.7.4/spring-boot-starter-web-2.7.4.jar:/Users/maureon/.m2/repository/org/springframework/boot/spring-boot-starter-json/2.7.4/spring-boot-starter-json-2.7.4.jar:/Users/maureon/.m2/repository/com/fasterxml/jackson/core/jackson-databind/2.13.4/jackson-databind-2.13.4.jar:/Users/maureon/.m2/repository/com/fasterxml/jackson/core/jackson-annotations/2.13.4/jackson-annotations-2.13.4.jar:/Users/maureon/.m2/repository/com/fasterxml/jackson/core/jackson-core/2.13.4/jackson-core-2.13.4.jar:/Users/maureon/.m2/repository/com/fasterxml/jackson/datatype/jackson-datatype-jdk8/2.13.4/jackson-datatype-jdk8-2.13.4.jar:/Users/maureon/.m2/repository/com/fasterxml/jackson/datatype/jackson-datatype-jsr310/2.13.4/jackson-datatype-jsr310-2.13.4.jar:/Users/maureon/.m2/repository/com/fasterxml/jackson/module/jackson-module-parameter-names/2.13.4/jackson-module-parameter-names-2.13.4.jar:/Users/maureon/.m2/repository/org/springframework/boot/spring-boot-starter-tomcat/2.7.4/spring-boot-starter-tomcat-2.7.4.jar:/Users/maureon/.m2/repository/org/apache/tomcat/embed/tomcat-embed-core/9.0.65/tomcat-embed-core-9.0.65.jar:/Users/maureon/.m2/repository/org/apache/tomcat/embed/tomcat-embed-el/9.0.65/tomcat-embed-el-9.0.65.jar:/Users/maureon/.m2/repository/org/apache/tomcat/embed/tomcat-embed-websocket/9.0.65/tomcat-embed-websocket-9.0.65.jar:/Users/maureon/.m2/repository/org/springframework/spring-webmvc/5.3.23/spring-webmvc-5.3.23.jar:/Users/maureon/.m2/repository/org/springframework/spring-aop/5.3.23/spring-aop-5.3.23.jar:/Users/maureon/.m2/repository/org/springframework/spring-context/5.3.23/spring-context-5.3.23.jar:/Users/maureon/.m2/repository/org/springframework/spring-expression/5.3.23/spring-expression-5.3.23.jar:/Users/maureon/.m2/repository/org/webjars/bootstrap/5.2.3/bootstrap-5.2.3.jar:"/>
    <property name="java.vm.vendor" value="Eclipse Adoptium"/>
    <property name="sun.arch.data.model" value="64"/>
    <property name="java.vendor.url" value="https://adoptium.net/"/>
    <property name="user.timezone" value="Europe/Madrid"/>
    <property name="os.name" value="Mac OS X"/>
    <property name="java.vm.specification.version" value="17"/>
    <property name="sun.java.launcher" value="SUN_STANDARD"/>
    <property name="user.country" value="ES"/>
    <property name="sun.boot.library.path" value="/Users/maureon/.sdkman/candidates/java/17.0.4.1-tem/lib"/>
    <property name="sun.java.command" value="/Users/maureon/Workspaces/03_selflearning/07_avrela/target/surefire/surefirebooter8786368081608879481.jar /Users/maureon/Workspaces/03_selflearning/07_avrela/target/surefire 2023-09-24T16-20-02_293-jvmRun1 surefire473464977500272441tmp surefire_08542013971996685590tmp"/>
    <property name="http.nonProxyHosts" value="local|*.local|169.254/16|*.169.254/16"/>
    <property name="jdk.debug" value="release"/>
    <property name="surefire.test.class.path" value="/Users/maureon/Workspaces/03_selflearning/07_avrela/target/test-classes:/Users/maureon/Workspaces/03_selflearning/07_avrela/target/classes:/Users/maureon/.m2/repository/org/springframework/cloud/spring-cloud-starter-openfeign/3.1.4/spring-cloud-starter-openfeign-3.1.4.jar:/Users/maureon/.m2/repository/org/springframework/cloud/spring-cloud-starter/3.1.4/spring-cloud-starter-3.1.4.jar:/Users/maureon/.m2/repository/org/springframework/cloud/spring-cloud-context/3.1.4/spring-cloud-context-3.1.4.jar:/Users/maureon/.m2/repository/org/springframework/security/spring-security-rsa/1.0.11.RELEASE/spring-security-rsa-1.0.11.RELEASE.jar:/Users/maureon/.m2/repository/org/bouncycastle/bcpkix-jdk15on/1.69/bcpkix-jdk15on-1.69.jar:/Users/maureon/.m2/repository/org/bouncycastle/bcprov-jdk15on/1.69/bcprov-jdk15on-1.69.jar:/Users/maureon/.m2/repository/org/bouncycastle/bcutil-jdk15on/1.69/bcutil-jdk15on-1.69.jar:/Users/maureon/.m2/repository/org/springframework/cloud/spring-cloud-openfeign-core/3.1.4/spring-cloud-openfeign-core-3.1.4.jar:/Users/maureon/.m2/repository/org/springframework/boot/spring-boot-autoconfigure/2.7.4/spring-boot-autoconfigure-2.7.4.jar:/Users/maureon/.m2/repository/org/springframework/boot/spring-boot-starter-aop/2.7.4/spring-boot-starter-aop-2.7.4.jar:/Users/maureon/.m2/repository/org/aspectj/aspectjweaver/1.9.7/aspectjweaver-1.9.7.jar:/Users/maureon/.m2/repository/io/github/openfeign/form/feign-form-spring/3.8.0/feign-form-spring-3.8.0.jar:/Users/maureon/.m2/repository/io/github/openfeign/form/feign-form/3.8.0/feign-form-3.8.0.jar:/Users/maureon/.m2/repository/commons-fileupload/commons-fileupload/1.4/commons-fileupload-1.4.jar:/Users/maureon/.m2/repository/org/springframework/spring-web/5.3.23/spring-web-5.3.23.jar:/Users/maureon/.m2/repository/org/springframework/spring-beans/5.3.23/spring-beans-5.3.23.jar:/Users/maureon/.m2/repository/org/springframework/cloud/spring-cloud-commons/3.1.4/spring-cloud-commons-3.1.4.jar:/Users/maureon/.m2/repository/org/springframework/security/spring-security-crypto/5.7.3/spring-security-crypto-5.7.3.jar:/Users/maureon/.m2/repository/io/github/openfeign/feign-core/11.8/feign-core-11.8.jar:/Users/maureon/.m2/repository/io/github/openfeign/feign-slf4j/11.8/feign-slf4j-11.8.jar:/Users/maureon/.m2/repository/org/slf4j/slf4j-api/1.7.36/slf4j-api-1.7.36.jar:/Users/maureon/.m2/repository/org/projectlombok/lombok/1.18.24/lombok-1.18.24.jar:/Users/maureon/.m2/repository/org/springframework/boot/spring-boot-starter-test/2.7.4/spring-boot-starter-test-2.7.4.jar:/Users/maureon/.m2/repository/org/springframework/boot/spring-boot-starter/2.7.4/spring-boot-starter-2.7.4.jar:/Users/maureon/.m2/repository/org/springframework/boot/spring-boot/2.7.4/spring-boot-2.7.4.jar:/Users/maureon/.m2/repository/org/springframework/boot/spring-boot-starter-logging/2.7.4/spring-boot-starter-logging-2.7.4.jar:/Users/maureon/.m2/repository/ch/qos/logback/logback-classic/1.2.11/logback-classic-1.2.11.jar:/Users/maureon/.m2/repository/ch/qos/logback/logback-core/1.2.11/logback-core-1.2.11.jar:/Users/maureon/.m2/repository/org/apache/logging/log4j/log4j-to-slf4j/2.17.2/log4j-to-slf4j-2.17.2.jar:/Users/maureon/.m2/repository/org/apache/logging/log4j/log4j-api/2.17.2/log4j-api-2.17.2.jar:/Users/maureon/.m2/repository/org/slf4j/jul-to-slf4j/1.7.36/jul-to-slf4j-1.7.36.jar:/Users/maureon/.m2/repository/jakarta/annotation/jakarta.annotation-api/1.3.5/jakarta.annotation-api-1.3.5.jar:/Users/maureon/.m2/repository/org/yaml/snakeyaml/1.30/snakeyaml-1.30.jar:/Users/maureon/.m2/repository/org/springframework/boot/spring-boot-test/2.7.4/spring-boot-test-2.7.4.jar:/Users/maureon/.m2/repository/org/springframework/boot/spring-boot-test-autoconfigure/2.7.4/spring-boot-test-autoconfigure-2.7.4.jar:/Users/maureon/.m2/repository/com/jayway/jsonpath/json-path/2.7.0/json-path-2.7.0.jar:/Users/maureon/.m2/repository/net/minidev/json-smart/2.4.8/json-smart-2.4.8.jar:/Users/maureon/.m2/repository/net/minidev/accessors-smart/2.4.8/accessors-smart-2.4.8.jar:/Users/maureon/.m2/repository/org/ow2/asm/asm/9.1/asm-9.1.jar:/Users/maureon/.m2/repository/jakarta/xml/bind/jakarta.xml.bind-api/2.3.3/jakarta.xml.bind-api-2.3.3.jar:/Users/maureon/.m2/repository/jakarta/activation/jakarta.activation-api/1.2.2/jakarta.activation-api-1.2.2.jar:/Users/maureon/.m2/repository/org/assertj/assertj-core/3.22.0/assertj-core-3.22.0.jar:/Users/maureon/.m2/repository/org/hamcrest/hamcrest/2.2/hamcrest-2.2.jar:/Users/maureon/.m2/repository/org/mockito/mockito-core/4.5.1/mockito-core-4.5.1.jar:/Users/maureon/.m2/repository/net/bytebuddy/byte-buddy/1.12.17/byte-buddy-1.12.17.jar:/Users/maureon/.m2/repository/net/bytebuddy/byte-buddy-agent/1.12.17/byte-buddy-agent-1.12.17.jar:/Users/maureon/.m2/repository/org/objenesis/objenesis/3.2/objenesis-3.2.jar:/Users/maureon/.m2/repository/org/mockito/mockito-junit-jupiter/4.5.1/mockito-junit-jupiter-4.5.1.jar:/Users/maureon/.m2/repository/org/skyscreamer/jsonassert/1.5.1/jsonassert-1.5.1.jar:/Users/maureon/.m2/repository/com/vaadin/external/google/android-json/0.0.20131108.vaadin1/android-json-0.0.20131108.vaadin1.jar:/Users/maureon/.m2/repository/org/springframework/spring-core/5.3.23/spring-core-5.3.23.jar:/Users/maureon/.m2/repository/org/springframework/spring-jcl/5.3.23/spring-jcl-5.3.23.jar:/Users/maureon/.m2/repository/org/springframework/spring-test/5.3.23/spring-test-5.3.23.jar:/Users/maureon/.m2/repository/org/xmlunit/xmlunit-core/2.9.0/xmlunit-core-2.9.0.jar:/Users/maureon/.m2/repository/io/github/openfeign/feign-gson/11.8/feign-gson-11.8.jar:/Users/maureon/.m2/repository/com/google/code/gson/gson/2.9.1/gson-2.9.1.jar:/Users/maureon/.m2/repository/org/junit/jupiter/junit-jupiter/5.9.1/junit-jupiter-5.9.1.jar:/Users/maureon/.m2/repository/org/junit/jupiter/junit-jupiter-api/5.9.1/junit-jupiter-api-5.9.1.jar:/Users/maureon/.m2/repository/org/opentest4j/opentest4j/1.2.0/opentest4j-1.2.0.jar:/Users/maureon/.m2/repository/org/junit/platform/junit-platform-commons/1.9.1/junit-platform-commons-1.9.1.jar:/Users/maureon/.m2/repository/org/junit/jupiter/junit-jupiter-params/5.9.1/junit-jupiter-params-5.9.1.jar:/Users/maureon/.m2/repository/org/junit/jupiter/junit-jupiter-engine/5.9.1/junit-jupiter-engine-5.9.1.jar:/Users/maureon/.m2/repository/org/junit/platform/junit-platform-suite/1.9.1/junit-platform-suite-1.9.1.jar:/Users/maureon/.m2/repository/org/junit/platform/junit-platform-suite-api/1.9.1/junit-platform-suite-api-1.9.1.jar:/Users/maureon/.m2/repository/org/junit/platform/junit-platform-suite-engine/1.9.1/junit-platform-suite-engine-1.9.1.jar:/Users/maureon/.m2/repository/org/junit/platform/junit-platform-suite-commons/1.9.1/junit-platform-suite-commons-1.9.1.jar:/Users/maureon/.m2/repository/org/junit/platform/junit-platform-launcher/1.9.1/junit-platform-launcher-1.9.1.jar:/Users/maureon/.m2/repository/io/cucumber/cucumber-java/7.8.1/cucumber-java-7.8.1.jar:/Users/maureon/.m2/repository/io/cucumber/cucumber-core/7.8.1/cucumber-core-7.8.1.jar:/Users/maureon/.m2/repository/io/cucumber/cucumber-gherkin/7.8.1/cucumber-gherkin-7.8.1.jar:/Users/maureon/.m2/repository/io/cucumber/cucumber-gherkin-messages/7.8.1/cucumber-gherkin-messages-7.8.1.jar:/Users/maureon/.m2/repository/io/cucumber/gherkin/24.0.0/gherkin-24.0.0.jar:/Users/maureon/.m2/repository/io/cucumber/messages/19.1.4/messages-19.1.4.jar:/Users/maureon/.m2/repository/io/cucumber/tag-expressions/4.1.0/tag-expressions-4.1.0.jar:/Users/maureon/.m2/repository/io/cucumber/cucumber-expressions/16.0.0/cucumber-expressions-16.0.0.jar:/Users/maureon/.m2/repository/io/cucumber/datatable/7.8.1/datatable-7.8.1.jar:/Users/maureon/.m2/repository/io/cucumber/cucumber-plugin/7.8.1/cucumber-plugin-7.8.1.jar:/Users/maureon/.m2/repository/io/cucumber/docstring/7.8.1/docstring-7.8.1.jar:/Users/maureon/.m2/repository/io/cucumber/html-formatter/20.1.0/html-formatter-20.1.0.jar:/Users/maureon/.m2/repository/io/cucumber/ci-environment/9.1.0/ci-environment-9.1.0.jar:/Users/maureon/.m2/repository/org/apiguardian/apiguardian-api/1.1.2/apiguardian-api-1.1.2.jar:/Users/maureon/.m2/repository/io/cucumber/cucumber-junit-platform-engine/7.8.1/cucumber-junit-platform-engine-7.8.1.jar:/Users/maureon/.m2/repository/org/junit/platform/junit-platform-engine/1.9.1/junit-platform-engine-1.9.1.jar:/Users/maureon/.m2/repository/org/springframework/boot/spring-boot-starter-thymeleaf/2.7.4/spring-boot-starter-thymeleaf-2.7.4.jar:/Users/maureon/.m2/repository/org/thymeleaf/thymeleaf-spring5/3.0.15.RELEASE/thymeleaf-spring5-3.0.15.RELEASE.jar:/Users/maureon/.m2/repository/org/thymeleaf/thymeleaf/3.0.15.RELEASE/thymeleaf-3.0.15.RELEASE.jar:/Users/maureon/.m2/repository/org/attoparser/attoparser/2.0.5.RELEASE/attoparser-2.0.5.RELEASE.jar:/Users/maureon/.m2/repository/org/unbescape/unbescape/1.1.6.RELEASE/unbescape-1.1.6.RELEASE.jar:/Users/maureon/.m2/repository/org/thymeleaf/extras/thymeleaf-extras-java8time/3.0.4.RELEASE/thymeleaf-extras-java8time-3.0.4.RELEASE.jar:/Users/maureon/.m2/repository/org/springframework/boot/spring-boot-starter-web/2.7.4/spring-boot-starter-web-2.7.4.jar:/Users/maureon/.m2/repository/org/springframework/boot/spring-boot-starter-json/2.7.4/spring-boot-starter-json-2.7.4.jar:/Users/maureon/.m2/repository/com/fasterxml/jackson/core/jackson-databind/2.13.4/jackson-databind-2.13.4.jar:/Users/maureon/.m2/repository/com/fasterxml/jackson/core/jackson-annotations/2.13.4/jackson-annotations-2.13.4.jar:/Users/maureon/.m2/repository/com/fasterxml/jackson/core/jackson-core/2.13.4/jackson-core-2.13.4.jar:/Users/maureon/.m2/repository/com/fasterxml/jackson/datatype/jackson-datatype-jdk8/2.13.4/jackson-datatype-jdk8-2.13.4.jar:/Users/maureon/.m2/repository/com/fasterxml/jackson/datatype/jackson-datatype-jsr310/2.13.4/jackson-datatype-jsr310-2.13.4.jar:/Users/maureon/.m2/repository/com/fasterxml/jackson/module/jackson-module-parameter-names/2.13.4/jackson-module-parameter-names-2.13.4.jar:/Users/maureon/.m2/repository/org/springframework/boot/spring-boot-starter-tomcat/2.7.4/spring-boot-starter-tomcat-2.7.4.jar:/Users/maureon/.m2/repository/org/apache/tomcat/embed/tomcat-embed-core/9.0.65/tomcat-embed-core-9.0.65.jar:/Users/maureon/.m2/repository/org/apache/tomcat/embed/tomcat-embed-el/9.0.65/tomcat-embed-el-9.0.65.jar:/Users/maureon/.m2/repository/org/apache/tomcat/embed/tomcat-embed-websocket/9.0.65/tomcat-embed-websocket-9.0.65.jar:/Users/maureon/.m2/repository/org/springframework/spring-webmvc/5.3.23/spring-webmvc-5.3.23.jar:/Users/maureon/.m2/repository/org/springframework/spring-aop/5.3.23/spring-aop-5.3.23.jar:/Users/maureon/.m2/repository/org/springframework/spring-context/5.3.23/spring-context-5.3.23.jar:/Users/maureon/.m2/repository/org/springframework/spring-expression/5.3.23/spring-expression-5.3.23.jar:/Users/maureon/.m2/repository/org/webjars/bootstrap/5.2.3/bootstrap-5.2.3.jar:"/>
    <property name="sun.cpu.endian" value="little"/>
    <property name="user.home" value="/Users/maureon"/>
    <property name="user.language" value="en"/>
    <property name="java.specification.vendor" value="Oracle Corporation"/>
    <property name="java.version.date" value="2022-08-12"/>
    <property name="java.home" value="/Users/maureon/.sdkman/candidates/java/17.0.4.1-tem"/>
    <property name="file.separator" value="/"/>
    <property name="basedir" value="/Users/maureon/Workspaces/03_selflearning/07_avrela"/>
    <property name="java.vm.compressedOopsMode" value="Zero based"/>
    <property name="line.separator" value="&#10;"/>
    <property name="java.vm.specification.vendor" value="Oracle Corporation"/>
    <property name="java.specification.name" value="Java Platform API Specification"/>
    <property name="FILE_LOG_CHARSET" value="UTF-8"/>
    <property name="java.awt.headless" value="true"/>
    <property name="surefire.real.class.path" value="/Users/maureon/Workspaces/03_selflearning/07_avrela/target/surefire/surefirebooter8786368081608879481.jar"/>
    <property name="sun.management.compiler" value="HotSpot 64-Bit Tiered Compilers"/>
    <property name="ftp.nonProxyHosts" value="local|*.local|169.254/16|*.169.254/16"/>
    <property name="java.runtime.version" value="17.0.4.1+1"/>
    <property name="user.name" value="maureon"/>
    <property name="path.separator" value=":"/>
    <property name="os.version" value="12.6"/>
    <property name="java.runtime.name" value="OpenJDK Runtime Environment"/>
    <property name="file.encoding" value="UTF-8"/>
    <property name="spring.beaninfo.ignore" value="true"/>
    <property name="java.vm.name" value="OpenJDK 64-Bit Server VM"/>
    <property name="java.vendor.version" value="Temurin-17.0.4.1+1"/>
    <property name="localRepository" value="/Users/maureon/.m2/repository"/>
    <property name="java.vendor.url.bug" value="https://github.com/adoptium/adoptium-support/issues"/>
    <property name="java.io.tmpdir" value="/var/folders/kp/wtrq7gns0rjbc28xwtdc_wq40000gn/T/"/>
    <property name="idea.version" value="2022.2.3"/>
    <property name="java.version" value="17.0.4.1"/>
    <property name="user.dir" value="/Users/maureon/Workspaces/03_selflearning/07_avrela"/>
    <property name="os.arch" value="x86_64"/>
    <property name="java.vm.specification.name" value="Java Virtual Machine Specification"/>
    <property name="PID" value="39436"/>
    <property name="CONSOLE_LOG_CHARSET" value="UTF-8"/>
    <property name="native.encoding" value="UTF-8"/>
    <property name="java.library.path" value="/Users/maureon/Library/Java/Extensions:/Library/Java/Extensions:/Network/Library/Java/Extensions:/System/Library/Java/Extensions:/usr/lib/java:."/>
    <property name="java.vm.info" value="mixed mode, sharing"/>
    <property name="java.vendor" value="Eclipse Adoptium"/>
    <property name="java.vm.version" value="17.0.4.1+1"/>
    <property name="sun.io.unicode.encoding" value="UnicodeBig"/>
    <property name="socksNonProxyHosts" value="local|*.local|169.254/16|*.169.254/16"/>
    <property name="java.class.version" value="61.0"/>
  </properties>
  <testcase name="commitsInfoShouldBeComplete" classname="es.ubu.lsi.avrela.scm.adapter.github.GitHubScmClientTest$GitHubCommitsTest$GitHubRepositoryWithCommits" time="0.583">
    <system-out><![CDATA[2023-09-24 16:20:17.250 DEBUG 39436 --- [           main] e.u.l.a.s.a.github.GitHubScmClient       : [GitHubScmClient#findCommits] ---> GET https://api.github.com/repos/davidmigloz/go-bees/commits?sha=master&until=2023-09-24T16%3A20%3A17.244588%2B02%3A00%5BEurope/Madrid%5D&page=1&per_page=100 HTTP/1.1
2023-09-24 16:20:17.250 DEBUG 39436 --- [           main] e.u.l.a.s.a.github.GitHubScmClient       : [GitHubScmClient#findCommits] Authorization: Bearer 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
2023-09-24 16:20:17.250 DEBUG 39436 --- [           main] e.u.l.a.s.a.github.GitHubScmClient       : [GitHubScmClient#findCommits] ---> END HTTP (0-byte body)
2023-09-24 16:20:17.655 DEBUG 39436 --- [           main] e.u.l.a.s.a.github.GitHubScmClient       : [GitHubScmClient#findCommits] <--- HTTP/1.1 200 OK (404ms)
2023-09-24 16:20:17.656 DEBUG 39436 --- [           main] e.u.l.a.s.a.github.GitHubScmClient       : [GitHubScmClient#findCommits] access-control-allow-origin: *
2023-09-24 16:20:17.656 DEBUG 39436 --- [           main] e.u.l.a.s.a.github.GitHubScmClient       : [GitHubScmClient#findCommits] access-control-expose-headers: ETag, Link, Location, Retry-After, X-GitHub-OTP, X-RateLimit-Limit, X-RateLimit-Remaining, X-RateLimit-Used, X-RateLimit-Resource, X-RateLimit-Reset, X-OAuth-Scopes, X-Accepted-OAuth-Scopes, X-Poll-Interval, X-GitHub-Media-Type, X-GitHub-SSO, X-GitHub-Request-Id, Deprecation, Sunset
2023-09-24 16:20:17.657 DEBUG 39436 --- [           main] e.u.l.a.s.a.github.GitHubScmClient       : [GitHubScmClient#findCommits] cache-control: private, max-age=60, s-maxage=60
2023-09-24 16:20:17.657 DEBUG 39436 --- [           main] e.u.l.a.s.a.github.GitHubScmClient       : [GitHubScmClient#findCommits] content-length: 329143
2023-09-24 16:20:17.657 DEBUG 39436 --- [           main] e.u.l.a.s.a.github.GitHubScmClient       : [GitHubScmClient#findCommits] content-security-policy: default-src 'none'
2023-09-24 16:20:17.658 DEBUG 39436 --- [           main] e.u.l.a.s.a.github.GitHubScmClient       : [GitHubScmClient#findCommits] content-type: application/json; charset=utf-8
2023-09-24 16:20:17.658 DEBUG 39436 --- [           main] e.u.l.a.s.a.github.GitHubScmClient       : [GitHubScmClient#findCommits] date: Sun, 24 Sep 2023 14:20:17 GMT
2023-09-24 16:20:17.658 DEBUG 39436 --- [           main] e.u.l.a.s.a.github.GitHubScmClient       : [GitHubScmClient#findCommits] etag: "a603af2faddc17c16724f2290318607d4e6d5d72275417afa5ae2648d1ac90d8"
2023-09-24 16:20:17.658 DEBUG 39436 --- [           main] e.u.l.a.s.a.github.GitHubScmClient       : [GitHubScmClient#findCommits] last-modified: Fri, 12 Mar 2021 20:29:14 GMT
2023-09-24 16:20:17.659 DEBUG 39436 --- [           main] e.u.l.a.s.a.github.GitHubScmClient       : [GitHubScmClient#findCommits] link: <https://api.github.com/repositories/65927678/commits?sha=master&until=2023-09-24T16%3A20%3A17.244588%2B02%3A00%5BEurope%2FMadrid%5D&page=2&per_page=100>; rel="next", <https://api.github.com/repositories/65927678/commits?sha=master&until=2023-09-24T16%3A20%3A17.244588%2B02%3A00%5BEurope%2FMadrid%5D&page=5&per_page=100>; rel="last"
2023-09-24 16:20:17.659 DEBUG 39436 --- [           main] e.u.l.a.s.a.github.GitHubScmClient       : [GitHubScmClient#findCommits] referrer-policy: origin-when-cross-origin, strict-origin-when-cross-origin
2023-09-24 16:20:17.660 DEBUG 39436 --- [           main] e.u.l.a.s.a.github.GitHubScmClient       : [GitHubScmClient#findCommits] server: GitHub.com
2023-09-24 16:20:17.661 DEBUG 39436 --- [           main] e.u.l.a.s.a.github.GitHubScmClient       : [GitHubScmClient#findCommits] strict-transport-security: max-age=31536000; includeSubdomains; preload
2023-09-24 16:20:17.661 DEBUG 39436 --- [           main] e.u.l.a.s.a.github.GitHubScmClient       : [GitHubScmClient#findCommits] vary: Accept-Encoding, Accept, X-Requested-With
2023-09-24 16:20:17.661 DEBUG 39436 --- [           main] e.u.l.a.s.a.github.GitHubScmClient       : [GitHubScmClient#findCommits] vary: Accept, Authorization, Cookie, X-GitHub-OTP
2023-09-24 16:20:17.661 DEBUG 39436 --- [           main] e.u.l.a.s.a.github.GitHubScmClient       : [GitHubScmClient#findCommits] x-accepted-oauth-scopes: 
2023-09-24 16:20:17.661 DEBUG 39436 --- [           main] e.u.l.a.s.a.github.GitHubScmClient       : [GitHubScmClient#findCommits] x-content-type-options: nosniff
2023-09-24 16:20:17.662 DEBUG 39436 --- [           main] e.u.l.a.s.a.github.GitHubScmClient       : [GitHubScmClient#findCommits] x-frame-options: deny
2023-09-24 16:20:17.663 DEBUG 39436 --- [           main] e.u.l.a.s.a.github.GitHubScmClient       : [GitHubScmClient#findCommits] x-github-api-version-selected: 2022-11-28
2023-09-24 16:20:17.663 DEBUG 39436 --- [           main] e.u.l.a.s.a.github.GitHubScmClient       : [GitHubScmClient#findCommits] x-github-media-type: github.v3; format=json
2023-09-24 16:20:17.663 DEBUG 39436 --- [           main] e.u.l.a.s.a.github.GitHubScmClient       : [GitHubScmClient#findCommits] x-github-request-id: E4B5:5059:2AD9EC8:2B70DC5:651045A1
2023-09-24 16:20:17.663 DEBUG 39436 --- [           main] e.u.l.a.s.a.github.GitHubScmClient       : [GitHubScmClient#findCommits] x-oauth-scopes: gist, notifications, project, repo
2023-09-24 16:20:17.663 DEBUG 39436 --- [           main] e.u.l.a.s.a.github.GitHubScmClient       : [GitHubScmClient#findCommits] x-ratelimit-limit: 5000
2023-09-24 16:20:17.664 DEBUG 39436 --- [           main] e.u.l.a.s.a.github.GitHubScmClient       : [GitHubScmClient#findCommits] x-ratelimit-remaining: 4990
2023-09-24 16:20:17.664 DEBUG 39436 --- [           main] e.u.l.a.s.a.github.GitHubScmClient       : [GitHubScmClient#findCommits] x-ratelimit-reset: 1695568813
2023-09-24 16:20:17.664 DEBUG 39436 --- [           main] e.u.l.a.s.a.github.GitHubScmClient       : [GitHubScmClient#findCommits] x-ratelimit-resource: core
2023-09-24 16:20:17.664 DEBUG 39436 --- [           main] e.u.l.a.s.a.github.GitHubScmClient       : [GitHubScmClient#findCommits] x-ratelimit-used: 10
2023-09-24 16:20:17.664 DEBUG 39436 --- [           main] e.u.l.a.s.a.github.GitHubScmClient       : [GitHubScmClient#findCommits] x-xss-protection: 0
2023-09-24 16:20:17.664 DEBUG 39436 --- [           main] e.u.l.a.s.a.github.GitHubScmClient       : [GitHubScmClient#findCommits] 
2023-09-24 16:20:17.771 DEBUG 39436 --- [           main] e.u.l.a.s.a.github.GitHubScmClient       : [GitHubScmClient#findCommits] [{"sha":"8289ea5ef2b644a551fda4c3b034f9ef9fcd0209","node_id":"MDY6Q29tbWl0NjU5Mjc2Nzg6ODI4OWVhNWVmMmI2NDRhNTUxZmRhNGMzYjAzNGY5ZWY5ZmNkMDIwOQ==","commit":{"author":{"name":"David Miguel Lozano","email":"davidmigloz@users.noreply.github.com","date":"2021-03-12T20:29:14Z"},"committer":{"name":"David Miguel Lozano","email":"davidmigloz@users.noreply.github.com","date":"2021-03-12T20:29:14Z"},"message":"Create CNAME","tree":{"sha":"0075784b7aaa8645e600fe82258d9ec8a4412f83","url":"https://api.github.com/repos/davidmigloz/go-bees/git/trees/0075784b7aaa8645e600fe82258d9ec8a4412f83"},"url":"https://api.github.com/repos/davidmigloz/go-bees/git/commits/8289ea5ef2b644a551fda4c3b034f9ef9fcd0209","comment_count":0,"verification":{"verified":false,"reason":"unsigned","signature":null,"payload":null}},"url":"https://api.github.com/repos/davidmigloz/go-bees/commits/8289ea5ef2b644a551fda4c3b034f9ef9fcd0209","html_url":"https://github.com/davidmigloz/go-bees/commit/8289ea5ef2b644a551fda4c3b034f9ef9fcd0209","comments_url":"https://api.github.com/repos/davidmigloz/go-bees/commits/8289ea5ef2b644a551fda4c3b034f9ef9fcd0209/comments","author":{"login":"davidmigloz","id":6546265,"node_id":"MDQ6VXNlcjY1NDYyNjU=","avatar_url":"https://avatars.githubusercontent.com/u/6546265?v=4","gravatar_id":"","url":"https://api.github.com/users/davidmigloz","html_url":"https://github.com/davidmigloz","followers_url":"https://api.github.com/users/davidmigloz/followers","following_url":"https://api.github.com/users/davidmigloz/following{/other_user}","gists_url":"https://api.github.com/users/davidmigloz/gists{/gist_id}","starred_url":"https://api.github.com/users/davidmigloz/starred{/owner}{/repo}","subscriptions_url":"https://api.github.com/users/davidmigloz/subscriptions","organizations_url":"https://api.github.com/users/davidmigloz/orgs","repos_url":"https://api.github.com/users/davidmigloz/repos","events_url":"https://api.github.com/users/davidmigloz/events{/privacy}","received_events_url":"https://api.github.com/users/davidmigloz/received_events","type":"User","site_admin":false},"committer":{"login":"davidmigloz","id":6546265,"node_id":"MDQ6VXNlcjY1NDYyNjU=","avatar_url":"https://avatars.githubusercontent.com/u/6546265?v=4","gravatar_id":"","url":"https://api.github.com/users/davidmigloz","html_url":"https://github.com/davidmigloz","followers_url":"https://api.github.com/users/davidmigloz/followers","following_url":"https://api.github.com/users/davidmigloz/following{/other_user}","gists_url":"https://api.github.com/users/davidmigloz/gists{/gist_id}","starred_url":"https://api.github.com/users/davidmigloz/starred{/owner}{/repo}","subscriptions_url":"https://api.github.com/users/davidmigloz/subscriptions","organizations_url":"https://api.github.com/users/davidmigloz/orgs","repos_url":"https://api.github.com/users/davidmigloz/repos","events_url":"https://api.github.com/users/davidmigloz/events{/privacy}","received_events_url":"https://api.github.com/users/davidmigloz/received_events","type":"User","site_admin":false},"parents":[{"sha":"a5aaf9016611f9913c21d1f906d7c75df580529a","url":"https://api.github.com/repos/davidmigloz/go-bees/commits/a5aaf9016611f9913c21d1f906d7c75df580529a","html_url":"https://github.com/davidmigloz/go-bees/commit/a5aaf9016611f9913c21d1f906d7c75df580529a"}]},{"sha":"a5aaf9016611f9913c21d1f906d7c75df580529a","node_id":"MDY6Q29tbWl0NjU5Mjc2Nzg6YTVhYWY5MDE2NjExZjk5MTNjMjFkMWY5MDZkN2M3NWRmNTgwNTI5YQ==","commit":{"author":{"name":"David Miguel","email":"david.miguel@peaks.com","date":"2017-10-15T22:40:41Z"},"committer":{"name":"David Miguel","email":"david.miguel@peaks.com","date":"2017-10-15T22:40:41Z"},"message":"Merge branch 'release-1.2'","tree":{"sha":"7d3292d8efccb104b839caf34a89370bc27abef1","url":"https://api.github.com/repos/davidmigloz/go-bees/git/trees/7d3292d8efccb104b839caf34a89370bc27abef1"},"url":"https://api.github.com/repos/davidmigloz/go-bees/git/commits/a5aaf9016611f9913c21d1f906d7c75df580529a","comment_count":0,"verification":{"verified":false,"reason":"unsigned","signature":null,"payload":null}},"url":"https://api.github.com/repos/davidmigloz/go-bees/commits/a5aaf9016611f9913c21d1f906d7c75df580529a","html_url":"https://github.com/davidmigloz/go-bees/commit/a5aaf9016611f9913c21d1f906d7c75df580529a","comments_url":"https://api.github.com/repos/davidmigloz/go-bees/commits/a5aaf9016611f9913c21d1f906d7c75df580529a/comments","author":{"login":"davidmigloz","id":6546265,"node_id":"MDQ6VXNlcjY1NDYyNjU=","avatar_url":"https://avatars.githubusercontent.com/u/6546265?v=4","gravatar_id":"","url":"https://api.github.com/users/davidmigloz","html_url":"https://github.com/davidmigloz","followers_url":"https://api.github.com/users/davidmigloz/followers","following_url":"https://api.github.com/users/davidmigloz/following{/other_user}","gists_url":"https://api.github.com/users/davidmigloz/gists{/gist_id}","starred_url":"https://api.github.com/users/davidmigloz/starred{/owner}{/repo}","subscriptions_url":"https://api.github.com/users/davidmigloz/subscriptions","organizations_url":"https://api.github.com/users/davidmigloz/orgs","repos_url":"https://api.github.com/users/davidmigloz/repos","events_url":"https://api.github.com/users/davidmigloz/events{/privacy}","received_events_url":"https://api.github.com/users/davidmigloz/received_events","type":"User","site_admin":false},"committer":{"login":"davidmigloz","id":6546265,"node_id":"MDQ6VXNlcjY1NDYyNjU=","avatar_url":"https://avatars.githubusercontent.com/u/6546265?v=4","gravatar_id":"","url":"https://api.github.com/users/davidmigloz","html_url":"https://github.com/davidmigloz","followers_url":"https://api.github.com/users/davidmigloz/followers","following_url":"https://api.github.com/users/davidmigloz/following{/other_user}","gists_url":"https://api.github.com/users/davidmigloz/gists{/gist_id}","starred_url":"https://api.github.com/users/davidmigloz/starred{/owner}{/repo}","subscriptions_url":"https://api.github.com/users/davidmigloz/subscriptions","organizations_url":"https://api.github.com/users/davidmigloz/orgs","repos_url":"https://api.github.com/users/davidmigloz/repos","events_url":"https://api.github.com/users/davidmigloz/events{/privacy}","received_events_url":"https://api.github.com/users/davidmigloz/received_events","type":"User","site_admin":false},"parents":[{"sha":"fa0a5e28dd33779806b2644876516511caf8f948","url":"https://api.github.com/repos/davidmigloz/go-bees/commits/fa0a5e28dd33779806b2644876516511caf8f948","html_url":"https://github.com/davidmigloz/go-bees/commit/fa0a5e28dd33779806b2644876516511caf8f948"},{"sha":"14a4462b4bc65d2e319c6a22a2aea3892e218748","url":"https://api.github.com/repos/davidmigloz/go-bees/commits/14a4462b4bc65d2e319c6a22a2aea3892e218748","html_url":"https://github.com/davidmigloz/go-bees/commit/14a4462b4bc65d2e319c6a22a2aea3892e218748"}]},{"sha":"14a4462b4bc65d2e319c6a22a2aea3892e218748","node_id":"MDY6Q29tbWl0NjU5Mjc2Nzg6MTRhNDQ2MmI0YmM2NWQyZTMxOWM2YTIyYTJhZWEzODkyZTIxODc0OA==","commit":{"author":{"name":"David Miguel","email":"david.miguel@peaks.com","date":"2017-10-15T22:32:04Z"},"committer":{"name":"David Miguel","email":"david.miguel@peaks.com","date":"2017-10-15T22:32:04Z"},"message":"Bumped version number to 1.2","tree":{"sha":"7d3292d8efccb104b839caf34a89370bc27abef1","url":"https://api.github.com/repos/davidmigloz/go-bees/git/trees/7d3292d8efccb104b839caf34a89370bc27abef1"},"url":"https://api.github.com/repos/davidmigloz/go-bees/git/commits/14a4462b4bc65d2e319c6a22a2aea3892e218748","comment_count":0,"verification":{"verified":false,"reason":"unsigned","signature":null,"payload":null}},"url":"https://api.github.com/repos/davidmigloz/go-bees/commits/14a4462b4bc65d2e319c6a22a2aea3892e218748","html_url":"https://github.com/davidmigloz/go-bees/commit/14a4462b4bc65d2e319c6a22a2aea3892e218748","comments_url":"https://api.github.com/repos/davidmigloz/go-bees/commits/14a4462b4bc65d2e319c6a22a2aea3892e218748/comments","author":{"login":"davidmigloz","id":6546265,"node_id":"MDQ6VXNlcjY1NDYyNjU=","avatar_url":"https://avatars.githubusercontent.com/u/6546265?v=4","gravatar_id":"","url":"https://api.github.com/users/davidmigloz","html_url":"https://github.com/davidmigloz","followers_url":"https://api.github.com/users/davidmigloz/followers","following_url":"https://api.github.com/users/davidmigloz/following{/other_user}","gists_url":"https://api.github.com/users/davidmigloz/gists{/gist_id}","starred_url":"https://api.github.com/users/davidmigloz/starred{/owner}{/repo}","subscriptions_url":"https://api.github.com/users/davidmigloz/subscriptions","organizations_url":"https://api.github.com/users/davidmigloz/orgs","repos_url":"https://api.github.com/users/davidmigloz/repos","events_url":"https://api.github.com/users/davidmigloz/events{/privacy}","received_events_url":"https://api.github.com/users/davidmigloz/received_events","type":"User","site_admin":false},"committer":{"login":"davidmigloz","id":6546265,"node_id":"MDQ6VXNlcjY1NDYyNjU=","avatar_url":"https://avatars.githubusercontent.com/u/6546265?v=4","gravatar_id":"","url":"https://api.github.com/users/davidmigloz","html_url":"https://github.com/davidmigloz","followers_url":"https://api.github.com/users/davidmigloz/followers","following_url":"https://api.github.com/users/davidmigloz/following{/other_user}","gists_url":"https://api.github.com/users/davidmigloz/gists{/gist_id}","starred_url":"https://api.github.com/users/davidmigloz/starred{/owner}{/repo}","subscriptions_url":"https://api.github.com/users/davidmigloz/subscriptions","organizations_url":"https://api.github.com/users/davidmigloz/orgs","repos_url":"https://api.github.com/users/davidmigloz/repos","events_url":"https://api.github.com/users/davidmigloz/events{/privacy}","received_events_url":"https://api.github.com/users/davidmigloz/received_events","type":"User","site_admin":false},"parents":[{"sha":"2b54d064b390981e6270632886b2b019b2fc258b","url":"https://api.github.com/repos/davidmigloz/go-bees/commits/2b54d064b390981e6270632886b2b019b2fc258b","html_url":"https://github.com/davidmigloz/go-bees/commit/2b54d064b390981e6270632886b2b019b2fc258b"}]},{"sha":"2b54d064b390981e6270632886b2b019b2fc258b","node_id":"MDY6Q29tbWl0NjU5Mjc2Nzg6MmI1NGQwNjRiMzkwOTgxZTYyNzA2MzI4ODZiMmIwMTliMmZjMjU4Yg==","commit":{"author":{"name":"David Miguel","email":"david.miguel@peaks.com","date":"2017-10-15T22:20:44Z"},"committer":{"name":"David Miguel","email":"david.miguel@peaks.com","date":"2017-10-15T22:29:03Z"},"message":"Update build tools to 26.0.2 #204","tree":{"sha":"6abbdb09ab6b743931ed4b1f88877337c34ad4ba","url":"https://api.github.com/repos/davidmigloz/go-bees/git/trees/6abbdb09ab6b743931ed4b1f88877337c34ad4ba"},"url":"https://api.github.com/repos/davidmigloz/go-bees/git/commits/2b54d064b390981e6270632886b2b019b2fc258b","comment_count":0,"verification":{"verified":false,"reason":"unsigned","signature":null,"payload":null}},"url":"https://api.github.com/repos/davidmigloz/go-bees/commits/2b54d064b390981e6270632886b2b019b2fc258b","html_url":"https://github.com/davidmigloz/go-bees/commit/2b54d064b390981e6270632886b2b019b2fc258b","comments_url":"https://api.github.com/repos/davidmigloz/go-bees/commits/2b54d064b390981e6270632886b2b019b2fc258b/comments","author":{"login":"davidmigloz","id":6546265,"node_id":"MDQ6VXNlcjY1NDYyNjU=","avatar_url":"https://avatars.githubusercontent.com/u/6546265?v=4","gravatar_id":"","url":"https://api.github.com/users/davidmigloz","html_url":"https://github.com/davidmigloz","followers_url":"https://api.github.com/users/davidmigloz/followers","following_url":"https://api.github.com/users/davidmigloz/following{/other_user}","gists_url":"https://api.github.com/users/davidmigloz/gists{/gist_id}","starred_url":"https://api.github.com/users/davidmigloz/starred{/owner}{/repo}","subscriptions_url":"https://api.github.com/users/davidmigloz/subscriptions","organizations_url":"https://api.github.com/users/davidmigloz/orgs","repos_url":"https://api.github.com/users/davidmigloz/repos","events_url":"https://api.github.com/users/davidmigloz/events{/privacy}","received_events_url":"https://api.github.com/users/davidmigloz/received_events","type":"User","site_admin":false},"committer":{"login":"davidmigloz","id":6546265,"node_id":"MDQ6VXNlcjY1NDYyNjU=","avatar_url":"https://avatars.githubusercontent.com/u/6546265?v=4","gravatar_id":"","url":"https://api.github.com/users/davidmigloz","html_url":"https://github.com/davidmigloz","followers_url":"https://api.github.com/users/davidmigloz/followers","following_url":"https://api.github.com/users/davidmigloz/following{/other_user}","gists_url":"https://api.github.com/users/davidmigloz/gists{/gist_id}","starred_url":"https://api.github.com/users/davidmigloz/starred{/owner}{/repo}","subscriptions_url":"https://api.github.com/users/davidmigloz/subscriptions","organizations_url":"https://api.github.com/users/davidmigloz/orgs","repos_url":"https://api.github.com/users/davidmigloz/repos","events_url":"https://api.github.com/users/davidmigloz/events{/privacy}","received_events_url":"https://api.github.com/users/davidmigloz/received_events","type":"User","site_admin":false},"parents":[{"sha":"42f7ad239c65d138844c69e0b1ef6533f498191d","url":"https://api.github.com/repos/davidmigloz/go-bees/commits/42f7ad239c65d138844c69e0b1ef6533f498191d","html_url":"https://github.com/davidmigloz/go-bees/commit/42f7ad239c65d138844c69e0b1ef6533f498191d"}]},{"sha":"42f7ad239c65d138844c69e0b1ef6533f498191d","node_id":"MDY6Q29tbWl0NjU5Mjc2Nzg6NDJmN2FkMjM5YzY1ZDEzODg0NGM2OWUwYjFlZjY1MzNmNDk4MTkxZA==","commit":{"author":{"name":"David Miguel","email":"david.miguel@peaks.com","date":"2017-10-15T21:09:35Z"},"committer":{"name":"David Miguel","email":"david.miguel@peaks.com","date":"2017-10-15T21:09:35Z"},"message":"Update Crashlytics to 2.7.0 #203","tree":{"sha":"a1face980ab97c9b6790851a109f8b6bddcfe6c7","url":"https://api.github.com/repos/davidmigloz/go-bees/git/trees/a1face980ab97c9b6790851a109f8b6bddcfe6c7"},"url":"https://api.github.com/repos/davidmigloz/go-bees/git/commits/42f7ad239c65d138844c69e0b1ef6533f498191d","comment_count":0,"verification":{"verified":false,"reason":"unsigned","signature":null,"payload":null}},"url":"https://api.github.com/repos/davidmigloz/go-bees/commits/42f7ad239c65d138844c69e0b1ef6533f498191d","html_url":"https://github.com/davidmigloz/go-bees/commit/42f7ad239c65d138844c69e0b1ef6533f498191d","comments_url":"https://api.github.com/repos/davidmigloz/go-bees/commits/42f7ad239c65d138844c69e0b1ef6533f498191d/comments","author":{"login":"davidmigloz","id":6546265,"node_id":"MDQ6VXNlcjY1NDYyNjU=","avatar_url":"https://avatars.githubusercontent.com/u/6546265?v=4","gravatar_id":"","url":"https://api.github.com/users/davidmigloz","html_url":"https://github.com/davidmigloz","followers_url":"https://api.github.com/users/davidmigloz/followers","following_url":"https://api.github.com/users/davidmigloz/following{/other_user}","gists_url":"https://api.github.com/users/davidmigloz/gists{/gist_id}","starred_url":"https://api.github.com/users/davidmigloz/starred{/owner}{/repo}","subscriptions_url":"https://api.github.com/users/davidmigloz/subscriptions","organizations_url":"https://api.github.com/users/davidmigloz/orgs","repos_url":"https://api.github.com/users/davidmigloz/repos","events_url":"https://api.github.com/users/davidmigloz/events{/privacy}","received_events_url":"https://api.github.com/users/davidmigloz/received_events","type":"User","site_admin":false},"committer":{"login":"davidmigloz","id":6546265,"node_id":"MDQ6VXNlcjY1NDYyNjU=","avatar_url":"https://avatars.githubusercontent.com/u/6546265?v=4","gravatar_id":"","url":"https://api.github.com/users/davidmigloz","html_url":"https://github.com/davidmigloz","followers_url":"https://api.github.com/users/davidmigloz/followers","following_url":"https://api.github.com/users/davidmigloz/following{/other_user}","gists_url":"https://api.github.com/users/davidmigloz/gists{/gist_id}","starred_url":"https://api.github.com/users/davidmigloz/starred{/owner}{/repo}","subscriptions_url":"https://api.github.com/users/davidmigloz/subscriptions","organizations_url":"https://api.github.com/users/davidmigloz/orgs","repos_url":"https://api.github.com/users/davidmigloz/repos","events_url":"https://api.github.com/users/davidmigloz/events{/privacy}","received_events_url":"https://api.github.com/users/davidmigloz/received_events","type":"User","site_admin":false},"parents":[{"sha":"63c953f366823f944a9f9c5775b549f18076d055","url":"https://api.github.com/repos/davidmigloz/go-bees/commits/63c953f366823f944a9f9c5775b549f18076d055","html_url":"https://github.com/davidmigloz/go-bees/commit/63c953f366823f944a9f9c5775b549f18076d055"}]},{"sha":"63c953f366823f944a9f9c5775b549f18076d055","node_id":"MDY6Q29tbWl0NjU5Mjc2Nzg6NjNjOTUzZjM2NjgyM2Y5NDRhOWY5YzU3NzViNTQ5ZjE4MDc2ZDA1NQ==","commit":{"author":{"name":"David Miguel","email":"david.miguel@peaks.com","date":"2017-10-08T22:21:42Z"},"committer":{"name":"David Miguel","email":"david.miguel@peaks.com","date":"2017-10-08T22:21:42Z"},"message":"Continuous deployment to Google Play #200","tree":{"sha":"097f84a173b1ca86ce20fcfb932144afc3d5d52c","url":"https://api.github.com/repos/davidmigloz/go-bees/git/trees/097f84a173b1ca86ce20fcfb932144afc3d5d52c"},"url":"https://api.github.com/repos/davidmigloz/go-bees/git/commits/63c953f366823f944a9f9c5775b549f18076d055","comment_count":0,"verification":{"verified":false,"reason":"unsigned","signature":null,"payload":null}},"url":"https://api.github.com/repos/davidmigloz/go-bees/commits/63c953f366823f944a9f9c5775b549f18076d055","html_url":"https://github.com/davidmigloz/go-bees/commit/63c953f366823f944a9f9c5775b549f18076d055","comments_url":"https://api.github.com/repos/davidmigloz/go-bees/commits/63c953f366823f944a9f9c5775b549f18076d055/comments","author":{"login":"davidmigloz","id":6546265,"node_id":"MDQ6VXNlcjY1NDYyNjU=","avatar_url":"https://avatars.githubusercontent.com/u/6546265?v=4","gravatar_id":"","url":"https://api.github.com/users/davidmigloz","html_url":"https://github.com/davidmigloz","followers_url":"https://api.github.com/users/davidmigloz/followers","following_url":"https://api.github.com/users/davidmigloz/following{/other_user}","gists_url":"https://api.github.com/users/davidmigloz/gists{/gist_id}","starred_url":"https://api.github.com/users/davidmigloz/starred{/owner}{/repo}","subscriptions_url":"https://api.github.com/users/davidmigloz/subscriptions","organizations_url":"https://api.github.com/users/davidmigloz/orgs","repos_url":"https://api.github.com/users/davidmigloz/repos","events_url":"https://api.github.com/users/davidmigloz/events{/privacy}","received_events_url":"https://api.github.com/users/davidmigloz/received_events","type":"User","site_admin":false},"committer":{"login":"davidmigloz","id":6546265,"node_id":"MDQ6VXNlcjY1NDYyNjU=","avatar_url":"https://avatars.githubusercontent.com/u/6546265?v=4","gravatar_id":"","url":"https://api.github.com/users/davidmigloz","html_url":"https://github.com/davidmigloz","followers_url":"https://api.github.com/users/davidmigloz/followers","following_url":"https://api.github.com/users/davidmigloz/following{/other_user}","gists_url":"https://api.github.com/users/davidmigloz/gists{/gist_id}","starred_url":"https://api.github.com/users/davidmigloz/starred{/owner}{/repo}","subscriptions_url":"https://api.github.com/users/davidmigloz/subscriptions","organizations_url":"https://api.github.com/users/davidmigloz/orgs","repos_url":"https://api.github.com/users/davidmigloz/repos","events_url":"https://api.github.com/users/davidmigloz/events{/privacy}","received_events_url":"https://api.github.com/users/davidmigloz/received_events","type":"User","site_admin":false},"parents":[{"sha":"ba45e3bd0f9cecc6ae21ca94c565a5a24dcdda2f","url":"https://api.github.com/repos/davidmigloz/go-bees/commits/ba45e3bd0f9cecc6ae21ca94c565a5a24dcdda2f","html_url":"https://github.com/davidmigloz/go-bees/commit/ba45e3bd0f9cecc6ae21ca94c565a5a24dcdda2f"}]},{"sha":"ba45e3bd0f9cecc6ae21ca94c565a5a24dcdda2f","node_id":"MDY6Q29tbWl0NjU5Mjc2Nzg6YmE0NWUzYmQwZjljZWNjNmFlMjFjYTk0YzU2NWE1YTI0ZGNkZGEyZg==","commit":{"author":{"name":"David Miguel","email":"david.miguel@peaks.com","date":"2017-10-05T21:34:26Z"},"committer":{"name":"David Miguel","email":"david.miguel@peaks.com","date":"2017-10-05T21:34:26Z"},"message":"Improve versioning #201","tree":{"sha":"ce2818017c10d6adbebe26be8dbd987516318283","url":"https://api.github.com/repos/davidmigloz/go-bees/git/trees/ce2818017c10d6adbebe26be8dbd987516318283"},"url":"https://api.github.com/repos/davidmigloz/go-bees/git/commits/ba45e3bd0f9cecc6ae21ca94c565a5a24dcdda2f","comment_count":0,"verification":{"verified":false,"reason":"unsigned","signature":null,"payload":null}},"url":"https://api.github.com/repos/davidmigloz/go-bees/commits/ba45e3bd0f9cecc6ae21ca94c565a5a24dcdda2f","html_url":"https://github.com/davidmigloz/go-bees/commit/ba45e3bd0f9cecc6ae21ca94c565a5a24dcdda2f","comments_url":"https://api.github.com/repos/davidmigloz/go-bees/commits/ba45e3bd0f9cecc6ae21ca94c565a5a24dcdda2f/comments","author":{"login":"davidmigloz","id":6546265,"node_id":"MDQ6VXNlcjY1NDYyNjU=","avatar_url":"https://avatars.githubusercontent.com/u/6546265?v=4","gravatar_id":"","url":"https://api.github.com/users/davidmigloz","html_url":"https://github.com/davidmigloz","followers_url":"https://api.github.com/users/davidmigloz/followers","following_url":"https://api.github.com/users/davidmigloz/following{/other_user}","gists_url":"https://api.github.com/users/davidmigloz/gists{/gist_id}","starred_url":"https://api.github.com/users/davidmigloz/starred{/owner}{/repo}","subscriptions_url":"https://api.github.com/users/davidmigloz/subscriptions","organizations_url":"https://api.github.com/users/davidmigloz/orgs","repos_url":"https://api.github.com/users/davidmigloz/repos","events_url":"https://api.github.com/users/davidmigloz/events{/privacy}","received_events_url":"https://api.github.com/users/davidmigloz/received_events","type":"User","site_admin":false},"committer":{"login":"davidmigloz","id":6546265,"node_id":"MDQ6VXNlcjY1NDYyNjU=","avatar_url":"https://avatars.githubusercontent.com/u/6546265?v=4","gravatar_id":"","url":"https://api.github.com/users/davidmigloz","html_url":"https://github.com/davidmigloz","followers_url":"https://api.github.com/users/davidmigloz/followers","following_url":"https://api.github.com/users/davidmigloz/following{/other_user}","gists_url":"https://api.github.com/users/davidmigloz/gists{/gist_id}","starred_url":"https://api.github.com/users/davidmigloz/starred{/owner}{/repo}","subscriptions_url":"https://api.github.com/users/davidmigloz/subscriptions","organizations_url":"https://api.github.com/users/davidmigloz/orgs","repos_url":"https://api.github.com/users/davidmigloz/repos","events_url":"https://api.github.com/users/davidmigloz/events{/privacy}","received_events_url":"https://api.github.com/users/davidmigloz/received_events","type":"User","site_admin":false},"parents":[{"sha":"043866c401c9b386e81ed12ae251e285e66c466b","url":"https://api.github.com/repos/davidmigloz/go-bees/commits/043866c401c9b386e81ed12ae251e285e66c466b","html_url":"https://github.com/davidmigloz/go-bees/commit/043866c401c9b386e81ed12ae251e285e66c466b"}]},{"sha":"043866c401c9b386e81ed12ae251e285e66c466b","node_id":"MDY6Q29tbWl0NjU5Mjc2Nzg6MDQzODY2YzQwMWM5YjM4NmU4MWVkMTJhZTI1MWUyODVlNjZjNDY2Yg==","commit":{"author":{"name":"David Miguel","email":"david.miguel@peaks.com","date":"2017-10-02T22:25:21Z"},"committer":{"name":"David Miguel","email":"david.miguel@peaks.com","date":"2017-10-02T22:25:21Z"},"message":"Update dependences #191","tree":{"sha":"f8c13150f911f8e23b04907aba733c096b44505d","url":"https://api.github.com/repos/davidmigloz/go-bees/git/trees/f8c13150f911f8e23b04907aba733c096b44505d"},"url":"https://api.github.com/repos/davidmigloz/go-bees/git/commits/043866c401c9b386e81ed12ae251e285e66c466b","comment_count":0,"verification":{"verified":false,"reason":"unsigned","signature":null,"payload":null}},"url":"https://api.github.com/repos/davidmigloz/go-bees/commits/043866c401c9b386e81ed12ae251e285e66c466b","html_url":"https://github.com/davidmigloz/go-bees/commit/043866c401c9b386e81ed12ae251e285e66c466b","comments_url":"https://api.github.com/repos/davidmigloz/go-bees/commits/043866c401c9b386e81ed12ae251e285e66c466b/comments","author":{"login":"davidmigloz","id":6546265,"node_id":"MDQ6VXNlcjY1NDYyNjU=","avatar_url":"https://avatars.githubusercontent.com/u/6546265?v=4","gravatar_id":"","url":"https://api.github.com/users/davidmigloz","html_url":"https://github.com/davidmigloz","followers_url":"https://api.github.com/users/davidmigloz/followers","following_url":"https://api.github.com/users/davidmigloz/following{/other_user}","gists_url":"https://api.github.com/users/davidmigloz/gists{/gist_id}","starred_url":"https://api.github.com/users/davidmigloz/starred{/owner}{/repo}","subscriptions_url":"https://api.github.com/users/davidmigloz/subscriptions","organizations_url":"https://api.github.com/users/davidmigloz/orgs","repos_url":"https://api.github.com/users/davidmigloz/repos","events_url":"https://api.github.com/users/davidmigloz/events{/privacy}","received_events_url":"https://api.github.com/users/davidmigloz/received_events","type":"User","site_admin":false},"committer":{"login":"davidmigloz","id":6546265,"node_id":"MDQ6VXNlcjY1NDYyNjU=","avatar_url":"https://avatars.githubusercontent.com/u/6546265?v=4","gravatar_id":"","url":"https://api.github.com/users/davidmigloz","html_url":"https://github.com/davidmigloz","followers_url":"https://api.github.com/users/davidmigloz/followers","following_url":"https://api.github.com/users/davidmigloz/following{/other_user}","gists_url":"https://api.github.com/users/davidmigloz/gists{/gist_id}","starred_url":"https://api.github.com/users/davidmigloz/starred{/owner}{/repo}","subscriptions_url":"https://api.github.com/users/davidmigloz/subscriptions","organizations_url":"https://api.github.com/users/davidmigloz/orgs","repos_url":"https://api.github.com/users/davidmigloz/repos","events_url":"https://api.github.com/users/davidmigloz/events{/privacy}","received_events_url":"https://api.github.com/users/davidmigloz/received_events","type":"User","site_admin":false},"parents":[{"sha":"434cd9935020fdcceb4c6fbb5b1f2c9fe4a10d87","url":"https://api.github.com/repos/davidmigloz/go-bees/commits/434cd9935020fdcceb4c6fbb5b1f2c9fe4a10d87","html_url":"https://github.com/davidmigloz/go-bees/commit/434cd9935020fdcceb4c6fbb5b1f2c9fe4a10d87"}]},{"sha":"434cd9935020fdcceb4c6fbb5b1f2c9fe4a10d87","node_id":"MDY6Q29tbWl0NjU5Mjc2Nzg6NDM0Y2Q5OTM1MDIwZmRjY2ViNGM2ZmJiNWIxZjJjOWZlNGExMGQ4Nw==","commit":{"author":{"name":"David Miguel","email":"david.miguel@peaks.com","date":"2017-10-01T22:55:54Z"},"committer":{"name":"David Miguel","email":"david.miguel@peaks.com","date":"2017-10-02T16:00:59Z"},"message":"Add Firebase Analytics #196","tree":{"sha":"f1b3a608b3c5a38b5d111296220deaba015c8e75","url":"https://api.github.com/repos/davidmigloz/go-bees/git/trees/f1b3a608b3c5a38b5d111296220deaba015c8e75"},"url":"https://api.github.com/repos/davidmigloz/go-bees/git/commits/434cd9935020fdcceb4c6fbb5b1f2c9fe4a10d87","comment_count":0,"verification":{"verified":false,"reason":"unsigned","signature":null,"payload":null}},"url":"https://api.github.com/repos/davidmigloz/go-bees/commits/434cd9935020fdcceb4c6fbb5b1f2c9fe4a10d87","html_url":"https://github.com/davidmigloz/go-bees/commit/434cd9935020fdcceb4c6fbb5b1f2c9fe4a10d87","comments_url":"https://api.github.com/repos/davidmigloz/go-bees/commits/434cd9935020fdcceb4c6fbb5b1f2c9fe4a10d87/comments","author":{"login":"davidmigloz","id":6546265,"node_id":"MDQ6VXNlcjY1NDYyNjU=","avatar_url":"https://avatars.githubusercontent.com/u/6546265?v=4","gravatar_id":"","url":"https://api.github.com/users/davidmigloz","html_url":"https://github.com/davidmigloz","followers_url":"https://api.github.com/users/davidmigloz/followers","following_url":"https://api.github.com/users/davidmigloz/following{/other_user}","gists_url":"https://api.github.com/users/davidmigloz/gists{/gist_id}","starred_url":"https://api.github.com/users/davidmigloz/starred{/owner}{/repo}","subscriptions_url":"https://api.github.com/users/davidmigloz/subscriptions","organizations_url":"https://api.github.com/users/davidmigloz/orgs","repos_url":"https://api.github.com/users/davidmigloz/repos","events_url":"https://api.github.com/users/davidmigloz/events{/privacy}","received_events_url":"https://api.github.com/users/davidmigloz/received_events","type":"User","site_admin":false},"committer":{"login":"davidmigloz","id":6546265,"node_id":"MDQ6VXNlcjY1NDYyNjU=","avatar_url":"https://avatars.githubusercontent.com/u/6546265?v=4","gravatar_id":"","url":"https://api.github.com/users/davidmigloz","html_url":"https://github.com/davidmigloz","followers_url":"https://api.github.com/users/davidmigloz/followers","following_url":"https://api.github.com/users/davidmigloz/following{/other_user}","gists_url":"https://api.github.com/users/davidmigloz/gists{/gist_id}","starred_url":"https://api.github.com/users/davidmigloz/starred{/owner}{/repo}","subscriptions_url":"https://api.github.com/users/davidmigloz/subscriptions","organizations_url":"https://api.github.com/users/davidmigloz/orgs","repos_url":"https://api.github.com/users/davidmigloz/repos","events_url":"https://api.github.com/users/davidmigloz/events{/privacy}","received_events_url":"https://api.github.com/users/davidmigloz/received_events","type":"User","site_admin":false},"parents":[{"sha":"84bba1abe03d290d03bb3bf6f44d774f521769c2","url":"https://api.github.com/repos/davidmigloz/go-bees/commits/84bba1abe03d290d03bb3bf6f44d774f521769c2","html_url":"https://github.com/davidmigloz/go-bees/commit/84bba1abe03d290d03bb3bf6f44d774f521769c2"}]},{"sha":"84bba1abe03d290d03bb3bf6f44d774f521769c2","node_id":"MDY6Q29tbWl0NjU5Mjc2Nzg6ODRiYmExYWJlMDNkMjkwZDAzYmIzYmY2ZjQ0ZDc3NGY1MjE3NjljMg==","commit":{"author":{"name":"David Miguel","email":"david.miguel@peaks.com","date":"2017-09-30T23:49:27Z"},"committer":{"name":"David Miguel","email":"david.miguel@peaks.com","date":"2017-10-01T00:03:08Z"},"message":"Add Crashlytics #195","tree":{"sha":"dd4fe3d50b83e1de7ef3a87668ed6d6acf0e3854","url":"https://api.github.com/repos/davidmigloz/go-bees/git/trees/dd4fe3d50b83e1de7ef3a87668ed6d6acf0e3854"},"url":"https://api.github.com/repos/davidmigloz/go-bees/git/commits/84bba1abe03d290d03bb3bf6f44d774f521769c2","comment_count":0,"verification":{"verified":false,"reason":"unsigned","signature":null,"payload":null}},"url":"https://api.github.com/repos/davidmigloz/go-bees/commits/84bba1abe03d290d03bb3bf6f44d774f521769c2","html_url":"https://github.com/davidmigloz/go-bees/commit/84bba1abe03d290d03bb3bf6f44d774f521769c2","comments_url":"https://api.github.com/repos/davidmigloz/go-bees/commits/84bba1abe03d290d03bb3bf6f44d774f521769c2/comments","author":{"login":"davidmigloz","id":6546265,"node_id":"MDQ6VXNlcjY1NDYyNjU=","avatar_url":"https://avatars.githubusercontent.com/u/6546265?v=4","gravatar_id":"","url":"https://api.github.com/users/davidmigloz","html_url":"https://github.com/davidmigloz","followers_url":"https://api.github.com/users/davidmigloz/followers","following_url":"https://api.github.com/users/davidmigloz/following{/other_user}","gists_url":"https://api.github.com/users/davidmigloz/gists{/gist_id}","starred_url":"https://api.github.com/users/davidmigloz/starred{/owner}{/repo}","subscriptions_url":"https://api.github.com/users/davidmigloz/subscriptions","organizations_url":"https://api.github.com/users/davidmigloz/orgs","repos_url":"https://api.github.com/users/davidmigloz/repos","events_url":"https://api.github.com/users/davidmigloz/events{/privacy}","received_events_url":"https://api.github.com/users/davidmigloz/received_events","type":"User","site_admin":false},"committer":{"login":"davidmigloz","id":6546265,"node_id":"MDQ6VXNlcjY1NDYyNjU=","avatar_url":"https://avatars.githubusercontent.com/u/6546265?v=4","gravatar_id":"","url":"https://api.github.com/users/davidmigloz","html_url":"https://github.com/davidmigloz","followers_url":"https://api.github.com/users/davidmigloz/followers","following_url":"https://api.github.com/users/davidmigloz/following{/other_user}","gists_url":"https://api.github.com/users/davidmigloz/gists{/gist_id}","starred_url":"https://api.github.com/users/davidmigloz/starred{/owner}{/repo}","subscriptions_url":"https://api.github.com/users/davidmigloz/subscriptions","organizations_url":"https://api.github.com/users/davidmigloz/orgs","repos_url":"https://api.github.com/users/davidmigloz/repos","events_url":"https://api.github.com/users/davidmigloz/events{/privacy}","received_events_url":"https://api.github.com/users/davidmigloz/received_events","type":"User","site_admin":false},"parents":[{"sha":"ace2cf61a18e479e35fd99fccb37c71539fd8972","url":"https://api.github.com/repos/davidmigloz/go-bees/commits/ace2cf61a18e479e35fd99fccb37c71539fd8972","html_url":"https://github.com/davidmigloz/go-bees/commit/ace2cf61a18e479e35fd99fccb37c71539fd8972"}]},{"sha":"ace2cf61a18e479e35fd99fccb37c71539fd8972","node_id":"MDY6Q29tbWl0NjU5Mjc2Nzg6YWNlMmNmNjFhMThlNDc5ZTM1ZmQ5OWZjY2IzN2M3MTUzOWZkODk3Mg==","commit":{"author":{"name":"David Miguel","email":"david.miguel@peaks.com","date":"2017-09-26T22:34:16Z"},"committer":{"name":"David Miguel","email":"david.miguel@peaks.com","date":"2017-09-26T22:34:16Z"},"message":"Replace Android logger by Timber #193","tree":{"sha":"99ed9c318be9efead69280f39478184f7ec0134d","url":"https://api.github.com/repos/davidmigloz/go-bees/git/trees/99ed9c318be9efead69280f39478184f7ec0134d"},"url":"https://api.github.com/repos/davidmigloz/go-bees/git/commits/ace2cf61a18e479e35fd99fccb37c71539fd8972","comment_count":0,"verification":{"verified":false,"reason":"unsigned","signature":null,"payload":null}},"url":"https://api.github.com/repos/davidmigloz/go-bees/commits/ace2cf61a18e479e35fd99fccb37c71539fd8972","html_url":"https://github.com/davidmigloz/go-bees/commit/ace2cf61a18e479e35fd99fccb37c71539fd8972","comments_url":"https://api.github.com/repos/davidmigloz/go-bees/commits/ace2cf61a18e479e35fd99fccb37c71539fd8972/comments","author":{"login":"davidmigloz","id":6546265,"node_id":"MDQ6VXNlcjY1NDYyNjU=","avatar_url":"https://avatars.githubusercontent.com/u/6546265?v=4","gravatar_id":"","url":"https://api.github.com/users/davidmigloz","html_url":"https://github.com/davidmigloz","followers_url":"https://api.github.com/users/davidmigloz/followers","following_url":"https://api.github.com/users/davidmigloz/following{/other_user}","gists_url":"https://api.github.com/users/davidmigloz/gists{/gist_id}","starred_url":"https://api.github.com/users/davidmigloz/starred{/owner}{/repo}","subscriptions_url":"https://api.github.com/users/davidmigloz/subscriptions","organizations_url":"https://api.github.com/users/davidmigloz/orgs","repos_url":"https://api.github.com/users/davidmigloz/repos","events_url":"https://api.github.com/users/davidmigloz/events{/privacy}","received_events_url":"https://api.github.com/users/davidmigloz/received_events","type":"User","site_admin":false},"committer":{"login":"davidmigloz","id":6546265,"node_id":"MDQ6VXNlcjY1NDYyNjU=","avatar_url":"https://avatars.githubusercontent.com/u/6546265?v=4","gravatar_id":"","url":"https://api.github.com/users/davidmigloz","html_url":"https://github.com/davidmigloz","followers_url":"https://api.github.com/users/davidmigloz/followers","following_url":"https://api.github.com/users/davidmigloz/following{/other_user}","gists_url":"https://api.github.com/users/davidmigloz/gists{/gist_id}","starred_url":"https://api.github.com/users/davidmigloz/starred{/owner}{/repo}","subscriptions_url":"https://api.github.com/users/davidmigloz/subscriptions","organizations_url":"https://api.github.com/users/davidmigloz/orgs","repos_url":"https://api.github.com/users/davidmigloz/repos","events_url":"https://api.github.com/users/davidmigloz/events{/privacy}","received_events_url":"https://api.github.com/users/davidmigloz/received_events","type":"User","site_admin":false},"parents":[{"sha":"dee918ddf9bd05fbaf3f0c42b16d2b9a9409bfc7","url":"https://api.github.com/repos/davidmigloz/go-bees/commits/dee918ddf9bd05fbaf3f0c42b16d2b9a9409bfc7","html_url":"https://github.com/davidmigloz/go-bees/commit/dee918ddf9bd05fbaf3f0c42b16d2b9a9409bfc7"}]},{"sha":"dee918ddf9bd05fbaf3f0c42b16d2b9a9409bfc7","node_id":"MDY6Q29tbWl0NjU5Mjc2Nzg6ZGVlOTE4ZGRmOWJkMDVmYmFmM2YwYzQyYjE2ZDJiOWE5NDA5YmZjNw==","commit":{"author":{"name":"David Miguel","email":"david.miguel@peaks.com","date":"2017-09-24T21:15:50Z"},"committer":{"name":"David Miguel","email":"david.miguel@peaks.com","date":"2017-09-24T21:15:50Z"},"message":"Update app to Android 8.0 #197","tree":{"sha":"feb55e894c3ca4da548ada38400948d4564e2ee2","url":"https://api.github.com/repos/davidmigloz/go-bees/git/trees/feb55e894c3ca4da548ada38400948d4564e2ee2"},"url":"https://api.github.com/repos/davidmigloz/go-bees/git/commits/dee918ddf9bd05fbaf3f0c42b16d2b9a9409bfc7","comment_count":0,"verification":{"verified":false,"reason":"unsigned","signature":null,"payload":null}},"url":"https://api.github.com/repos/davidmigloz/go-bees/commits/dee918ddf9bd05fbaf3f0c42b16d2b9a9409bfc7","html_url":"https://github.com/davidmigloz/go-bees/commit/dee918ddf9bd05fbaf3f0c42b16d2b9a9409bfc7","comments_url":"https://api.github.com/repos/davidmigloz/go-bees/commits/dee918ddf9bd05fbaf3f0c42b16d2b9a9409bfc7/comments","author":{"login":"davidmigloz","id":6546265,"node_id":"MDQ6VXNlcjY1NDYyNjU=","avatar_url":"https://avatars.githubusercontent.com/u/6546265?v=4","gravatar_id":"","url":"https://api.github.com/users/davidmigloz","html_url":"https://github.com/davidmigloz","followers_url":"https://api.github.com/users/davidmigloz/followers","following_url":"https://api.github.com/users/davidmigloz/following{/other_user}","gists_url":"https://api.github.com/users/davidmigloz/gists{/gist_id}","starred_url":"https://api.github.com/users/davidmigloz/starred{/owner}{/repo}","subscriptions_url":"https://api.github.com/users/davidmigloz/subscriptions","organizations_url":"https://api.github.com/users/davidmigloz/orgs","repos_url":"https://api.github.com/users/davidmigloz/repos","events_url":"https://api.github.com/users/davidmigloz/events{/privacy}","received_events_url":"https://api.github.com/users/davidmigloz/received_events","type":"User","site_admin":false},"committer":{"login":"davidmigloz","id":6546265,"node_id":"MDQ6VXNlcjY1NDYyNjU=","avatar_url":"https://avatars.githubusercontent.com/u/6546265?v=4","gravatar_id":"","url":"https://api.github.com/users/davidmigloz","html_url":"https://github.com/davidmigloz","followers_url":"https://api.github.com/users/davidmigloz/followers","following_url":"https://api.github.com/users/davidmigloz/following{/other_user}","gists_url":"https://api.github.com/users/davidmigloz/gists{/gist_id}","starred_url":"https://api.github.com/users/davidmigloz/starred{/owner}{/repo}","subscriptions_url":"https://api.github.com/users/davidmigloz/subscriptions","organizations_url":"https://api.github.com/users/davidmigloz/orgs","repos_url":"https://api.github.com/users/davidmigloz/repos","events_url":"https://api.github.com/users/davidmigloz/events{/privacy}","received_events_url":"https://api.github.com/users/davidmigloz/received_events","type":"User","site_admin":false},"parents":[{"sha":"44ce2aae048659c45502720caaf6b0f1bd89dd7f","url":"https://api.github.com/repos/davidmigloz/go-bees/commits/44ce2aae048659c45502720caaf6b0f1bd89dd7f","html_url":"https://github.com/davidmigloz/go-bees/commit/44ce2aae048659c45502720caaf6b0f1bd89dd7f"}]},{"sha":"44ce2aae048659c45502720caaf6b0f1bd89dd7f","node_id":"MDY6Q29tbWl0NjU5Mjc2Nzg6NDRjZTJhYWUwNDg2NTljNDU1MDI3MjBjYWFmNmIwZjFiZDg5ZGQ3Zg==","commit":{"author":{"name":"David Miguel","email":"david.miguel@peaks.com","date":"2017-09-23T23:31:17Z"},"committer":{"name":"David Miguel","email":"david.miguel@peaks.com","date":"2017-09-23T23:31:17Z"},"message":"Update depencences #194","tree":{"sha":"a5c636aece87ce36b2e503e7eeedb464c96add15","url":"https://api.github.com/repos/davidmigloz/go-bees/git/trees/a5c636aece87ce36b2e503e7eeedb464c96add15"},"url":"https://api.github.com/repos/davidmigloz/go-bees/git/commits/44ce2aae048659c45502720caaf6b0f1bd89dd7f","comment_count":0,"verification":{"verified":false,"reason":"unsigned","signature":null,"payload":null}},"url":"https://api.github.com/repos/davidmigloz/go-bees/commits/44ce2aae048659c45502720caaf6b0f1bd89dd7f","html_url":"https://github.com/davidmigloz/go-bees/commit/44ce2aae048659c45502720caaf6b0f1bd89dd7f","comments_url":"https://api.github.com/repos/davidmigloz/go-bees/commits/44ce2aae048659c45502720caaf6b0f1bd89dd7f/comments","author":{"login":"davidmigloz","id":6546265,"node_id":"MDQ6VXNlcjY1NDYyNjU=","avatar_url":"https://avatars.githubusercontent.com/u/6546265?v=4","gravatar_id":"","url":"https://api.github.com/users/davidmigloz","html_url":"https://github.com/davidmigloz","followers_url":"https://api.github.com/users/davidmigloz/followers","following_url":"https://api.github.com/users/davidmigloz/following{/other_user}","gists_url":"https://api.github.com/users/davidmigloz/gists{/gist_id}","starred_url":"https://api.github.com/users/davidmigloz/starred{/owner}{/repo}","subscriptions_url":"https://api.github.com/users/davidmigloz/subscriptions","organizations_url":"https://api.github.com/users/davidmigloz/orgs","repos_url":"https://api.github.com/users/davidmigloz/repos","events_url":"https://api.github.com/users/davidmigloz/events{/privacy}","received_events_url":"https://api.github.com/users/davidmigloz/received_events","type":"User","site_admin":false},"committer":{"login":"davidmigloz","id":6546265,"node_id":"MDQ6VXNlcjY1NDYyNjU=","avatar_url":"https://avatars.githubusercontent.com/u/6546265?v=4","gravatar_id":"","url":"https://api.github.com/users/davidmigloz","html_url":"https://github.com/davidmigloz","followers_url":"https://api.github.com/users/davidmigloz/followers","following_url":"https://api.github.com/users/davidmigloz/following{/other_user}","gists_url":"https://api.github.com/users/davidmigloz/gists{/gist_id}","starred_url":"https://api.github.com/users/davidmigloz/starred{/owner}{/repo}","subscriptions_url":"https://api.github.com/users/davidmigloz/subscriptions","organizations_url":"https://api.github.com/users/davidmigloz/orgs","repos_url":"https://api.github.com/users/davidmigloz/repos","events_url":"https://api.github.com/users/davidmigloz/events{/privacy}","received_events_url":"https://api.github.com/users/davidmigloz/received_events","type":"User","site_admin":false},"parents":[{"sha":"fc0cae60bc3ccfaf132b3bedea656ce440042dca","url":"https://api.github.com/repos/davidmigloz/go-bees/commits/fc0cae60bc3ccfaf132b3bedea656ce440042dca","html_url":"https://github.com/davidmigloz/go-bees/commit/fc0cae60bc3ccfaf132b3bedea656ce440042dca"}]},{"sha":"fa0a5e28dd33779806b2644876516511caf8f948","node_id":"MDY6Q29tbWl0NjU5Mjc2Nzg6ZmEwYTVlMjhkZDMzNzc5ODA2YjI2NDQ4NzY1MTY1MTFjYWY4Zjk0OA==","commit":{"author":{"name":"davidmigloz","email":"me@davidmiguel.com","date":"2017-02-16T14:34:27Z"},"committer":{"name":"davidmigloz","email":"me@davidmiguel.com","date":"2017-02-16T14:34:27Z"},"message":"Merged develop into master","tree":{"sha":"0d5532641c073cab46126eaee3497a597c607c49","url":"https://api.github.com/repos/davidmigloz/go-bees/git/trees/0d5532641c073cab46126eaee3497a597c607c49"},"url":"https://api.github.com/repos/davidmigloz/go-bees/git/commits/fa0a5e28dd33779806b2644876516511caf8f948","comment_count":0,"verification":{"verified":false,"reason":"unsigned","signature":null,"payload":null}},"url":"https://api.github.com/repos/davidmigloz/go-bees/commits/fa0a5e28dd33779806b2644876516511caf8f948","html_url":"https://github.com/davidmigloz/go-bees/commit/fa0a5e28dd33779806b2644876516511caf8f948","comments_url":"https://api.github.com/repos/davidmigloz/go-bees/commits/fa0a5e28dd33779806b2644876516511caf8f948/comments","author":{"login":"davidmigloz","id":6546265,"node_id":"MDQ6VXNlcjY1NDYyNjU=","avatar_url":"https://avatars.githubusercontent.com/u/6546265?v=4","gravatar_id":"","url":"https://api.github.com/users/davidmigloz","html_url":"https://github.com/davidmigloz","followers_url":"https://api.github.com/users/davidmigloz/followers","following_url":"https://api.github.com/users/davidmigloz/following{/other_user}","gists_url":"https://api.github.com/users/davidmigloz/gists{/gist_id}","starred_url":"https://api.github.com/users/davidmigloz/starred{/owner}{/repo}","subscriptions_url":"https://api.github.com/users/davidmigloz/subscriptions","organizations_url":"https://api.github.com/users/davidmigloz/orgs","repos_url":"https://api.github.com/users/davidmigloz/repos","events_url":"https://api.github.com/users/davidmigloz/events{/privacy}","received_events_url":"https://api.github.com/users/davidmigloz/received_events","type":"User","site_admin":false},"committer":{"login":"davidmigloz","id":6546265,"node_id":"MDQ6VXNlcjY1NDYyNjU=","avatar_url":"https://avatars.githubusercontent.com/u/6546265?v=4","gravatar_id":"","url":"https://api.github.com/users/davidmigloz","html_url":"https://github.com/davidmigloz","followers_url":"https://api.github.com/users/davidmigloz/followers","following_url":"https://api.github.com/users/davidmigloz/following{/other_user}","gists_url":"https://api.github.com/users/davidmigloz/gists{/gist_id}","starred_url":"https://api.github.com/users/davidmigloz/starred{/owner}{/repo}","subscriptions_url":"https://api.github.com/users/davidmigloz/subscriptions","organizations_url":"https://api.github.com/users/davidmigloz/orgs","repos_url":"https://api.github.com/users/davidmigloz/repos","events_url":"https://api.github.com/users/davidmigloz/events{/privacy}","received_events_url":"https://api.github.com/users/davidmigloz/received_events","type":"User","site_admin":false},"parents":[{"sha":"69aa366e492934a5526bc964e41a2ff5262f33e7","url":"https://api.github.com/repos/davidmigloz/go-bees/commits/69aa366e492934a5526bc964e41a2ff5262f33e7","html_url":"https://github.com/davidmigloz/go-bees/commit/69aa366e492934a5526bc964e41a2ff5262f33e7"},{"sha":"fc0cae60bc3ccfaf132b3bedea656ce440042dca","url":"https://api.github.com/repos/davidmigloz/go-bees/commits/fc0cae60bc3ccfaf132b3bedea656ce440042dca","html_url":"https://github.com/davidmigloz/go-bees/commit/fc0cae60bc3ccfaf132b3bedea656ce440042dca"}]},{"sha":"fc0cae60bc3ccfaf132b3bedea656ce440042dca","node_id":"MDY6Q29tbWl0NjU5Mjc2Nzg6ZmMwY2FlNjBiYzNjY2ZhZjEzMmIzYmVkZWE2NTZjZTQ0MDA0MmRjYQ==","commit":{"author":{"name":"davidmigloz","email":"me@davidmiguel.com","date":"2017-02-16T14:33:16Z"},"committer":{"name":"davidmigloz","email":"me@davidmiguel.com","date":"2017-02-16T14:33:16Z"},"message":"Update poster #157","tree":{"sha":"0d5532641c073cab46126eaee3497a597c607c49","url":"https://api.github.com/repos/davidmigloz/go-bees/git/trees/0d5532641c073cab46126eaee3497a597c607c49"},"url":"https://api.github.com/repos/davidmigloz/go-bees/git/commits/fc0cae60bc3ccfaf132b3bedea656ce440042dca","comment_count":0,"verification":{"verified":false,"reason":"unsigned","signature":null,"payload":null}},"url":"https://api.github.com/repos/davidmigloz/go-bees/commits/fc0cae60bc3ccfaf132b3bedea656ce440042dca","html_url":"https://github.com/davidmigloz/go-bees/commit/fc0cae60bc3ccfaf132b3bedea656ce440042dca","comments_url":"https://api.github.com/repos/davidmigloz/go-bees/commits/fc0cae60bc3ccfaf132b3bedea656ce440042dca/comments","author":{"login":"davidmigloz","id":6546265,"node_id":"MDQ6VXNlcjY1NDYyNjU=","avatar_url":"https://avatars.githubusercontent.com/u/6546265?v=4","gravatar_id":"","url":"https://api.github.com/users/davidmigloz","html_url":"https://github.com/davidmigloz","followers_url":"https://api.github.com/users/davidmigloz/followers","following_url":"https://api.github.com/users/davidmigloz/following{/other_user}","gists_url":"https://api.github.com/users/davidmigloz/gists{/gist_id}","starred_url":"https://api.github.com/users/davidmigloz/starred{/owner}{/repo}","subscriptions_url":"https://api.github.com/users/davidmigloz/subscriptions","organizations_url":"https://api.github.com/users/davidmigloz/orgs","repos_url":"https://api.github.com/users/davidmigloz/repos","events_url":"https://api.github.com/users/davidmigloz/events{/privacy}","received_events_url":"https://api.github.com/users/davidmigloz/received_events","type":"User","site_admin":false},"committer":{"login":"davidmigloz","id":6546265,"node_id":"MDQ6VXNlcjY1NDYyNjU=","avatar_url":"https://avatars.githubusercontent.com/u/6546265?v=4","gravatar_id":"","url":"https://api.github.com/users/davidmigloz","html_url":"https://github.com/davidmigloz","followers_url":"https://api.github.com/users/davidmigloz/followers","following_url":"https://api.github.com/users/davidmigloz/following{/other_user}","gists_url":"https://api.github.com/users/davidmigloz/gists{/gist_id}","starred_url":"https://api.github.com/users/davidmigloz/starred{/owner}{/repo}","subscriptions_url":"https://api.github.com/users/davidmigloz/subscriptions","organizations_url":"https://api.github.com/users/davidmigloz/orgs","repos_url":"https://api.github.com/users/davidmigloz/repos","events_url":"https://api.github.com/users/davidmigloz/events{/privacy}","received_events_url":"https://api.github.com/users/davidmigloz/received_events","type":"User","site_admin":false},"parents":[{"sha":"544c1754739b80d3279e39b4faa4fb030ee20836","url":"https://api.github.com/repos/davidmigloz/go-bees/commits/544c1754739b80d3279e39b4faa4fb030ee20836","html_url":"https://github.com/davidmigloz/go-bees/commit/544c1754739b80d3279e39b4faa4fb030ee20836"}]},{"sha":"69aa366e492934a5526bc964e41a2ff5262f33e7","node_id":"MDY6Q29tbWl0NjU5Mjc2Nzg6NjlhYTM2NmU0OTI5MzRhNTUyNmJjOTY0ZTQxYTJmZjUyNjJmMzNlNw==","commit":{"author":{"name":"davidmigloz","email":"me@davidmiguel.com","date":"2017-02-14T01:02:07Z"},"committer":{"name":"davidmigloz","email":"me@davidmiguel.com","date":"2017-02-14T01:02:07Z"},"message":"Merged develop into master","tree":{"sha":"0ed3abd301956ef9f547a90e9273639ddfa0e584","url":"https://api.github.com/repos/davidmigloz/go-bees/git/trees/0ed3abd301956ef9f547a90e9273639ddfa0e584"},"url":"https://api.github.com/repos/davidmigloz/go-bees/git/commits/69aa366e492934a5526bc964e41a2ff5262f33e7","comment_count":0,"verification":{"verified":false,"reason":"unsigned","signature":null,"payload":null}},"url":"https://api.github.com/repos/davidmigloz/go-bees/commits/69aa366e492934a5526bc964e41a2ff5262f33e7","html_url":"https://github.com/davidmigloz/go-bees/commit/69aa366e492934a5526bc964e41a2ff5262f33e7","comments_url":"https://api.github.com/repos/davidmigloz/go-bees/commits/69aa366e492934a5526bc964e41a2ff5262f33e7/comments","author":{"login":"davidmigloz","id":6546265,"node_id":"MDQ6VXNlcjY1NDYyNjU=","avatar_url":"https://avatars.githubusercontent.com/u/6546265?v=4","gravatar_id":"","url":"https://api.github.com/users/davidmigloz","html_url":"https://github.com/davidmigloz","followers_url":"https://api.github.com/users/davidmigloz/followers","following_url":"https://api.github.com/users/davidmigloz/following{/other_user}","gists_url":"https://api.github.com/users/davidmigloz/gists{/gist_id}","starred_url":"https://api.github.com/users/davidmigloz/starred{/owner}{/repo}","subscriptions_url":"https://api.github.com/users/davidmigloz/subscriptions","organizations_url":"https://api.github.com/users/davidmigloz/orgs","repos_url":"https://api.github.com/users/davidmigloz/repos","events_url":"https://api.github.com/users/davidmigloz/events{/privacy}","received_events_url":"https://api.github.com/users/davidmigloz/received_events","type":"User","site_admin":false},"committer":{"login":"davidmigloz","id":6546265,"node_id":"MDQ6VXNlcjY1NDYyNjU=","avatar_url":"https://avatars.githubusercontent.com/u/6546265?v=4","gravatar_id":"","url":"https://api.github.com/users/davidmigloz","html_url":"https://github.com/davidmigloz","followers_url":"https://api.github.com/users/davidmigloz/followers","following_url":"https://api.github.com/users/davidmigloz/following{/other_user}","gists_url":"https://api.github.com/users/davidmigloz/gists{/gist_id}","starred_url":"https://api.github.com/users/davidmigloz/starred{/owner}{/repo}","subscriptions_url":"https://api.github.com/users/davidmigloz/subscriptions","organizations_url":"https://api.github.com/users/davidmigloz/orgs","repos_url":"https://api.github.com/users/davidmigloz/repos","events_url":"https://api.github.com/users/davidmigloz/events{/privacy}","received_events_url":"https://api.github.com/users/davidmigloz/received_events","type":"User","site_admin":false},"parents":[{"sha":"518611c5f83e6a11f5b810f8b965e9f867f47082","url":"https://api.github.com/repos/davidmigloz/go-bees/commits/518611c5f83e6a11f5b810f8b965e9f867f47082","html_url":"https://github.com/davidmigloz/go-bees/commit/518611c5f83e6a11f5b810f8b965e9f867f47082"},{"sha":"544c1754739b80d3279e39b4faa4fb030ee20836","url":"https://api.github.com/repos/davidmigloz/go-bees/commits/544c1754739b80d3279e39b4faa4fb030ee20836","html_url":"https://github.com/davidmigloz/go-bees/commit/544c1754739b80d3279e39b4faa4fb030ee20836"}]},{"sha":"544c1754739b80d3279e39b4faa4fb030ee20836","node_id":"MDY6Q29tbWl0NjU5Mjc2Nzg6NTQ0YzE3NTQ3MzliODBkMzI3OWUzOWI0ZmFhNGZiMDMwZWUyMDgzNg==","commit":{"author":{"name":"davidmigloz","email":"me@davidmiguel.com","date":"2017-02-14T00:58:03Z"},"committer":{"name":"davidmigloz","email":"me@davidmiguel.com","date":"2017-02-14T00:58:03Z"},"message":"Minor changes","tree":{"sha":"0ed3abd301956ef9f547a90e9273639ddfa0e584","url":"https://api.github.com/repos/davidmigloz/go-bees/git/trees/0ed3abd301956ef9f547a90e9273639ddfa0e584"},"url":"https://api.github.com/repos/davidmigloz/go-bees/git/commits/544c1754739b80d3279e39b4faa4fb030ee20836","comment_count":0,"verification":{"verified":false,"reason":"unsigned","signature":null,"payload":null}},"url":"https://api.github.com/repos/davidmigloz/go-bees/commits/544c1754739b80d3279e39b4faa4fb030ee20836","html_url":"https://github.com/davidmigloz/go-bees/commit/544c1754739b80d3279e39b4faa4fb030ee20836","comments_url":"https://api.github.com/repos/davidmigloz/go-bees/commits/544c1754739b80d3279e39b4faa4fb030ee20836/comments","author":{"login":"davidmigloz","id":6546265,"node_id":"MDQ6VXNlcjY1NDYyNjU=","avatar_url":"https://avatars.githubusercontent.com/u/6546265?v=4","gravatar_id":"","url":"https://api.github.com/users/davidmigloz","html_url":"https://github.com/davidmigloz","followers_url":"https://api.github.com/users/davidmigloz/followers","following_url":"https://api.github.com/users/davidmigloz/following{/other_user}","gists_url":"https://api.github.com/users/davidmigloz/gists{/gist_id}","starred_url":"https://api.github.com/users/davidmigloz/starred{/owner}{/repo}","subscriptions_url":"https://api.github.com/users/davidmigloz/subscriptions","organizations_url":"https://api.github.com/users/davidmigloz/orgs","repos_url":"https://api.github.com/users/davidmigloz/repos","events_url":"https://api.github.com/users/davidmigloz/events{/privacy}","received_events_url":"https://api.github.com/users/davidmigloz/received_events","type":"User","site_admin":false},"committer":{"login":"davidmigloz","id":6546265,"node_id":"MDQ6VXNlcjY1NDYyNjU=","avatar_url":"https://avatars.githubusercontent.com/u/6546265?v=4","gravatar_id":"","url":"https://api.github.com/users/davidmigloz","html_url":"https://github.com/davidmigloz","followers_url":"https://api.github.com/users/davidmigloz/followers","following_url":"https://api.github.com/users/davidmigloz/following{/other_user}","gists_url":"https://api.github.com/users/davidmigloz/gists{/gist_id}","starred_url":"https://api.github.com/users/davidmigloz/starred{/owner}{/repo}","subscriptions_url":"https://api.github.com/users/davidmigloz/subscriptions","organizations_url":"https://api.github.com/users/davidmigloz/orgs","repos_url":"https://api.github.com/users/davidmigloz/repos","events_url":"https://api.github.com/users/davidmigloz/events{/privacy}","received_events_url":"https://api.github.com/users/davidmigloz/received_events","type":"User","site_admin":false},"parents":[{"sha":"09e98bdbe4c762c61e43c2eda846afb58412f0a0","url":"https://api.github.com/repos/davidmigloz/go-bees/commits/09e98bdbe4c762c61e43c2eda846afb58412f0a0","html_url":"https://github.com/davidmigloz/go-bees/commit/09e98bdbe4c762c61e43c2eda846afb58412f0a0"}]},{"sha":"518611c5f83e6a11f5b810f8b965e9f867f47082","node_id":"MDY6Q29tbWl0NjU5Mjc2Nzg6NTE4NjExYzVmODNlNmExMWY1YjgxMGY4Yjk2NWU5Zjg2N2Y0NzA4Mg==","commit":{"author":{"name":"davidmigloz","email":"me@davidmiguel.com","date":"2017-02-14T00:09:02Z"},"committer":{"name":"davidmigloz","email":"me@davidmiguel.com","date":"2017-02-14T00:09:02Z"},"message":"Merged develop into master","tree":{"sha":"61eed9c9f40f7440ef3c8f97969d524f61e183c5","url":"https://api.github.com/repos/davidmigloz/go-bees/git/trees/61eed9c9f40f7440ef3c8f97969d524f61e183c5"},"url":"https://api.github.com/repos/davidmigloz/go-bees/git/commits/518611c5f83e6a11f5b810f8b965e9f867f47082","comment_count":0,"verification":{"verified":false,"reason":"unsigned","signature":null,"payload":null}},"url":"https://api.github.com/repos/davidmigloz/go-bees/commits/518611c5f83e6a11f5b810f8b965e9f867f47082","html_url":"https://github.com/davidmigloz/go-bees/commit/518611c5f83e6a11f5b810f8b965e9f867f47082","comments_url":"https://api.github.com/repos/davidmigloz/go-bees/commits/518611c5f83e6a11f5b810f8b965e9f867f47082/comments","author":{"login":"davidmigloz","id":6546265,"node_id":"MDQ6VXNlcjY1NDYyNjU=","avatar_url":"https://avatars.githubusercontent.com/u/6546265?v=4","gravatar_id":"","url":"https://api.github.com/users/davidmigloz","html_url":"https://github.com/davidmigloz","followers_url":"https://api.github.com/users/davidmigloz/followers","following_url":"https://api.github.com/users/davidmigloz/following{/other_user}","gists_url":"https://api.github.com/users/davidmigloz/gists{/gist_id}","starred_url":"https://api.github.com/users/davidmigloz/starred{/owner}{/repo}","subscriptions_url":"https://api.github.com/users/davidmigloz/subscriptions","organizations_url":"https://api.github.com/users/davidmigloz/orgs","repos_url":"https://api.github.com/users/davidmigloz/repos","events_url":"https://api.github.com/users/davidmigloz/events{/privacy}","received_events_url":"https://api.github.com/users/davidmigloz/received_events","type":"User","site_admin":false},"committer":{"login":"davidmigloz","id":6546265,"node_id":"MDQ6VXNlcjY1NDYyNjU=","avatar_url":"https://avatars.githubusercontent.com/u/6546265?v=4","gravatar_id":"","url":"https://api.github.com/users/davidmigloz","html_url":"https://github.com/davidmigloz","followers_url":"https://api.github.com/users/davidmigloz/followers","following_url":"https://api.github.com/users/davidmigloz/following{/other_user}","gists_url":"https://api.github.com/users/davidmigloz/gists{/gist_id}","starred_url":"https://api.github.com/users/davidmigloz/starred{/owner}{/repo}","subscriptions_url":"https://api.github.com/users/davidmigloz/subscriptions","organizations_url":"https://api.github.com/users/davidmigloz/orgs","repos_url":"https://api.github.com/users/davidmigloz/repos","events_url":"https://api.github.com/users/davidmigloz/events{/privacy}","received_events_url":"https://api.github.com/users/davidmigloz/received_events","type":"User","site_admin":false},"parents":[{"sha":"c7c1771e6d784948573096e5c8a471008105755c","url":"https://api.github.com/repos/davidmigloz/go-bees/commits/c7c1771e6d784948573096e5c8a471008105755c","html_url":"https://github.com/davidmigloz/go-bees/commit/c7c1771e6d784948573096e5c8a471008105755c"},{"sha":"09e98bdbe4c762c61e43c2eda846afb58412f0a0","url":"https://api.github.com/repos/davidmigloz/go-bees/commits/09e98bdbe4c762c61e43c2eda846afb58412f0a0","html_url":"https://github.com/davidmigloz/go-bees/commit/09e98bdbe4c762c61e43c2eda846afb58412f0a0"}]},{"sha":"09e98bdbe4c762c61e43c2eda846afb58412f0a0","node_id":"MDY6Q29tbWl0NjU5Mjc2Nzg6MDllOThiZGJlNGM3NjJjNjFlNDNjMmVkYTg0NmFmYjU4NDEyZjBhMA==","commit":{"author":{"name":"davidmigloz","email":"me@davidmiguel.com","date":"2017-02-14T00:06:20Z"},"committer":{"name":"davidmigloz","email":"me@davidmiguel.com","date":"2017-02-14T00:06:20Z"},"message":"Minor changes","tree":{"sha":"61eed9c9f40f7440ef3c8f97969d524f61e183c5","url":"https://api.github.com/repos/davidmigloz/go-bees/git/trees/61eed9c9f40f7440ef3c8f97969d524f61e183c5"},"url":"https://api.github.com/repos/davidmigloz/go-bees/git/commits/09e98bdbe4c762c61e43c2eda846afb58412f0a0","comment_count":0,"verification":{"verified":false,"reason":"unsigned","signature":null,"payload":null}},"url":"https://api.github.com/repos/davidmigloz/go-bees/commits/09e98bdbe4c762c61e43c2eda846afb58412f0a0","html_url":"https://github.com/davidmigloz/go-bees/commit/09e98bdbe4c762c61e43c2eda846afb58412f0a0","comments_url":"https://api.github.com/repos/davidmigloz/go-bees/commits/09e98bdbe4c762c61e43c2eda846afb58412f0a0/comments","author":{"login":"davidmigloz","id":6546265,"node_id":"MDQ6VXNlcjY1NDYyNjU=","avatar_url":"https://avatars.githubusercontent.com/u/6546265?v=4","gravatar_id":"","url":"https://api.github.com/users/davidmigloz","html_url":"https://github.com/davidmigloz","followers_url":"https://api.github.com/users/davidmigloz/followers","following_url":"https://api.github.com/users/davidmigloz/following{/other_user}","gists_url":"https://api.github.com/users/davidmigloz/gists{/gist_id}","starred_url":"https://api.github.com/users/davidmigloz/starred{/owner}{/repo}","subscriptions_url":"https://api.github.com/users/davidmigloz/subscriptions","organizations_url":"https://api.github.com/users/davidmigloz/orgs","repos_url":"https://api.github.com/users/davidmigloz/repos","events_url":"https://api.github.com/users/davidmigloz/events{/privacy}","received_events_url":"https://api.github.com/users/davidmigloz/received_events","type":"User","site_admin":false},"committer":{"login":"davidmigloz","id":6546265,"node_id":"MDQ6VXNlcjY1NDYyNjU=","avatar_url":"https://avatars.githubusercontent.com/u/6546265?v=4","gravatar_id":"","url":"https://api.github.com/users/davidmigloz","html_url":"https://github.com/davidmigloz","followers_url":"https://api.github.com/users/davidmigloz/followers","following_url":"https://api.github.com/users/davidmigloz/following{/other_user}","gists_url":"https://api.github.com/users/davidmigloz/gists{/gist_id}","starred_url":"https://api.github.com/users/davidmigloz/starred{/owner}{/repo}","subscriptions_url":"https://api.github.com/users/davidmigloz/subscriptions","organizations_url":"https://api.github.com/users/davidmigloz/orgs","repos_url":"https://api.github.com/users/davidmigloz/repos","events_url":"https://api.github.com/users/davidmigloz/events{/privacy}","received_events_url":"https://api.github.com/users/davidmigloz/received_events","type":"User","site_admin":false},"parents":[{"sha":"fb1b7041eb190ef2621ca5f639c571cb9ff929d2","url":"https://api.github.com/repos/davidmigloz/go-bees/commits/fb1b7041eb190ef2621ca5f639c571cb9ff929d2","html_url":"https://github.com/davidmigloz/go-bees/commit/fb1b7041eb190ef2621ca5f639c571cb9ff929d2"}]},{"sha":"fb1b7041eb190ef2621ca5f639c571cb9ff929d2","node_id":"MDY6Q29tbWl0NjU5Mjc2Nzg6ZmIxYjcwNDFlYjE5MGVmMjYyMWNhNWY2MzljNTcxY2I5ZmY5MjlkMg==","commit":{"author":{"name":"davidmigloz","email":"me@davidmiguel.com","date":"2017-02-14T00:03:35Z"},"committer":{"name":"davidmigloz","email":"me@davidmiguel.com","date":"2017-02-14T00:03:35Z"},"message":"Add poster #157","tree":{"sha":"1a39355245ad3ad5a11057bba8f3073833d99c6b","url":"https://api.github.com/repos/davidmigloz/go-bees/git/trees/1a39355245ad3ad5a11057bba8f3073833d99c6b"},"url":"https://api.github.com/repos/davidmigloz/go-bees/git/commits/fb1b7041eb190ef2621ca5f639c571cb9ff929d2","comment_count":0,"verification":{"verified":false,"reason":"unsigned","signature":null,"payload":null}},"url":"https://api.github.com/repos/davidmigloz/go-bees/commits/fb1b7041eb190ef2621ca5f639c571cb9ff929d2","html_url":"https://github.com/davidmigloz/go-bees/commit/fb1b7041eb190ef2621ca5f639c571cb9ff929d2","comments_url":"https://api.github.com/repos/davidmigloz/go-bees/commits/fb1b7041eb190ef2621ca5f639c571cb9ff929d2/comments","author":{"login":"davidmigloz","id":6546265,"node_id":"MDQ6VXNlcjY1NDYyNjU=","avatar_url":"https://avatars.githubusercontent.com/u/6546265?v=4","gravatar_id":"","url":"https://api.github.com/users/davidmigloz","html_url":"https://github.com/davidmigloz","followers_url":"https://api.github.com/users/davidmigloz/followers","following_url":"https://api.github.com/users/davidmigloz/following{/other_user}","gists_url":"https://api.github.com/users/davidmigloz/gists{/gist_id}","starred_url":"https://api.github.com/users/davidmigloz/starred{/owner}{/repo}","subscriptions_url":"https://api.github.com/users/davidmigloz/subscriptions","organizations_url":"https://api.github.com/users/davidmigloz/orgs","repos_url":"https://api.github.com/users/davidmigloz/repos","events_url":"https://api.github.com/users/davidmigloz/events{/privacy}","received_events_url":"https://api.github.com/users/davidmigloz/received_events","type":"User","site_admin":false},"committer":{"login":"davidmigloz","id":6546265,"node_id":"MDQ6VXNlcjY1NDYyNjU=","avatar_url":"https://avatars.githubusercontent.com/u/6546265?v=4","gravatar_id":"","url":"https://api.github.com/users/davidmigloz","html_url":"https://github.com/davidmigloz","followers_url":"https://api.github.com/users/davidmigloz/followers","following_url":"https://api.github.com/users/davidmigloz/following{/other_user}","gists_url":"https://api.github.com/users/davidmigloz/gists{/gist_id}","starred_url":"https://api.github.com/users/davidmigloz/starred{/owner}{/repo}","subscriptions_url":"https://api.github.com/users/davidmigloz/subscriptions","organizations_url":"https://api.github.com/users/davidmigloz/orgs","repos_url":"https://api.github.com/users/davidmigloz/repos","events_url":"https://api.github.com/users/davidmigloz/events{/privacy}","received_events_url":"https://api.github.com/users/davidmigloz/received_events","type":"User","site_admin":false},"parents":[{"sha":"528e81fcbc4a126a2074c7fe4cee69acbe53c52c","url":"https://api.github.com/repos/davidmigloz/go-bees/commits/528e81fcbc4a126a2074c7fe4cee69acbe53c52c","html_url":"https://github.com/davidmigloz/go-bees/commit/528e81fcbc4a126a2074c7fe4cee69acbe53c52c"}]},{"sha":"c7c1771e6d784948573096e5c8a471008105755c","node_id":"MDY6Q29tbWl0NjU5Mjc2Nzg6YzdjMTc3MWU2ZDc4NDk0ODU3MzA5NmU1YzhhNDcxMDA4MTA1NzU1Yw==","commit":{"author":{"name":"davidmigloz","email":"me@davidmiguel.com","date":"2017-02-09T19:21:37Z"},"committer":{"name":"davidmigloz","email":"me@davidmiguel.com","date":"2017-02-09T19:21:37Z"},"message":"Merged develop into master","tree":{"sha":"1f061f775fa8027ed66c69cd78473dcd960cedca","url":"https://api.github.com/repos/davidmigloz/go-bees/git/trees/1f061f775fa8027ed66c69cd78473dcd960cedca"},"url":"https://api.github.com/repos/davidmigloz/go-bees/git/commits/c7c1771e6d784948573096e5c8a471008105755c","comment_count":0,"verification":{"verified":false,"reason":"unsigned","signature":null,"payload":null}},"url":"https://api.github.com/repos/davidmigloz/go-bees/commits/c7c1771e6d784948573096e5c8a471008105755c","html_url":"https://github.com/davidmigloz/go-bees/commit/c7c1771e6d784948573096e5c8a471008105755c","comments_url":"https://api.github.com/repos/davidmigloz/go-bees/commits/c7c1771e6d784948573096e5c8a471008105755c/comments","author":{"login":"davidmigloz","id":6546265,"node_id":"MDQ6VXNlcjY1NDYyNjU=","avatar_url":"https://avatars.githubusercontent.com/u/6546265?v=4","gravatar_id":"","url":"https://api.github.com/users/davidmigloz","html_url":"https://github.com/davidmigloz","followers_url":"https://api.github.com/users/davidmigloz/followers","following_url":"https://api.github.com/users/davidmigloz/following{/other_user}","gists_url":"https://api.github.com/users/davidmigloz/gists{/gist_id}","starred_url":"https://api.github.com/users/davidmigloz/starred{/owner}{/repo}","subscriptions_url":"https://api.github.com/users/davidmigloz/subscriptions","organizations_url":"https://api.github.com/users/davidmigloz/orgs","repos_url":"https://api.github.com/users/davidmigloz/repos","events_url":"https://api.github.com/users/davidmigloz/events{/privacy}","received_events_url":"https://api.github.com/users/davidmigloz/received_events","type":"User","site_admin":false},"committer":{"login":"davidmigloz","id":6546265,"node_id":"MDQ6VXNlcjY1NDYyNjU=","avatar_url":"https://avatars.githubusercontent.com/u/6546265?v=4","gravatar_id":"","url":"https://api.github.com/users/davidmigloz","html_url":"https://github.com/davidmigloz","followers_url":"https://api.github.com/users/davidmigloz/followers","following_url":"https://api.github.com/users/davidmigloz/following{/other_user}","gists_url":"https://api.github.com/users/davidmigloz/gists{/gist_id}","starred_url":"https://api.github.com/users/davidmigloz/starred{/owner}{/repo}","subscriptions_url":"https://api.github.com/users/davidmigloz/subscriptions","organizations_url":"https://api.github.com/users/davidmigloz/orgs","repos_url":"https://api.github.com/users/davidmigloz/repos","events_url":"https://api.github.com/users/davidmigloz/events{/privacy}","received_events_url":"https://api.github.com/users/davidmigloz/received_events","type":"User","site_admin":false},"parents":[{"sha":"a8dfd21eb50a17fae14ef230005799ab061ca68d","url":"https://api.github.com/repos/davidmigloz/go-bees/commits/a8dfd21eb50a17fae14ef230005799ab061ca68d","html_url":"https://github.com/davidmigloz/go-bees/commit/a8dfd21eb50a17fae14ef230005799ab061ca68d"},{"sha":"528e81fcbc4a126a2074c7fe4cee69acbe53c52c","url":"https://api.github.com/repos/davidmigloz/go-bees/commits/528e81fcbc4a126a2074c7fe4cee69acbe53c52c","html_url":"https://github.com/davidmigloz/go-bees/commit/528e81fcbc4a126a2074c7fe4cee69acbe53c52c"}]},{"sha":"528e81fcbc4a126a2074c7fe4cee69acbe53c52c","node_id":"MDY6Q29tbWl0NjU5Mjc2Nzg6NTI4ZTgxZmNiYzRhMTI2YTIwNzRjN2ZlNGNlZTY5YWNiZTUzYzUyYw==","commit":{"author":{"name":"davidmigloz","email":"me@davidmiguel.com","date":"2017-02-09T19:20:37Z"},"committer":{"name":"davidmigloz","email":"me@davidmiguel.com","date":"2017-02-09T19:20:37Z"},"message":"Minor fixes","tree":{"sha":"1f061f775fa8027ed66c69cd78473dcd960cedca","url":"https://api.github.com/repos/davidmigloz/go-bees/git/trees/1f061f775fa8027ed66c69cd78473dcd960cedca"},"url":"https://api.github.com/repos/davidmigloz/go-bees/git/commits/528e81fcbc4a126a2074c7fe4cee69acbe53c52c","comment_count":0,"verification":{"verified":false,"reason":"unsigned","signature":null,"payload":null}},"url":"https://api.github.com/repos/davidmigloz/go-bees/commits/528e81fcbc4a126a2074c7fe4cee69acbe53c52c","html_url":"https://github.com/davidmigloz/go-bees/commit/528e81fcbc4a126a2074c7fe4cee69acbe53c52c","comments_url":"https://api.github.com/repos/davidmigloz/go-bees/commits/528e81fcbc4a126a2074c7fe4cee69acbe53c52c/comments","author":{"login":"davidmigloz","id":6546265,"node_id":"MDQ6VXNlcjY1NDYyNjU=","avatar_url":"https://avatars.githubusercontent.com/u/6546265?v=4","gravatar_id":"","url":"https://api.github.com/users/davidmigloz","html_url":"https://github.com/davidmigloz","followers_url":"https://api.github.com/users/davidmigloz/followers","following_url":"https://api.github.com/users/davidmigloz/following{/other_user}","gists_url":"https://api.github.com/users/davidmigloz/gists{/gist_id}","starred_url":"https://api.github.com/users/davidmigloz/starred{/owner}{/repo}","subscriptions_url":"https://api.github.com/users/davidmigloz/subscriptions","organizations_url":"https://api.github.com/users/davidmigloz/orgs","repos_url":"https://api.github.com/users/davidmigloz/repos","events_url":"https://api.github.com/users/davidmigloz/events{/privacy}","received_events_url":"https://api.github.com/users/davidmigloz/received_events","type":"User","site_admin":false},"committer":{"login":"davidmigloz","id":6546265,"node_id":"MDQ6VXNlcjY1NDYyNjU=","avatar_url":"https://avatars.githubusercontent.com/u/6546265?v=4","gravatar_id":"","url":"https://api.github.com/users/davidmigloz","html_url":"https://github.com/davidmigloz","followers_url":"https://api.github.com/users/davidmigloz/followers","following_url":"https://api.github.com/users/davidmigloz/following{/other_user}","gists_url":"https://api.github.com/users/davidmigloz/gists{/gist_id}","starred_url":"https://api.github.com/users/davidmigloz/starred{/owner}{/repo}","subscriptions_url":"https://api.github.com/users/davidmigloz/subscriptions","organizations_url":"https://api.github.com/users/davidmigloz/orgs","repos_url":"https://api.github.com/users/davidmigloz/repos","events_url":"https://api.github.com/users/davidmigloz/events{/privacy}","received_events_url":"https://api.github.com/users/davidmigloz/received_events","type":"User","site_admin":false},"parents":[{"sha":"a4539c727a1681d76576e1ff46d88a119943748a","url":"https://api.github.com/repos/davidmigloz/go-bees/commits/a4539c727a1681d76576e1ff46d88a119943748a","html_url":"https://github.com/davidmigloz/go-bees/commit/a4539c727a1681d76576e1ff46d88a119943748a"}]},{"sha":"a4539c727a1681d76576e1ff46d88a119943748a","node_id":"MDY6Q29tbWl0NjU5Mjc2Nzg6YTQ1MzljNzI3YTE2ODFkNzY1NzZlMWZmNDZkODhhMTE5OTQzNzQ4YQ==","commit":{"author":{"name":"davidmigloz","email":"me@davidmiguel.com","date":"2017-02-08T23:57:48Z"},"committer":{"name":"davidmigloz","email":"me@davidmiguel.com","date":"2017-02-08T23:57:48Z"},"message":"Merged master into develop","tree":{"sha":"1c6b29e6a2b0f84334c456fa442aee8990b67c9e","url":"https://api.github.com/repos/davidmigloz/go-bees/git/trees/1c6b29e6a2b0f84334c456fa442aee8990b67c9e"},"url":"https://api.github.com/repos/davidmigloz/go-bees/git/commits/a4539c727a1681d76576e1ff46d88a119943748a","comment_count":0,"verification":{"verified":false,"reason":"unsigned","signature":null,"payload":null}},"url":"https://api.github.com/repos/davidmigloz/go-bees/commits/a4539c727a1681d76576e1ff46d88a119943748a","html_url":"https://github.com/davidmigloz/go-bees/commit/a4539c727a1681d76576e1ff46d88a119943748a","comments_url":"https://api.github.com/repos/davidmigloz/go-bees/commits/a4539c727a1681d76576e1ff46d88a119943748a/comments","author":{"login":"davidmigloz","id":6546265,"node_id":"MDQ6VXNlcjY1NDYyNjU=","avatar_url":"https://avatars.githubusercontent.com/u/6546265?v=4","gravatar_id":"","url":"https://api.github.com/users/davidmigloz","html_url":"https://github.com/davidmigloz","followers_url":"https://api.github.com/users/davidmigloz/followers","following_url":"https://api.github.com/users/davidmigloz/following{/other_user}","gists_url":"https://api.github.com/users/davidmigloz/gists{/gist_id}","starred_url":"https://api.github.com/users/davidmigloz/starred{/owner}{/repo}","subscriptions_url":"https://api.github.com/users/davidmigloz/subscriptions","organizations_url":"https://api.github.com/users/davidmigloz/orgs","repos_url":"https://api.github.com/users/davidmigloz/repos","events_url":"https://api.github.com/users/davidmigloz/events{/privacy}","received_events_url":"https://api.github.com/users/davidmigloz/received_events","type":"User","site_admin":false},"committer":{"login":"davidmigloz","id":6546265,"node_id":"MDQ6VXNlcjY1NDYyNjU=","avatar_url":"https://avatars.githubusercontent.com/u/6546265?v=4","gravatar_id":"","url":"https://api.github.com/users/davidmigloz","html_url":"https://github.com/davidmigloz","followers_url":"https://api.github.com/users/davidmigloz/followers","following_url":"https://api.github.com/users/davidmigloz/following{/other_user}","gists_url":"https://api.github.com/users/davidmigloz/gists{/gist_id}","starred_url":"https://api.github.com/users/davidmigloz/starred{/owner}{/repo}","subscriptions_url":"https://api.github.com/users/davidmigloz/subscriptions","organizations_url":"https://api.github.com/users/davidmigloz/orgs","repos_url":"https://api.github.com/users/davidmigloz/repos","events_url":"https://api.github.com/users/davidmigloz/events{/privacy}","received_events_url":"https://api.github.com/users/davidmigloz/received_events","type":"User","site_admin":false},"parents":[{"sha":"526c0205619c7fd098a16aa39d946ad1bb7c7a70","url":"https://api.github.com/repos/davidmigloz/go-bees/commits/526c0205619c7fd098a16aa39d946ad1bb7c7a70","html_url":"https://github.com/davidmigloz/go-bees/commit/526c0205619c7fd098a16aa39d946ad1bb7c7a70"},{"sha":"a8dfd21eb50a17fae14ef230005799ab061ca68d","url":"https://api.github.com/repos/davidmigloz/go-bees/commits/a8dfd21eb50a17fae14ef230005799ab061ca68d","html_url":"https://github.com/davidmigloz/go-bees/commit/a8dfd21eb50a17fae14ef230005799ab061ca68d"}]},{"sha":"a8dfd21eb50a17fae14ef230005799ab061ca68d","node_id":"MDY6Q29tbWl0NjU5Mjc2Nzg6YThkZmQyMWViNTBhMTdmYWUxNGVmMjMwMDA1Nzk5YWIwNjFjYTY4ZA==","commit":{"author":{"name":"davidmigloz","email":"me@davidmiguel.com","date":"2017-02-08T23:56:49Z"},"committer":{"name":"davidmigloz","email":"me@davidmiguel.com","date":"2017-02-08T23:57:03Z"},"message":"Minor fix","tree":{"sha":"1c6b29e6a2b0f84334c456fa442aee8990b67c9e","url":"https://api.github.com/repos/davidmigloz/go-bees/git/trees/1c6b29e6a2b0f84334c456fa442aee8990b67c9e"},"url":"https://api.github.com/repos/davidmigloz/go-bees/git/commits/a8dfd21eb50a17fae14ef230005799ab061ca68d","comment_count":0,"verification":{"verified":false,"reason":"unsigned","signature":null,"payload":null}},"url":"https://api.github.com/repos/davidmigloz/go-bees/commits/a8dfd21eb50a17fae14ef230005799ab061ca68d","html_url":"https://github.com/davidmigloz/go-bees/commit/a8dfd21eb50a17fae14ef230005799ab061ca68d","comments_url":"https://api.github.com/repos/davidmigloz/go-bees/commits/a8dfd21eb50a17fae14ef230005799ab061ca68d/comments","author":{"login":"davidmigloz","id":6546265,"node_id":"MDQ6VXNlcjY1NDYyNjU=","avatar_url":"https://avatars.githubusercontent.com/u/6546265?v=4","gravatar_id":"","url":"https://api.github.com/users/davidmigloz","html_url":"https://github.com/davidmigloz","followers_url":"https://api.github.com/users/davidmigloz/followers","following_url":"https://api.github.com/users/davidmigloz/following{/other_user}","gists_url":"https://api.github.com/users/davidmigloz/gists{/gist_id}","starred_url":"https://api.github.com/users/davidmigloz/starred{/owner}{/repo}","subscriptions_url":"https://api.github.com/users/davidmigloz/subscriptions","organizations_url":"https://api.github.com/users/davidmigloz/orgs","repos_url":"https://api.github.com/users/davidmigloz/repos","events_url":"https://api.github.com/users/davidmigloz/events{/privacy}","received_events_url":"https://api.github.com/users/davidmigloz/received_events","type":"User","site_admin":false},"committer":{"login":"davidmigloz","id":6546265,"node_id":"MDQ6VXNlcjY1NDYyNjU=","avatar_url":"https://avatars.githubusercontent.com/u/6546265?v=4","gravatar_id":"","url":"https://api.github.com/users/davidmigloz","html_url":"https://github.com/davidmigloz","followers_url":"https://api.github.com/users/davidmigloz/followers","following_url":"https://api.github.com/users/davidmigloz/following{/other_user}","gists_url":"https://api.github.com/users/davidmigloz/gists{/gist_id}","starred_url":"https://api.github.com/users/davidmigloz/starred{/owner}{/repo}","subscriptions_url":"https://api.github.com/users/davidmigloz/subscriptions","organizations_url":"https://api.github.com/users/davidmigloz/orgs","repos_url":"https://api.github.com/users/davidmigloz/repos","events_url":"https://api.github.com/users/davidmigloz/events{/privacy}","received_events_url":"https://api.github.com/users/davidmigloz/received_events","type":"User","site_admin":false},"parents":[{"sha":"3c826a68d9d2d9f5a0eb8dbe150ea0e7aeb88596","url":"https://api.github.com/repos/davidmigloz/go-bees/commits/3c826a68d9d2d9f5a0eb8dbe150ea0e7aeb88596","html_url":"https://github.com/davidmigloz/go-bees/commit/3c826a68d9d2d9f5a0eb8dbe150ea0e7aeb88596"}]},{"sha":"526c0205619c7fd098a16aa39d946ad1bb7c7a70","node_id":"MDY6Q29tbWl0NjU5Mjc2Nzg6NTI2YzAyMDU2MTljN2ZkMDk4YTE2YWEzOWQ5NDZhZDFiYjdjN2E3MA==","commit":{"author":{"name":"davidmigloz","email":"me@davidmiguel.com","date":"2017-02-08T23:07:19Z"},"committer":{"name":"davidmigloz","email":"me@davidmiguel.com","date":"2017-02-08T23:07:19Z"},"message":"Merged release-1.1 into develop","tree":{"sha":"4f7bcf501c845bc613b98e968d4f93e25d05bed0","url":"https://api.github.com/repos/davidmigloz/go-bees/git/trees/4f7bcf501c845bc613b98e968d4f93e25d05bed0"},"url":"https://api.github.com/repos/davidmigloz/go-bees/git/commits/526c0205619c7fd098a16aa39d946ad1bb7c7a70","comment_count":0,"verification":{"verified":false,"reason":"unsigned","signature":null,"payload":null}},"url":"https://api.github.com/repos/davidmigloz/go-bees/commits/526c0205619c7fd098a16aa39d946ad1bb7c7a70","html_url":"https://github.com/davidmigloz/go-bees/commit/526c0205619c7fd098a16aa39d946ad1bb7c7a70","comments_url":"https://api.github.com/repos/davidmigloz/go-bees/commits/526c0205619c7fd098a16aa39d946ad1bb7c7a70/comments","author":{"login":"davidmigloz","id":6546265,"node_id":"MDQ6VXNlcjY1NDYyNjU=","avatar_url":"https://avatars.githubusercontent.com/u/6546265?v=4","gravatar_id":"","url":"https://api.github.com/users/davidmigloz","html_url":"https://github.com/davidmigloz","followers_url":"https://api.github.com/users/davidmigloz/followers","following_url":"https://api.github.com/users/davidmigloz/following{/other_user}","gists_url":"https://api.github.com/users/davidmigloz/gists{/gist_id}","starred_url":"https://api.github.com/users/davidmigloz/starred{/owner}{/repo}","subscriptions_url":"https://api.github.com/users/davidmigloz/subscriptions","organizations_url":"https://api.github.com/users/davidmigloz/orgs","repos_url":"https://api.github.com/users/davidmigloz/repos","events_url":"https://api.github.com/users/davidmigloz/events{/privacy}","received_events_url":"https://api.github.com/users/davidmigloz/received_events","type":"User","site_admin":false},"committer":{"login":"davidmigloz","id":6546265,"node_id":"MDQ6VXNlcjY1NDYyNjU=","avatar_url":"https://avatars.githubusercontent.com/u/6546265?v=4","gravatar_id":"","url":"https://api.github.com/users/davidmigloz","html_url":"https://github.com/davidmigloz","followers_url":"https://api.github.com/users/davidmigloz/followers","following_url":"https://api.github.com/users/davidmigloz/following{/other_user}","gists_url":"https://api.github.com/users/davidmigloz/gists{/gist_id}","starred_url":"https://api.github.com/users/davidmigloz/starred{/owner}{/repo}","subscriptions_url":"https://api.github.com/users/davidmigloz/subscriptions","organizations_url":"https://api.github.com/users/davidmigloz/orgs","repos_url":"https://api.github.com/users/davidmigloz/repos","events_url":"https://api.github.com/users/davidmigloz/events{/privacy}","received_events_url":"https://api.github.com/users/davidmigloz/received_events","type":"User","site_admin":false},"parents":[{"sha":"dd15f7efd5576b53ed0a6f72807aba63b5d0ca3b","url":"https://api.github.com/repos/davidmigloz/go-bees/commits/dd15f7efd5576b53ed0a6f72807aba63b5d0ca3b","html_url":"https://github.com/davidmigloz/go-bees/commit/dd15f7efd5576b53ed0a6f72807aba63b5d0ca3b"},{"sha":"f81ae3893a26ead865774a31584067e704566d26","url":"https://api.github.com/repos/davidmigloz/go-bees/commits/f81ae3893a26ead865774a31584067e704566d26","html_url":"https://github.com/davidmigloz/go-bees/commit/f81ae3893a26ead865774a31584067e704566d26"}]},{"sha":"3c826a68d9d2d9f5a0eb8dbe150ea0e7aeb88596","node_id":"MDY6Q29tbWl0NjU5Mjc2Nzg6M2M4MjZhNjhkOWQyZDlmNWEwZWI4ZGJlMTUwZWEwZTdhZWI4ODU5Ng==","commit":{"author":{"name":"davidmigloz","email":"me@davidmiguel.com","date":"2017-02-08T23:07:10Z"},"committer":{"name":"davidmigloz","email":"me@davidmiguel.com","date":"2017-02-08T23:07:10Z"},"message":"Merged release-1.1 into master","tree":{"sha":"4f7bcf501c845bc613b98e968d4f93e25d05bed0","url":"https://api.github.com/repos/davidmigloz/go-bees/git/trees/4f7bcf501c845bc613b98e968d4f93e25d05bed0"},"url":"https://api.github.com/repos/davidmigloz/go-bees/git/commits/3c826a68d9d2d9f5a0eb8dbe150ea0e7aeb88596","comment_count":0,"verification":{"verified":false,"reason":"unsigned","signature":null,"payload":null}},"url":"https://api.github.com/repos/davidmigloz/go-bees/commits/3c826a68d9d2d9f5a0eb8dbe150ea0e7aeb88596","html_url":"https://github.com/davidmigloz/go-bees/commit/3c826a68d9d2d9f5a0eb8dbe150ea0e7aeb88596","comments_url":"https://api.github.com/repos/davidmigloz/go-bees/commits/3c826a68d9d2d9f5a0eb8dbe150ea0e7aeb88596/comments","author":{"login":"davidmigloz","id":6546265,"node_id":"MDQ6VXNlcjY1NDYyNjU=","avatar_url":"https://avatars.githubusercontent.com/u/6546265?v=4","gravatar_id":"","url":"https://api.github.com/users/davidmigloz","html_url":"https://github.com/davidmigloz","followers_url":"https://api.github.com/users/davidmigloz/followers","following_url":"https://api.github.com/users/davidmigloz/following{/other_user}","gists_url":"https://api.github.com/users/davidmigloz/gists{/gist_id}","starred_url":"https://api.github.com/users/davidmigloz/starred{/owner}{/repo}","subscriptions_url":"https://api.github.com/users/davidmigloz/subscriptions","organizations_url":"https://api.github.com/users/davidmigloz/orgs","repos_url":"https://api.github.com/users/davidmigloz/repos","events_url":"https://api.github.com/users/davidmigloz/events{/privacy}","received_events_url":"https://api.github.com/users/davidmigloz/received_events","type":"User","site_admin":false},"committer":{"login":"davidmigloz","id":6546265,"node_id":"MDQ6VXNlcjY1NDYyNjU=","avatar_url":"https://avatars.githubusercontent.com/u/6546265?v=4","gravatar_id":"","url":"https://api.github.com/users/davidmigloz","html_url":"https://github.com/davidmigloz","followers_url":"https://api.github.com/users/davidmigloz/followers","following_url":"https://api.github.com/users/davidmigloz/following{/other_user}","gists_url":"https://api.github.com/users/davidmigloz/gists{/gist_id}","starred_url":"https://api.github.com/users/davidmigloz/starred{/owner}{/repo}","subscriptions_url":"https://api.github.com/users/davidmigloz/subscriptions","organizations_url":"https://api.github.com/users/davidmigloz/orgs","repos_url":"https://api.github.com/users/davidmigloz/repos","events_url":"https://api.github.com/users/davidmigloz/events{/privacy}","received_events_url":"https://api.github.com/users/davidmigloz/received_events","type":"User","site_admin":false},"parents":[{"sha":"23b7b7fb68bb714babb99c44883ed9028b81bcf6","url":"https://api.github.com/repos/davidmigloz/go-bees/commits/23b7b7fb68bb714babb99c44883ed9028b81bcf6","html_url":"https://github.com/davidmigloz/go-bees/commit/23b7b7fb68bb714babb99c44883ed9028b81bcf6"},{"sha":"f81ae3893a26ead865774a31584067e704566d26","url":"https://api.github.com/repos/davidmigloz/go-bees/commits/f81ae3893a26ead865774a31584067e704566d26","html_url":"https://github.com/davidmigloz/go-bees/commit/f81ae3893a26ead865774a31584067e704566d26"}]},{"sha":"f81ae3893a26ead865774a31584067e704566d26","node_id":"MDY6Q29tbWl0NjU5Mjc2Nzg6ZjgxYWUzODkzYTI2ZWFkODY1Nzc0YTMxNTg0MDY3ZTcwNDU2NmQyNg==","commit":{"author":{"name":"davidmigloz","email":"me@davidmiguel.com","date":"2017-02-08T23:05:44Z"},"committer":{"name":"davidmigloz","email":"me@davidmiguel.com","date":"2017-02-08T23:05:44Z"},"message":"Bumped version number to 1.1","tree":{"sha":"4f7bcf501c845bc613b98e968d4f93e25d05bed0","url":"https://api.github.com/repos/davidmigloz/go-bees/git/trees/4f7bcf501c845bc613b98e968d4f93e25d05bed0"},"url":"https://api.github.com/repos/davidmigloz/go-bees/git/commits/f81ae3893a26ead865774a31584067e704566d26","comment_count":0,"verification":{"verified":false,"reason":"unsigned","signature":null,"payload":null}},"url":"https://api.github.com/repos/davidmigloz/go-bees/commits/f81ae3893a26ead865774a31584067e704566d26","html_url":"https://github.com/davidmigloz/go-bees/commit/f81ae3893a26ead865774a31584067e704566d26","comments_url":"https://api.github.com/repos/davidmigloz/go-bees/commits/f81ae3893a26ead865774a31584067e704566d26/comments","author":{"login":"davidmigloz","id":6546265,"node_id":"MDQ6VXNlcjY1NDYyNjU=","avatar_url":"https://avatars.githubusercontent.com/u/6546265?v=4","gravatar_id":"","url":"https://api.github.com/users/davidmigloz","html_url":"https://github.com/davidmigloz","followers_url":"https://api.github.com/users/davidmigloz/followers","following_url":"https://api.github.com/users/davidmigloz/following{/other_user}","gists_url":"https://api.github.com/users/davidmigloz/gists{/gist_id}","starred_url":"https://api.github.com/users/davidmigloz/starred{/owner}{/repo}","subscriptions_url":"https://api.github.com/users/davidmigloz/subscriptions","organizations_url":"https://api.github.com/users/davidmigloz/orgs","repos_url":"https://api.github.com/users/davidmigloz/repos","events_url":"https://api.github.com/users/davidmigloz/events{/privacy}","received_events_url":"https://api.github.com/users/davidmigloz/received_events","type":"User","site_admin":false},"committer":{"login":"davidmigloz","id":6546265,"node_id":"MDQ6VXNlcjY1NDYyNjU=","avatar_url":"https://avatars.githubusercontent.com/u/6546265?v=4","gravatar_id":"","url":"https://api.github.com/users/davidmigloz","html_url":"https://github.com/davidmigloz","followers_url":"https://api.github.com/users/davidmigloz/followers","following_url":"https://api.github.com/users/davidmigloz/following{/other_user}","gists_url":"https://api.github.com/users/davidmigloz/gists{/gist_id}","starred_url":"https://api.github.com/users/davidmigloz/starred{/owner}{/repo}","subscriptions_url":"https://api.github.com/users/davidmigloz/subscriptions","organizations_url":"https://api.github.com/users/davidmigloz/orgs","repos_url":"https://api.github.com/users/davidmigloz/repos","events_url":"https://api.github.com/users/davidmigloz/events{/privacy}","received_events_url":"https://api.github.com/users/davidmigloz/received_events","type":"User","site_admin":false},"parents":[{"sha":"dd15f7efd5576b53ed0a6f72807aba63b5d0ca3b","url":"https://api.github.com/repos/davidmigloz/go-bees/commits/dd15f7efd5576b53ed0a6f72807aba63b5d0ca3b","html_url":"https://github.com/davidmigloz/go-bees/commit/dd15f7efd5576b53ed0a6f72807aba63b5d0ca3b"}]},{"sha":"dd15f7efd5576b53ed0a6f72807aba63b5d0ca3b","node_id":"MDY6Q29tbWl0NjU5Mjc2Nzg6ZGQxNWY3ZWZkNTU3NmI1M2VkMGE2ZjcyODA3YWJhNjNiNWQwY2EzYg==","commit":{"author":{"name":"davidmigloz","email":"me@davidmiguel.com","date":"2017-02-08T22:50:02Z"},"committer":{"name":"davidmigloz","email":"me@davidmiguel.com","date":"2017-02-08T22:50:02Z"},"message":"Minor changes","tree":{"sha":"f1db10e8f3cf9a2f174564da089e566f85e48d5a","url":"https://api.github.com/repos/davidmigloz/go-bees/git/trees/f1db10e8f3cf9a2f174564da089e566f85e48d5a"},"url":"https://api.github.com/repos/davidmigloz/go-bees/git/commits/dd15f7efd5576b53ed0a6f72807aba63b5d0ca3b","comment_count":0,"verification":{"verified":false,"reason":"unsigned","signature":null,"payload":null}},"url":"https://api.github.com/repos/davidmigloz/go-bees/commits/dd15f7efd5576b53ed0a6f72807aba63b5d0ca3b","html_url":"https://github.com/davidmigloz/go-bees/commit/dd15f7efd5576b53ed0a6f72807aba63b5d0ca3b","comments_url":"https://api.github.com/repos/davidmigloz/go-bees/commits/dd15f7efd5576b53ed0a6f72807aba63b5d0ca3b/comments","author":{"login":"davidmigloz","id":6546265,"node_id":"MDQ6VXNlcjY1NDYyNjU=","avatar_url":"https://avatars.githubusercontent.com/u/6546265?v=4","gravatar_id":"","url":"https://api.github.com/users/davidmigloz","html_url":"https://github.com/davidmigloz","followers_url":"https://api.github.com/users/davidmigloz/followers","following_url":"https://api.github.com/users/davidmigloz/following{/other_user}","gists_url":"https://api.github.com/users/davidmigloz/gists{/gist_id}","starred_url":"https://api.github.com/users/davidmigloz/starred{/owner}{/repo}","subscriptions_url":"https://api.github.com/users/davidmigloz/subscriptions","organizations_url":"https://api.github.com/users/davidmigloz/orgs","repos_url":"https://api.github.com/users/davidmigloz/repos","events_url":"https://api.github.com/users/davidmigloz/events{/privacy}","received_events_url":"https://api.github.com/users/davidmigloz/received_events","type":"User","site_admin":false},"committer":{"login":"davidmigloz","id":6546265,"node_id":"MDQ6VXNlcjY1NDYyNjU=","avatar_url":"https://avatars.githubusercontent.com/u/6546265?v=4","gravatar_id":"","url":"https://api.github.com/users/davidmigloz","html_url":"https://github.com/davidmigloz","followers_url":"https://api.github.com/users/davidmigloz/followers","following_url":"https://api.github.com/users/davidmigloz/following{/other_user}","gists_url":"https://api.github.com/users/davidmigloz/gists{/gist_id}","starred_url":"https://api.github.com/users/davidmigloz/starred{/owner}{/repo}","subscriptions_url":"https://api.github.com/users/davidmigloz/subscriptions","organizations_url":"https://api.github.com/users/davidmigloz/orgs","repos_url":"https://api.github.com/users/davidmigloz/repos","events_url":"https://api.github.com/users/davidmigloz/events{/privacy}","received_events_url":"https://api.github.com/users/davidmigloz/received_events","type":"User","site_admin":false},"parents":[{"sha":"d34aafacf17b2c9e9cf85e101e48c6991520371d","url":"https://api.github.com/repos/davidmigloz/go-bees/commits/d34aafacf17b2c9e9cf85e101e48c6991520371d","html_url":"https://github.com/davidmigloz/go-bees/commit/d34aafacf17b2c9e9cf85e101e48c6991520371d"}]},{"sha":"d34aafacf17b2c9e9cf85e101e48c6991520371d","node_id":"MDY6Q29tbWl0NjU5Mjc2Nzg6ZDM0YWFmYWNmMTdiMmM5ZTljZjg1ZTEwMWU0OGM2OTkxNTIwMzcxZA==","commit":{"author":{"name":"davidmigloz","email":"me@davidmiguel.com","date":"2017-02-08T00:38:24Z"},"committer":{"name":"davidmigloz","email":"me@davidmiguel.com","date":"2017-02-08T00:38:24Z"},"message":"Convert annex A to latex #179","tree":{"sha":"c4614f7b538309795d69aa094d66fde7a020369a","url":"https://api.github.com/repos/davidmigloz/go-bees/git/trees/c4614f7b538309795d69aa094d66fde7a020369a"},"url":"https://api.github.com/repos/davidmigloz/go-bees/git/commits/d34aafacf17b2c9e9cf85e101e48c6991520371d","comment_count":0,"verification":{"verified":false,"reason":"unsigned","signature":null,"payload":null}},"url":"https://api.github.com/repos/davidmigloz/go-bees/commits/d34aafacf17b2c9e9cf85e101e48c6991520371d","html_url":"https://github.com/davidmigloz/go-bees/commit/d34aafacf17b2c9e9cf85e101e48c6991520371d","comments_url":"https://api.github.com/repos/davidmigloz/go-bees/commits/d34aafacf17b2c9e9cf85e101e48c6991520371d/comments","author":{"login":"davidmigloz","id":6546265,"node_id":"MDQ6VXNlcjY1NDYyNjU=","avatar_url":"https://avatars.githubusercontent.com/u/6546265?v=4","gravatar_id":"","url":"https://api.github.com/users/davidmigloz","html_url":"https://github.com/davidmigloz","followers_url":"https://api.github.com/users/davidmigloz/followers","following_url":"https://api.github.com/users/davidmigloz/following{/other_user}","gists_url":"https://api.github.com/users/davidmigloz/gists{/gist_id}","starred_url":"https://api.github.com/users/davidmigloz/starred{/owner}{/repo}","subscriptions_url":"https://api.github.com/users/davidmigloz/subscriptions","organizations_url":"https://api.github.com/users/davidmigloz/orgs","repos_url":"https://api.github.com/users/davidmigloz/repos","events_url":"https://api.github.com/users/davidmigloz/events{/privacy}","received_events_url":"https://api.github.com/users/davidmigloz/received_events","type":"User","site_admin":false},"committer":{"login":"davidmigloz","id":6546265,"node_id":"MDQ6VXNlcjY1NDYyNjU=","avatar_url":"https://avatars.githubusercontent.com/u/6546265?v=4","gravatar_id":"","url":"https://api.github.com/users/davidmigloz","html_url":"https://github.com/davidmigloz","followers_url":"https://api.github.com/users/davidmigloz/followers","following_url":"https://api.github.com/users/davidmigloz/following{/other_user}","gists_url":"https://api.github.com/users/davidmigloz/gists{/gist_id}","starred_url":"https://api.github.com/users/davidmigloz/starred{/owner}{/repo}","subscriptions_url":"https://api.github.com/users/davidmigloz/subscriptions","organizations_url":"https://api.github.com/users/davidmigloz/orgs","repos_url":"https://api.github.com/users/davidmigloz/repos","events_url":"https://api.github.com/users/davidmigloz/events{/privacy}","received_events_url":"https://api.github.com/users/davidmigloz/received_events","type":"User","site_admin":false},"parents":[{"sha":"caaebdcd46875946fbb936061d5e4198c7571345","url":"https://api.github.com/repos/davidmigloz/go-bees/commits/caaebdcd46875946fbb936061d5e4198c7571345","html_url":"https://github.com/davidmigloz/go-bees/commit/caaebdcd46875946fbb936061d5e4198c7571345"}]},{"sha":"caaebdcd46875946fbb936061d5e4198c7571345","node_id":"MDY6Q29tbWl0NjU5Mjc2Nzg6Y2FhZWJkY2Q0Njg3NTk0NmZiYjkzNjA2MWQ1ZTQxOThjNzU3MTM0NQ==","commit":{"author":{"name":"davidmigloz","email":"me@davidmiguel.com","date":"2017-02-07T00:25:38Z"},"committer":{"name":"davidmigloz","email":"me@davidmiguel.com","date":"2017-02-07T00:25:38Z"},"message":"Minor changes","tree":{"sha":"9dc9b63c4b9531ca269217d28e001773331497ca","url":"https://api.github.com/repos/davidmigloz/go-bees/git/trees/9dc9b63c4b9531ca269217d28e001773331497ca"},"url":"https://api.github.com/repos/davidmigloz/go-bees/git/commits/caaebdcd46875946fbb936061d5e4198c7571345","comment_count":0,"verification":{"verified":false,"reason":"unsigned","signature":null,"payload":null}},"url":"https://api.github.com/repos/davidmigloz/go-bees/commits/caaebdcd46875946fbb936061d5e4198c7571345","html_url":"https://github.com/davidmigloz/go-bees/commit/caaebdcd46875946fbb936061d5e4198c7571345","comments_url":"https://api.github.com/repos/davidmigloz/go-bees/commits/caaebdcd46875946fbb936061d5e4198c7571345/comments","author":{"login":"davidmigloz","id":6546265,"node_id":"MDQ6VXNlcjY1NDYyNjU=","avatar_url":"https://avatars.githubusercontent.com/u/6546265?v=4","gravatar_id":"","url":"https://api.github.com/users/davidmigloz","html_url":"https://github.com/davidmigloz","followers_url":"https://api.github.com/users/davidmigloz/followers","following_url":"https://api.github.com/users/davidmigloz/following{/other_user}","gists_url":"https://api.github.com/users/davidmigloz/gists{/gist_id}","starred_url":"https://api.github.com/users/davidmigloz/starred{/owner}{/repo}","subscriptions_url":"https://api.github.com/users/davidmigloz/subscriptions","organizations_url":"https://api.github.com/users/davidmigloz/orgs","repos_url":"https://api.github.com/users/davidmigloz/repos","events_url":"https://api.github.com/users/davidmigloz/events{/privacy}","received_events_url":"https://api.github.com/users/davidmigloz/received_events","type":"User","site_admin":false},"committer":{"login":"davidmigloz","id":6546265,"node_id":"MDQ6VXNlcjY1NDYyNjU=","avatar_url":"https://avatars.githubusercontent.com/u/6546265?v=4","gravatar_id":"","url":"https://api.github.com/users/davidmigloz","html_url":"https://github.com/davidmigloz","followers_url":"https://api.github.com/users/davidmigloz/followers","following_url":"https://api.github.com/users/davidmigloz/following{/other_user}","gists_url":"https://api.github.com/users/davidmigloz/gists{/gist_id}","starred_url":"https://api.github.com/users/davidmigloz/starred{/owner}{/repo}","subscriptions_url":"https://api.github.com/users/davidmigloz/subscriptions","organizations_url":"https://api.github.com/users/davidmigloz/orgs","repos_url":"https://api.github.com/users/davidmigloz/repos","events_url":"https://api.github.com/users/davidmigloz/events{/privacy}","received_events_url":"https://api.github.com/users/davidmigloz/received_events","type":"User","site_admin":false},"parents":[{"sha":"613187d1c98664dc7a8dfff65ed727d71a6b92f2","url":"https://api.github.com/repos/davidmigloz/go-bees/commits/613187d1c98664dc7a8dfff65ed727d71a6b92f2","html_url":"https://github.com/davidmigloz/go-bees/commit/613187d1c98664dc7a8dfff65ed727d71a6b92f2"}]},{"sha":"613187d1c98664dc7a8dfff65ed727d71a6b92f2","node_id":"MDY6Q29tbWl0NjU5Mjc2Nzg6NjEzMTg3ZDFjOTg2NjRkYzdhOGRmZmY2NWVkNzI3ZDcxYTZiOTJmMg==","commit":{"author":{"name":"davidmigloz","email":"me@davidmiguel.com","date":"2017-02-07T00:21:02Z"},"committer":{"name":"davidmigloz","email":"me@davidmiguel.com","date":"2017-02-07T00:21:02Z"},"message":"Convert annex B to latex #179","tree":{"sha":"596342e160aabd9b48fd4b8cbc085a7b7a9a9d58","url":"https://api.github.com/repos/davidmigloz/go-bees/git/trees/596342e160aabd9b48fd4b8cbc085a7b7a9a9d58"},"url":"https://api.github.com/repos/davidmigloz/go-bees/git/commits/613187d1c98664dc7a8dfff65ed727d71a6b92f2","comment_count":0,"verification":{"verified":false,"reason":"unsigned","signature":null,"payload":null}},"url":"https://api.github.com/repos/davidmigloz/go-bees/commits/613187d1c98664dc7a8dfff65ed727d71a6b92f2","html_url":"https://github.com/davidmigloz/go-bees/commit/613187d1c98664dc7a8dfff65ed727d71a6b92f2","comments_url":"https://api.github.com/repos/davidmigloz/go-bees/commits/613187d1c98664dc7a8dfff65ed727d71a6b92f2/comments","author":{"login":"davidmigloz","id":6546265,"node_id":"MDQ6VXNlcjY1NDYyNjU=","avatar_url":"https://avatars.githubusercontent.com/u/6546265?v=4","gravatar_id":"","url":"https://api.github.com/users/davidmigloz","html_url":"https://github.com/davidmigloz","followers_url":"https://api.github.com/users/davidmigloz/followers","following_url":"https://api.github.com/users/davidmigloz/following{/other_user}","gists_url":"https://api.github.com/users/davidmigloz/gists{/gist_id}","starred_url":"https://api.github.com/users/davidmigloz/starred{/owner}{/repo}","subscriptions_url":"https://api.github.com/users/davidmigloz/subscriptions","organizations_url":"https://api.github.com/users/davidmigloz/orgs","repos_url":"https://api.github.com/users/davidmigloz/repos","events_url":"https://api.github.com/users/davidmigloz/events{/privacy}","received_events_url":"https://api.github.com/users/davidmigloz/received_events","type":"User","site_admin":false},"committer":{"login":"davidmigloz","id":6546265,"node_id":"MDQ6VXNlcjY1NDYyNjU=","avatar_url":"https://avatars.githubusercontent.com/u/6546265?v=4","gravatar_id":"","url":"https://api.github.com/users/davidmigloz","html_url":"https://github.com/davidmigloz","followers_url":"https://api.github.com/users/davidmigloz/followers","following_url":"https://api.github.com/users/davidmigloz/following{/other_user}","gists_url":"https://api.github.com/users/davidmigloz/gists{/gist_id}","starred_url":"https://api.github.com/users/davidmigloz/starred{/owner}{/repo}","subscriptions_url":"https://api.github.com/users/davidmigloz/subscriptions","organizations_url":"https://api.github.com/users/davidmigloz/orgs","repos_url":"https://api.github.com/users/davidmigloz/repos","events_url":"https://api.github.com/users/davidmigloz/events{/privacy}","received_events_url":"https://api.github.com/users/davidmigloz/received_events","type":"User","site_admin":false},"parents":[{"sha":"af309e0a79b91031c3e8286af3818350c7133726","url":"https://api.github.com/repos/davidmigloz/go-bees/commits/af309e0a79b91031c3e8286af3818350c7133726","html_url":"https://github.com/davidmigloz/go-bees/commit/af309e0a79b91031c3e8286af3818350c7133726"}]},{"sha":"af309e0a79b91031c3e8286af3818350c7133726","node_id":"MDY6Q29tbWl0NjU5Mjc2Nzg6YWYzMDllMGE3OWI5MTAzMWMzZTgyODZhZjM4MTgzNTBjNzEzMzcyNg==","commit":{"author":{"name":"davidmigloz","email":"me@davidmiguel.com","date":"2017-02-06T23:33:26Z"},"committer":{"name":"davidmigloz","email":"me@davidmiguel.com","date":"2017-02-06T23:33:26Z"},"message":"Convert annex C to latex #151","tree":{"sha":"a2a29eab1d383a8bb75f963a9632fac2088de638","url":"https://api.github.com/repos/davidmigloz/go-bees/git/trees/a2a29eab1d383a8bb75f963a9632fac2088de638"},"url":"https://api.github.com/repos/davidmigloz/go-bees/git/commits/af309e0a79b91031c3e8286af3818350c7133726","comment_count":0,"verification":{"verified":false,"reason":"unsigned","signature":null,"payload":null}},"url":"https://api.github.com/repos/davidmigloz/go-bees/commits/af309e0a79b91031c3e8286af3818350c7133726","html_url":"https://github.com/davidmigloz/go-bees/commit/af309e0a79b91031c3e8286af3818350c7133726","comments_url":"https://api.github.com/repos/davidmigloz/go-bees/commits/af309e0a79b91031c3e8286af3818350c7133726/comments","author":{"login":"davidmigloz","id":6546265,"node_id":"MDQ6VXNlcjY1NDYyNjU=","avatar_url":"https://avatars.githubusercontent.com/u/6546265?v=4","gravatar_id":"","url":"https://api.github.com/users/davidmigloz","html_url":"https://github.com/davidmigloz","followers_url":"https://api.github.com/users/davidmigloz/followers","following_url":"https://api.github.com/users/davidmigloz/following{/other_user}","gists_url":"https://api.github.com/users/davidmigloz/gists{/gist_id}","starred_url":"https://api.github.com/users/davidmigloz/starred{/owner}{/repo}","subscriptions_url":"https://api.github.com/users/davidmigloz/subscriptions","organizations_url":"https://api.github.com/users/davidmigloz/orgs","repos_url":"https://api.github.com/users/davidmigloz/repos","events_url":"https://api.github.com/users/davidmigloz/events{/privacy}","received_events_url":"https://api.github.com/users/davidmigloz/received_events","type":"User","site_admin":false},"committer":{"login":"davidmigloz","id":6546265,"node_id":"MDQ6VXNlcjY1NDYyNjU=","avatar_url":"https://avatars.githubusercontent.com/u/6546265?v=4","gravatar_id":"","url":"https://api.github.com/users/davidmigloz","html_url":"https://github.com/davidmigloz","followers_url":"https://api.github.com/users/davidmigloz/followers","following_url":"https://api.github.com/users/davidmigloz/following{/other_user}","gists_url":"https://api.github.com/users/davidmigloz/gists{/gist_id}","starred_url":"https://api.github.com/users/davidmigloz/starred{/owner}{/repo}","subscriptions_url":"https://api.github.com/users/davidmigloz/subscriptions","organizations_url":"https://api.github.com/users/davidmigloz/orgs","repos_url":"https://api.github.com/users/davidmigloz/repos","events_url":"https://api.github.com/users/davidmigloz/events{/privacy}","received_events_url":"https://api.github.com/users/davidmigloz/received_events","type":"User","site_admin":false},"parents":[{"sha":"6191452efdca08618b6f9bf7ea75a8416c686ed7","url":"https://api.github.com/repos/davidmigloz/go-bees/commits/6191452efdca08618b6f9bf7ea75a8416c686ed7","html_url":"https://github.com/davidmigloz/go-bees/commit/6191452efdca08618b6f9bf7ea75a8416c686ed7"}]},{"sha":"6191452efdca08618b6f9bf7ea75a8416c686ed7","node_id":"MDY6Q29tbWl0NjU5Mjc2Nzg6NjE5MTQ1MmVmZGNhMDg2MThiNmY5YmY3ZWE3NWE4NDE2YzY4NmVkNw==","commit":{"author":{"name":"davidmigloz","email":"me@davidmiguel.com","date":"2017-02-06T22:34:29Z"},"committer":{"name":"davidmigloz","email":"me@davidmiguel.com","date":"2017-02-06T22:34:29Z"},"message":"Convert annex E to latex #179","tree":{"sha":"deef0709f0fca5457c3b0fcc10e8f53a36378b7b","url":"https://api.github.com/repos/davidmigloz/go-bees/git/trees/deef0709f0fca5457c3b0fcc10e8f53a36378b7b"},"url":"https://api.github.com/repos/davidmigloz/go-bees/git/commits/6191452efdca08618b6f9bf7ea75a8416c686ed7","comment_count":0,"verification":{"verified":false,"reason":"unsigned","signature":null,"payload":null}},"url":"https://api.github.com/repos/davidmigloz/go-bees/commits/6191452efdca08618b6f9bf7ea75a8416c686ed7","html_url":"https://github.com/davidmigloz/go-bees/commit/6191452efdca08618b6f9bf7ea75a8416c686ed7","comments_url":"https://api.github.com/repos/davidmigloz/go-bees/commits/6191452efdca08618b6f9bf7ea75a8416c686ed7/comments","author":{"login":"davidmigloz","id":6546265,"node_id":"MDQ6VXNlcjY1NDYyNjU=","avatar_url":"https://avatars.githubusercontent.com/u/6546265?v=4","gravatar_id":"","url":"https://api.github.com/users/davidmigloz","html_url":"https://github.com/davidmigloz","followers_url":"https://api.github.com/users/davidmigloz/followers","following_url":"https://api.github.com/users/davidmigloz/following{/other_user}","gists_url":"https://api.github.com/users/davidmigloz/gists{/gist_id}","starred_url":"https://api.github.com/users/davidmigloz/starred{/owner}{/repo}","subscriptions_url":"https://api.github.com/users/davidmigloz/subscriptions","organizations_url":"https://api.github.com/users/davidmigloz/orgs","repos_url":"https://api.github.com/users/davidmigloz/repos","events_url":"https://api.github.com/users/davidmigloz/events{/privacy}","received_events_url":"https://api.github.com/users/davidmigloz/received_events","type":"User","site_admin":false},"committer":{"login":"davidmigloz","id":6546265,"node_id":"MDQ6VXNlcjY1NDYyNjU=","avatar_url":"https://avatars.githubusercontent.com/u/6546265?v=4","gravatar_id":"","url":"https://api.github.com/users/davidmigloz","html_url":"https://github.com/davidmigloz","followers_url":"https://api.github.com/users/davidmigloz/followers","following_url":"https://api.github.com/users/davidmigloz/following{/other_user}","gists_url":"https://api.github.com/users/davidmigloz/gists{/gist_id}","starred_url":"https://api.github.com/users/davidmigloz/starred{/owner}{/repo}","subscriptions_url":"https://api.github.com/users/davidmigloz/subscriptions","organizations_url":"https://api.github.com/users/davidmigloz/orgs","repos_url":"https://api.github.com/users/davidmigloz/repos","events_url":"https://api.github.com/users/davidmigloz/events{/privacy}","received_events_url":"https://api.github.com/users/davidmigloz/received_events","type":"User","site_admin":false},"parents":[{"sha":"922e3d0edc61fb90198e46ed5feee9c6e4c5643e","url":"https://api.github.com/repos/davidmigloz/go-bees/commits/922e3d0edc61fb90198e46ed5feee9c6e4c5643e","html_url":"https://github.com/davidmigloz/go-bees/commit/922e3d0edc61fb90198e46ed5feee9c6e4c5643e"}]},{"sha":"922e3d0edc61fb90198e46ed5feee9c6e4c5643e","node_id":"MDY6Q29tbWl0NjU5Mjc2Nzg6OTIyZTNkMGVkYzYxZmI5MDE5OGU0NmVkNWZlZWU5YzZlNGM1NjQzZQ==","commit":{"author":{"name":"davidmigloz","email":"me@davidmiguel.com","date":"2017-02-06T00:55:45Z"},"committer":{"name":"davidmigloz","email":"me@davidmiguel.com","date":"2017-02-06T00:55:45Z"},"message":"Convert annex D to latex #179","tree":{"sha":"93b70d6f26f9fd5e3a9a8db62b53a961ed4a20fd","url":"https://api.github.com/repos/davidmigloz/go-bees/git/trees/93b70d6f26f9fd5e3a9a8db62b53a961ed4a20fd"},"url":"https://api.github.com/repos/davidmigloz/go-bees/git/commits/922e3d0edc61fb90198e46ed5feee9c6e4c5643e","comment_count":0,"verification":{"verified":false,"reason":"unsigned","signature":null,"payload":null}},"url":"https://api.github.com/repos/davidmigloz/go-bees/commits/922e3d0edc61fb90198e46ed5feee9c6e4c5643e","html_url":"https://github.com/davidmigloz/go-bees/commit/922e3d0edc61fb90198e46ed5feee9c6e4c5643e","comments_url":"https://api.github.com/repos/davidmigloz/go-bees/commits/922e3d0edc61fb90198e46ed5feee9c6e4c5643e/comments","author":{"login":"davidmigloz","id":6546265,"node_id":"MDQ6VXNlcjY1NDYyNjU=","avatar_url":"https://avatars.githubusercontent.com/u/6546265?v=4","gravatar_id":"","url":"https://api.github.com/users/davidmigloz","html_url":"https://github.com/davidmigloz","followers_url":"https://api.github.com/users/davidmigloz/followers","following_url":"https://api.github.com/users/davidmigloz/following{/other_user}","gists_url":"https://api.github.com/users/davidmigloz/gists{/gist_id}","starred_url":"https://api.github.com/users/davidmigloz/starred{/owner}{/repo}","subscriptions_url":"https://api.github.com/users/davidmigloz/subscriptions","organizations_url":"https://api.github.com/users/davidmigloz/orgs","repos_url":"https://api.github.com/users/davidmigloz/repos","events_url":"https://api.github.com/users/davidmigloz/events{/privacy}","received_events_url":"https://api.github.com/users/davidmigloz/received_events","type":"User","site_admin":false},"committer":{"login":"davidmigloz","id":6546265,"node_id":"MDQ6VXNlcjY1NDYyNjU=","avatar_url":"https://avatars.githubusercontent.com/u/6546265?v=4","gravatar_id":"","url":"https://api.github.com/users/davidmigloz","html_url":"https://github.com/davidmigloz","followers_url":"https://api.github.com/users/davidmigloz/followers","following_url":"https://api.github.com/users/davidmigloz/following{/other_user}","gists_url":"https://api.github.com/users/davidmigloz/gists{/gist_id}","starred_url":"https://api.github.com/users/davidmigloz/starred{/owner}{/repo}","subscriptions_url":"https://api.github.com/users/davidmigloz/subscriptions","organizations_url":"https://api.github.com/users/davidmigloz/orgs","repos_url":"https://api.github.com/users/davidmigloz/repos","events_url":"https://api.github.com/users/davidmigloz/events{/privacy}","received_events_url":"https://api.github.com/users/davidmigloz/received_events","type":"User","site_admin":false},"parents":[{"sha":"368ab1a32862ebfdbdd815ad8701fdb76bb3e487","url":"https://api.github.com/repos/davidmigloz/go-bees/commits/368ab1a32862ebfdbdd815ad8701fdb76bb3e487","html_url":"https://github.com/davidmigloz/go-bees/commit/368ab1a32862ebfdbdd815ad8701fdb76bb3e487"}]},{"sha":"368ab1a32862ebfdbdd815ad8701fdb76bb3e487","node_id":"MDY6Q29tbWl0NjU5Mjc2Nzg6MzY4YWIxYTMyODYyZWJmZGJkZDgxNWFkODcwMWZkYjc2YmIzZTQ4Nw==","commit":{"author":{"name":"davidmigloz","email":"me@davidmiguel.com","date":"2017-02-05T01:56:20Z"},"committer":{"name":"davidmigloz","email":"me@davidmiguel.com","date":"2017-02-05T01:56:20Z"},"message":"Document Manual Programador #151","tree":{"sha":"3beba28031d93de952d5763315d4cf067130df3f","url":"https://api.github.com/repos/davidmigloz/go-bees/git/trees/3beba28031d93de952d5763315d4cf067130df3f"},"url":"https://api.github.com/repos/davidmigloz/go-bees/git/commits/368ab1a32862ebfdbdd815ad8701fdb76bb3e487","comment_count":0,"verification":{"verified":false,"reason":"unsigned","signature":null,"payload":null}},"url":"https://api.github.com/repos/davidmigloz/go-bees/commits/368ab1a32862ebfdbdd815ad8701fdb76bb3e487","html_url":"https://github.com/davidmigloz/go-bees/commit/368ab1a32862ebfdbdd815ad8701fdb76bb3e487","comments_url":"https://api.github.com/repos/davidmigloz/go-bees/commits/368ab1a32862ebfdbdd815ad8701fdb76bb3e487/comments","author":{"login":"davidmigloz","id":6546265,"node_id":"MDQ6VXNlcjY1NDYyNjU=","avatar_url":"https://avatars.githubusercontent.com/u/6546265?v=4","gravatar_id":"","url":"https://api.github.com/users/davidmigloz","html_url":"https://github.com/davidmigloz","followers_url":"https://api.github.com/users/davidmigloz/followers","following_url":"https://api.github.com/users/davidmigloz/following{/other_user}","gists_url":"https://api.github.com/users/davidmigloz/gists{/gist_id}","starred_url":"https://api.github.com/users/davidmigloz/starred{/owner}{/repo}","subscriptions_url":"https://api.github.com/users/davidmigloz/subscriptions","organizations_url":"https://api.github.com/users/davidmigloz/orgs","repos_url":"https://api.github.com/users/davidmigloz/repos","events_url":"https://api.github.com/users/davidmigloz/events{/privacy}","received_events_url":"https://api.github.com/users/davidmigloz/received_events","type":"User","site_admin":false},"committer":{"login":"davidmigloz","id":6546265,"node_id":"MDQ6VXNlcjY1NDYyNjU=","avatar_url":"https://avatars.githubusercontent.com/u/6546265?v=4","gravatar_id":"","url":"https://api.github.com/users/davidmigloz","html_url":"https://github.com/davidmigloz","followers_url":"https://api.github.com/users/davidmigloz/followers","following_url":"https://api.github.com/users/davidmigloz/following{/other_user}","gists_url":"https://api.github.com/users/davidmigloz/gists{/gist_id}","starred_url":"https://api.github.com/users/davidmigloz/starred{/owner}{/repo}","subscriptions_url":"https://api.github.com/users/davidmigloz/subscriptions","organizations_url":"https://api.github.com/users/davidmigloz/orgs","repos_url":"https://api.github.com/users/davidmigloz/repos","events_url":"https://api.github.com/users/davidmigloz/events{/privacy}","received_events_url":"https://api.github.com/users/davidmigloz/received_events","type":"User","site_admin":false},"parents":[{"sha":"e0ba4e1c7b56edc3c375ec7e8dd9ecca39b42bcd","url":"https://api.github.com/repos/davidmigloz/go-bees/commits/e0ba4e1c7b56edc3c375ec7e8dd9ecca39b42bcd","html_url":"https://github.com/davidmigloz/go-bees/commit/e0ba4e1c7b56edc3c375ec7e8dd9ecca39b42bcd"}]},{"sha":"e0ba4e1c7b56edc3c375ec7e8dd9ecca39b42bcd","node_id":"MDY6Q29tbWl0NjU5Mjc2Nzg6ZTBiYTRlMWM3YjU2ZWRjM2MzNzVlYzdlOGRkOWVjY2EzOWI0MmJjZA==","commit":{"author":{"name":"davidmigloz","email":"me@davidmiguel.com","date":"2017-02-03T17:30:13Z"},"committer":{"name":"davidmigloz","email":"me@davidmiguel.com","date":"2017-02-03T17:30:13Z"},"message":"Minor changes","tree":{"sha":"e56d84cf06470217ae2e99b47bce8d7a614cd038","url":"https://api.github.com/repos/davidmigloz/go-bees/git/trees/e56d84cf06470217ae2e99b47bce8d7a614cd038"},"url":"https://api.github.com/repos/davidmigloz/go-bees/git/commits/e0ba4e1c7b56edc3c375ec7e8dd9ecca39b42bcd","comment_count":0,"verification":{"verified":false,"reason":"unsigned","signature":null,"payload":null}},"url":"https://api.github.com/repos/davidmigloz/go-bees/commits/e0ba4e1c7b56edc3c375ec7e8dd9ecca39b42bcd","html_url":"https://github.com/davidmigloz/go-bees/commit/e0ba4e1c7b56edc3c375ec7e8dd9ecca39b42bcd","comments_url":"https://api.github.com/repos/davidmigloz/go-bees/commits/e0ba4e1c7b56edc3c375ec7e8dd9ecca39b42bcd/comments","author":{"login":"davidmigloz","id":6546265,"node_id":"MDQ6VXNlcjY1NDYyNjU=","avatar_url":"https://avatars.githubusercontent.com/u/6546265?v=4","gravatar_id":"","url":"https://api.github.com/users/davidmigloz","html_url":"https://github.com/davidmigloz","followers_url":"https://api.github.com/users/davidmigloz/followers","following_url":"https://api.github.com/users/davidmigloz/following{/other_user}","gists_url":"https://api.github.com/users/davidmigloz/gists{/gist_id}","starred_url":"https://api.github.com/users/davidmigloz/starred{/owner}{/repo}","subscriptions_url":"https://api.github.com/users/davidmigloz/subscriptions","organizations_url":"https://api.github.com/users/davidmigloz/orgs","repos_url":"https://api.github.com/users/davidmigloz/repos","events_url":"https://api.github.com/users/davidmigloz/events{/privacy}","received_events_url":"https://api.github.com/users/davidmigloz/received_events","type":"User","site_admin":false},"committer":{"login":"davidmigloz","id":6546265,"node_id":"MDQ6VXNlcjY1NDYyNjU=","avatar_url":"https://avatars.githubusercontent.com/u/6546265?v=4","gravatar_id":"","url":"https://api.github.com/users/davidmigloz","html_url":"https://github.com/davidmigloz","followers_url":"https://api.github.com/users/davidmigloz/followers","following_url":"https://api.github.com/users/davidmigloz/following{/other_user}","gists_url":"https://api.github.com/users/davidmigloz/gists{/gist_id}","starred_url":"https://api.github.com/users/davidmigloz/starred{/owner}{/repo}","subscriptions_url":"https://api.github.com/users/davidmigloz/subscriptions","organizations_url":"https://api.github.com/users/davidmigloz/orgs","repos_url":"https://api.github.com/users/davidmigloz/repos","events_url":"https://api.github.com/users/davidmigloz/events{/privacy}","received_events_url":"https://api.github.com/users/davidmigloz/received_events","type":"User","site_admin":false},"parents":[{"sha":"674177f869d071c56047ff6656f16dab03cbf2d2","url":"https://api.github.com/repos/davidmigloz/go-bees/commits/674177f869d071c56047ff6656f16dab03cbf2d2","html_url":"https://github.com/davidmigloz/go-bees/commit/674177f869d071c56047ff6656f16dab03cbf2d2"}]},{"sha":"674177f869d071c56047ff6656f16dab03cbf2d2","node_id":"MDY6Q29tbWl0NjU5Mjc2Nzg6Njc0MTc3Zjg2OWQwNzFjNTYwNDdmZjY2NTZmMTZkYWIwM2NiZjJkMg==","commit":{"author":{"name":"davidmigloz","email":"me@davidmiguel.com","date":"2017-02-03T14:42:20Z"},"committer":{"name":"davidmigloz","email":"me@davidmiguel.com","date":"2017-02-03T14:42:20Z"},"message":"Add javadoc #151","tree":{"sha":"ebdafc7361754279fd560c6c8684af08ca3169bc","url":"https://api.github.com/repos/davidmigloz/go-bees/git/trees/ebdafc7361754279fd560c6c8684af08ca3169bc"},"url":"https://api.github.com/repos/davidmigloz/go-bees/git/commits/674177f869d071c56047ff6656f16dab03cbf2d2","comment_count":0,"verification":{"verified":false,"reason":"unsigned","signature":null,"payload":null}},"url":"https://api.github.com/repos/davidmigloz/go-bees/commits/674177f869d071c56047ff6656f16dab03cbf2d2","html_url":"https://github.com/davidmigloz/go-bees/commit/674177f869d071c56047ff6656f16dab03cbf2d2","comments_url":"https://api.github.com/repos/davidmigloz/go-bees/commits/674177f869d071c56047ff6656f16dab03cbf2d2/comments","author":{"login":"davidmigloz","id":6546265,"node_id":"MDQ6VXNlcjY1NDYyNjU=","avatar_url":"https://avatars.githubusercontent.com/u/6546265?v=4","gravatar_id":"","url":"https://api.github.com/users/davidmigloz","html_url":"https://github.com/davidmigloz","followers_url":"https://api.github.com/users/davidmigloz/followers","following_url":"https://api.github.com/users/davidmigloz/following{/other_user}","gists_url":"https://api.github.com/users/davidmigloz/gists{/gist_id}","starred_url":"https://api.github.com/users/davidmigloz/starred{/owner}{/repo}","subscriptions_url":"https://api.github.com/users/davidmigloz/subscriptions","organizations_url":"https://api.github.com/users/davidmigloz/orgs","repos_url":"https://api.github.com/users/davidmigloz/repos","events_url":"https://api.github.com/users/davidmigloz/events{/privacy}","received_events_url":"https://api.github.com/users/davidmigloz/received_events","type":"User","site_admin":false},"committer":{"login":"davidmigloz","id":6546265,"node_id":"MDQ6VXNlcjY1NDYyNjU=","avatar_url":"https://avatars.githubusercontent.com/u/6546265?v=4","gravatar_id":"","url":"https://api.github.com/users/davidmigloz","html_url":"https://github.com/davidmigloz","followers_url":"https://api.github.com/users/davidmigloz/followers","following_url":"https://api.github.com/users/davidmigloz/following{/other_user}","gists_url":"https://api.github.com/users/davidmigloz/gists{/gist_id}","starred_url":"https://api.github.com/users/davidmigloz/starred{/owner}{/repo}","subscriptions_url":"https://api.github.com/users/davidmigloz/subscriptions","organizations_url":"https://api.github.com/users/davidmigloz/orgs","repos_url":"https://api.github.com/users/davidmigloz/repos","events_url":"https://api.github.com/users/davidmigloz/events{/privacy}","received_events_url":"https://api.github.com/users/davidmigloz/received_events","type":"User","site_admin":false},"parents":[{"sha":"bcc53af23527b7650fa9333205cb9fc9f9ef7cac","url":"https://api.github.com/repos/davidmigloz/go-bees/commits/bcc53af23527b7650fa9333205cb9fc9f9ef7cac","html_url":"https://github.com/davidmigloz/go-bees/commit/bcc53af23527b7650fa9333205cb9fc9f9ef7cac"}]},{"sha":"bcc53af23527b7650fa9333205cb9fc9f9ef7cac","node_id":"MDY6Q29tbWl0NjU5Mjc2Nzg6YmNjNTNhZjIzNTI3Yjc2NTBmYTkzMzMyMDVjYjlmYzlmOWVmN2NhYw==","commit":{"author":{"name":"davidmigloz","email":"me@davidmiguel.com","date":"2017-02-03T01:29:19Z"},"committer":{"name":"davidmigloz","email":"me@davidmiguel.com","date":"2017-02-03T01:29:19Z"},"message":"Finish report #166","tree":{"sha":"e0996d29a821977b16ccf36c734ee3b82f295bee","url":"https://api.github.com/repos/davidmigloz/go-bees/git/trees/e0996d29a821977b16ccf36c734ee3b82f295bee"},"url":"https://api.github.com/repos/davidmigloz/go-bees/git/commits/bcc53af23527b7650fa9333205cb9fc9f9ef7cac","comment_count":0,"verification":{"verified":false,"reason":"unsigned","signature":null,"payload":null}},"url":"https://api.github.com/repos/davidmigloz/go-bees/commits/bcc53af23527b7650fa9333205cb9fc9f9ef7cac","html_url":"https://github.com/davidmigloz/go-bees/commit/bcc53af23527b7650fa9333205cb9fc9f9ef7cac","comments_url":"https://api.github.com/repos/davidmigloz/go-bees/commits/bcc53af23527b7650fa9333205cb9fc9f9ef7cac/comments","author":{"login":"davidmigloz","id":6546265,"node_id":"MDQ6VXNlcjY1NDYyNjU=","avatar_url":"https://avatars.githubusercontent.com/u/6546265?v=4","gravatar_id":"","url":"https://api.github.com/users/davidmigloz","html_url":"https://github.com/davidmigloz","followers_url":"https://api.github.com/users/davidmigloz/followers","following_url":"https://api.github.com/users/davidmigloz/following{/other_user}","gists_url":"https://api.github.com/users/davidmigloz/gists{/gist_id}","starred_url":"https://api.github.com/users/davidmigloz/starred{/owner}{/repo}","subscriptions_url":"https://api.github.com/users/davidmigloz/subscriptions","organizations_url":"https://api.github.com/users/davidmigloz/orgs","repos_url":"https://api.github.com/users/davidmigloz/repos","events_url":"https://api.github.com/users/davidmigloz/events{/privacy}","received_events_url":"https://api.github.com/users/davidmigloz/received_events","type":"User","site_admin":false},"committer":{"login":"davidmigloz","id":6546265,"node_id":"MDQ6VXNlcjY1NDYyNjU=","avatar_url":"https://avatars.githubusercontent.com/u/6546265?v=4","gravatar_id":"","url":"https://api.github.com/users/davidmigloz","html_url":"https://github.com/davidmigloz","followers_url":"https://api.github.com/users/davidmigloz/followers","following_url":"https://api.github.com/users/davidmigloz/following{/other_user}","gists_url":"https://api.github.com/users/davidmigloz/gists{/gist_id}","starred_url":"https://api.github.com/users/davidmigloz/starred{/owner}{/repo}","subscriptions_url":"https://api.github.com/users/davidmigloz/subscriptions","organizations_url":"https://api.github.com/users/davidmigloz/orgs","repos_url":"https://api.github.com/users/davidmigloz/repos","events_url":"https://api.github.com/users/davidmigloz/events{/privacy}","received_events_url":"https://api.github.com/users/davidmigloz/received_events","type":"User","site_admin":false},"parents":[{"sha":"6672947078fd336572b93bac4f1eb64af28915a5","url":"https://api.github.com/repos/davidmigloz/go-bees/commits/6672947078fd336572b93bac4f1eb64af28915a5","html_url":"https://github.com/davidmigloz/go-bees/commit/6672947078fd336572b93bac4f1eb64af28915a5"}]},{"sha":"6672947078fd336572b93bac4f1eb64af28915a5","node_id":"MDY6Q29tbWl0NjU5Mjc2Nzg6NjY3Mjk0NzA3OGZkMzM2NTcyYjkzYmFjNGYxZWI2NGFmMjg5MTVhNQ==","commit":{"author":{"name":"davidmigloz","email":"me@davidmiguel.com","date":"2017-02-02T17:30:46Z"},"committer":{"name":"davidmigloz","email":"me@davidmiguel.com","date":"2017-02-02T17:30:46Z"},"message":"Fix SonarQube badge","tree":{"sha":"38ed791b4e59666f2917550e8bcb142c909a9b77","url":"https://api.github.com/repos/davidmigloz/go-bees/git/trees/38ed791b4e59666f2917550e8bcb142c909a9b77"},"url":"https://api.github.com/repos/davidmigloz/go-bees/git/commits/6672947078fd336572b93bac4f1eb64af28915a5","comment_count":0,"verification":{"verified":false,"reason":"unsigned","signature":null,"payload":null}},"url":"https://api.github.com/repos/davidmigloz/go-bees/commits/6672947078fd336572b93bac4f1eb64af28915a5","html_url":"https://github.com/davidmigloz/go-bees/commit/6672947078fd336572b93bac4f1eb64af28915a5","comments_url":"https://api.github.com/repos/davidmigloz/go-bees/commits/6672947078fd336572b93bac4f1eb64af28915a5/comments","author":{"login":"davidmigloz","id":6546265,"node_id":"MDQ6VXNlcjY1NDYyNjU=","avatar_url":"https://avatars.githubusercontent.com/u/6546265?v=4","gravatar_id":"","url":"https://api.github.com/users/davidmigloz","html_url":"https://github.com/davidmigloz","followers_url":"https://api.github.com/users/davidmigloz/followers","following_url":"https://api.github.com/users/davidmigloz/following{/other_user}","gists_url":"https://api.github.com/users/davidmigloz/gists{/gist_id}","starred_url":"https://api.github.com/users/davidmigloz/starred{/owner}{/repo}","subscriptions_url":"https://api.github.com/users/davidmigloz/subscriptions","organizations_url":"https://api.github.com/users/davidmigloz/orgs","repos_url":"https://api.github.com/users/davidmigloz/repos","events_url":"https://api.github.com/users/davidmigloz/events{/privacy}","received_events_url":"https://api.github.com/users/davidmigloz/received_events","type":"User","site_admin":false},"committer":{"login":"davidmigloz","id":6546265,"node_id":"MDQ6VXNlcjY1NDYyNjU=","avatar_url":"https://avatars.githubusercontent.com/u/6546265?v=4","gravatar_id":"","url":"https://api.github.com/users/davidmigloz","html_url":"https://github.com/davidmigloz","followers_url":"https://api.github.com/users/davidmigloz/followers","following_url":"https://api.github.com/users/davidmigloz/following{/other_user}","gists_url":"https://api.github.com/users/davidmigloz/gists{/gist_id}","starred_url":"https://api.github.com/users/davidmigloz/starred{/owner}{/repo}","subscriptions_url":"https://api.github.com/users/davidmigloz/subscriptions","organizations_url":"https://api.github.com/users/davidmigloz/orgs","repos_url":"https://api.github.com/users/davidmigloz/repos","events_url":"https://api.github.com/users/davidmigloz/events{/privacy}","received_events_url":"https://api.github.com/users/davidmigloz/received_events","type":"User","site_admin":false},"parents":[{"sha":"ac523118f7157663f5b4173184a665b964d6ebe9","url":"https://api.github.com/repos/davidmigloz/go-bees/commits/ac523118f7157663f5b4173184a665b964d6ebe9","html_url":"https://github.com/davidmigloz/go-bees/commit/ac523118f7157663f5b4173184a665b964d6ebe9"}]},{"sha":"ac523118f7157663f5b4173184a665b964d6ebe9","node_id":"MDY6Q29tbWl0NjU5Mjc2Nzg6YWM1MjMxMThmNzE1NzY2M2Y1YjQxNzMxODRhNjY1Yjk2NGQ2ZWJlOQ==","commit":{"author":{"name":"davidmigloz","email":"me@davidmiguel.com","date":"2017-02-02T17:28:55Z"},"committer":{"name":"davidmigloz","email":"me@davidmiguel.com","date":"2017-02-02T17:28:55Z"},"message":"Minor change","tree":{"sha":"c162c1037f4ce40c79cbc09fa70baa761235b88f","url":"https://api.github.com/repos/davidmigloz/go-bees/git/trees/c162c1037f4ce40c79cbc09fa70baa761235b88f"},"url":"https://api.github.com/repos/davidmigloz/go-bees/git/commits/ac523118f7157663f5b4173184a665b964d6ebe9","comment_count":0,"verification":{"verified":false,"reason":"unsigned","signature":null,"payload":null}},"url":"https://api.github.com/repos/davidmigloz/go-bees/commits/ac523118f7157663f5b4173184a665b964d6ebe9","html_url":"https://github.com/davidmigloz/go-bees/commit/ac523118f7157663f5b4173184a665b964d6ebe9","comments_url":"https://api.github.com/repos/davidmigloz/go-bees/commits/ac523118f7157663f5b4173184a665b964d6ebe9/comments","author":{"login":"davidmigloz","id":6546265,"node_id":"MDQ6VXNlcjY1NDYyNjU=","avatar_url":"https://avatars.githubusercontent.com/u/6546265?v=4","gravatar_id":"","url":"https://api.github.com/users/davidmigloz","html_url":"https://github.com/davidmigloz","followers_url":"https://api.github.com/users/davidmigloz/followers","following_url":"https://api.github.com/users/davidmigloz/following{/other_user}","gists_url":"https://api.github.com/users/davidmigloz/gists{/gist_id}","starred_url":"https://api.github.com/users/davidmigloz/starred{/owner}{/repo}","subscriptions_url":"https://api.github.com/users/davidmigloz/subscriptions","organizations_url":"https://api.github.com/users/davidmigloz/orgs","repos_url":"https://api.github.com/users/davidmigloz/repos","events_url":"https://api.github.com/users/davidmigloz/events{/privacy}","received_events_url":"https://api.github.com/users/davidmigloz/received_events","type":"User","site_admin":false},"committer":{"login":"davidmigloz","id":6546265,"node_id":"MDQ6VXNlcjY1NDYyNjU=","avatar_url":"https://avatars.githubusercontent.com/u/6546265?v=4","gravatar_id":"","url":"https://api.github.com/users/davidmigloz","html_url":"https://github.com/davidmigloz","followers_url":"https://api.github.com/users/davidmigloz/followers","following_url":"https://api.github.com/users/davidmigloz/following{/other_user}","gists_url":"https://api.github.com/users/davidmigloz/gists{/gist_id}","starred_url":"https://api.github.com/users/davidmigloz/starred{/owner}{/repo}","subscriptions_url":"https://api.github.com/users/davidmigloz/subscriptions","organizations_url":"https://api.github.com/users/davidmigloz/orgs","repos_url":"https://api.github.com/users/davidmigloz/repos","events_url":"https://api.github.com/users/davidmigloz/events{/privacy}","received_events_url":"https://api.github.com/users/davidmigloz/received_events","type":"User","site_admin":false},"parents":[{"sha":"1c16b74a099769a17bd3d7f37e65ce871838e174","url":"https://api.github.com/repos/davidmigloz/go-bees/commits/1c16b74a099769a17bd3d7f37e65ce871838e174","html_url":"https://github.com/davidmigloz/go-bees/commit/1c16b74a099769a17bd3d7f37e65ce871838e174"}]},{"sha":"1c16b74a099769a17bd3d7f37e65ce871838e174","node_id":"MDY6Q29tbWl0NjU5Mjc2Nzg6MWMxNmI3NGEwOTk3NjlhMTdiZDNkN2YzN2U2NWNlODcxODM4ZTE3NA==","commit":{"author":{"name":"davidmigloz","email":"me@davidmiguel.com","date":"2017-02-02T17:26:40Z"},"committer":{"name":"davidmigloz","email":"me@davidmiguel.com","date":"2017-02-02T17:26:40Z"},"message":"Fix count down #185","tree":{"sha":"b29a4533dedaf692badadc94caefbfa304bf570a","url":"https://api.github.com/repos/davidmigloz/go-bees/git/trees/b29a4533dedaf692badadc94caefbfa304bf570a"},"url":"https://api.github.com/repos/davidmigloz/go-bees/git/commits/1c16b74a099769a17bd3d7f37e65ce871838e174","comment_count":0,"verification":{"verified":false,"reason":"unsigned","signature":null,"payload":null}},"url":"https://api.github.com/repos/davidmigloz/go-bees/commits/1c16b74a099769a17bd3d7f37e65ce871838e174","html_url":"https://github.com/davidmigloz/go-bees/commit/1c16b74a099769a17bd3d7f37e65ce871838e174","comments_url":"https://api.github.com/repos/davidmigloz/go-bees/commits/1c16b74a099769a17bd3d7f37e65ce871838e174/comments","author":{"login":"davidmigloz","id":6546265,"node_id":"MDQ6VXNlcjY1NDYyNjU=","avatar_url":"https://avatars.githubusercontent.com/u/6546265?v=4","gravatar_id":"","url":"https://api.github.com/users/davidmigloz","html_url":"https://github.com/davidmigloz","followers_url":"https://api.github.com/users/davidmigloz/followers","following_url":"https://api.github.com/users/davidmigloz/following{/other_user}","gists_url":"https://api.github.com/users/davidmigloz/gists{/gist_id}","starred_url":"https://api.github.com/users/davidmigloz/starred{/owner}{/repo}","subscriptions_url":"https://api.github.com/users/davidmigloz/subscriptions","organizations_url":"https://api.github.com/users/davidmigloz/orgs","repos_url":"https://api.github.com/users/davidmigloz/repos","events_url":"https://api.github.com/users/davidmigloz/events{/privacy}","received_events_url":"https://api.github.com/users/davidmigloz/received_events","type":"User","site_admin":false},"committer":{"login":"davidmigloz","id":6546265,"node_id":"MDQ6VXNlcjY1NDYyNjU=","avatar_url":"https://avatars.githubusercontent.com/u/6546265?v=4","gravatar_id":"","url":"https://api.github.com/users/davidmigloz","html_url":"https://github.com/davidmigloz","followers_url":"https://api.github.com/users/davidmigloz/followers","following_url":"https://api.github.com/users/davidmigloz/following{/other_user}","gists_url":"https://api.github.com/users/davidmigloz/gists{/gist_id}","starred_url":"https://api.github.com/users/davidmigloz/starred{/owner}{/repo}","subscriptions_url":"https://api.github.com/users/davidmigloz/subscriptions","organizations_url":"https://api.github.com/users/davidmigloz/orgs","repos_url":"https://api.github.com/users/davidmigloz/repos","events_url":"https://api.github.com/users/davidmigloz/events{/privacy}","received_events_url":"https://api.github.com/users/davidmigloz/received_events","type":"User","site_admin":false},"parents":[{"sha":"262e8cd1221f5987e3e9e499104b1b94dbf87f0a","url":"https://api.github.com/repos/davidmigloz/go-bees/commits/262e8cd1221f5987e3e9e499104b1b94dbf87f0a","html_url":"https://github.com/davidmigloz/go-bees/commit/262e8cd1221f5987e3e9e499104b1b94dbf87f0a"}]},{"sha":"262e8cd1221f5987e3e9e499104b1b94dbf87f0a","node_id":"MDY6Q29tbWl0NjU5Mjc2Nzg6MjYyZThjZDEyMjFmNTk4N2UzZTllNDk5MTA0YjFiOTRkYmY4N2YwYQ==","commit":{"author":{"name":"davidmigloz","email":"me@davidmiguel.com","date":"2017-02-02T16:28:50Z"},"committer":{"name":"davidmigloz","email":"me@davidmiguel.com","date":"2017-02-02T16:28:50Z"},"message":"Fix weather data summary bug #184","tree":{"sha":"5103994c8b36c9fff2037c6a7c1dc9b2133d21ae","url":"https://api.github.com/repos/davidmigloz/go-bees/git/trees/5103994c8b36c9fff2037c6a7c1dc9b2133d21ae"},"url":"https://api.github.com/repos/davidmigloz/go-bees/git/commits/262e8cd1221f5987e3e9e499104b1b94dbf87f0a","comment_count":0,"verification":{"verified":false,"reason":"unsigned","signature":null,"payload":null}},"url":"https://api.github.com/repos/davidmigloz/go-bees/commits/262e8cd1221f5987e3e9e499104b1b94dbf87f0a","html_url":"https://github.com/davidmigloz/go-bees/commit/262e8cd1221f5987e3e9e499104b1b94dbf87f0a","comments_url":"https://api.github.com/repos/davidmigloz/go-bees/commits/262e8cd1221f5987e3e9e499104b1b94dbf87f0a/comments","author":{"login":"davidmigloz","id":6546265,"node_id":"MDQ6VXNlcjY1NDYyNjU=","avatar_url":"https://avatars.githubusercontent.com/u/6546265?v=4","gravatar_id":"","url":"https://api.github.com/users/davidmigloz","html_url":"https://github.com/davidmigloz","followers_url":"https://api.github.com/users/davidmigloz/followers","following_url":"https://api.github.com/users/davidmigloz/following{/other_user}","gists_url":"https://api.github.com/users/davidmigloz/gists{/gist_id}","starred_url":"https://api.github.com/users/davidmigloz/starred{/owner}{/repo}","subscriptions_url":"https://api.github.com/users/davidmigloz/subscriptions","organizations_url":"https://api.github.com/users/davidmigloz/orgs","repos_url":"https://api.github.com/users/davidmigloz/repos","events_url":"https://api.github.com/users/davidmigloz/events{/privacy}","received_events_url":"https://api.github.com/users/davidmigloz/received_events","type":"User","site_admin":false},"committer":{"login":"davidmigloz","id":6546265,"node_id":"MDQ6VXNlcjY1NDYyNjU=","avatar_url":"https://avatars.githubusercontent.com/u/6546265?v=4","gravatar_id":"","url":"https://api.github.com/users/davidmigloz","html_url":"https://github.com/davidmigloz","followers_url":"https://api.github.com/users/davidmigloz/followers","following_url":"https://api.github.com/users/davidmigloz/following{/other_user}","gists_url":"https://api.github.com/users/davidmigloz/gists{/gist_id}","starred_url":"https://api.github.com/users/davidmigloz/starred{/owner}{/repo}","subscriptions_url":"https://api.github.com/users/davidmigloz/subscriptions","organizations_url":"https://api.github.com/users/davidmigloz/orgs","repos_url":"https://api.github.com/users/davidmigloz/repos","events_url":"https://api.github.com/users/davidmigloz/events{/privacy}","received_events_url":"https://api.github.com/users/davidmigloz/received_events","type":"User","site_admin":false},"parents":[{"sha":"832cdbe2fe720649b049568f8235903a0cabeda9","url":"https://api.github.com/repos/davidmigloz/go-bees/commits/832cdbe2fe720649b049568f8235903a0cabeda9","html_url":"https://github.com/davidmigloz/go-bees/commit/832cdbe2fe720649b049568f8235903a0cabeda9"}]},{"sha":"832cdbe2fe720649b049568f8235903a0cabeda9","node_id":"MDY6Q29tbWl0NjU5Mjc2Nzg6ODMyY2RiZTJmZTcyMDY0OWIwNDk1NjhmODIzNTkwM2EwY2FiZWRhOQ==","commit":{"author":{"name":"davidmigloz","email":"me@davidmiguel.com","date":"2017-02-02T16:11:25Z"},"committer":{"name":"davidmigloz","email":"me@davidmiguel.com","date":"2017-02-02T16:11:25Z"},"message":"Add more tests","tree":{"sha":"44cf7c846aab36a4a3d4354e2848f5095eacabbb","url":"https://api.github.com/repos/davidmigloz/go-bees/git/trees/44cf7c846aab36a4a3d4354e2848f5095eacabbb"},"url":"https://api.github.com/repos/davidmigloz/go-bees/git/commits/832cdbe2fe720649b049568f8235903a0cabeda9","comment_count":0,"verification":{"verified":false,"reason":"unsigned","signature":null,"payload":null}},"url":"https://api.github.com/repos/davidmigloz/go-bees/commits/832cdbe2fe720649b049568f8235903a0cabeda9","html_url":"https://github.com/davidmigloz/go-bees/commit/832cdbe2fe720649b049568f8235903a0cabeda9","comments_url":"https://api.github.com/repos/davidmigloz/go-bees/commits/832cdbe2fe720649b049568f8235903a0cabeda9/comments","author":{"login":"davidmigloz","id":6546265,"node_id":"MDQ6VXNlcjY1NDYyNjU=","avatar_url":"https://avatars.githubusercontent.com/u/6546265?v=4","gravatar_id":"","url":"https://api.github.com/users/davidmigloz","html_url":"https://github.com/davidmigloz","followers_url":"https://api.github.com/users/davidmigloz/followers","following_url":"https://api.github.com/users/davidmigloz/following{/other_user}","gists_url":"https://api.github.com/users/davidmigloz/gists{/gist_id}","starred_url":"https://api.github.com/users/davidmigloz/starred{/owner}{/repo}","subscriptions_url":"https://api.github.com/users/davidmigloz/subscriptions","organizations_url":"https://api.github.com/users/davidmigloz/orgs","repos_url":"https://api.github.com/users/davidmigloz/repos","events_url":"https://api.github.com/users/davidmigloz/events{/privacy}","received_events_url":"https://api.github.com/users/davidmigloz/received_events","type":"User","site_admin":false},"committer":{"login":"davidmigloz","id":6546265,"node_id":"MDQ6VXNlcjY1NDYyNjU=","avatar_url":"https://avatars.githubusercontent.com/u/6546265?v=4","gravatar_id":"","url":"https://api.github.com/users/davidmigloz","html_url":"https://github.com/davidmigloz","followers_url":"https://api.github.com/users/davidmigloz/followers","following_url":"https://api.github.com/users/davidmigloz/following{/other_user}","gists_url":"https://api.github.com/users/davidmigloz/gists{/gist_id}","starred_url":"https://api.github.com/users/davidmigloz/starred{/owner}{/repo}","subscriptions_url":"https://api.github.com/users/davidmigloz/subscriptions","organizations_url":"https://api.github.com/users/davidmigloz/orgs","repos_url":"https://api.github.com/users/davidmigloz/repos","events_url":"https://api.github.com/users/davidmigloz/events{/privacy}","received_events_url":"https://api.github.com/users/davidmigloz/received_events","type":"User","site_admin":false},"parents":[{"sha":"cffa887a03b01c113c93b4d2baf1f7b7d83e7844","url":"https://api.github.com/repos/davidmigloz/go-bees/commits/cffa887a03b01c113c93b4d2baf1f7b7d83e7844","html_url":"https://github.com/davidmigloz/go-bees/commit/cffa887a03b01c113c93b4d2baf1f7b7d83e7844"}]},{"sha":"cffa887a03b01c113c93b4d2baf1f7b7d83e7844","node_id":"MDY6Q29tbWl0NjU5Mjc2Nzg6Y2ZmYTg4N2EwM2IwMWMxMTNjOTNiNGQyYmFmMWY3YjdkODNlNzg0NA==","commit":{"author":{"name":"davidmigloz","email":"me@davidmiguel.com","date":"2017-02-01T14:01:58Z"},"committer":{"name":"davidmigloz","email":"me@davidmiguel.com","date":"2017-02-01T14:01:58Z"},"message":"Minor fix #152","tree":{"sha":"5bec60171ba181c4bedaed30687edcec7740787f","url":"https://api.github.com/repos/davidmigloz/go-bees/git/trees/5bec60171ba181c4bedaed30687edcec7740787f"},"url":"https://api.github.com/repos/davidmigloz/go-bees/git/commits/cffa887a03b01c113c93b4d2baf1f7b7d83e7844","comment_count":0,"verification":{"verified":false,"reason":"unsigned","signature":null,"payload":null}},"url":"https://api.github.com/repos/davidmigloz/go-bees/commits/cffa887a03b01c113c93b4d2baf1f7b7d83e7844","html_url":"https://github.com/davidmigloz/go-bees/commit/cffa887a03b01c113c93b4d2baf1f7b7d83e7844","comments_url":"https://api.github.com/repos/davidmigloz/go-bees/commits/cffa887a03b01c113c93b4d2baf1f7b7d83e7844/comments","author":{"login":"davidmigloz","id":6546265,"node_id":"MDQ6VXNlcjY1NDYyNjU=","avatar_url":"https://avatars.githubusercontent.com/u/6546265?v=4","gravatar_id":"","url":"https://api.github.com/users/davidmigloz","html_url":"https://github.com/davidmigloz","followers_url":"https://api.github.com/users/davidmigloz/followers","following_url":"https://api.github.com/users/davidmigloz/following{/other_user}","gists_url":"https://api.github.com/users/davidmigloz/gists{/gist_id}","starred_url":"https://api.github.com/users/davidmigloz/starred{/owner}{/repo}","subscriptions_url":"https://api.github.com/users/davidmigloz/subscriptions","organizations_url":"https://api.github.com/users/davidmigloz/orgs","repos_url":"https://api.github.com/users/davidmigloz/repos","events_url":"https://api.github.com/users/davidmigloz/events{/privacy}","received_events_url":"https://api.github.com/users/davidmigloz/received_events","type":"User","site_admin":false},"committer":{"login":"davidmigloz","id":6546265,"node_id":"MDQ6VXNlcjY1NDYyNjU=","avatar_url":"https://avatars.githubusercontent.com/u/6546265?v=4","gravatar_id":"","url":"https://api.github.com/users/davidmigloz","html_url":"https://github.com/davidmigloz","followers_url":"https://api.github.com/users/davidmigloz/followers","following_url":"https://api.github.com/users/davidmigloz/following{/other_user}","gists_url":"https://api.github.com/users/davidmigloz/gists{/gist_id}","starred_url":"https://api.github.com/users/davidmigloz/starred{/owner}{/repo}","subscriptions_url":"https://api.github.com/users/davidmigloz/subscriptions","organizations_url":"https://api.github.com/users/davidmigloz/orgs","repos_url":"https://api.github.com/users/davidmigloz/repos","events_url":"https://api.github.com/users/davidmigloz/events{/privacy}","received_events_url":"https://api.github.com/users/davidmigloz/received_events","type":"User","site_admin":false},"parents":[{"sha":"8a462b434027f191ab3cbfb3449e659f18e4668c","url":"https://api.github.com/repos/davidmigloz/go-bees/commits/8a462b434027f191ab3cbfb3449e659f18e4668c","html_url":"https://github.com/davidmigloz/go-bees/commit/8a462b434027f191ab3cbfb3449e659f18e4668c"}]},{"sha":"8a462b434027f191ab3cbfb3449e659f18e4668c","node_id":"MDY6Q29tbWl0NjU5Mjc2Nzg6OGE0NjJiNDM0MDI3ZjE5MWFiM2NiZmIzNDQ5ZTY1OWYxOGU0NjY4Yw==","commit":{"author":{"name":"davidmigloz","email":"me@davidmiguel.com","date":"2017-02-01T14:00:23Z"},"committer":{"name":"davidmigloz","email":"me@davidmiguel.com","date":"2017-02-01T14:00:23Z"},"message":"Minor changes #152","tree":{"sha":"14ca678c0ad3c481a21d9c235ccaa1a3fc039524","url":"https://api.github.com/repos/davidmigloz/go-bees/git/trees/14ca678c0ad3c481a21d9c235ccaa1a3fc039524"},"url":"https://api.github.com/repos/davidmigloz/go-bees/git/commits/8a462b434027f191ab3cbfb3449e659f18e4668c","comment_count":0,"verification":{"verified":false,"reason":"unsigned","signature":null,"payload":null}},"url":"https://api.github.com/repos/davidmigloz/go-bees/commits/8a462b434027f191ab3cbfb3449e659f18e4668c","html_url":"https://github.com/davidmigloz/go-bees/commit/8a462b434027f191ab3cbfb3449e659f18e4668c","comments_url":"https://api.github.com/repos/davidmigloz/go-bees/commits/8a462b434027f191ab3cbfb3449e659f18e4668c/comments","author":{"login":"davidmigloz","id":6546265,"node_id":"MDQ6VXNlcjY1NDYyNjU=","avatar_url":"https://avatars.githubusercontent.com/u/6546265?v=4","gravatar_id":"","url":"https://api.github.com/users/davidmigloz","html_url":"https://github.com/davidmigloz","followers_url":"https://api.github.com/users/davidmigloz/followers","following_url":"https://api.github.com/users/davidmigloz/following{/other_user}","gists_url":"https://api.github.com/users/davidmigloz/gists{/gist_id}","starred_url":"https://api.github.com/users/davidmigloz/starred{/owner}{/repo}","subscriptions_url":"https://api.github.com/users/davidmigloz/subscriptions","organizations_url":"https://api.github.com/users/davidmigloz/orgs","repos_url":"https://api.github.com/users/davidmigloz/repos","events_url":"https://api.github.com/users/davidmigloz/events{/privacy}","received_events_url":"https://api.github.com/users/davidmigloz/received_events","type":"User","site_admin":false},"committer":{"login":"davidmigloz","id":6546265,"node_id":"MDQ6VXNlcjY1NDYyNjU=","avatar_url":"https://avatars.githubusercontent.com/u/6546265?v=4","gravatar_id":"","url":"https://api.github.com/users/davidmigloz","html_url":"https://github.com/davidmigloz","followers_url":"https://api.github.com/users/davidmigloz/followers","following_url":"https://api.github.com/users/davidmigloz/following{/other_user}","gists_url":"https://api.github.com/users/davidmigloz/gists{/gist_id}","starred_url":"https://api.github.com/users/davidmigloz/starred{/owner}{/repo}","subscriptions_url":"https://api.github.com/users/davidmigloz/subscriptions","organizations_url":"https://api.github.com/users/davidmigloz/orgs","repos_url":"https://api.github.com/users/davidmigloz/repos","events_url":"https://api.github.com/users/davidmigloz/events{/privacy}","received_events_url":"https://api.github.com/users/davidmigloz/received_events","type":"User","site_admin":false},"parents":[{"sha":"62a032feb0623fb5e18ee260efcbc4e539f0dc7e","url":"https://api.github.com/repos/davidmigloz/go-bees/commits/62a032feb0623fb5e18ee260efcbc4e539f0dc7e","html_url":"https://github.com/davidmigloz/go-bees/commit/62a032feb0623fb5e18ee260efcbc4e539f0dc7e"}]},{"sha":"62a032feb0623fb5e18ee260efcbc4e539f0dc7e","node_id":"MDY6Q29tbWl0NjU5Mjc2Nzg6NjJhMDMyZmViMDYyM2ZiNWUxOGVlMjYwZWZjYmM0ZTUzOWYwZGM3ZQ==","commit":{"author":{"name":"davidmigloz","email":"me@davidmiguel.com","date":"2017-02-01T13:54:59Z"},"committer":{"name":"davidmigloz","email":"me@davidmiguel.com","date":"2017-02-01T13:54:59Z"},"message":"Document Manual de usuario #152","tree":{"sha":"78e879c877907faa05a042e559b2ffdc0c624314","url":"https://api.github.com/repos/davidmigloz/go-bees/git/trees/78e879c877907faa05a042e559b2ffdc0c624314"},"url":"https://api.github.com/repos/davidmigloz/go-bees/git/commits/62a032feb0623fb5e18ee260efcbc4e539f0dc7e","comment_count":0,"verification":{"verified":false,"reason":"unsigned","signature":null,"payload":null}},"url":"https://api.github.com/repos/davidmigloz/go-bees/commits/62a032feb0623fb5e18ee260efcbc4e539f0dc7e","html_url":"https://github.com/davidmigloz/go-bees/commit/62a032feb0623fb5e18ee260efcbc4e539f0dc7e","comments_url":"https://api.github.com/repos/davidmigloz/go-bees/commits/62a032feb0623fb5e18ee260efcbc4e539f0dc7e/comments","author":{"login":"davidmigloz","id":6546265,"node_id":"MDQ6VXNlcjY1NDYyNjU=","avatar_url":"https://avatars.githubusercontent.com/u/6546265?v=4","gravatar_id":"","url":"https://api.github.com/users/davidmigloz","html_url":"https://github.com/davidmigloz","followers_url":"https://api.github.com/users/davidmigloz/followers","following_url":"https://api.github.com/users/davidmigloz/following{/other_user}","gists_url":"https://api.github.com/users/davidmigloz/gists{/gist_id}","starred_url":"https://api.github.com/users/davidmigloz/starred{/owner}{/repo}","subscriptions_url":"https://api.github.com/users/davidmigloz/subscriptions","organizations_url":"https://api.github.com/users/davidmigloz/orgs","repos_url":"https://api.github.com/users/davidmigloz/repos","events_url":"https://api.github.com/users/davidmigloz/events{/privacy}","received_events_url":"https://api.github.com/users/davidmigloz/received_events","type":"User","site_admin":false},"committer":{"login":"davidmigloz","id":6546265,"node_id":"MDQ6VXNlcjY1NDYyNjU=","avatar_url":"https://avatars.githubusercontent.com/u/6546265?v=4","gravatar_id":"","url":"https://api.github.com/users/davidmigloz","html_url":"https://github.com/davidmigloz","followers_url":"https://api.github.com/users/davidmigloz/followers","following_url":"https://api.github.com/users/davidmigloz/following{/other_user}","gists_url":"https://api.github.com/users/davidmigloz/gists{/gist_id}","starred_url":"https://api.github.com/users/davidmigloz/starred{/owner}{/repo}","subscriptions_url":"https://api.github.com/users/davidmigloz/subscriptions","organizations_url":"https://api.github.com/users/davidmigloz/orgs","repos_url":"https://api.github.com/users/davidmigloz/repos","events_url":"https://api.github.com/users/davidmigloz/events{/privacy}","received_events_url":"https://api.github.com/users/davidmigloz/received_events","type":"User","site_admin":false},"parents":[{"sha":"c6af4abca3e563d6ebb45c04c5d57ea86116dbdf","url":"https://api.github.com/repos/davidmigloz/go-bees/commits/c6af4abca3e563d6ebb45c04c5d57ea86116dbdf","html_url":"https://github.com/davidmigloz/go-bees/commit/c6af4abca3e563d6ebb45c04c5d57ea86116dbdf"}]},{"sha":"c6af4abca3e563d6ebb45c04c5d57ea86116dbdf","node_id":"MDY6Q29tbWl0NjU5Mjc2Nzg6YzZhZjRhYmNhM2U1NjNkNmViYjQ1YzA0YzVkNTdlYTg2MTE2ZGJkZg==","commit":{"author":{"name":"davidmigloz","email":"me@davidmiguel.com","date":"2017-02-01T11:40:55Z"},"committer":{"name":"davidmigloz","email":"me@davidmiguel.com","date":"2017-02-01T11:40:55Z"},"message":"Improve docs #182","tree":{"sha":"c67a9117ffd9b248b933c00efdcceaf53abeeaa2","url":"https://api.github.com/repos/davidmigloz/go-bees/git/trees/c67a9117ffd9b248b933c00efdcceaf53abeeaa2"},"url":"https://api.github.com/repos/davidmigloz/go-bees/git/commits/c6af4abca3e563d6ebb45c04c5d57ea86116dbdf","comment_count":0,"verification":{"verified":false,"reason":"unsigned","signature":null,"payload":null}},"url":"https://api.github.com/repos/davidmigloz/go-bees/commits/c6af4abca3e563d6ebb45c04c5d57ea86116dbdf","html_url":"https://github.com/davidmigloz/go-bees/commit/c6af4abca3e563d6ebb45c04c5d57ea86116dbdf","comments_url":"https://api.github.com/repos/davidmigloz/go-bees/commits/c6af4abca3e563d6ebb45c04c5d57ea86116dbdf/comments","author":{"login":"davidmigloz","id":6546265,"node_id":"MDQ6VXNlcjY1NDYyNjU=","avatar_url":"https://avatars.githubusercontent.com/u/6546265?v=4","gravatar_id":"","url":"https://api.github.com/users/davidmigloz","html_url":"https://github.com/davidmigloz","followers_url":"https://api.github.com/users/davidmigloz/followers","following_url":"https://api.github.com/users/davidmigloz/following{/other_user}","gists_url":"https://api.github.com/users/davidmigloz/gists{/gist_id}","starred_url":"https://api.github.com/users/davidmigloz/starred{/owner}{/repo}","subscriptions_url":"https://api.github.com/users/davidmigloz/subscriptions","organizations_url":"https://api.github.com/users/davidmigloz/orgs","repos_url":"https://api.github.com/users/davidmigloz/repos","events_url":"https://api.github.com/users/davidmigloz/events{/privacy}","received_events_url":"https://api.github.com/users/davidmigloz/received_events","type":"User","site_admin":false},"committer":{"login":"davidmigloz","id":6546265,"node_id":"MDQ6VXNlcjY1NDYyNjU=","avatar_url":"https://avatars.githubusercontent.com/u/6546265?v=4","gravatar_id":"","url":"https://api.github.com/users/davidmigloz","html_url":"https://github.com/davidmigloz","followers_url":"https://api.github.com/users/davidmigloz/followers","following_url":"https://api.github.com/users/davidmigloz/following{/other_user}","gists_url":"https://api.github.com/users/davidmigloz/gists{/gist_id}","starred_url":"https://api.github.com/users/davidmigloz/starred{/owner}{/repo}","subscriptions_url":"https://api.github.com/users/davidmigloz/subscriptions","organizations_url":"https://api.github.com/users/davidmigloz/orgs","repos_url":"https://api.github.com/users/davidmigloz/repos","events_url":"https://api.github.com/users/davidmigloz/events{/privacy}","received_events_url":"https://api.github.com/users/davidmigloz/received_events","type":"User","site_admin":false},"parents":[{"sha":"417cb723ed991ef695fbfc07ff3364bb1d409842","url":"https://api.github.com/repos/davidmigloz/go-bees/commits/417cb723ed991ef695fbfc07ff3364bb1d409842","html_url":"https://github.com/davidmigloz/go-bees/commit/417cb723ed991ef695fbfc07ff3364bb1d409842"}]},{"sha":"417cb723ed991ef695fbfc07ff3364bb1d409842","node_id":"MDY6Q29tbWl0NjU5Mjc2Nzg6NDE3Y2I3MjNlZDk5MWVmNjk1ZmJmYzA3ZmYzMzY0YmIxZDQwOTg0Mg==","commit":{"author":{"name":"davidmigloz","email":"me@davidmiguel.com","date":"2017-02-01T00:40:27Z"},"committer":{"name":"davidmigloz","email":"me@davidmiguel.com","date":"2017-02-01T00:40:27Z"},"message":"Add cd cover #173","tree":{"sha":"bec0ee4ee4e93a0d928dcf9518a38e27730f4dd8","url":"https://api.github.com/repos/davidmigloz/go-bees/git/trees/bec0ee4ee4e93a0d928dcf9518a38e27730f4dd8"},"url":"https://api.github.com/repos/davidmigloz/go-bees/git/commits/417cb723ed991ef695fbfc07ff3364bb1d409842","comment_count":0,"verification":{"verified":false,"reason":"unsigned","signature":null,"payload":null}},"url":"https://api.github.com/repos/davidmigloz/go-bees/commits/417cb723ed991ef695fbfc07ff3364bb1d409842","html_url":"https://github.com/davidmigloz/go-bees/commit/417cb723ed991ef695fbfc07ff3364bb1d409842","comments_url":"https://api.github.com/repos/davidmigloz/go-bees/commits/417cb723ed991ef695fbfc07ff3364bb1d409842/comments","author":{"login":"davidmigloz","id":6546265,"node_id":"MDQ6VXNlcjY1NDYyNjU=","avatar_url":"https://avatars.githubusercontent.com/u/6546265?v=4","gravatar_id":"","url":"https://api.github.com/users/davidmigloz","html_url":"https://github.com/davidmigloz","followers_url":"https://api.github.com/users/davidmigloz/followers","following_url":"https://api.github.com/users/davidmigloz/following{/other_user}","gists_url":"https://api.github.com/users/davidmigloz/gists{/gist_id}","starred_url":"https://api.github.com/users/davidmigloz/starred{/owner}{/repo}","subscriptions_url":"https://api.github.com/users/davidmigloz/subscriptions","organizations_url":"https://api.github.com/users/davidmigloz/orgs","repos_url":"https://api.github.com/users/davidmigloz/repos","events_url":"https://api.github.com/users/davidmigloz/events{/privacy}","received_events_url":"https://api.github.com/users/davidmigloz/received_events","type":"User","site_admin":false},"committer":{"login":"davidmigloz","id":6546265,"node_id":"MDQ6VXNlcjY1NDYyNjU=","avatar_url":"https://avatars.githubusercontent.com/u/6546265?v=4","gravatar_id":"","url":"https://api.github.com/users/davidmigloz","html_url":"https://github.com/davidmigloz","followers_url":"https://api.github.com/users/davidmigloz/followers","following_url":"https://api.github.com/users/davidmigloz/following{/other_user}","gists_url":"https://api.github.com/users/davidmigloz/gists{/gist_id}","starred_url":"https://api.github.com/users/davidmigloz/starred{/owner}{/repo}","subscriptions_url":"https://api.github.com/users/davidmigloz/subscriptions","organizations_url":"https://api.github.com/users/davidmigloz/orgs","repos_url":"https://api.github.com/users/davidmigloz/repos","events_url":"https://api.github.com/users/davidmigloz/events{/privacy}","received_events_url":"https://api.github.com/users/davidmigloz/received_events","type":"User","site_admin":false},"parents":[{"sha":"0d85bcab1200e43e15378314ffbeb205e47bd151","url":"https://api.github.com/repos/davidmigloz/go-bees/commits/0d85bcab1200e43e15378314ffbeb205e47bd151","html_url":"https://github.com/davidmigloz/go-bees/commit/0d85bcab1200e43e15378314ffbeb205e47bd151"}]},{"sha":"0d85bcab1200e43e15378314ffbeb205e47bd151","node_id":"MDY6Q29tbWl0NjU5Mjc2Nzg6MGQ4NWJjYWIxMjAwZTQzZTE1Mzc4MzE0ZmZiZWIyMDVlNDdiZDE1MQ==","commit":{"author":{"name":"davidmigloz","email":"me@davidmiguel.com","date":"2017-02-01T00:38:24Z"},"committer":{"name":"davidmigloz","email":"me@davidmiguel.com","date":"2017-02-01T00:39:58Z"},"message":"Add cd cover #173","tree":{"sha":"5c595053e480d0eff423a5505ccbf8c89e1da45d","url":"https://api.github.com/repos/davidmigloz/go-bees/git/trees/5c595053e480d0eff423a5505ccbf8c89e1da45d"},"url":"https://api.github.com/repos/davidmigloz/go-bees/git/commits/0d85bcab1200e43e15378314ffbeb205e47bd151","comment_count":0,"verification":{"verified":false,"reason":"unsigned","signature":null,"payload":null}},"url":"https://api.github.com/repos/davidmigloz/go-bees/commits/0d85bcab1200e43e15378314ffbeb205e47bd151","html_url":"https://github.com/davidmigloz/go-bees/commit/0d85bcab1200e43e15378314ffbeb205e47bd151","comments_url":"https://api.github.com/repos/davidmigloz/go-bees/commits/0d85bcab1200e43e15378314ffbeb205e47bd151/comments","author":{"login":"davidmigloz","id":6546265,"node_id":"MDQ6VXNlcjY1NDYyNjU=","avatar_url":"https://avatars.githubusercontent.com/u/6546265?v=4","gravatar_id":"","url":"https://api.github.com/users/davidmigloz","html_url":"https://github.com/davidmigloz","followers_url":"https://api.github.com/users/davidmigloz/followers","following_url":"https://api.github.com/users/davidmigloz/following{/other_user}","gists_url":"https://api.github.com/users/davidmigloz/gists{/gist_id}","starred_url":"https://api.github.com/users/davidmigloz/starred{/owner}{/repo}","subscriptions_url":"https://api.github.com/users/davidmigloz/subscriptions","organizations_url":"https://api.github.com/users/davidmigloz/orgs","repos_url":"https://api.github.com/users/davidmigloz/repos","events_url":"https://api.github.com/users/davidmigloz/events{/privacy}","received_events_url":"https://api.github.com/users/davidmigloz/received_events","type":"User","site_admin":false},"committer":{"login":"davidmigloz","id":6546265,"node_id":"MDQ6VXNlcjY1NDYyNjU=","avatar_url":"https://avatars.githubusercontent.com/u/6546265?v=4","gravatar_id":"","url":"https://api.github.com/users/davidmigloz","html_url":"https://github.com/davidmigloz","followers_url":"https://api.github.com/users/davidmigloz/followers","following_url":"https://api.github.com/users/davidmigloz/following{/other_user}","gists_url":"https://api.github.com/users/davidmigloz/gists{/gist_id}","starred_url":"https://api.github.com/users/davidmigloz/starred{/owner}{/repo}","subscriptions_url":"https://api.github.com/users/davidmigloz/subscriptions","organizations_url":"https://api.github.com/users/davidmigloz/orgs","repos_url":"https://api.github.com/users/davidmigloz/repos","events_url":"https://api.github.com/users/davidmigloz/events{/privacy}","received_events_url":"https://api.github.com/users/davidmigloz/received_events","type":"User","site_admin":false},"parents":[{"sha":"469eaa10109e19b9c714cfe3f1abb888f0911c1a","url":"https://api.github.com/repos/davidmigloz/go-bees/commits/469eaa10109e19b9c714cfe3f1abb888f0911c1a","html_url":"https://github.com/davidmigloz/go-bees/commit/469eaa10109e19b9c714cfe3f1abb888f0911c1a"}]},{"sha":"23b7b7fb68bb714babb99c44883ed9028b81bcf6","node_id":"MDY6Q29tbWl0NjU5Mjc2Nzg6MjNiN2I3ZmI2OGJiNzE0YmFiYjk5YzQ0ODgzZWQ5MDI4YjgxYmNmNg==","commit":{"author":{"name":"davidmigloz","email":"me@davidmiguel.com","date":"2017-01-30T16:25:14Z"},"committer":{"name":"davidmigloz","email":"me@davidmiguel.com","date":"2017-01-30T16:25:14Z"},"message":"Merged develop into master","tree":{"sha":"1c3a2f5fab7c5eec5ea0d3e3d7d863429ed38608","url":"https://api.github.com/repos/davidmigloz/go-bees/git/trees/1c3a2f5fab7c5eec5ea0d3e3d7d863429ed38608"},"url":"https://api.github.com/repos/davidmigloz/go-bees/git/commits/23b7b7fb68bb714babb99c44883ed9028b81bcf6","comment_count":0,"verification":{"verified":false,"reason":"unsigned","signature":null,"payload":null}},"url":"https://api.github.com/repos/davidmigloz/go-bees/commits/23b7b7fb68bb714babb99c44883ed9028b81bcf6","html_url":"https://github.com/davidmigloz/go-bees/commit/23b7b7fb68bb714babb99c44883ed9028b81bcf6","comments_url":"https://api.github.com/repos/davidmigloz/go-bees/commits/23b7b7fb68bb714babb99c44883ed9028b81bcf6/comments","author":{"login":"davidmigloz","id":6546265,"node_id":"MDQ6VXNlcjY1NDYyNjU=","avatar_url":"https://avatars.githubusercontent.com/u/6546265?v=4","gravatar_id":"","url":"https://api.github.com/users/davidmigloz","html_url":"https://github.com/davidmigloz","followers_url":"https://api.github.com/users/davidmigloz/followers","following_url":"https://api.github.com/users/davidmigloz/following{/other_user}","gists_url":"https://api.github.com/users/davidmigloz/gists{/gist_id}","starred_url":"https://api.github.com/users/davidmigloz/starred{/owner}{/repo}","subscriptions_url":"https://api.github.com/users/davidmigloz/subscriptions","organizations_url":"https://api.github.com/users/davidmigloz/orgs","repos_url":"https://api.github.com/users/davidmigloz/repos","events_url":"https://api.github.com/users/davidmigloz/events{/privacy}","received_events_url":"https://api.github.com/users/davidmigloz/received_events","type":"User","site_admin":false},"committer":{"login":"davidmigloz","id":6546265,"node_id":"MDQ6VXNlcjY1NDYyNjU=","avatar_url":"https://avatars.githubusercontent.com/u/6546265?v=4","gravatar_id":"","url":"https://api.github.com/users/davidmigloz","html_url":"https://github.com/davidmigloz","followers_url":"https://api.github.com/users/davidmigloz/followers","following_url":"https://api.github.com/users/davidmigloz/following{/other_user}","gists_url":"https://api.github.com/users/davidmigloz/gists{/gist_id}","starred_url":"https://api.github.com/users/davidmigloz/starred{/owner}{/repo}","subscriptions_url":"https://api.github.com/users/davidmigloz/subscriptions","organizations_url":"https://api.github.com/users/davidmigloz/orgs","repos_url":"https://api.github.com/users/davidmigloz/repos","events_url":"https://api.github.com/users/davidmigloz/events{/privacy}","received_events_url":"https://api.github.com/users/davidmigloz/received_events","type":"User","site_admin":false},"parents":[{"sha":"34ee682bfc1dd10f1fd9b0e9c0290d91a531492d","url":"https://api.github.com/repos/davidmigloz/go-bees/commits/34ee682bfc1dd10f1fd9b0e9c0290d91a531492d","html_url":"https://github.com/davidmigloz/go-bees/commit/34ee682bfc1dd10f1fd9b0e9c0290d91a531492d"},{"sha":"469eaa10109e19b9c714cfe3f1abb888f0911c1a","url":"https://api.github.com/repos/davidmigloz/go-bees/commits/469eaa10109e19b9c714cfe3f1abb888f0911c1a","html_url":"https://github.com/davidmigloz/go-bees/commit/469eaa10109e19b9c714cfe3f1abb888f0911c1a"}]},{"sha":"469eaa10109e19b9c714cfe3f1abb888f0911c1a","node_id":"MDY6Q29tbWl0NjU5Mjc2Nzg6NDY5ZWFhMTAxMDllMTliOWM3MTRjZmUzZjFhYmI4ODhmMDkxMWMxYQ==","commit":{"author":{"name":"davidmigloz","email":"me@davidmiguel.com","date":"2017-01-30T15:52:23Z"},"committer":{"name":"davidmigloz","email":"me@davidmiguel.com","date":"2017-01-30T15:52:23Z"},"message":"Add ZenHub badge","tree":{"sha":"1c3a2f5fab7c5eec5ea0d3e3d7d863429ed38608","url":"https://api.github.com/repos/davidmigloz/go-bees/git/trees/1c3a2f5fab7c5eec5ea0d3e3d7d863429ed38608"},"url":"https://api.github.com/repos/davidmigloz/go-bees/git/commits/469eaa10109e19b9c714cfe3f1abb888f0911c1a","comment_count":0,"verification":{"verified":false,"reason":"unsigned","signature":null,"payload":null}},"url":"https://api.github.com/repos/davidmigloz/go-bees/commits/469eaa10109e19b9c714cfe3f1abb888f0911c1a","html_url":"https://github.com/davidmigloz/go-bees/commit/469eaa10109e19b9c714cfe3f1abb888f0911c1a","comments_url":"https://api.github.com/repos/davidmigloz/go-bees/commits/469eaa10109e19b9c714cfe3f1abb888f0911c1a/comments","author":{"login":"davidmigloz","id":6546265,"node_id":"MDQ6VXNlcjY1NDYyNjU=","avatar_url":"https://avatars.githubusercontent.com/u/6546265?v=4","gravatar_id":"","url":"https://api.github.com/users/davidmigloz","html_url":"https://github.com/davidmigloz","followers_url":"https://api.github.com/users/davidmigloz/followers","following_url":"https://api.github.com/users/davidmigloz/following{/other_user}","gists_url":"https://api.github.com/users/davidmigloz/gists{/gist_id}","starred_url":"https://api.github.com/users/davidmigloz/starred{/owner}{/repo}","subscriptions_url":"https://api.github.com/users/davidmigloz/subscriptions","organizations_url":"https://api.github.com/users/davidmigloz/orgs","repos_url":"https://api.github.com/users/davidmigloz/repos","events_url":"https://api.github.com/users/davidmigloz/events{/privacy}","received_events_url":"https://api.github.com/users/davidmigloz/received_events","type":"User","site_admin":false},"committer":{"login":"davidmigloz","id":6546265,"node_id":"MDQ6VXNlcjY1NDYyNjU=","avatar_url":"https://avatars.githubusercontent.com/u/6546265?v=4","gravatar_id":"","url":"https://api.github.com/users/davidmigloz","html_url":"https://github.com/davidmigloz","followers_url":"https://api.github.com/users/davidmigloz/followers","following_url":"https://api.github.com/users/davidmigloz/following{/other_user}","gists_url":"https://api.github.com/users/davidmigloz/gists{/gist_id}","starred_url":"https://api.github.com/users/davidmigloz/starred{/owner}{/repo}","subscriptions_url":"https://api.github.com/users/davidmigloz/subscriptions","organizations_url":"https://api.github.com/users/davidmigloz/orgs","repos_url":"https://api.github.com/users/davidmigloz/repos","events_url":"https://api.github.com/users/davidmigloz/events{/privacy}","received_events_url":"https://api.github.com/users/davidmigloz/received_events","type":"User","site_admin":false},"parents":[{"sha":"0b2dfffad6b1841db07931f993487c2ec008c56c","url":"https://api.github.com/repos/davidmigloz/go-bees/commits/0b2dfffad6b1841db07931f993487c2ec008c56c","html_url":"https://github.com/davidmigloz/go-bees/commit/0b2dfffad6b1841db07931f993487c2ec008c56c"}]},{"sha":"0b2dfffad6b1841db07931f993487c2ec008c56c","node_id":"MDY6Q29tbWl0NjU5Mjc2Nzg6MGIyZGZmZmFkNmIxODQxZGIwNzkzMWY5OTM0ODdjMmVjMDA4YzU2Yw==","commit":{"author":{"name":"davidmigloz","email":"me@davidmiguel.com","date":"2017-01-30T15:49:49Z"},"committer":{"name":"davidmigloz","email":"me@davidmiguel.com","date":"2017-01-30T15:49:49Z"},"message":"Fix sonarqube version","tree":{"sha":"9e8f9cb46b3bc92fc749fd92da75b56f076aca02","url":"https://api.github.com/repos/davidmigloz/go-bees/git/trees/9e8f9cb46b3bc92fc749fd92da75b56f076aca02"},"url":"https://api.github.com/repos/davidmigloz/go-bees/git/commits/0b2dfffad6b1841db07931f993487c2ec008c56c","comment_count":0,"verification":{"verified":false,"reason":"unsigned","signature":null,"payload":null}},"url":"https://api.github.com/repos/davidmigloz/go-bees/commits/0b2dfffad6b1841db07931f993487c2ec008c56c","html_url":"https://github.com/davidmigloz/go-bees/commit/0b2dfffad6b1841db07931f993487c2ec008c56c","comments_url":"https://api.github.com/repos/davidmigloz/go-bees/commits/0b2dfffad6b1841db07931f993487c2ec008c56c/comments","author":{"login":"davidmigloz","id":6546265,"node_id":"MDQ6VXNlcjY1NDYyNjU=","avatar_url":"https://avatars.githubusercontent.com/u/6546265?v=4","gravatar_id":"","url":"https://api.github.com/users/davidmigloz","html_url":"https://github.com/davidmigloz","followers_url":"https://api.github.com/users/davidmigloz/followers","following_url":"https://api.github.com/users/davidmigloz/following{/other_user}","gists_url":"https://api.github.com/users/davidmigloz/gists{/gist_id}","starred_url":"https://api.github.com/users/davidmigloz/starred{/owner}{/repo}","subscriptions_url":"https://api.github.com/users/davidmigloz/subscriptions","organizations_url":"https://api.github.com/users/davidmigloz/orgs","repos_url":"https://api.github.com/users/davidmigloz/repos","events_url":"https://api.github.com/users/davidmigloz/events{/privacy}","received_events_url":"https://api.github.com/users/davidmigloz/received_events","type":"User","site_admin":false},"committer":{"login":"davidmigloz","id":6546265,"node_id":"MDQ6VXNlcjY1NDYyNjU=","avatar_url":"https://avatars.githubusercontent.com/u/6546265?v=4","gravatar_id":"","url":"https://api.github.com/users/davidmigloz","html_url":"https://github.com/davidmigloz","followers_url":"https://api.github.com/users/davidmigloz/followers","following_url":"https://api.github.com/users/davidmigloz/following{/other_user}","gists_url":"https://api.github.com/users/davidmigloz/gists{/gist_id}","starred_url":"https://api.github.com/users/davidmigloz/starred{/owner}{/repo}","subscriptions_url":"https://api.github.com/users/davidmigloz/subscriptions","organizations_url":"https://api.github.com/users/davidmigloz/orgs","repos_url":"https://api.github.com/users/davidmigloz/repos","events_url":"https://api.github.com/users/davidmigloz/events{/privacy}","received_events_url":"https://api.github.com/users/davidmigloz/received_events","type":"User","site_admin":false},"parents":[{"sha":"19db2fe9932097b20238d7bdfb8ec99574d2687c","url":"https://api.github.com/repos/davidmigloz/go-bees/commits/19db2fe9932097b20238d7bdfb8ec99574d2687c","html_url":"https://github.com/davidmigloz/go-bees/commit/19db2fe9932097b20238d7bdfb8ec99574d2687c"}]},{"sha":"19db2fe9932097b20238d7bdfb8ec99574d2687c","node_id":"MDY6Q29tbWl0NjU5Mjc2Nzg6MTlkYjJmZTk5MzIwOTdiMjAyMzhkN2JkZmI4ZWM5OTU3NGQyNjg3Yw==","commit":{"author":{"name":"davidmigloz","email":"me@davidmiguel.com","date":"2017-01-30T15:18:48Z"},"committer":{"name":"davidmigloz","email":"me@davidmiguel.com","date":"2017-01-30T15:18:48Z"},"message":"Merged release-0.8 into develop","tree":{"sha":"e71cbd9c327d3bfe3e159f580a938834fd86f53b","url":"https://api.github.com/repos/davidmigloz/go-bees/git/trees/e71cbd9c327d3bfe3e159f580a938834fd86f53b"},"url":"https://api.github.com/repos/davidmigloz/go-bees/git/commits/19db2fe9932097b20238d7bdfb8ec99574d2687c","comment_count":0,"verification":{"verified":false,"reason":"unsigned","signature":null,"payload":null}},"url":"https://api.github.com/repos/davidmigloz/go-bees/commits/19db2fe9932097b20238d7bdfb8ec99574d2687c","html_url":"https://github.com/davidmigloz/go-bees/commit/19db2fe9932097b20238d7bdfb8ec99574d2687c","comments_url":"https://api.github.com/repos/davidmigloz/go-bees/commits/19db2fe9932097b20238d7bdfb8ec99574d2687c/comments","author":{"login":"davidmigloz","id":6546265,"node_id":"MDQ6VXNlcjY1NDYyNjU=","avatar_url":"https://avatars.githubusercontent.com/u/6546265?v=4","gravatar_id":"","url":"https://api.github.com/users/davidmigloz","html_url":"https://github.com/davidmigloz","followers_url":"https://api.github.com/users/davidmigloz/followers","following_url":"https://api.github.com/users/davidmigloz/following{/other_user}","gists_url":"https://api.github.com/users/davidmigloz/gists{/gist_id}","starred_url":"https://api.github.com/users/davidmigloz/starred{/owner}{/repo}","subscriptions_url":"https://api.github.com/users/davidmigloz/subscriptions","organizations_url":"https://api.github.com/users/davidmigloz/orgs","repos_url":"https://api.github.com/users/davidmigloz/repos","events_url":"https://api.github.com/users/davidmigloz/events{/privacy}","received_events_url":"https://api.github.com/users/davidmigloz/received_events","type":"User","site_admin":false},"committer":{"login":"davidmigloz","id":6546265,"node_id":"MDQ6VXNlcjY1NDYyNjU=","avatar_url":"https://avatars.githubusercontent.com/u/6546265?v=4","gravatar_id":"","url":"https://api.github.com/users/davidmigloz","html_url":"https://github.com/davidmigloz","followers_url":"https://api.github.com/users/davidmigloz/followers","following_url":"https://api.github.com/users/davidmigloz/following{/other_user}","gists_url":"https://api.github.com/users/davidmigloz/gists{/gist_id}","starred_url":"https://api.github.com/users/davidmigloz/starred{/owner}{/repo}","subscriptions_url":"https://api.github.com/users/davidmigloz/subscriptions","organizations_url":"https://api.github.com/users/davidmigloz/orgs","repos_url":"https://api.github.com/users/davidmigloz/repos","events_url":"https://api.github.com/users/davidmigloz/events{/privacy}","received_events_url":"https://api.github.com/users/davidmigloz/received_events","type":"User","site_admin":false},"parents":[{"sha":"7121c52bfa8edff6f85c05264389264fdceaddf6","url":"https://api.github.com/repos/davidmigloz/go-bees/commits/7121c52bfa8edff6f85c05264389264fdceaddf6","html_url":"https://github.com/davidmigloz/go-bees/commit/7121c52bfa8edff6f85c05264389264fdceaddf6"},{"sha":"254a4f11c0e7dcc8d6139d968d356f25149eb4e9","url":"https://api.github.com/repos/davidmigloz/go-bees/commits/254a4f11c0e7dcc8d6139d968d356f25149eb4e9","html_url":"https://github.com/davidmigloz/go-bees/commit/254a4f11c0e7dcc8d6139d968d356f25149eb4e9"}]},{"sha":"34ee682bfc1dd10f1fd9b0e9c0290d91a531492d","node_id":"MDY6Q29tbWl0NjU5Mjc2Nzg6MzRlZTY4MmJmYzFkZDEwZjFmZDliMGU5YzAyOTBkOTFhNTMxNDkyZA==","commit":{"author":{"name":"davidmigloz","email":"me@davidmiguel.com","date":"2017-01-30T15:18:23Z"},"committer":{"name":"davidmigloz","email":"me@davidmiguel.com","date":"2017-01-30T15:18:23Z"},"message":"Merged release-0.8 into master","tree":{"sha":"e71cbd9c327d3bfe3e159f580a938834fd86f53b","url":"https://api.github.com/repos/davidmigloz/go-bees/git/trees/e71cbd9c327d3bfe3e159f580a938834fd86f53b"},"url":"https://api.github.com/repos/davidmigloz/go-bees/git/commits/34ee682bfc1dd10f1fd9b0e9c0290d91a531492d","comment_count":0,"verification":{"verified":false,"reason":"unsigned","signature":null,"payload":null}},"url":"https://api.github.com/repos/davidmigloz/go-bees/commits/34ee682bfc1dd10f1fd9b0e9c0290d91a531492d","html_url":"https://github.com/davidmigloz/go-bees/commit/34ee682bfc1dd10f1fd9b0e9c0290d91a531492d","comments_url":"https://api.github.com/repos/davidmigloz/go-bees/commits/34ee682bfc1dd10f1fd9b0e9c0290d91a531492d/comments","author":{"login":"davidmigloz","id":6546265,"node_id":"MDQ6VXNlcjY1NDYyNjU=","avatar_url":"https://avatars.githubusercontent.com/u/6546265?v=4","gravatar_id":"","url":"https://api.github.com/users/davidmigloz","html_url":"https://github.com/davidmigloz","followers_url":"https://api.github.com/users/davidmigloz/followers","following_url":"https://api.github.com/users/davidmigloz/following{/other_user}","gists_url":"https://api.github.com/users/davidmigloz/gists{/gist_id}","starred_url":"https://api.github.com/users/davidmigloz/starred{/owner}{/repo}","subscriptions_url":"https://api.github.com/users/davidmigloz/subscriptions","organizations_url":"https://api.github.com/users/davidmigloz/orgs","repos_url":"https://api.github.com/users/davidmigloz/repos","events_url":"https://api.github.com/users/davidmigloz/events{/privacy}","received_events_url":"https://api.github.com/users/davidmigloz/received_events","type":"User","site_admin":false},"committer":{"login":"davidmigloz","id":6546265,"node_id":"MDQ6VXNlcjY1NDYyNjU=","avatar_url":"https://avatars.githubusercontent.com/u/6546265?v=4","gravatar_id":"","url":"https://api.github.com/users/davidmigloz","html_url":"https://github.com/davidmigloz","followers_url":"https://api.github.com/users/davidmigloz/followers","following_url":"https://api.github.com/users/davidmigloz/following{/other_user}","gists_url":"https://api.github.com/users/davidmigloz/gists{/gist_id}","starred_url":"https://api.github.com/users/davidmigloz/starred{/owner}{/repo}","subscriptions_url":"https://api.github.com/users/davidmigloz/subscriptions","organizations_url":"https://api.github.com/users/davidmigloz/orgs","repos_url":"https://api.github.com/users/davidmigloz/repos","events_url":"https://api.github.com/users/davidmigloz/events{/privacy}","received_events_url":"https://api.github.com/users/davidmigloz/received_events","type":"User","site_admin":false},"parents":[{"sha":"30a8a1bfb40d540dcda83784aaba24acc140f670","url":"https://api.github.com/repos/davidmigloz/go-bees/commits/30a8a1bfb40d540dcda83784aaba24acc140f670","html_url":"https://github.com/davidmigloz/go-bees/commit/30a8a1bfb40d540dcda83784aaba24acc140f670"},{"sha":"254a4f11c0e7dcc8d6139d968d356f25149eb4e9","url":"https://api.github.com/repos/davidmigloz/go-bees/commits/254a4f11c0e7dcc8d6139d968d356f25149eb4e9","html_url":"https://github.com/davidmigloz/go-bees/commit/254a4f11c0e7dcc8d6139d968d356f25149eb4e9"}]},{"sha":"254a4f11c0e7dcc8d6139d968d356f25149eb4e9","node_id":"MDY6Q29tbWl0NjU5Mjc2Nzg6MjU0YTRmMTFjMGU3ZGNjOGQ2MTM5ZDk2OGQzNTZmMjUxNDllYjRlOQ==","commit":{"author":{"name":"davidmigloz","email":"me@davidmiguel.com","date":"2017-01-30T15:17:54Z"},"committer":{"name":"davidmigloz","email":"me@davidmiguel.com","date":"2017-01-30T15:17:54Z"},"message":"Minor changes","tree":{"sha":"e71cbd9c327d3bfe3e159f580a938834fd86f53b","url":"https://api.github.com/repos/davidmigloz/go-bees/git/trees/e71cbd9c327d3bfe3e159f580a938834fd86f53b"},"url":"https://api.github.com/repos/davidmigloz/go-bees/git/commits/254a4f11c0e7dcc8d6139d968d356f25149eb4e9","comment_count":0,"verification":{"verified":false,"reason":"unsigned","signature":null,"payload":null}},"url":"https://api.github.com/repos/davidmigloz/go-bees/commits/254a4f11c0e7dcc8d6139d968d356f25149eb4e9","html_url":"https://github.com/davidmigloz/go-bees/commit/254a4f11c0e7dcc8d6139d968d356f25149eb4e9","comments_url":"https://api.github.com/repos/davidmigloz/go-bees/commits/254a4f11c0e7dcc8d6139d968d356f25149eb4e9/comments","author":{"login":"davidmigloz","id":6546265,"node_id":"MDQ6VXNlcjY1NDYyNjU=","avatar_url":"https://avatars.githubusercontent.com/u/6546265?v=4","gravatar_id":"","url":"https://api.github.com/users/davidmigloz","html_url":"https://github.com/davidmigloz","followers_url":"https://api.github.com/users/davidmigloz/followers","following_url":"https://api.github.com/users/davidmigloz/following{/other_user}","gists_url":"https://api.github.com/users/davidmigloz/gists{/gist_id}","starred_url":"https://api.github.com/users/davidmigloz/starred{/owner}{/repo}","subscriptions_url":"https://api.github.com/users/davidmigloz/subscriptions","organizations_url":"https://api.github.com/users/davidmigloz/orgs","repos_url":"https://api.github.com/users/davidmigloz/repos","events_url":"https://api.github.com/users/davidmigloz/events{/privacy}","received_events_url":"https://api.github.com/users/davidmigloz/received_events","type":"User","site_admin":false},"committer":{"login":"davidmigloz","id":6546265,"node_id":"MDQ6VXNlcjY1NDYyNjU=","avatar_url":"https://avatars.githubusercontent.com/u/6546265?v=4","gravatar_id":"","url":"https://api.github.com/users/davidmigloz","html_url":"https://github.com/davidmigloz","followers_url":"https://api.github.com/users/davidmigloz/followers","following_url":"https://api.github.com/users/davidmigloz/following{/other_user}","gists_url":"https://api.github.com/users/davidmigloz/gists{/gist_id}","starred_url":"https://api.github.com/users/davidmigloz/starred{/owner}{/repo}","subscriptions_url":"https://api.github.com/users/davidmigloz/subscriptions","organizations_url":"https://api.github.com/users/davidmigloz/orgs","repos_url":"https://api.github.com/users/davidmigloz/repos","events_url":"https://api.github.com/users/davidmigloz/events{/privacy}","received_events_url":"https://api.github.com/users/davidmigloz/received_events","type":"User","site_admin":false},"parents":[{"sha":"0e2e6a63d7c6bf9b81f2d07cd5e846d98bd5f0d1","url":"https://api.github.com/repos/davidmigloz/go-bees/commits/0e2e6a63d7c6bf9b81f2d07cd5e846d98bd5f0d1","html_url":"https://github.com/davidmigloz/go-bees/commit/0e2e6a63d7c6bf9b81f2d07cd5e846d98bd5f0d1"}]},{"sha":"0e2e6a63d7c6bf9b81f2d07cd5e846d98bd5f0d1","node_id":"MDY6Q29tbWl0NjU5Mjc2Nzg6MGUyZTZhNjNkN2M2YmY5YjgxZjJkMDdjZDVlODQ2ZDk4YmQ1ZjBkMQ==","commit":{"author":{"name":"davidmigloz","email":"me@davidmiguel.com","date":"2017-01-30T15:16:34Z"},"committer":{"name":"davidmigloz","email":"me@davidmiguel.com","date":"2017-01-30T15:16:34Z"},"message":"Bumped version number to 1.0","tree":{"sha":"c0c7e533ca39384e892f39eaba87f5fffe5bb629","url":"https://api.github.com/repos/davidmigloz/go-bees/git/trees/c0c7e533ca39384e892f39eaba87f5fffe5bb629"},"url":"https://api.github.com/repos/davidmigloz/go-bees/git/commits/0e2e6a63d7c6bf9b81f2d07cd5e846d98bd5f0d1","comment_count":0,"verification":{"verified":false,"reason":"unsigned","signature":null,"payload":null}},"url":"https://api.github.com/repos/davidmigloz/go-bees/commits/0e2e6a63d7c6bf9b81f2d07cd5e846d98bd5f0d1","html_url":"https://github.com/davidmigloz/go-bees/commit/0e2e6a63d7c6bf9b81f2d07cd5e846d98bd5f0d1","comments_url":"https://api.github.com/repos/davidmigloz/go-bees/commits/0e2e6a63d7c6bf9b81f2d07cd5e846d98bd5f0d1/comments","author":{"login":"davidmigloz","id":6546265,"node_id":"MDQ6VXNlcjY1NDYyNjU=","avatar_url":"https://avatars.githubusercontent.com/u/6546265?v=4","gravatar_id":"","url":"https://api.github.com/users/davidmigloz","html_url":"https://github.com/davidmigloz","followers_url":"https://api.github.com/users/davidmigloz/followers","following_url":"https://api.github.com/users/davidmigloz/following{/other_user}","gists_url":"https://api.github.com/users/davidmigloz/gists{/gist_id}","starred_url":"https://api.github.com/users/davidmigloz/starred{/owner}{/repo}","subscriptions_url":"https://api.github.com/users/davidmigloz/subscriptions","organizations_url":"https://api.github.com/users/davidmigloz/orgs","repos_url":"https://api.github.com/users/davidmigloz/repos","events_url":"https://api.github.com/users/davidmigloz/events{/privacy}","received_events_url":"https://api.github.com/users/davidmigloz/received_events","type":"User","site_admin":false},"committer":{"login":"davidmigloz","id":6546265,"node_id":"MDQ6VXNlcjY1NDYyNjU=","avatar_url":"https://avatars.githubusercontent.com/u/6546265?v=4","gravatar_id":"","url":"https://api.github.com/users/davidmigloz","html_url":"https://github.com/davidmigloz","followers_url":"https://api.github.com/users/davidmigloz/followers","following_url":"https://api.github.com/users/davidmigloz/following{/other_user}","gists_url":"https://api.github.com/users/davidmigloz/gists{/gist_id}","starred_url":"https://api.github.com/users/davidmigloz/starred{/owner}{/repo}","subscriptions_url":"https://api.github.com/users/davidmigloz/subscriptions","organizations_url":"https://api.github.com/users/davidmigloz/orgs","repos_url":"https://api.github.com/users/davidmigloz/repos","events_url":"https://api.github.com/users/davidmigloz/events{/privacy}","received_events_url":"https://api.github.com/users/davidmigloz/received_events","type":"User","site_admin":false},"parents":[{"sha":"7121c52bfa8edff6f85c05264389264fdceaddf6","url":"https://api.github.com/repos/davidmigloz/go-bees/commits/7121c52bfa8edff6f85c05264389264fdceaddf6","html_url":"https://github.com/davidmigloz/go-bees/commit/7121c52bfa8edff6f85c05264389264fdceaddf6"}]},{"sha":"7121c52bfa8edff6f85c05264389264fdceaddf6","node_id":"MDY6Q29tbWl0NjU5Mjc2Nzg6NzEyMWM1MmJmYThlZGZmNmY4NWMwNTI2NDM4OTI2NGZkY2VhZGRmNg==","commit":{"author":{"name":"davidmigloz","email":"me@davidmiguel.com","date":"2017-01-30T15:01:21Z"},"committer":{"name":"davidmigloz","email":"me@davidmiguel.com","date":"2017-01-30T15:01:21Z"},"message":"Move algorithm tests to mock","tree":{"sha":"cd7f1afb07bfa89b96164e6a4ab5e77319220121","url":"https://api.github.com/repos/davidmigloz/go-bees/git/trees/cd7f1afb07bfa89b96164e6a4ab5e77319220121"},"url":"https://api.github.com/repos/davidmigloz/go-bees/git/commits/7121c52bfa8edff6f85c05264389264fdceaddf6","comment_count":0,"verification":{"verified":false,"reason":"unsigned","signature":null,"payload":null}},"url":"https://api.github.com/repos/davidmigloz/go-bees/commits/7121c52bfa8edff6f85c05264389264fdceaddf6","html_url":"https://github.com/davidmigloz/go-bees/commit/7121c52bfa8edff6f85c05264389264fdceaddf6","comments_url":"https://api.github.com/repos/davidmigloz/go-bees/commits/7121c52bfa8edff6f85c05264389264fdceaddf6/comments","author":{"login":"davidmigloz","id":6546265,"node_id":"MDQ6VXNlcjY1NDYyNjU=","avatar_url":"https://avatars.githubusercontent.com/u/6546265?v=4","gravatar_id":"","url":"https://api.github.com/users/davidmigloz","html_url":"https://github.com/davidmigloz","followers_url":"https://api.github.com/users/davidmigloz/followers","following_url":"https://api.github.com/users/davidmigloz/following{/other_user}","gists_url":"https://api.github.com/users/davidmigloz/gists{/gist_id}","starred_url":"https://api.github.com/users/davidmigloz/starred{/owner}{/repo}","subscriptions_url":"https://api.github.com/users/davidmigloz/subscriptions","organizations_url":"https://api.github.com/users/davidmigloz/orgs","repos_url":"https://api.github.com/users/davidmigloz/repos","events_url":"https://api.github.com/users/davidmigloz/events{/privacy}","received_events_url":"https://api.github.com/users/davidmigloz/received_events","type":"User","site_admin":false},"committer":{"login":"davidmigloz","id":6546265,"node_id":"MDQ6VXNlcjY1NDYyNjU=","avatar_url":"https://avatars.githubusercontent.com/u/6546265?v=4","gravatar_id":"","url":"https://api.github.com/users/davidmigloz","html_url":"https://github.com/davidmigloz","followers_url":"https://api.github.com/users/davidmigloz/followers","following_url":"https://api.github.com/users/davidmigloz/following{/other_user}","gists_url":"https://api.github.com/users/davidmigloz/gists{/gist_id}","starred_url":"https://api.github.com/users/davidmigloz/starred{/owner}{/repo}","subscriptions_url":"https://api.github.com/users/davidmigloz/subscriptions","organizations_url":"https://api.github.com/users/davidmigloz/orgs","repos_url":"https://api.github.com/users/davidmigloz/repos","events_url":"https://api.github.com/users/davidmigloz/events{/privacy}","received_events_url":"https://api.github.com/users/davidmigloz/received_events","type":"User","site_admin":false},"parents":[{"sha":"66b15d89ff02e0b530ca57351c1bc691360b477f","url":"https://api.github.com/repos/davidmigloz/go-bees/commits/66b15d89ff02e0b530ca57351c1bc691360b477f","html_url":"https://github.com/davidmigloz/go-bees/commit/66b15d89ff02e0b530ca57351c1bc691360b477f"}]},{"sha":"66b15d89ff02e0b530ca57351c1bc691360b477f","node_id":"MDY6Q29tbWl0NjU5Mjc2Nzg6NjZiMTVkODlmZjAyZTBiNTMwY2E1NzM1MWMxYmM2OTEzNjBiNDc3Zg==","commit":{"author":{"name":"davidmigloz","email":"me@davidmiguel.com","date":"2017-01-30T13:12:27Z"},"committer":{"name":"davidmigloz","email":"me@davidmiguel.com","date":"2017-01-30T13:12:27Z"},"message":"Minor changes","tree":{"sha":"f7b3733e52cb15a93d39fb329c12750eff0c7efc","url":"https://api.github.com/repos/davidmigloz/go-bees/git/trees/f7b3733e52cb15a93d39fb329c12750eff0c7efc"},"url":"https://api.github.com/repos/davidmigloz/go-bees/git/commits/66b15d89ff02e0b530ca57351c1bc691360b477f","comment_count":0,"verification":{"verified":false,"reason":"unsigned","signature":null,"payload":null}},"url":"https://api.github.com/repos/davidmigloz/go-bees/commits/66b15d89ff02e0b530ca57351c1bc691360b477f","html_url":"https://github.com/davidmigloz/go-bees/commit/66b15d89ff02e0b530ca57351c1bc691360b477f","comments_url":"https://api.github.com/repos/davidmigloz/go-bees/commits/66b15d89ff02e0b530ca57351c1bc691360b477f/comments","author":{"login":"davidmigloz","id":6546265,"node_id":"MDQ6VXNlcjY1NDYyNjU=","avatar_url":"https://avatars.githubusercontent.com/u/6546265?v=4","gravatar_id":"","url":"https://api.github.com/users/davidmigloz","html_url":"https://github.com/davidmigloz","followers_url":"https://api.github.com/users/davidmigloz/followers","following_url":"https://api.github.com/users/davidmigloz/following{/other_user}","gists_url":"https://api.github.com/users/davidmigloz/gists{/gist_id}","starred_url":"https://api.github.com/users/davidmigloz/starred{/owner}{/repo}","subscriptions_url":"https://api.github.com/users/davidmigloz/subscriptions","organizations_url":"https://api.github.com/users/davidmigloz/orgs","repos_url":"https://api.github.com/users/davidmigloz/repos","events_url":"https://api.github.com/users/davidmigloz/events{/privacy}","received_events_url":"https://api.github.com/users/davidmigloz/received_events","type":"User","site_admin":false},"committer":{"login":"davidmigloz","id":6546265,"node_id":"MDQ6VXNlcjY1NDYyNjU=","avatar_url":"https://avatars.githubusercontent.com/u/6546265?v=4","gravatar_id":"","url":"https://api.github.com/users/davidmigloz","html_url":"https://github.com/davidmigloz","followers_url":"https://api.github.com/users/davidmigloz/followers","following_url":"https://api.github.com/users/davidmigloz/following{/other_user}","gists_url":"https://api.github.com/users/davidmigloz/gists{/gist_id}","starred_url":"https://api.github.com/users/davidmigloz/starred{/owner}{/repo}","subscriptions_url":"https://api.github.com/users/davidmigloz/subscriptions","organizations_url":"https://api.github.com/users/davidmigloz/orgs","repos_url":"https://api.github.com/users/davidmigloz/repos","events_url":"https://api.github.com/users/davidmigloz/events{/privacy}","received_events_url":"https://api.github.com/users/davidmigloz/received_events","type":"User","site_admin":false},"parents":[{"sha":"ecc4c1ec538edd4b15ba7dc0ea0bd4d7acd2148c","url":"https://api.github.com/repos/davidmigloz/go-bees/commits/ecc4c1ec538edd4b15ba7dc0ea0bd4d7acd2148c","html_url":"https://github.com/davidmigloz/go-bees/commit/ecc4c1ec538edd4b15ba7dc0ea0bd4d7acd2148c"}]},{"sha":"ecc4c1ec538edd4b15ba7dc0ea0bd4d7acd2148c","node_id":"MDY6Q29tbWl0NjU5Mjc2Nzg6ZWNjNGMxZWM1MzhlZGQ0YjE1YmE3ZGMwZWEwYmQ0ZDdhY2QyMTQ4Yw==","commit":{"author":{"name":"davidmigloz","email":"me@davidmiguel.com","date":"2017-01-30T13:03:22Z"},"committer":{"name":"davidmigloz","email":"me@davidmiguel.com","date":"2017-01-30T13:03:22Z"},"message":"Add UI tests #172","tree":{"sha":"27a4841910aa4b9cb480324812fd15699bdecb13","url":"https://api.github.com/repos/davidmigloz/go-bees/git/trees/27a4841910aa4b9cb480324812fd15699bdecb13"},"url":"https://api.github.com/repos/davidmigloz/go-bees/git/commits/ecc4c1ec538edd4b15ba7dc0ea0bd4d7acd2148c","comment_count":0,"verification":{"verified":false,"reason":"unsigned","signature":null,"payload":null}},"url":"https://api.github.com/repos/davidmigloz/go-bees/commits/ecc4c1ec538edd4b15ba7dc0ea0bd4d7acd2148c","html_url":"https://github.com/davidmigloz/go-bees/commit/ecc4c1ec538edd4b15ba7dc0ea0bd4d7acd2148c","comments_url":"https://api.github.com/repos/davidmigloz/go-bees/commits/ecc4c1ec538edd4b15ba7dc0ea0bd4d7acd2148c/comments","author":{"login":"davidmigloz","id":6546265,"node_id":"MDQ6VXNlcjY1NDYyNjU=","avatar_url":"https://avatars.githubusercontent.com/u/6546265?v=4","gravatar_id":"","url":"https://api.github.com/users/davidmigloz","html_url":"https://github.com/davidmigloz","followers_url":"https://api.github.com/users/davidmigloz/followers","following_url":"https://api.github.com/users/davidmigloz/following{/other_user}","gists_url":"https://api.github.com/users/davidmigloz/gists{/gist_id}","starred_url":"https://api.github.com/users/davidmigloz/starred{/owner}{/repo}","subscriptions_url":"https://api.github.com/users/davidmigloz/subscriptions","organizations_url":"https://api.github.com/users/davidmigloz/orgs","repos_url":"https://api.github.com/users/davidmigloz/repos","events_url":"https://api.github.com/users/davidmigloz/events{/privacy}","received_events_url":"https://api.github.com/users/davidmigloz/received_events","type":"User","site_admin":false},"committer":{"login":"davidmigloz","id":6546265,"node_id":"MDQ6VXNlcjY1NDYyNjU=","avatar_url":"https://avatars.githubusercontent.com/u/6546265?v=4","gravatar_id":"","url":"https://api.github.com/users/davidmigloz","html_url":"https://github.com/davidmigloz","followers_url":"https://api.github.com/users/davidmigloz/followers","following_url":"https://api.github.com/users/davidmigloz/following{/other_user}","gists_url":"https://api.github.com/users/davidmigloz/gists{/gist_id}","starred_url":"https://api.github.com/users/davidmigloz/starred{/owner}{/repo}","subscriptions_url":"https://api.github.com/users/davidmigloz/subscriptions","organizations_url":"https://api.github.com/users/davidmigloz/orgs","repos_url":"https://api.github.com/users/davidmigloz/repos","events_url":"https://api.github.com/users/davidmigloz/events{/privacy}","received_events_url":"https://api.github.com/users/davidmigloz/received_events","type":"User","site_admin":false},"parents":[{"sha":"3d10d345ad46f165e03b6897cb0171e540ba7e7f","url":"https://api.github.com/repos/davidmigloz/go-bees/commits/3d10d345ad46f165e03b6897cb0171e540ba7e7f","html_url":"https://github.com/davidmigloz/go-bees/commit/3d10d345ad46f165e03b6897cb0171e540ba7e7f"}]},{"sha":"3d10d345ad46f165e03b6897cb0171e540ba7e7f","node_id":"MDY6Q29tbWl0NjU5Mjc2Nzg6M2QxMGQzNDVhZDQ2ZjE2NWUwM2I2ODk3Y2IwMTcxZTU0MGJhN2U3Zg==","commit":{"author":{"name":"davidmigloz","email":"me@davidmiguel.com","date":"2017-01-29T19:32:04Z"},"committer":{"name":"davidmigloz","email":"me@davidmiguel.com","date":"2017-01-29T19:32:04Z"},"message":"Fix apiary name overlap #183","tree":{"sha":"83bda1c732ee4454f69cf80c21519594db352233","url":"https://api.github.com/repos/davidmigloz/go-bees/git/trees/83bda1c732ee4454f69cf80c21519594db352233"},"url":"https://api.github.com/repos/davidmigloz/go-bees/git/commits/3d10d345ad46f165e03b6897cb0171e540ba7e7f","comment_count":0,"verification":{"verified":false,"reason":"unsigned","signature":null,"payload":null}},"url":"https://api.github.com/repos/davidmigloz/go-bees/commits/3d10d345ad46f165e03b6897cb0171e540ba7e7f","html_url":"https://github.com/davidmigloz/go-bees/commit/3d10d345ad46f165e03b6897cb0171e540ba7e7f","comments_url":"https://api.github.com/repos/davidmigloz/go-bees/commits/3d10d345ad46f165e03b6897cb0171e540ba7e7f/comments","author":{"login":"davidmigloz","id":6546265,"node_id":"MDQ6VXNlcjY1NDYyNjU=","avatar_url":"https://avatars.githubusercontent.com/u/6546265?v=4","gravatar_id":"","url":"https://api.github.com/users/davidmigloz","html_url":"https://github.com/davidmigloz","followers_url":"https://api.github.com/users/davidmigloz/followers","following_url":"https://api.github.com/users/davidmigloz/following{/other_user}","gists_url":"https://api.github.com/users/davidmigloz/gists{/gist_id}","starred_url":"https://api.github.com/users/davidmigloz/starred{/owner}{/repo}","subscriptions_url":"https://api.github.com/users/davidmigloz/subscriptions","organizations_url":"https://api.github.com/users/davidmigloz/orgs","repos_url":"https://api.github.com/users/davidmigloz/repos","events_url":"https://api.github.com/users/davidmigloz/events{/privacy}","received_events_url":"https://api.github.com/users/davidmigloz/received_events","type":"User","site_admin":false},"committer":{"login":"davidmigloz","id":6546265,"node_id":"MDQ6VXNlcjY1NDYyNjU=","avatar_url":"https://avatars.githubusercontent.com/u/6546265?v=4","gravatar_id":"","url":"https://api.github.com/users/davidmigloz","html_url":"https://github.com/davidmigloz","followers_url":"https://api.github.com/users/davidmigloz/followers","following_url":"https://api.github.com/users/davidmigloz/following{/other_user}","gists_url":"https://api.github.com/users/davidmigloz/gists{/gist_id}","starred_url":"https://api.github.com/users/davidmigloz/starred{/owner}{/repo}","subscriptions_url":"https://api.github.com/users/davidmigloz/subscriptions","organizations_url":"https://api.github.com/users/davidmigloz/orgs","repos_url":"https://api.github.com/users/davidmigloz/repos","events_url":"https://api.github.com/users/davidmigloz/events{/privacy}","received_events_url":"https://api.github.com/users/davidmigloz/received_events","type":"User","site_admin":false},"parents":[{"sha":"8f33e4557a4d5b48ab15104e6ea9f0756c93c165","url":"https://api.github.com/repos/davidmigloz/go-bees/commits/8f33e4557a4d5b48ab15104e6ea9f0756c93c165","html_url":"https://github.com/davidmigloz/go-bees/commit/8f33e4557a4d5b48ab15104e6ea9f0756c93c165"}]},{"sha":"8f33e4557a4d5b48ab15104e6ea9f0756c93c165","node_id":"MDY6Q29tbWl0NjU5Mjc2Nzg6OGYzM2U0NTU3YTRkNWI0OGFiMTUxMDRlNmVhOWYwNzU2YzkzYzE2NQ==","commit":{"author":{"name":"davidmigloz","email":"me@davidmiguel.com","date":"2017-01-29T12:40:32Z"},"committer":{"name":"davidmigloz","email":"me@davidmiguel.com","date":"2017-01-29T12:40:32Z"},"message":"Improve references #124","tree":{"sha":"a81cca9b2e19e1ff7c34b4fe231091a05625e0b8","url":"https://api.github.com/repos/davidmigloz/go-bees/git/trees/a81cca9b2e19e1ff7c34b4fe231091a05625e0b8"},"url":"https://api.github.com/repos/davidmigloz/go-bees/git/commits/8f33e4557a4d5b48ab15104e6ea9f0756c93c165","comment_count":0,"verification":{"verified":false,"reason":"unsigned","signature":null,"payload":null}},"url":"https://api.github.com/repos/davidmigloz/go-bees/commits/8f33e4557a4d5b48ab15104e6ea9f0756c93c165","html_url":"https://github.com/davidmigloz/go-bees/commit/8f33e4557a4d5b48ab15104e6ea9f0756c93c165","comments_url":"https://api.github.com/repos/davidmigloz/go-bees/commits/8f33e4557a4d5b48ab15104e6ea9f0756c93c165/comments","author":{"login":"davidmigloz","id":6546265,"node_id":"MDQ6VXNlcjY1NDYyNjU=","avatar_url":"https://avatars.githubusercontent.com/u/6546265?v=4","gravatar_id":"","url":"https://api.github.com/users/davidmigloz","html_url":"https://github.com/davidmigloz","followers_url":"https://api.github.com/users/davidmigloz/followers","following_url":"https://api.github.com/users/davidmigloz/following{/other_user}","gists_url":"https://api.github.com/users/davidmigloz/gists{/gist_id}","starred_url":"https://api.github.com/users/davidmigloz/starred{/owner}{/repo}","subscriptions_url":"https://api.github.com/users/davidmigloz/subscriptions","organizations_url":"https://api.github.com/users/davidmigloz/orgs","repos_url":"https://api.github.com/users/davidmigloz/repos","events_url":"https://api.github.com/users/davidmigloz/events{/privacy}","received_events_url":"https://api.github.com/users/davidmigloz/received_events","type":"User","site_admin":false},"committer":{"login":"davidmigloz","id":6546265,"node_id":"MDQ6VXNlcjY1NDYyNjU=","avatar_url":"https://avatars.githubusercontent.com/u/6546265?v=4","gravatar_id":"","url":"https://api.github.com/users/davidmigloz","html_url":"https://github.com/davidmigloz","followers_url":"https://api.github.com/users/davidmigloz/followers","following_url":"https://api.github.com/users/davidmigloz/following{/other_user}","gists_url":"https://api.github.com/users/davidmigloz/gists{/gist_id}","starred_url":"https://api.github.com/users/davidmigloz/starred{/owner}{/repo}","subscriptions_url":"https://api.github.com/users/davidmigloz/subscriptions","organizations_url":"https://api.github.com/users/davidmigloz/orgs","repos_url":"https://api.github.com/users/davidmigloz/repos","events_url":"https://api.github.com/users/davidmigloz/events{/privacy}","received_events_url":"https://api.github.com/users/davidmigloz/received_events","type":"User","site_admin":false},"parents":[{"sha":"712b07005cbf56defd3e22032757960afe846fed","url":"https://api.github.com/repos/davidmigloz/go-bees/commits/712b07005cbf56defd3e22032757960afe846fed","html_url":"https://github.com/davidmigloz/go-bees/commit/712b07005cbf56defd3e22032757960afe846fed"}]},{"sha":"712b07005cbf56defd3e22032757960afe846fed","node_id":"MDY6Q29tbWl0NjU5Mjc2Nzg6NzEyYjA3MDA1Y2JmNTZkZWZkM2UyMjAzMjc1Nzk2MGFmZTg0NmZlZA==","commit":{"author":{"name":"davidmigloz","email":"me@davidmiguel.com","date":"2017-01-29T12:05:55Z"},"committer":{"name":"davidmigloz","email":"me@davidmiguel.com","date":"2017-01-29T12:05:55Z"},"message":"Temporal fix exception when orientation changes #117","tree":{"sha":"23547358577e394c430fdfbf9475fa120a9ae2e9","url":"https://api.github.com/repos/davidmigloz/go-bees/git/trees/23547358577e394c430fdfbf9475fa120a9ae2e9"},"url":"https://api.github.com/repos/davidmigloz/go-bees/git/commits/712b07005cbf56defd3e22032757960afe846fed","comment_count":0,"verification":{"verified":false,"reason":"unsigned","signature":null,"payload":null}},"url":"https://api.github.com/repos/davidmigloz/go-bees/commits/712b07005cbf56defd3e22032757960afe846fed","html_url":"https://github.com/davidmigloz/go-bees/commit/712b07005cbf56defd3e22032757960afe846fed","comments_url":"https://api.github.com/repos/davidmigloz/go-bees/commits/712b07005cbf56defd3e22032757960afe846fed/comments","author":{"login":"davidmigloz","id":6546265,"node_id":"MDQ6VXNlcjY1NDYyNjU=","avatar_url":"https://avatars.githubusercontent.com/u/6546265?v=4","gravatar_id":"","url":"https://api.github.com/users/davidmigloz","html_url":"https://github.com/davidmigloz","followers_url":"https://api.github.com/users/davidmigloz/followers","following_url":"https://api.github.com/users/davidmigloz/following{/other_user}","gists_url":"https://api.github.com/users/davidmigloz/gists{/gist_id}","starred_url":"https://api.github.com/users/davidmigloz/starred{/owner}{/repo}","subscriptions_url":"https://api.github.com/users/davidmigloz/subscriptions","organizations_url":"https://api.github.com/users/davidmigloz/orgs","repos_url":"https://api.github.com/users/davidmigloz/repos","events_url":"https://api.github.com/users/davidmigloz/events{/privacy}","received_events_url":"https://api.github.com/users/davidmigloz/received_events","type":"User","site_admin":false},"committer":{"login":"davidmigloz","id":6546265,"node_id":"MDQ6VXNlcjY1NDYyNjU=","avatar_url":"https://avatars.githubusercontent.com/u/6546265?v=4","gravatar_id":"","url":"https://api.github.com/users/davidmigloz","html_url":"https://github.com/davidmigloz","followers_url":"https://api.github.com/users/davidmigloz/followers","following_url":"https://api.github.com/users/davidmigloz/following{/other_user}","gists_url":"https://api.github.com/users/davidmigloz/gists{/gist_id}","starred_url":"https://api.github.com/users/davidmigloz/starred{/owner}{/repo}","subscriptions_url":"https://api.github.com/users/davidmigloz/subscriptions","organizations_url":"https://api.github.com/users/davidmigloz/orgs","repos_url":"https://api.github.com/users/davidmigloz/repos","events_url":"https://api.github.com/users/davidmigloz/events{/privacy}","received_events_url":"https://api.github.com/users/davidmigloz/received_events","type":"User","site_admin":false},"parents":[{"sha":"ad9aebec669ddad347666772a53461777530478a","url":"https://api.github.com/repos/davidmigloz/go-bees/commits/ad9aebec669ddad347666772a53461777530478a","html_url":"https://github.com/davidmigloz/go-bees/commit/ad9aebec669ddad347666772a53461777530478a"}]},{"sha":"ad9aebec669ddad347666772a53461777530478a","node_id":"MDY6Q29tbWl0NjU5Mjc2Nzg6YWQ5YWViZWM2NjlkZGFkMzQ3NjY2NzcyYTUzNDYxNzc3NTMwNDc4YQ==","commit":{"author":{"name":"davidmigloz","email":"me@davidmiguel.com","date":"2017-01-29T11:54:16Z"},"committer":{"name":"davidmigloz","email":"me@davidmiguel.com","date":"2017-01-29T11:54:16Z"},"message":"Fix exception with vectors in API < 21 #181","tree":{"sha":"4d1a429739c35e1ba5b101a51d8f29500606b149","url":"https://api.github.com/repos/davidmigloz/go-bees/git/trees/4d1a429739c35e1ba5b101a51d8f29500606b149"},"url":"https://api.github.com/repos/davidmigloz/go-bees/git/commits/ad9aebec669ddad347666772a53461777530478a","comment_count":0,"verification":{"verified":false,"reason":"unsigned","signature":null,"payload":null}},"url":"https://api.github.com/repos/davidmigloz/go-bees/commits/ad9aebec669ddad347666772a53461777530478a","html_url":"https://github.com/davidmigloz/go-bees/commit/ad9aebec669ddad347666772a53461777530478a","comments_url":"https://api.github.com/repos/davidmigloz/go-bees/commits/ad9aebec669ddad347666772a53461777530478a/comments","author":{"login":"davidmigloz","id":6546265,"node_id":"MDQ6VXNlcjY1NDYyNjU=","avatar_url":"https://avatars.githubusercontent.com/u/6546265?v=4","gravatar_id":"","url":"https://api.github.com/users/davidmigloz","html_url":"https://github.com/davidmigloz","followers_url":"https://api.github.com/users/davidmigloz/followers","following_url":"https://api.github.com/users/davidmigloz/following{/other_user}","gists_url":"https://api.github.com/users/davidmigloz/gists{/gist_id}","starred_url":"https://api.github.com/users/davidmigloz/starred{/owner}{/repo}","subscriptions_url":"https://api.github.com/users/davidmigloz/subscriptions","organizations_url":"https://api.github.com/users/davidmigloz/orgs","repos_url":"https://api.github.com/users/davidmigloz/repos","events_url":"https://api.github.com/users/davidmigloz/events{/privacy}","received_events_url":"https://api.github.com/users/davidmigloz/received_events","type":"User","site_admin":false},"committer":{"login":"davidmigloz","id":6546265,"node_id":"MDQ6VXNlcjY1NDYyNjU=","avatar_url":"https://avatars.githubusercontent.com/u/6546265?v=4","gravatar_id":"","url":"https://api.github.com/users/davidmigloz","html_url":"https://github.com/davidmigloz","followers_url":"https://api.github.com/users/davidmigloz/followers","following_url":"https://api.github.com/users/davidmigloz/following{/other_user}","gists_url":"https://api.github.com/users/davidmigloz/gists{/gist_id}","starred_url":"https://api.github.com/users/davidmigloz/starred{/owner}{/repo}","subscriptions_url":"https://api.github.com/users/davidmigloz/subscriptions","organizations_url":"https://api.github.com/users/davidmigloz/orgs","repos_url":"https://api.github.com/users/davidmigloz/repos","events_url":"https://api.github.com/users/davidmigloz/events{/privacy}","received_events_url":"https://api.github.com/users/davidmigloz/received_events","type":"User","site_admin":false},"parents":[{"sha":"519040bf871ae8b68365800f2a9b9e21f848892e","url":"https://api.github.com/repos/davidmigloz/go-bees/commits/519040bf871ae8b68365800f2a9b9e21f848892e","html_url":"https://github.com/davidmigloz/go-bees/commit/519040bf871ae8b68365800f2a9b9e21f848892e"}]},{"sha":"519040bf871ae8b68365800f2a9b9e21f848892e","node_id":"MDY6Q29tbWl0NjU5Mjc2Nzg6NTE5MDQwYmY4NzFhZThiNjgzNjU4MDBmMmE5YjllMjFmODQ4ODkyZQ==","commit":{"author":{"name":"davidmigloz","email":"me@davidmiguel.com","date":"2017-01-28T23:21:20Z"},"committer":{"name":"davidmigloz","email":"me@davidmiguel.com","date":"2017-01-28T23:21:20Z"},"message":"Minor fix","tree":{"sha":"1cae542370ce2026de61044ea281266983e10329","url":"https://api.github.com/repos/davidmigloz/go-bees/git/trees/1cae542370ce2026de61044ea281266983e10329"},"url":"https://api.github.com/repos/davidmigloz/go-bees/git/commits/519040bf871ae8b68365800f2a9b9e21f848892e","comment_count":0,"verification":{"verified":false,"reason":"unsigned","signature":null,"payload":null}},"url":"https://api.github.com/repos/davidmigloz/go-bees/commits/519040bf871ae8b68365800f2a9b9e21f848892e","html_url":"https://github.com/davidmigloz/go-bees/commit/519040bf871ae8b68365800f2a9b9e21f848892e","comments_url":"https://api.github.com/repos/davidmigloz/go-bees/commits/519040bf871ae8b68365800f2a9b9e21f848892e/comments","author":{"login":"davidmigloz","id":6546265,"node_id":"MDQ6VXNlcjY1NDYyNjU=","avatar_url":"https://avatars.githubusercontent.com/u/6546265?v=4","gravatar_id":"","url":"https://api.github.com/users/davidmigloz","html_url":"https://github.com/davidmigloz","followers_url":"https://api.github.com/users/davidmigloz/followers","following_url":"https://api.github.com/users/davidmigloz/following{/other_user}","gists_url":"https://api.github.com/users/davidmigloz/gists{/gist_id}","starred_url":"https://api.github.com/users/davidmigloz/starred{/owner}{/repo}","subscriptions_url":"https://api.github.com/users/davidmigloz/subscriptions","organizations_url":"https://api.github.com/users/davidmigloz/orgs","repos_url":"https://api.github.com/users/davidmigloz/repos","events_url":"https://api.github.com/users/davidmigloz/events{/privacy}","received_events_url":"https://api.github.com/users/davidmigloz/received_events","type":"User","site_admin":false},"committer":{"login":"davidmigloz","id":6546265,"node_id":"MDQ6VXNlcjY1NDYyNjU=","avatar_url":"https://avatars.githubusercontent.com/u/6546265?v=4","gravatar_id":"","url":"https://api.github.com/users/davidmigloz","html_url":"https://github.com/davidmigloz","followers_url":"https://api.github.com/users/davidmigloz/followers","following_url":"https://api.github.com/users/davidmigloz/following{/other_user}","gists_url":"https://api.github.com/users/davidmigloz/gists{/gist_id}","starred_url":"https://api.github.com/users/davidmigloz/starred{/owner}{/repo}","subscriptions_url":"https://api.github.com/users/davidmigloz/subscriptions","organizations_url":"https://api.github.com/users/davidmigloz/orgs","repos_url":"https://api.github.com/users/davidmigloz/repos","events_url":"https://api.github.com/users/davidmigloz/events{/privacy}","received_events_url":"https://api.github.com/users/davidmigloz/received_events","type":"User","site_admin":false},"parents":[{"sha":"0739dbca057a7eddf49d1339364149c40bb0e0c4","url":"https://api.github.com/repos/davidmigloz/go-bees/commits/0739dbca057a7eddf49d1339364149c40bb0e0c4","html_url":"https://github.com/davidmigloz/go-bees/commit/0739dbca057a7eddf49d1339364149c40bb0e0c4"}]},{"sha":"0739dbca057a7eddf49d1339364149c40bb0e0c4","node_id":"MDY6Q29tbWl0NjU5Mjc2Nzg6MDczOWRiY2EwNTdhN2VkZGY0OWQxMzM5MzY0MTQ5YzQwYmIwZTBjNA==","commit":{"author":{"name":"davidmigloz","email":"me@davidmiguel.com","date":"2017-01-28T23:00:55Z"},"committer":{"name":"davidmigloz","email":"me@davidmiguel.com","date":"2017-01-28T23:00:55Z"},"message":"Fix weather charts #180","tree":{"sha":"8fb76da040660a10e42780d8ec63f03880143225","url":"https://api.github.com/repos/davidmigloz/go-bees/git/trees/8fb76da040660a10e42780d8ec63f03880143225"},"url":"https://api.github.com/repos/davidmigloz/go-bees/git/commits/0739dbca057a7eddf49d1339364149c40bb0e0c4","comment_count":0,"verification":{"verified":false,"reason":"unsigned","signature":null,"payload":null}},"url":"https://api.github.com/repos/davidmigloz/go-bees/commits/0739dbca057a7eddf49d1339364149c40bb0e0c4","html_url":"https://github.com/davidmigloz/go-bees/commit/0739dbca057a7eddf49d1339364149c40bb0e0c4","comments_url":"https://api.github.com/repos/davidmigloz/go-bees/commits/0739dbca057a7eddf49d1339364149c40bb0e0c4/comments","author":{"login":"davidmigloz","id":6546265,"node_id":"MDQ6VXNlcjY1NDYyNjU=","avatar_url":"https://avatars.githubusercontent.com/u/6546265?v=4","gravatar_id":"","url":"https://api.github.com/users/davidmigloz","html_url":"https://github.com/davidmigloz","followers_url":"https://api.github.com/users/davidmigloz/followers","following_url":"https://api.github.com/users/davidmigloz/following{/other_user}","gists_url":"https://api.github.com/users/davidmigloz/gists{/gist_id}","starred_url":"https://api.github.com/users/davidmigloz/starred{/owner}{/repo}","subscriptions_url":"https://api.github.com/users/davidmigloz/subscriptions","organizations_url":"https://api.github.com/users/davidmigloz/orgs","repos_url":"https://api.github.com/users/davidmigloz/repos","events_url":"https://api.github.com/users/davidmigloz/events{/privacy}","received_events_url":"https://api.github.com/users/davidmigloz/received_events","type":"User","site_admin":false},"committer":{"login":"davidmigloz","id":6546265,"node_id":"MDQ6VXNlcjY1NDYyNjU=","avatar_url":"https://avatars.githubusercontent.com/u/6546265?v=4","gravatar_id":"","url":"https://api.github.com/users/davidmigloz","html_url":"https://github.com/davidmigloz","followers_url":"https://api.github.com/users/davidmigloz/followers","following_url":"https://api.github.com/users/davidmigloz/following{/other_user}","gists_url":"https://api.github.com/users/davidmigloz/gists{/gist_id}","starred_url":"https://api.github.com/users/davidmigloz/starred{/owner}{/repo}","subscriptions_url":"https://api.github.com/users/davidmigloz/subscriptions","organizations_url":"https://api.github.com/users/davidmigloz/orgs","repos_url":"https://api.github.com/users/davidmigloz/repos","events_url":"https://api.github.com/users/davidmigloz/events{/privacy}","received_events_url":"https://api.github.com/users/davidmigloz/received_events","type":"User","site_admin":false},"parents":[{"sha":"1f185fd412a35a8fed4f08fa578bbdebbdea64ae","url":"https://api.github.com/repos/davidmigloz/go-bees/commits/1f185fd412a35a8fed4f08fa578bbdebbdea64ae","html_url":"https://github.com/davidmigloz/go-bees/commit/1f185fd412a35a8fed4f08fa578bbdebbdea64ae"}]},{"sha":"1f185fd412a35a8fed4f08fa578bbdebbdea64ae","node_id":"MDY6Q29tbWl0NjU5Mjc2Nzg6MWYxODVmZDQxMmEzNWE4ZmVkNGYwOGZhNTc4YmJkZWJiZGVhNjRhZQ==","commit":{"author":{"name":"davidmigloz","email":"me@davidmiguel.com","date":"2017-01-28T19:43:36Z"},"committer":{"name":"davidmigloz","email":"me@davidmiguel.com","date":"2017-01-28T19:43:36Z"},"message":"Convert to latex point 7 #124","tree":{"sha":"ae539671a90f4933535df33ebf85ffa0f3dc4648","url":"https://api.github.com/repos/davidmigloz/go-bees/git/trees/ae539671a90f4933535df33ebf85ffa0f3dc4648"},"url":"https://api.github.com/repos/davidmigloz/go-bees/git/commits/1f185fd412a35a8fed4f08fa578bbdebbdea64ae","comment_count":0,"verification":{"verified":false,"reason":"unsigned","signature":null,"payload":null}},"url":"https://api.github.com/repos/davidmigloz/go-bees/commits/1f185fd412a35a8fed4f08fa578bbdebbdea64ae","html_url":"https://github.com/davidmigloz/go-bees/commit/1f185fd412a35a8fed4f08fa578bbdebbdea64ae","comments_url":"https://api.github.com/repos/davidmigloz/go-bees/commits/1f185fd412a35a8fed4f08fa578bbdebbdea64ae/comments","author":{"login":"davidmigloz","id":6546265,"node_id":"MDQ6VXNlcjY1NDYyNjU=","avatar_url":"https://avatars.githubusercontent.com/u/6546265?v=4","gravatar_id":"","url":"https://api.github.com/users/davidmigloz","html_url":"https://github.com/davidmigloz","followers_url":"https://api.github.com/users/davidmigloz/followers","following_url":"https://api.github.com/users/davidmigloz/following{/other_user}","gists_url":"https://api.github.com/users/davidmigloz/gists{/gist_id}","starred_url":"https://api.github.com/users/davidmigloz/starred{/owner}{/repo}","subscriptions_url":"https://api.github.com/users/davidmigloz/subscriptions","organizations_url":"https://api.github.com/users/davidmigloz/orgs","repos_url":"https://api.github.com/users/davidmigloz/repos","events_url":"https://api.github.com/users/davidmigloz/events{/privacy}","received_events_url":"https://api.github.com/users/davidmigloz/received_events","type":"User","site_admin":false},"committer":{"login":"davidmigloz","id":6546265,"node_id":"MDQ6VXNlcjY1NDYyNjU=","avatar_url":"https://avatars.githubusercontent.com/u/6546265?v=4","gravatar_id":"","url":"https://api.github.com/users/davidmigloz","html_url":"https://github.com/davidmigloz","followers_url":"https://api.github.com/users/davidmigloz/followers","following_url":"https://api.github.com/users/davidmigloz/following{/other_user}","gists_url":"https://api.github.com/users/davidmigloz/gists{/gist_id}","starred_url":"https://api.github.com/users/davidmigloz/starred{/owner}{/repo}","subscriptions_url":"https://api.github.com/users/davidmigloz/subscriptions","organizations_url":"https://api.github.com/users/davidmigloz/orgs","repos_url":"https://api.github.com/users/davidmigloz/repos","events_url":"https://api.github.com/users/davidmigloz/events{/privacy}","received_events_url":"https://api.github.com/users/davidmigloz/received_events","type":"User","site_admin":false},"parents":[{"sha":"4fe15ad8f24552ab93fd13c383f2348c7ad09ca0","url":"https://api.github.com/repos/davidmigloz/go-bees/commits/4fe15ad8f24552ab93fd13c383f2348c7ad09ca0","html_url":"https://github.com/davidmigloz/go-bees/commit/4fe15ad8f24552ab93fd13c383f2348c7ad09ca0"}]},{"sha":"4fe15ad8f24552ab93fd13c383f2348c7ad09ca0","node_id":"MDY6Q29tbWl0NjU5Mjc2Nzg6NGZlMTVhZDhmMjQ1NTJhYjkzZmQxM2MzODNmMjM0OGM3YWQwOWNhMA==","commit":{"author":{"name":"davidmigloz","email":"me@davidmiguel.com","date":"2017-01-28T01:50:42Z"},"committer":{"name":"davidmigloz","email":"me@davidmiguel.com","date":"2017-01-28T01:50:42Z"},"message":"Convert to latex point 6 #124","tree":{"sha":"379efd14e010d6fbbd839413da69bae18066851f","url":"https://api.github.com/repos/davidmigloz/go-bees/git/trees/379efd14e010d6fbbd839413da69bae18066851f"},"url":"https://api.github.com/repos/davidmigloz/go-bees/git/commits/4fe15ad8f24552ab93fd13c383f2348c7ad09ca0","comment_count":0,"verification":{"verified":false,"reason":"unsigned","signature":null,"payload":null}},"url":"https://api.github.com/repos/davidmigloz/go-bees/commits/4fe15ad8f24552ab93fd13c383f2348c7ad09ca0","html_url":"https://github.com/davidmigloz/go-bees/commit/4fe15ad8f24552ab93fd13c383f2348c7ad09ca0","comments_url":"https://api.github.com/repos/davidmigloz/go-bees/commits/4fe15ad8f24552ab93fd13c383f2348c7ad09ca0/comments","author":{"login":"davidmigloz","id":6546265,"node_id":"MDQ6VXNlcjY1NDYyNjU=","avatar_url":"https://avatars.githubusercontent.com/u/6546265?v=4","gravatar_id":"","url":"https://api.github.com/users/davidmigloz","html_url":"https://github.com/davidmigloz","followers_url":"https://api.github.com/users/davidmigloz/followers","following_url":"https://api.github.com/users/davidmigloz/following{/other_user}","gists_url":"https://api.github.com/users/davidmigloz/gists{/gist_id}","starred_url":"https://api.github.com/users/davidmigloz/starred{/owner}{/repo}","subscriptions_url":"https://api.github.com/users/davidmigloz/subscriptions","organizations_url":"https://api.github.com/users/davidmigloz/orgs","repos_url":"https://api.github.com/users/davidmigloz/repos","events_url":"https://api.github.com/users/davidmigloz/events{/privacy}","received_events_url":"https://api.github.com/users/davidmigloz/received_events","type":"User","site_admin":false},"committer":{"login":"davidmigloz","id":6546265,"node_id":"MDQ6VXNlcjY1NDYyNjU=","avatar_url":"https://avatars.githubusercontent.com/u/6546265?v=4","gravatar_id":"","url":"https://api.github.com/users/davidmigloz","html_url":"https://github.com/davidmigloz","followers_url":"https://api.github.com/users/davidmigloz/followers","following_url":"https://api.github.com/users/davidmigloz/following{/other_user}","gists_url":"https://api.github.com/users/davidmigloz/gists{/gist_id}","starred_url":"https://api.github.com/users/davidmigloz/starred{/owner}{/repo}","subscriptions_url":"https://api.github.com/users/davidmigloz/subscriptions","organizations_url":"https://api.github.com/users/davidmigloz/orgs","repos_url":"https://api.github.com/users/davidmigloz/repos","events_url":"https://api.github.com/users/davidmigloz/events{/privacy}","received_events_url":"https://api.github.com/users/davidmigloz/received_events","type":"User","site_admin":false},"parents":[{"sha":"937d88847c3795b35fe5b62fdb860cf9f1c75f2b","url":"https://api.github.com/repos/davidmigloz/go-bees/commits/937d88847c3795b35fe5b62fdb860cf9f1c75f2b","html_url":"https://github.com/davidmigloz/go-bees/commit/937d88847c3795b35fe5b62fdb860cf9f1c75f2b"}]},{"sha":"937d88847c3795b35fe5b62fdb860cf9f1c75f2b","node_id":"MDY6Q29tbWl0NjU5Mjc2Nzg6OTM3ZDg4ODQ3YzM3OTViMzVmZTViNjJmZGI4NjBjZjlmMWM3NWYyYg==","commit":{"author":{"name":"davidmigloz","email":"me@davidmiguel.com","date":"2017-01-27T23:50:42Z"},"committer":{"name":"davidmigloz","email":"me@davidmiguel.com","date":"2017-01-27T23:50:42Z"},"message":"Convert to latex point 5 #124","tree":{"sha":"685333a8e9184d9c145bd23d888358b59315113b","url":"https://api.github.com/repos/davidmigloz/go-bees/git/trees/685333a8e9184d9c145bd23d888358b59315113b"},"url":"https://api.github.com/repos/davidmigloz/go-bees/git/commits/937d88847c3795b35fe5b62fdb860cf9f1c75f2b","comment_count":0,"verification":{"verified":false,"reason":"unsigned","signature":null,"payload":null}},"url":"https://api.github.com/repos/davidmigloz/go-bees/commits/937d88847c3795b35fe5b62fdb860cf9f1c75f2b","html_url":"https://github.com/davidmigloz/go-bees/commit/937d88847c3795b35fe5b62fdb860cf9f1c75f2b","comments_url":"https://api.github.com/repos/davidmigloz/go-bees/commits/937d88847c3795b35fe5b62fdb860cf9f1c75f2b/comments","author":{"login":"davidmigloz","id":6546265,"node_id":"MDQ6VXNlcjY1NDYyNjU=","avatar_url":"https://avatars.githubusercontent.com/u/6546265?v=4","gravatar_id":"","url":"https://api.github.com/users/davidmigloz","html_url":"https://github.com/davidmigloz","followers_url":"https://api.github.com/users/davidmigloz/followers","following_url":"https://api.github.com/users/davidmigloz/following{/other_user}","gists_url":"https://api.github.com/users/davidmigloz/gists{/gist_id}","starred_url":"https://api.github.com/users/davidmigloz/starred{/owner}{/repo}","subscriptions_url":"https://api.github.com/users/davidmigloz/subscriptions","organizations_url":"https://api.github.com/users/davidmigloz/orgs","repos_url":"https://api.github.com/users/davidmigloz/repos","events_url":"https://api.github.com/users/davidmigloz/events{/privacy}","received_events_url":"https://api.github.com/users/davidmigloz/received_events","type":"User","site_admin":false},"committer":{"login":"davidmigloz","id":6546265,"node_id":"MDQ6VXNlcjY1NDYyNjU=","avatar_url":"https://avatars.githubusercontent.com/u/6546265?v=4","gravatar_id":"","url":"https://api.github.com/users/davidmigloz","html_url":"https://github.com/davidmigloz","followers_url":"https://api.github.com/users/davidmigloz/followers","following_url":"https://api.github.com/users/davidmigloz/following{/other_user}","gists_url":"https://api.github.com/users/davidmigloz/gists{/gist_id}","starred_url":"https://api.github.com/users/davidmigloz/starred{/owner}{/repo}","subscriptions_url":"https://api.github.com/users/davidmigloz/subscriptions","organizations_url":"https://api.github.com/users/davidmigloz/orgs","repos_url":"https://api.github.com/users/davidmigloz/repos","events_url":"https://api.github.com/users/davidmigloz/events{/privacy}","received_events_url":"https://api.github.com/users/davidmigloz/received_events","type":"User","site_admin":false},"parents":[{"sha":"3b9529eea693e0bb55a5bc3a7a4f80f2b17341e0","url":"https://api.github.com/repos/davidmigloz/go-bees/commits/3b9529eea693e0bb55a5bc3a7a4f80f2b17341e0","html_url":"https://github.com/davidmigloz/go-bees/commit/3b9529eea693e0bb55a5bc3a7a4f80f2b17341e0"}]},{"sha":"3b9529eea693e0bb55a5bc3a7a4f80f2b17341e0","node_id":"MDY6Q29tbWl0NjU5Mjc2Nzg6M2I5NTI5ZWVhNjkzZTBiYjU1YTViYzNhN2E0ZjgwZjJiMTczNDFlMA==","commit":{"author":{"name":"davidmigloz","email":"me@davidmiguel.com","date":"2017-01-27T14:20:21Z"},"committer":{"name":"davidmigloz","email":"me@davidmiguel.com","date":"2017-01-27T14:20:21Z"},"message":"Document Sprint 16 #177","tree":{"sha":"eda0111040e29be3e57fc9327ac7f41ccd5e71f5","url":"https://api.github.com/repos/davidmigloz/go-bees/git/trees/eda0111040e29be3e57fc9327ac7f41ccd5e71f5"},"url":"https://api.github.com/repos/davidmigloz/go-bees/git/commits/3b9529eea693e0bb55a5bc3a7a4f80f2b17341e0","comment_count":0,"verification":{"verified":false,"reason":"unsigned","signature":null,"payload":null}},"url":"https://api.github.com/repos/davidmigloz/go-bees/commits/3b9529eea693e0bb55a5bc3a7a4f80f2b17341e0","html_url":"https://github.com/davidmigloz/go-bees/commit/3b9529eea693e0bb55a5bc3a7a4f80f2b17341e0","comments_url":"https://api.github.com/repos/davidmigloz/go-bees/commits/3b9529eea693e0bb55a5bc3a7a4f80f2b17341e0/comments","author":{"login":"davidmigloz","id":6546265,"node_id":"MDQ6VXNlcjY1NDYyNjU=","avatar_url":"https://avatars.githubusercontent.com/u/6546265?v=4","gravatar_id":"","url":"https://api.github.com/users/davidmigloz","html_url":"https://github.com/davidmigloz","followers_url":"https://api.github.com/users/davidmigloz/followers","following_url":"https://api.github.com/users/davidmigloz/following{/other_user}","gists_url":"https://api.github.com/users/davidmigloz/gists{/gist_id}","starred_url":"https://api.github.com/users/davidmigloz/starred{/owner}{/repo}","subscriptions_url":"https://api.github.com/users/davidmigloz/subscriptions","organizations_url":"https://api.github.com/users/davidmigloz/orgs","repos_url":"https://api.github.com/users/davidmigloz/repos","events_url":"https://api.github.com/users/davidmigloz/events{/privacy}","received_events_url":"https://api.github.com/users/davidmigloz/received_events","type":"User","site_admin":false},"committer":{"login":"davidmigloz","id":6546265,"node_id":"MDQ6VXNlcjY1NDYyNjU=","avatar_url":"https://avatars.githubusercontent.com/u/6546265?v=4","gravatar_id":"","url":"https://api.github.com/users/davidmigloz","html_url":"https://github.com/davidmigloz","followers_url":"https://api.github.com/users/davidmigloz/followers","following_url":"https://api.github.com/users/davidmigloz/following{/other_user}","gists_url":"https://api.github.com/users/davidmigloz/gists{/gist_id}","starred_url":"https://api.github.com/users/davidmigloz/starred{/owner}{/repo}","subscriptions_url":"https://api.github.com/users/davidmigloz/subscriptions","organizations_url":"https://api.github.com/users/davidmigloz/orgs","repos_url":"https://api.github.com/users/davidmigloz/repos","events_url":"https://api.github.com/users/davidmigloz/events{/privacy}","received_events_url":"https://api.github.com/users/davidmigloz/received_events","type":"User","site_admin":false},"parents":[{"sha":"6f2a0b6a08e10f98f3baba0b136a35dcb4e7a749","url":"https://api.github.com/repos/davidmigloz/go-bees/commits/6f2a0b6a08e10f98f3baba0b136a35dcb4e7a749","html_url":"https://github.com/davidmigloz/go-bees/commit/6f2a0b6a08e10f98f3baba0b136a35dcb4e7a749"}]},{"sha":"6f2a0b6a08e10f98f3baba0b136a35dcb4e7a749","node_id":"MDY6Q29tbWl0NjU5Mjc2Nzg6NmYyYTBiNmEwOGUxMGY5OGYzYmFiYTBiMTM2YTM1ZGNiNGU3YTc0OQ==","commit":{"author":{"name":"davidmigloz","email":"me@davidmiguel.com","date":"2017-01-27T13:46:45Z"},"committer":{"name":"davidmigloz","email":"me@davidmiguel.com","date":"2017-01-27T13:46:45Z"},"message":"Minor changes","tree":{"sha":"84e5ad6805c9d60184c7d3382147e03d5b3eb355","url":"https://api.github.com/repos/davidmigloz/go-bees/git/trees/84e5ad6805c9d60184c7d3382147e03d5b3eb355"},"url":"https://api.github.com/repos/davidmigloz/go-bees/git/commits/6f2a0b6a08e10f98f3baba0b136a35dcb4e7a749","comment_count":0,"verification":{"verified":false,"reason":"unsigned","signature":null,"payload":null}},"url":"https://api.github.com/repos/davidmigloz/go-bees/commits/6f2a0b6a08e10f98f3baba0b136a35dcb4e7a749","html_url":"https://github.com/davidmigloz/go-bees/commit/6f2a0b6a08e10f98f3baba0b136a35dcb4e7a749","comments_url":"https://api.github.com/repos/davidmigloz/go-bees/commits/6f2a0b6a08e10f98f3baba0b136a35dcb4e7a749/comments","author":{"login":"davidmigloz","id":6546265,"node_id":"MDQ6VXNlcjY1NDYyNjU=","avatar_url":"https://avatars.githubusercontent.com/u/6546265?v=4","gravatar_id":"","url":"https://api.github.com/users/davidmigloz","html_url":"https://github.com/davidmigloz","followers_url":"https://api.github.com/users/davidmigloz/followers","following_url":"https://api.github.com/users/davidmigloz/following{/other_user}","gists_url":"https://api.github.com/users/davidmigloz/gists{/gist_id}","starred_url":"https://api.github.com/users/davidmigloz/starred{/owner}{/repo}","subscriptions_url":"https://api.github.com/users/davidmigloz/subscriptions","organizations_url":"https://api.github.com/users/davidmigloz/orgs","repos_url":"https://api.github.com/users/davidmigloz/repos","events_url":"https://api.github.com/users/davidmigloz/events{/privacy}","received_events_url":"https://api.github.com/users/davidmigloz/received_events","type":"User","site_admin":false},"committer":{"login":"davidmigloz","id":6546265,"node_id":"MDQ6VXNlcjY1NDYyNjU=","avatar_url":"https://avatars.githubusercontent.com/u/6546265?v=4","gravatar_id":"","url":"https://api.github.com/users/davidmigloz","html_url":"https://github.com/davidmigloz","followers_url":"https://api.github.com/users/davidmigloz/followers","following_url":"https://api.github.com/users/davidmigloz/following{/other_user}","gists_url":"https://api.github.com/users/davidmigloz/gists{/gist_id}","starred_url":"https://api.github.com/users/davidmigloz/starred{/owner}{/repo}","subscriptions_url":"https://api.github.com/users/davidmigloz/subscriptions","organizations_url":"https://api.github.com/users/davidmigloz/orgs","repos_url":"https://api.github.com/users/davidmigloz/repos","events_url":"https://api.github.com/users/davidmigloz/events{/privacy}","received_events_url":"https://api.github.com/users/davidmigloz/received_events","type":"User","site_admin":false},"parents":[{"sha":"c9075605285d7a60f9272c53ba74ee637abbda46","url":"https://api.github.com/repos/davidmigloz/go-bees/commits/c9075605285d7a60f9272c53ba74ee637abbda46","html_url":"https://github.com/davidmigloz/go-bees/commit/c9075605285d7a60f9272c53ba74ee637abbda46"}]},{"sha":"c9075605285d7a60f9272c53ba74ee637abbda46","node_id":"MDY6Q29tbWl0NjU5Mjc2Nzg6YzkwNzU2MDUyODVkN2E2MGY5MjcyYzUzYmE3NGVlNjM3YWJiZGE0Ng==","commit":{"author":{"name":"davidmigloz","email":"me@davidmiguel.com","date":"2017-01-27T13:08:58Z"},"committer":{"name":"davidmigloz","email":"me@davidmiguel.com","date":"2017-01-27T13:08:58Z"},"message":"Fix charts 178","tree":{"sha":"f8bbea4c7d753e05c2feee80cd892e35494e8b73","url":"https://api.github.com/repos/davidmigloz/go-bees/git/trees/f8bbea4c7d753e05c2feee80cd892e35494e8b73"},"url":"https://api.github.com/repos/davidmigloz/go-bees/git/commits/c9075605285d7a60f9272c53ba74ee637abbda46","comment_count":0,"verification":{"verified":false,"reason":"unsigned","signature":null,"payload":null}},"url":"https://api.github.com/repos/davidmigloz/go-bees/commits/c9075605285d7a60f9272c53ba74ee637abbda46","html_url":"https://github.com/davidmigloz/go-bees/commit/c9075605285d7a60f9272c53ba74ee637abbda46","comments_url":"https://api.github.com/repos/davidmigloz/go-bees/commits/c9075605285d7a60f9272c53ba74ee637abbda46/comments","author":{"login":"davidmigloz","id":6546265,"node_id":"MDQ6VXNlcjY1NDYyNjU=","avatar_url":"https://avatars.githubusercontent.com/u/6546265?v=4","gravatar_id":"","url":"https://api.github.com/users/davidmigloz","html_url":"https://github.com/davidmigloz","followers_url":"https://api.github.com/users/davidmigloz/followers","following_url":"https://api.github.com/users/davidmigloz/following{/other_user}","gists_url":"https://api.github.com/users/davidmigloz/gists{/gist_id}","starred_url":"https://api.github.com/users/davidmigloz/starred{/owner}{/repo}","subscriptions_url":"https://api.github.com/users/davidmigloz/subscriptions","organizations_url":"https://api.github.com/users/davidmigloz/orgs","repos_url":"https://api.github.com/users/davidmigloz/repos","events_url":"https://api.github.com/users/davidmigloz/events{/privacy}","received_events_url":"https://api.github.com/users/davidmigloz/received_events","type":"User","site_admin":false},"committer":{"login":"davidmigloz","id":6546265,"node_id":"MDQ6VXNlcjY1NDYyNjU=","avatar_url":"https://avatars.githubusercontent.com/u/6546265?v=4","gravatar_id":"","url":"https://api.github.com/users/davidmigloz","html_url":"https://github.com/davidmigloz","followers_url":"https://api.github.com/users/davidmigloz/followers","following_url":"https://api.github.com/users/davidmigloz/following{/other_user}","gists_url":"https://api.github.com/users/davidmigloz/gists{/gist_id}","starred_url":"https://api.github.com/users/davidmigloz/starred{/owner}{/repo}","subscriptions_url":"https://api.github.com/users/davidmigloz/subscriptions","organizations_url":"https://api.github.com/users/davidmigloz/orgs","repos_url":"https://api.github.com/users/davidmigloz/repos","events_url":"https://api.github.com/users/davidmigloz/events{/privacy}","received_events_url":"https://api.github.com/users/davidmigloz/received_events","type":"User","site_admin":false},"parents":[{"sha":"452673b9612ee60b5a8cec894a62154bcee2bcd5","url":"https://api.github.com/repos/davidmigloz/go-bees/commits/452673b9612ee60b5a8cec894a62154bcee2bcd5","html_url":"https://github.com/davidmigloz/go-bees/commit/452673b9612ee60b5a8cec894a62154bcee2bcd5"}]},{"sha":"452673b9612ee60b5a8cec894a62154bcee2bcd5","node_id":"MDY6Q29tbWl0NjU5Mjc2Nzg6NDUyNjczYjk2MTJlZTYwYjVhOGNlYzg5NGE2MjE1NGJjZWUyYmNkNQ==","commit":{"author":{"name":"davidmigloz","email":"me@davidmiguel.com","date":"2017-01-27T12:31:15Z"},"committer":{"name":"davidmigloz","email":"me@davidmiguel.com","date":"2017-01-27T12:31:15Z"},"message":"Minor fixes","tree":{"sha":"bbc36bbdc0f3d86e25caf473749d2180fed5265c","url":"https://api.github.com/repos/davidmigloz/go-bees/git/trees/bbc36bbdc0f3d86e25caf473749d2180fed5265c"},"url":"https://api.github.com/repos/davidmigloz/go-bees/git/commits/452673b9612ee60b5a8cec894a62154bcee2bcd5","comment_count":0,"verification":{"verified":false,"reason":"unsigned","signature":null,"payload":null}},"url":"https://api.github.com/repos/davidmigloz/go-bees/commits/452673b9612ee60b5a8cec894a62154bcee2bcd5","html_url":"https://github.com/davidmigloz/go-bees/commit/452673b9612ee60b5a8cec894a62154bcee2bcd5","comments_url":"https://api.github.com/repos/davidmigloz/go-bees/commits/452673b9612ee60b5a8cec894a62154bcee2bcd5/comments","author":{"login":"davidmigloz","id":6546265,"node_id":"MDQ6VXNlcjY1NDYyNjU=","avatar_url":"https://avatars.githubusercontent.com/u/6546265?v=4","gravatar_id":"","url":"https://api.github.com/users/davidmigloz","html_url":"https://github.com/davidmigloz","followers_url":"https://api.github.com/users/davidmigloz/followers","following_url":"https://api.github.com/users/davidmigloz/following{/other_user}","gists_url":"https://api.github.com/users/davidmigloz/gists{/gist_id}","starred_url":"https://api.github.com/users/davidmigloz/starred{/owner}{/repo}","subscriptions_url":"https://api.github.com/users/davidmigloz/subscriptions","organizations_url":"https://api.github.com/users/davidmigloz/orgs","repos_url":"https://api.github.com/users/davidmigloz/repos","events_url":"https://api.github.com/users/davidmigloz/events{/privacy}","received_events_url":"https://api.github.com/users/davidmigloz/received_events","type":"User","site_admin":false},"committer":{"login":"davidmigloz","id":6546265,"node_id":"MDQ6VXNlcjY1NDYyNjU=","avatar_url":"https://avatars.githubusercontent.com/u/6546265?v=4","gravatar_id":"","url":"https://api.github.com/users/davidmigloz","html_url":"https://github.com/davidmigloz","followers_url":"https://api.github.com/users/davidmigloz/followers","following_url":"https://api.github.com/users/davidmigloz/following{/other_user}","gists_url":"https://api.github.com/users/davidmigloz/gists{/gist_id}","starred_url":"https://api.github.com/users/davidmigloz/starred{/owner}{/repo}","subscriptions_url":"https://api.github.com/users/davidmigloz/subscriptions","organizations_url":"https://api.github.com/users/davidmigloz/orgs","repos_url":"https://api.github.com/users/davidmigloz/repos","events_url":"https://api.github.com/users/davidmigloz/events{/privacy}","received_events_url":"https://api.github.com/users/davidmigloz/received_events","type":"User","site_admin":false},"parents":[{"sha":"3b375803383915850bc7df6ba61b2aed01a35772","url":"https://api.github.com/repos/davidmigloz/go-bees/commits/3b375803383915850bc7df6ba61b2aed01a35772","html_url":"https://github.com/davidmigloz/go-bees/commit/3b375803383915850bc7df6ba61b2aed01a35772"}]},{"sha":"3b375803383915850bc7df6ba61b2aed01a35772","node_id":"MDY6Q29tbWl0NjU5Mjc2Nzg6M2IzNzU4MDMzODM5MTU4NTBiYzdkZjZiYTYxYjJhZWQwMWEzNTc3Mg==","commit":{"author":{"name":"davidmigloz","email":"me@davidmiguel.com","date":"2017-01-27T00:44:54Z"},"committer":{"name":"davidmigloz","email":"me@davidmiguel.com","date":"2017-01-27T00:44:54Z"},"message":"Minor fixes","tree":{"sha":"1957c5b7052b408d20c28d7f5d7bfd8c10d4b7d8","url":"https://api.github.com/repos/davidmigloz/go-bees/git/trees/1957c5b7052b408d20c28d7f5d7bfd8c10d4b7d8"},"url":"https://api.github.com/repos/davidmigloz/go-bees/git/commits/3b375803383915850bc7df6ba61b2aed01a35772","comment_count":0,"verification":{"verified":false,"reason":"unsigned","signature":null,"payload":null}},"url":"https://api.github.com/repos/davidmigloz/go-bees/commits/3b375803383915850bc7df6ba61b2aed01a35772","html_url":"https://github.com/davidmigloz/go-bees/commit/3b375803383915850bc7df6ba61b2aed01a35772","comments_url":"https://api.github.com/repos/davidmigloz/go-bees/commits/3b375803383915850bc7df6ba61b2aed01a35772/comments","author":{"login":"davidmigloz","id":6546265,"node_id":"MDQ6VXNlcjY1NDYyNjU=","avatar_url":"https://avatars.githubusercontent.com/u/6546265?v=4","gravatar_id":"","url":"https://api.github.com/users/davidmigloz","html_url":"https://github.com/davidmigloz","followers_url":"https://api.github.com/users/davidmigloz/followers","following_url":"https://api.github.com/users/davidmigloz/following{/other_user}","gists_url":"https://api.github.com/users/davidmigloz/gists{/gist_id}","starred_url":"https://api.github.com/users/davidmigloz/starred{/owner}{/repo}","subscriptions_url":"https://api.github.com/users/davidmigloz/subscriptions","organizations_url":"https://api.github.com/users/davidmigloz/orgs","repos_url":"https://api.github.com/users/davidmigloz/repos","events_url":"https://api.github.com/users/davidmigloz/events{/privacy}","received_events_url":"https://api.github.com/users/davidmigloz/received_events","type":"User","site_admin":false},"committer":{"login":"davidmigloz","id":6546265,"node_id":"MDQ6VXNlcjY1NDYyNjU=","avatar_url":"https://avatars.githubusercontent.com/u/6546265?v=4","gravatar_id":"","url":"https://api.github.com/users/davidmigloz","html_url":"https://github.com/davidmigloz","followers_url":"https://api.github.com/users/davidmigloz/followers","following_url":"https://api.github.com/users/davidmigloz/following{/other_user}","gists_url":"https://api.github.com/users/davidmigloz/gists{/gist_id}","starred_url":"https://api.github.com/users/davidmigloz/starred{/owner}{/repo}","subscriptions_url":"https://api.github.com/users/davidmigloz/subscriptions","organizations_url":"https://api.github.com/users/davidmigloz/orgs","repos_url":"https://api.github.com/users/davidmigloz/repos","events_url":"https://api.github.com/users/davidmigloz/events{/privacy}","received_events_url":"https://api.github.com/users/davidmigloz/received_events","type":"User","site_admin":false},"parents":[{"sha":"9e96b3cc1316702e295429576081ac054e994c48","url":"https://api.github.com/repos/davidmigloz/go-bees/commits/9e96b3cc1316702e295429576081ac054e994c48","html_url":"https://github.com/davidmigloz/go-bees/commit/9e96b3cc1316702e295429576081ac054e994c48"}]},{"sha":"9e96b3cc1316702e295429576081ac054e994c48","node_id":"MDY6Q29tbWl0NjU5Mjc2Nzg6OWU5NmIzY2MxMzE2NzAyZTI5NTQyOTU3NjA4MWFjMDU0ZTk5NGM0OA==","commit":{"author":{"name":"davidmigloz","email":"me@davidmiguel.com","date":"2017-01-26T23:55:38Z"},"committer":{"name":"davidmigloz","email":"me@davidmiguel.com","date":"2017-01-26T23:55:38Z"},"message":"Convert to latex point 4 #124","tree":{"sha":"d026fe1140e7d1648e3b7e40da24b51043340454","url":"https://api.github.com/repos/davidmigloz/go-bees/git/trees/d026fe1140e7d1648e3b7e40da24b51043340454"},"url":"https://api.github.com/repos/davidmigloz/go-bees/git/commits/9e96b3cc1316702e295429576081ac054e994c48","comment_count":0,"verification":{"verified":false,"reason":"unsigned","signature":null,"payload":null}},"url":"https://api.github.com/repos/davidmigloz/go-bees/commits/9e96b3cc1316702e295429576081ac054e994c48","html_url":"https://github.com/davidmigloz/go-bees/commit/9e96b3cc1316702e295429576081ac054e994c48","comments_url":"https://api.github.com/repos/davidmigloz/go-bees/commits/9e96b3cc1316702e295429576081ac054e994c48/comments","author":{"login":"davidmigloz","id":6546265,"node_id":"MDQ6VXNlcjY1NDYyNjU=","avatar_url":"https://avatars.githubusercontent.com/u/6546265?v=4","gravatar_id":"","url":"https://api.github.com/users/davidmigloz","html_url":"https://github.com/davidmigloz","followers_url":"https://api.github.com/users/davidmigloz/followers","following_url":"https://api.github.com/users/davidmigloz/following{/other_user}","gists_url":"https://api.github.com/users/davidmigloz/gists{/gist_id}","starred_url":"https://api.github.com/users/davidmigloz/starred{/owner}{/repo}","subscriptions_url":"https://api.github.com/users/davidmigloz/subscriptions","organizations_url":"https://api.github.com/users/davidmigloz/orgs","repos_url":"https://api.github.com/users/davidmigloz/repos","events_url":"https://api.github.com/users/davidmigloz/events{/privacy}","received_events_url":"https://api.github.com/users/davidmigloz/received_events","type":"User","site_admin":false},"committer":{"login":"davidmigloz","id":6546265,"node_id":"MDQ6VXNlcjY1NDYyNjU=","avatar_url":"https://avatars.githubusercontent.com/u/6546265?v=4","gravatar_id":"","url":"https://api.github.com/users/davidmigloz","html_url":"https://github.com/davidmigloz","followers_url":"https://api.github.com/users/davidmigloz/followers","following_url":"https://api.github.com/users/davidmigloz/following{/other_user}","gists_url":"https://api.github.com/users/davidmigloz/gists{/gist_id}","starred_url":"https://api.github.com/users/davidmigloz/starred{/owner}{/repo}","subscriptions_url":"https://api.github.com/users/davidmigloz/subscriptions","organizations_url":"https://api.github.com/users/davidmigloz/orgs","repos_url":"https://api.github.com/users/davidmigloz/repos","events_url":"https://api.github.com/users/davidmigloz/events{/privacy}","received_events_url":"https://api.github.com/users/davidmigloz/received_events","type":"User","site_admin":false},"parents":[{"sha":"a8f439db8c247e9fb6c8506732ffbed688bebfa7","url":"https://api.github.com/repos/davidmigloz/go-bees/commits/a8f439db8c247e9fb6c8506732ffbed688bebfa7","html_url":"https://github.com/davidmigloz/go-bees/commit/a8f439db8c247e9fb6c8506732ffbed688bebfa7"}]},{"sha":"a8f439db8c247e9fb6c8506732ffbed688bebfa7","node_id":"MDY6Q29tbWl0NjU5Mjc2Nzg6YThmNDM5ZGI4YzI0N2U5ZmI2Yzg1MDY3MzJmZmJlZDY4OGJlYmZhNw==","commit":{"author":{"name":"davidmigloz","email":"me@davidmiguel.com","date":"2017-01-26T01:10:29Z"},"committer":{"name":"davidmigloz","email":"me@davidmiguel.com","date":"2017-01-26T01:10:29Z"},"message":"Convert to latex point 3 #124","tree":{"sha":"1867ad38db03c35c5a81461386c0d09bccdf59d0","url":"https://api.github.com/repos/davidmigloz/go-bees/git/trees/1867ad38db03c35c5a81461386c0d09bccdf59d0"},"url":"https://api.github.com/repos/davidmigloz/go-bees/git/commits/a8f439db8c247e9fb6c8506732ffbed688bebfa7","comment_count":0,"verification":{"verified":false,"reason":"unsigned","signature":null,"payload":null}},"url":"https://api.github.com/repos/davidmigloz/go-bees/commits/a8f439db8c247e9fb6c8506732ffbed688bebfa7","html_url":"https://github.com/davidmigloz/go-bees/commit/a8f439db8c247e9fb6c8506732ffbed688bebfa7","comments_url":"https://api.github.com/repos/davidmigloz/go-bees/commits/a8f439db8c247e9fb6c8506732ffbed688bebfa7/comments","author":{"login":"davidmigloz","id":6546265,"node_id":"MDQ6VXNlcjY1NDYyNjU=","avatar_url":"https://avatars.githubusercontent.com/u/6546265?v=4","gravatar_id":"","url":"https://api.github.com/users/davidmigloz","html_url":"https://github.com/davidmigloz","followers_url":"https://api.github.com/users/davidmigloz/followers","following_url":"https://api.github.com/users/davidmigloz/following{/other_user}","gists_url":"https://api.github.com/users/davidmigloz/gists{/gist_id}","starred_url":"https://api.github.com/users/davidmigloz/starred{/owner}{/repo}","subscriptions_url":"https://api.github.com/users/davidmigloz/subscriptions","organizations_url":"https://api.github.com/users/davidmigloz/orgs","repos_url":"https://api.github.com/users/davidmigloz/repos","events_url":"https://api.github.com/users/davidmigloz/events{/privacy}","received_events_url":"https://api.github.com/users/davidmigloz/received_events","type":"User","site_admin":false},"committer":{"login":"davidmigloz","id":6546265,"node_id":"MDQ6VXNlcjY1NDYyNjU=","avatar_url":"https://avatars.githubusercontent.com/u/6546265?v=4","gravatar_id":"","url":"https://api.github.com/users/davidmigloz","html_url":"https://github.com/davidmigloz","followers_url":"https://api.github.com/users/davidmigloz/followers","following_url":"https://api.github.com/users/davidmigloz/following{/other_user}","gists_url":"https://api.github.com/users/davidmigloz/gists{/gist_id}","starred_url":"https://api.github.com/users/davidmigloz/starred{/owner}{/repo}","subscriptions_url":"https://api.github.com/users/davidmigloz/subscriptions","organizations_url":"https://api.github.com/users/davidmigloz/orgs","repos_url":"https://api.github.com/users/davidmigloz/repos","events_url":"https://api.github.com/users/davidmigloz/events{/privacy}","received_events_url":"https://api.github.com/users/davidmigloz/received_events","type":"User","site_admin":false},"parents":[{"sha":"2a566da8f17696130e8b7c28b642bc36139826ee","url":"https://api.github.com/repos/davidmigloz/go-bees/commits/2a566da8f17696130e8b7c28b642bc36139826ee","html_url":"https://github.com/davidmigloz/go-bees/commit/2a566da8f17696130e8b7c28b642bc36139826ee"}]},{"sha":"2a566da8f17696130e8b7c28b642bc36139826ee","node_id":"MDY6Q29tbWl0NjU5Mjc2Nzg6MmE1NjZkYThmMTc2OTYxMzBlOGI3YzI4YjY0MmJjMzYxMzk4MjZlZQ==","commit":{"author":{"name":"davidmigloz","email":"me@davidmiguel.com","date":"2017-01-25T17:48:59Z"},"committer":{"name":"davidmigloz","email":"me@davidmiguel.com","date":"2017-01-25T17:48:59Z"},"message":"Minor fixes","tree":{"sha":"11b77b407188dc1608ccde7e3a7207e48f417660","url":"https://api.github.com/repos/davidmigloz/go-bees/git/trees/11b77b407188dc1608ccde7e3a7207e48f417660"},"url":"https://api.github.com/repos/davidmigloz/go-bees/git/commits/2a566da8f17696130e8b7c28b642bc36139826ee","comment_count":0,"verification":{"verified":false,"reason":"unsigned","signature":null,"payload":null}},"url":"https://api.github.com/repos/davidmigloz/go-bees/commits/2a566da8f17696130e8b7c28b642bc36139826ee","html_url":"https://github.com/davidmigloz/go-bees/commit/2a566da8f17696130e8b7c28b642bc36139826ee","comments_url":"https://api.github.com/repos/davidmigloz/go-bees/commits/2a566da8f17696130e8b7c28b642bc36139826ee/comments","author":{"login":"davidmigloz","id":6546265,"node_id":"MDQ6VXNlcjY1NDYyNjU=","avatar_url":"https://avatars.githubusercontent.com/u/6546265?v=4","gravatar_id":"","url":"https://api.github.com/users/davidmigloz","html_url":"https://github.com/davidmigloz","followers_url":"https://api.github.com/users/davidmigloz/followers","following_url":"https://api.github.com/users/davidmigloz/following{/other_user}","gists_url":"https://api.github.com/users/davidmigloz/gists{/gist_id}","starred_url":"https://api.github.com/users/davidmigloz/starred{/owner}{/repo}","subscriptions_url":"https://api.github.com/users/davidmigloz/subscriptions","organizations_url":"https://api.github.com/users/davidmigloz/orgs","repos_url":"https://api.github.com/users/davidmigloz/repos","events_url":"https://api.github.com/users/davidmigloz/events{/privacy}","received_events_url":"https://api.github.com/users/davidmigloz/received_events","type":"User","site_admin":false},"committer":{"login":"davidmigloz","id":6546265,"node_id":"MDQ6VXNlcjY1NDYyNjU=","avatar_url":"https://avatars.githubusercontent.com/u/6546265?v=4","gravatar_id":"","url":"https://api.github.com/users/davidmigloz","html_url":"https://github.com/davidmigloz","followers_url":"https://api.github.com/users/davidmigloz/followers","following_url":"https://api.github.com/users/davidmigloz/following{/other_user}","gists_url":"https://api.github.com/users/davidmigloz/gists{/gist_id}","starred_url":"https://api.github.com/users/davidmigloz/starred{/owner}{/repo}","subscriptions_url":"https://api.github.com/users/davidmigloz/subscriptions","organizations_url":"https://api.github.com/users/davidmigloz/orgs","repos_url":"https://api.github.com/users/davidmigloz/repos","events_url":"https://api.github.com/users/davidmigloz/events{/privacy}","received_events_url":"https://api.github.com/users/davidmigloz/received_events","type":"User","site_admin":false},"parents":[{"sha":"e34ee575fc16f309312fb5d927bda29c756b52f7","url":"https://api.github.com/repos/davidmigloz/go-bees/commits/e34ee575fc16f309312fb5d927bda29c756b52f7","html_url":"https://github.com/davidmigloz/go-bees/commit/e34ee575fc16f309312fb5d927bda29c756b52f7"}]},{"sha":"e34ee575fc16f309312fb5d927bda29c756b52f7","node_id":"MDY6Q29tbWl0NjU5Mjc2Nzg6ZTM0ZWU1NzVmYzE2ZjMwOTMxMmZiNWQ5MjdiZGEyOWM3NTZiNTJmNw==","commit":{"author":{"name":"davidmigloz","email":"me@davidmiguel.com","date":"2017-01-25T15:11:49Z"},"committer":{"name":"davidmigloz","email":"me@davidmiguel.com","date":"2017-01-25T15:11:49Z"},"message":"Convert to latex points 1 and 2 #124","tree":{"sha":"f7ede40a3c3798f804efa0a54dc9a42ce76d4076","url":"https://api.github.com/repos/davidmigloz/go-bees/git/trees/f7ede40a3c3798f804efa0a54dc9a42ce76d4076"},"url":"https://api.github.com/repos/davidmigloz/go-bees/git/commits/e34ee575fc16f309312fb5d927bda29c756b52f7","comment_count":0,"verification":{"verified":false,"reason":"unsigned","signature":null,"payload":null}},"url":"https://api.github.com/repos/davidmigloz/go-bees/commits/e34ee575fc16f309312fb5d927bda29c756b52f7","html_url":"https://github.com/davidmigloz/go-bees/commit/e34ee575fc16f309312fb5d927bda29c756b52f7","comments_url":"https://api.github.com/repos/davidmigloz/go-bees/commits/e34ee575fc16f309312fb5d927bda29c756b52f7/comments","author":{"login":"davidmigloz","id":6546265,"node_id":"MDQ6VXNlcjY1NDYyNjU=","avatar_url":"https://avatars.githubusercontent.com/u/6546265?v=4","gravatar_id":"","url":"https://api.github.com/users/davidmigloz","html_url":"https://github.com/davidmigloz","followers_url":"https://api.github.com/users/davidmigloz/followers","following_url":"https://api.github.com/users/davidmigloz/following{/other_user}","gists_url":"https://api.github.com/users/davidmigloz/gists{/gist_id}","starred_url":"https://api.github.com/users/davidmigloz/starred{/owner}{/repo}","subscriptions_url":"https://api.github.com/users/davidmigloz/subscriptions","organizations_url":"https://api.github.com/users/davidmigloz/orgs","repos_url":"https://api.github.com/users/davidmigloz/repos","events_url":"https://api.github.com/users/davidmigloz/events{/privacy}","received_events_url":"https://api.github.com/users/davidmigloz/received_events","type":"User","site_admin":false},"committer":{"login":"davidmigloz","id":6546265,"node_id":"MDQ6VXNlcjY1NDYyNjU=","avatar_url":"https://avatars.githubusercontent.com/u/6546265?v=4","gravatar_id":"","url":"https://api.github.com/users/davidmigloz","html_url":"https://github.com/davidmigloz","followers_url":"https://api.github.com/users/davidmigloz/followers","following_url":"https://api.github.com/users/davidmigloz/following{/other_user}","gists_url":"https://api.github.com/users/davidmigloz/gists{/gist_id}","starred_url":"https://api.github.com/users/davidmigloz/starred{/owner}{/repo}","subscriptions_url":"https://api.github.com/users/davidmigloz/subscriptions","organizations_url":"https://api.github.com/users/davidmigloz/orgs","repos_url":"https://api.github.com/users/davidmigloz/repos","events_url":"https://api.github.com/users/davidmigloz/events{/privacy}","received_events_url":"https://api.github.com/users/davidmigloz/received_events","type":"User","site_admin":false},"parents":[{"sha":"b15f3e86c3007d75a41ac3cb53db77ec9e79816b","url":"https://api.github.com/repos/davidmigloz/go-bees/commits/b15f3e86c3007d75a41ac3cb53db77ec9e79816b","html_url":"https://github.com/davidmigloz/go-bees/commit/b15f3e86c3007d75a41ac3cb53db77ec9e79816b"}]},{"sha":"b15f3e86c3007d75a41ac3cb53db77ec9e79816b","node_id":"MDY6Q29tbWl0NjU5Mjc2Nzg6YjE1ZjNlODZjMzAwN2Q3NWE0MWFjM2NiNTNkYjc3ZWM5ZTc5ODE2Yg==","commit":{"author":{"name":"davidmigloz","email":"me@davidmiguel.com","date":"2017-01-24T23:56:18Z"},"committer":{"name":"davidmigloz","email":"me@davidmiguel.com","date":"2017-01-24T23:56:18Z"},"message":"Enter coordinates manually #175","tree":{"sha":"827ed09500ffbdafd5321eb595723aa4739327f2","url":"https://api.github.com/repos/davidmigloz/go-bees/git/trees/827ed09500ffbdafd5321eb595723aa4739327f2"},"url":"https://api.github.com/repos/davidmigloz/go-bees/git/commits/b15f3e86c3007d75a41ac3cb53db77ec9e79816b","comment_count":0,"verification":{"verified":false,"reason":"unsigned","signature":null,"payload":null}},"url":"https://api.github.com/repos/davidmigloz/go-bees/commits/b15f3e86c3007d75a41ac3cb53db77ec9e79816b","html_url":"https://github.com/davidmigloz/go-bees/commit/b15f3e86c3007d75a41ac3cb53db77ec9e79816b","comments_url":"https://api.github.com/repos/davidmigloz/go-bees/commits/b15f3e86c3007d75a41ac3cb53db77ec9e79816b/comments","author":{"login":"davidmigloz","id":6546265,"node_id":"MDQ6VXNlcjY1NDYyNjU=","avatar_url":"https://avatars.githubusercontent.com/u/6546265?v=4","gravatar_id":"","url":"https://api.github.com/users/davidmigloz","html_url":"https://github.com/davidmigloz","followers_url":"https://api.github.com/users/davidmigloz/followers","following_url":"https://api.github.com/users/davidmigloz/following{/other_user}","gists_url":"https://api.github.com/users/davidmigloz/gists{/gist_id}","starred_url":"https://api.github.com/users/davidmigloz/starred{/owner}{/repo}","subscriptions_url":"https://api.github.com/users/davidmigloz/subscriptions","organizations_url":"https://api.github.com/users/davidmigloz/orgs","repos_url":"https://api.github.com/users/davidmigloz/repos","events_url":"https://api.github.com/users/davidmigloz/events{/privacy}","received_events_url":"https://api.github.com/users/davidmigloz/received_events","type":"User","site_admin":false},"committer":{"login":"davidmigloz","id":6546265,"node_id":"MDQ6VXNlcjY1NDYyNjU=","avatar_url":"https://avatars.githubusercontent.com/u/6546265?v=4","gravatar_id":"","url":"https://api.github.com/users/davidmigloz","html_url":"https://github.com/davidmigloz","followers_url":"https://api.github.com/users/davidmigloz/followers","following_url":"https://api.github.com/users/davidmigloz/following{/other_user}","gists_url":"https://api.github.com/users/davidmigloz/gists{/gist_id}","starred_url":"https://api.github.com/users/davidmigloz/starred{/owner}{/repo}","subscriptions_url":"https://api.github.com/users/davidmigloz/subscriptions","organizations_url":"https://api.github.com/users/davidmigloz/orgs","repos_url":"https://api.github.com/users/davidmigloz/repos","events_url":"https://api.github.com/users/davidmigloz/events{/privacy}","received_events_url":"https://api.github.com/users/davidmigloz/received_events","type":"User","site_admin":false},"parents":[{"sha":"a388d08d6a4d014782f21553a593d92524812c16","url":"https://api.github.com/repos/davidmigloz/go-bees/commits/a388d08d6a4d014782f21553a593d92524812c16","html_url":"https://github.com/davidmigloz/go-bees/commit/a388d08d6a4d014782f21553a593d92524812c16"}]},{"sha":"a388d08d6a4d014782f21553a593d92524812c16","node_id":"MDY6Q29tbWl0NjU5Mjc2Nzg6YTM4OGQwOGQ2YTRkMDE0NzgyZjIxNTUzYTU5M2Q5MjUyNDgxMmMxNg==","commit":{"author":{"name":"davidmigloz","email":"me@davidmiguel.com","date":"2017-01-24T02:09:06Z"},"committer":{"name":"davidmigloz","email":"me@davidmiguel.com","date":"2017-01-24T02:09:06Z"},"message":"Minor fix #174","tree":{"sha":"a9a71809aae0bc64f97775195bfa2f9fff42519b","url":"https://api.github.com/repos/davidmigloz/go-bees/git/trees/a9a71809aae0bc64f97775195bfa2f9fff42519b"},"url":"https://api.github.com/repos/davidmigloz/go-bees/git/commits/a388d08d6a4d014782f21553a593d92524812c16","comment_count":0,"verification":{"verified":false,"reason":"unsigned","signature":null,"payload":null}},"url":"https://api.github.com/repos/davidmigloz/go-bees/commits/a388d08d6a4d014782f21553a593d92524812c16","html_url":"https://github.com/davidmigloz/go-bees/commit/a388d08d6a4d014782f21553a593d92524812c16","comments_url":"https://api.github.com/repos/davidmigloz/go-bees/commits/a388d08d6a4d014782f21553a593d92524812c16/comments","author":{"login":"davidmigloz","id":6546265,"node_id":"MDQ6VXNlcjY1NDYyNjU=","avatar_url":"https://avatars.githubusercontent.com/u/6546265?v=4","gravatar_id":"","url":"https://api.github.com/users/davidmigloz","html_url":"https://github.com/davidmigloz","followers_url":"https://api.github.com/users/davidmigloz/followers","following_url":"https://api.github.com/users/davidmigloz/following{/other_user}","gists_url":"https://api.github.com/users/davidmigloz/gists{/gist_id}","starred_url":"https://api.github.com/users/davidmigloz/starred{/owner}{/repo}","subscriptions_url":"https://api.github.com/users/davidmigloz/subscriptions","organizations_url":"https://api.github.com/users/davidmigloz/orgs","repos_url":"https://api.github.com/users/davidmigloz/repos","events_url":"https://api.github.com/users/davidmigloz/events{/privacy}","received_events_url":"https://api.github.com/users/davidmigloz/received_events","type":"User","site_admin":false},"committer":{"login":"davidmigloz","id":6546265,"node_id":"MDQ6VXNlcjY1NDYyNjU=","avatar_url":"https://avatars.githubusercontent.com/u/6546265?v=4","gravatar_id":"","url":"https://api.github.com/users/davidmigloz","html_url":"https://github.com/davidmigloz","followers_url":"https://api.github.com/users/davidmigloz/followers","following_url":"https://api.github.com/users/davidmigloz/following{/other_user}","gists_url":"https://api.github.com/users/davidmigloz/gists{/gist_id}","starred_url":"https://api.github.com/users/davidmigloz/starred{/owner}{/repo}","subscriptions_url":"https://api.github.com/users/davidmigloz/subscriptions","organizations_url":"https://api.github.com/users/davidmigloz/orgs","repos_url":"https://api.github.com/users/davidmigloz/repos","events_url":"https://api.github.com/users/davidmigloz/events{/privacy}","received_events_url":"https://api.github.com/users/davidmigloz/received_events","type":"User","site_admin":false},"parents":[{"sha":"ac7374fb9bdc9c6a4ac4c2c814a40b584de53d70","url":"https://api.github.com/repos/davidmigloz/go-bees/commits/ac7374fb9bdc9c6a4ac4c2c814a40b584de53d70","html_url":"https://github.com/davidmigloz/go-bees/commit/ac7374fb9bdc9c6a4ac4c2c814a40b584de53d70"}]},{"sha":"ac7374fb9bdc9c6a4ac4c2c814a40b584de53d70","node_id":"MDY6Q29tbWl0NjU5Mjc2Nzg6YWM3Mzc0ZmI5YmRjOWM2YTRhYzRjMmM4MTRhNDBiNTg0ZGU1M2Q3MA==","commit":{"author":{"name":"davidmigloz","email":"me@davidmiguel.com","date":"2017-01-24T02:02:22Z"},"committer":{"name":"davidmigloz","email":"me@davidmiguel.com","date":"2017-01-24T02:02:22Z"},"message":"Document Diseno de Interfaces #174","tree":{"sha":"e9083fef60bc03ed475cd15861a34b13320bc9df","url":"https://api.github.com/repos/davidmigloz/go-bees/git/trees/e9083fef60bc03ed475cd15861a34b13320bc9df"},"url":"https://api.github.com/repos/davidmigloz/go-bees/git/commits/ac7374fb9bdc9c6a4ac4c2c814a40b584de53d70","comment_count":0,"verification":{"verified":false,"reason":"unsigned","signature":null,"payload":null}},"url":"https://api.github.com/repos/davidmigloz/go-bees/commits/ac7374fb9bdc9c6a4ac4c2c814a40b584de53d70","html_url":"https://github.com/davidmigloz/go-bees/commit/ac7374fb9bdc9c6a4ac4c2c814a40b584de53d70","comments_url":"https://api.github.com/repos/davidmigloz/go-bees/commits/ac7374fb9bdc9c6a4ac4c2c814a40b584de53d70/comments","author":{"login":"davidmigloz","id":6546265,"node_id":"MDQ6VXNlcjY1NDYyNjU=","avatar_url":"https://avatars.githubusercontent.com/u/6546265?v=4","gravatar_id":"","url":"https://api.github.com/users/davidmigloz","html_url":"https://github.com/davidmigloz","followers_url":"https://api.github.com/users/davidmigloz/followers","following_url":"https://api.github.com/users/davidmigloz/following{/other_user}","gists_url":"https://api.github.com/users/davidmigloz/gists{/gist_id}","starred_url":"https://api.github.com/users/davidmigloz/starred{/owner}{/repo}","subscriptions_url":"https://api.github.com/users/davidmigloz/subscriptions","organizations_url":"https://api.github.com/users/davidmigloz/orgs","repos_url":"https://api.github.com/users/davidmigloz/repos","events_url":"https://api.github.com/users/davidmigloz/events{/privacy}","received_events_url":"https://api.github.com/users/davidmigloz/received_events","type":"User","site_admin":false},"committer":{"login":"davidmigloz","id":6546265,"node_id":"MDQ6VXNlcjY1NDYyNjU=","avatar_url":"https://avatars.githubusercontent.com/u/6546265?v=4","gravatar_id":"","url":"https://api.github.com/users/davidmigloz","html_url":"https://github.com/davidmigloz","followers_url":"https://api.github.com/users/davidmigloz/followers","following_url":"https://api.github.com/users/davidmigloz/following{/other_user}","gists_url":"https://api.github.com/users/davidmigloz/gists{/gist_id}","starred_url":"https://api.github.com/users/davidmigloz/starred{/owner}{/repo}","subscriptions_url":"https://api.github.com/users/davidmigloz/subscriptions","organizations_url":"https://api.github.com/users/davidmigloz/orgs","repos_url":"https://api.github.com/users/davidmigloz/repos","events_url":"https://api.github.com/users/davidmigloz/events{/privacy}","received_events_url":"https://api.github.com/users/davidmigloz/received_events","type":"User","site_admin":false},"parents":[{"sha":"5be489333287b4a61feab3b887d2573d6db9b99d","url":"https://api.github.com/repos/davidmigloz/go-bees/commits/5be489333287b4a61feab3b887d2573d6db9b99d","html_url":"https://github.com/davidmigloz/go-bees/commit/5be489333287b4a61feab3b887d2573d6db9b99d"}]},{"sha":"5be489333287b4a61feab3b887d2573d6db9b99d","node_id":"MDY6Q29tbWl0NjU5Mjc2Nzg6NWJlNDg5MzMzMjg3YjRhNjFmZWFiM2I4ODdkMjU3M2Q2ZGI5Yjk5ZA==","commit":{"author":{"name":"davidmigloz","email":"me@davidmiguel.com","date":"2017-01-24T02:01:54Z"},"committer":{"name":"davidmigloz","email":"me@davidmiguel.com","date":"2017-01-24T02:01:54Z"},"message":"Document Diseno procedimental #149","tree":{"sha":"5c5e3aa14f0f148626ad1e9f70d37ac45d3bfc49","url":"https://api.github.com/repos/davidmigloz/go-bees/git/trees/5c5e3aa14f0f148626ad1e9f70d37ac45d3bfc49"},"url":"https://api.github.com/repos/davidmigloz/go-bees/git/commits/5be489333287b4a61feab3b887d2573d6db9b99d","comment_count":0,"verification":{"verified":false,"reason":"unsigned","signature":null,"payload":null}},"url":"https://api.github.com/repos/davidmigloz/go-bees/commits/5be489333287b4a61feab3b887d2573d6db9b99d","html_url":"https://github.com/davidmigloz/go-bees/commit/5be489333287b4a61feab3b887d2573d6db9b99d","comments_url":"https://api.github.com/repos/davidmigloz/go-bees/commits/5be489333287b4a61feab3b887d2573d6db9b99d/comments","author":{"login":"davidmigloz","id":6546265,"node_id":"MDQ6VXNlcjY1NDYyNjU=","avatar_url":"https://avatars.githubusercontent.com/u/6546265?v=4","gravatar_id":"","url":"https://api.github.com/users/davidmigloz","html_url":"https://github.com/davidmigloz","followers_url":"https://api.github.com/users/davidmigloz/followers","following_url":"https://api.github.com/users/davidmigloz/following{/other_user}","gists_url":"https://api.github.com/users/davidmigloz/gists{/gist_id}","starred_url":"https://api.github.com/users/davidmigloz/starred{/owner}{/repo}","subscriptions_url":"https://api.github.com/users/davidmigloz/subscriptions","organizations_url":"https://api.github.com/users/davidmigloz/orgs","repos_url":"https://api.github.com/users/davidmigloz/repos","events_url":"https://api.github.com/users/davidmigloz/events{/privacy}","received_events_url":"https://api.github.com/users/davidmigloz/received_events","type":"User","site_admin":false},"committer":{"login":"davidmigloz","id":6546265,"node_id":"MDQ6VXNlcjY1NDYyNjU=","avatar_url":"https://avatars.githubusercontent.com/u/6546265?v=4","gravatar_id":"","url":"https://api.github.com/users/davidmigloz","html_url":"https://github.com/davidmigloz","followers_url":"https://api.github.com/users/davidmigloz/followers","following_url":"https://api.github.com/users/davidmigloz/following{/other_user}","gists_url":"https://api.github.com/users/davidmigloz/gists{/gist_id}","starred_url":"https://api.github.com/users/davidmigloz/starred{/owner}{/repo}","subscriptions_url":"https://api.github.com/users/davidmigloz/subscriptions","organizations_url":"https://api.github.com/users/davidmigloz/orgs","repos_url":"https://api.github.com/users/davidmigloz/repos","events_url":"https://api.github.com/users/davidmigloz/events{/privacy}","received_events_url":"https://api.github.com/users/davidmigloz/received_events","type":"User","site_admin":false},"parents":[{"sha":"7f1d2380f49f07ec9c7c0e92372ec904a521919d","url":"https://api.github.com/repos/davidmigloz/go-bees/commits/7f1d2380f49f07ec9c7c0e92372ec904a521919d","html_url":"https://github.com/davidmigloz/go-bees/commit/7f1d2380f49f07ec9c7c0e92372ec904a521919d"}]},{"sha":"7f1d2380f49f07ec9c7c0e92372ec904a521919d","node_id":"MDY6Q29tbWl0NjU5Mjc2Nzg6N2YxZDIzODBmNDlmMDdlYzljN2MwZTkyMzcyZWM5MDRhNTIxOTE5ZA==","commit":{"author":{"name":"davidmigloz","email":"me@davidmiguel.com","date":"2017-01-24T02:01:09Z"},"committer":{"name":"davidmigloz","email":"me@davidmiguel.com","date":"2017-01-24T02:01:09Z"},"message":"Improve Diseno Arquitectonico documentation #150","tree":{"sha":"b7a587f57ce59cd25d36e573d6a8ce9d22a1d94f","url":"https://api.github.com/repos/davidmigloz/go-bees/git/trees/b7a587f57ce59cd25d36e573d6a8ce9d22a1d94f"},"url":"https://api.github.com/repos/davidmigloz/go-bees/git/commits/7f1d2380f49f07ec9c7c0e92372ec904a521919d","comment_count":0,"verification":{"verified":false,"reason":"unsigned","signature":null,"payload":null}},"url":"https://api.github.com/repos/davidmigloz/go-bees/commits/7f1d2380f49f07ec9c7c0e92372ec904a521919d","html_url":"https://github.com/davidmigloz/go-bees/commit/7f1d2380f49f07ec9c7c0e92372ec904a521919d","comments_url":"https://api.github.com/repos/davidmigloz/go-bees/commits/7f1d2380f49f07ec9c7c0e92372ec904a521919d/comments","author":{"login":"davidmigloz","id":6546265,"node_id":"MDQ6VXNlcjY1NDYyNjU=","avatar_url":"https://avatars.githubusercontent.com/u/6546265?v=4","gravatar_id":"","url":"https://api.github.com/users/davidmigloz","html_url":"https://github.com/davidmigloz","followers_url":"https://api.github.com/users/davidmigloz/followers","following_url":"https://api.github.com/users/davidmigloz/following{/other_user}","gists_url":"https://api.github.com/users/davidmigloz/gists{/gist_id}","starred_url":"https://api.github.com/users/davidmigloz/starred{/owner}{/repo}","subscriptions_url":"https://api.github.com/users/davidmigloz/subscriptions","organizations_url":"https://api.github.com/users/davidmigloz/orgs","repos_url":"https://api.github.com/users/davidmigloz/repos","events_url":"https://api.github.com/users/davidmigloz/events{/privacy}","received_events_url":"https://api.github.com/users/davidmigloz/received_events","type":"User","site_admin":false},"committer":{"login":"davidmigloz","id":6546265,"node_id":"MDQ6VXNlcjY1NDYyNjU=","avatar_url":"https://avatars.githubusercontent.com/u/6546265?v=4","gravatar_id":"","url":"https://api.github.com/users/davidmigloz","html_url":"https://github.com/davidmigloz","followers_url":"https://api.github.com/users/davidmigloz/followers","following_url":"https://api.github.com/users/davidmigloz/following{/other_user}","gists_url":"https://api.github.com/users/davidmigloz/gists{/gist_id}","starred_url":"https://api.github.com/users/davidmigloz/starred{/owner}{/repo}","subscriptions_url":"https://api.github.com/users/davidmigloz/subscriptions","organizations_url":"https://api.github.com/users/davidmigloz/orgs","repos_url":"https://api.github.com/users/davidmigloz/repos","events_url":"https://api.github.com/users/davidmigloz/events{/privacy}","received_events_url":"https://api.github.com/users/davidmigloz/received_events","type":"User","site_admin":false},"parents":[{"sha":"7225b05a4fb9dbcd380f6cd654b34dfcb0cd8963","url":"https://api.github.com/repos/davidmigloz/go-bees/commits/7225b05a4fb9dbcd380f6cd654b34dfcb0cd8963","html_url":"https://github.com/davidmigloz/go-bees/commit/7225b05a4fb9dbcd380f6cd654b34dfcb0cd8963"}]},{"sha":"7225b05a4fb9dbcd380f6cd654b34dfcb0cd8963","node_id":"MDY6Q29tbWl0NjU5Mjc2Nzg6NzIyNWIwNWE0ZmI5ZGJjZDM4MGY2Y2Q2NTRiMzRkZmNiMGNkODk2Mw==","commit":{"author":{"name":"davidmigloz","email":"me@davidmiguel.com","date":"2017-01-23T16:37:41Z"},"committer":{"name":"davidmigloz","email":"me@davidmiguel.com","date":"2017-01-23T16:37:41Z"},"message":"Add references #150","tree":{"sha":"54b2468e45ff66e926fdc86b3611a881677815a5","url":"https://api.github.com/repos/davidmigloz/go-bees/git/trees/54b2468e45ff66e926fdc86b3611a881677815a5"},"url":"https://api.github.com/repos/davidmigloz/go-bees/git/commits/7225b05a4fb9dbcd380f6cd654b34dfcb0cd8963","comment_count":0,"verification":{"verified":false,"reason":"unsigned","signature":null,"payload":null}},"url":"https://api.github.com/repos/davidmigloz/go-bees/commits/7225b05a4fb9dbcd380f6cd654b34dfcb0cd8963","html_url":"https://github.com/davidmigloz/go-bees/commit/7225b05a4fb9dbcd380f6cd654b34dfcb0cd8963","comments_url":"https://api.github.com/repos/davidmigloz/go-bees/commits/7225b05a4fb9dbcd380f6cd654b34dfcb0cd8963/comments","author":{"login":"davidmigloz","id":6546265,"node_id":"MDQ6VXNlcjY1NDYyNjU=","avatar_url":"https://avatars.githubusercontent.com/u/6546265?v=4","gravatar_id":"","url":"https://api.github.com/users/davidmigloz","html_url":"https://github.com/davidmigloz","followers_url":"https://api.github.com/users/davidmigloz/followers","following_url":"https://api.github.com/users/davidmigloz/following{/other_user}","gists_url":"https://api.github.com/users/davidmigloz/gists{/gist_id}","starred_url":"https://api.github.com/users/davidmigloz/starred{/owner}{/repo}","subscriptions_url":"https://api.github.com/users/davidmigloz/subscriptions","organizations_url":"https://api.github.com/users/davidmigloz/orgs","repos_url":"https://api.github.com/users/davidmigloz/repos","events_url":"https://api.github.com/users/davidmigloz/events{/privacy}","received_events_url":"https://api.github.com/users/davidmigloz/received_events","type":"User","site_admin":false},"committer":{"login":"davidmigloz","id":6546265,"node_id":"MDQ6VXNlcjY1NDYyNjU=","avatar_url":"https://avatars.githubusercontent.com/u/6546265?v=4","gravatar_id":"","url":"https://api.github.com/users/davidmigloz","html_url":"https://github.com/davidmigloz","followers_url":"https://api.github.com/users/davidmigloz/followers","following_url":"https://api.github.com/users/davidmigloz/following{/other_user}","gists_url":"https://api.github.com/users/davidmigloz/gists{/gist_id}","starred_url":"https://api.github.com/users/davidmigloz/starred{/owner}{/repo}","subscriptions_url":"https://api.github.com/users/davidmigloz/subscriptions","organizations_url":"https://api.github.com/users/davidmigloz/orgs","repos_url":"https://api.github.com/users/davidmigloz/repos","events_url":"https://api.github.com/users/davidmigloz/events{/privacy}","received_events_url":"https://api.github.com/users/davidmigloz/received_events","type":"User","site_admin":false},"parents":[{"sha":"c3dbf4c80fe6e0d13214ae1ea40dc87fc197a072","url":"https://api.github.com/repos/davidmigloz/go-bees/commits/c3dbf4c80fe6e0d13214ae1ea40dc87fc197a072","html_url":"https://github.com/davidmigloz/go-bees/commit/c3dbf4c80fe6e0d13214ae1ea40dc87fc197a072"}]},{"sha":"c3dbf4c80fe6e0d13214ae1ea40dc87fc197a072","node_id":"MDY6Q29tbWl0NjU5Mjc2Nzg6YzNkYmY0YzgwZmU2ZTBkMTMyMTRhZTFlYTQwZGM4N2ZjMTk3YTA3Mg==","commit":{"author":{"name":"davidmigloz","email":"me@davidmiguel.com","date":"2017-01-23T16:27:33Z"},"committer":{"name":"davidmigloz","email":"me@davidmiguel.com","date":"2017-01-23T16:37:22Z"},"message":"Document Diseno Arquitectonico #150","tree":{"sha":"60aceda2629b2ecf6054738f3de4a045587e2658","url":"https://api.github.com/repos/davidmigloz/go-bees/git/trees/60aceda2629b2ecf6054738f3de4a045587e2658"},"url":"https://api.github.com/repos/davidmigloz/go-bees/git/commits/c3dbf4c80fe6e0d13214ae1ea40dc87fc197a072","comment_count":0,"verification":{"verified":false,"reason":"unsigned","signature":null,"payload":null}},"url":"https://api.github.com/repos/davidmigloz/go-bees/commits/c3dbf4c80fe6e0d13214ae1ea40dc87fc197a072","html_url":"https://github.com/davidmigloz/go-bees/commit/c3dbf4c80fe6e0d13214ae1ea40dc87fc197a072","comments_url":"https://api.github.com/repos/davidmigloz/go-bees/commits/c3dbf4c80fe6e0d13214ae1ea40dc87fc197a072/comments","author":{"login":"davidmigloz","id":6546265,"node_id":"MDQ6VXNlcjY1NDYyNjU=","avatar_url":"https://avatars.githubusercontent.com/u/6546265?v=4","gravatar_id":"","url":"https://api.github.com/users/davidmigloz","html_url":"https://github.com/davidmigloz","followers_url":"https://api.github.com/users/davidmigloz/followers","following_url":"https://api.github.com/users/davidmigloz/following{/other_user}","gists_url":"https://api.github.com/users/davidmigloz/gists{/gist_id}","starred_url":"https://api.github.com/users/davidmigloz/starred{/owner}{/repo}","subscriptions_url":"https://api.github.com/users/davidmigloz/subscriptions","organizations_url":"https://api.github.com/users/davidmigloz/orgs","repos_url":"https://api.github.com/users/davidmigloz/repos","events_url":"https://api.github.com/users/davidmigloz/events{/privacy}","received_events_url":"https://api.github.com/users/davidmigloz/received_events","type":"User","site_admin":false},"committer":{"login":"davidmigloz","id":6546265,"node_id":"MDQ6VXNlcjY1NDYyNjU=","avatar_url":"https://avatars.githubusercontent.com/u/6546265?v=4","gravatar_id":"","url":"https://api.github.com/users/davidmigloz","html_url":"https://github.com/davidmigloz","followers_url":"https://api.github.com/users/davidmigloz/followers","following_url":"https://api.github.com/users/davidmigloz/following{/other_user}","gists_url":"https://api.github.com/users/davidmigloz/gists{/gist_id}","starred_url":"https://api.github.com/users/davidmigloz/starred{/owner}{/repo}","subscriptions_url":"https://api.github.com/users/davidmigloz/subscriptions","organizations_url":"https://api.github.com/users/davidmigloz/orgs","repos_url":"https://api.github.com/users/davidmigloz/repos","events_url":"https://api.github.com/users/davidmigloz/events{/privacy}","received_events_url":"https://api.github.com/users/davidmigloz/received_events","type":"User","site_admin":false},"parents":[{"sha":"8600afb35ccb8fec085a430112deba17330b95a9","url":"https://api.github.com/repos/davidmigloz/go-bees/commits/8600afb35ccb8fec085a430112deba17330b95a9","html_url":"https://github.com/davidmigloz/go-bees/commit/8600afb35ccb8fec085a430112deba17330b95a9"}]},{"sha":"8600afb35ccb8fec085a430112deba17330b95a9","node_id":"MDY6Q29tbWl0NjU5Mjc2Nzg6ODYwMGFmYjM1Y2NiOGZlYzA4NWE0MzAxMTJkZWJhMTczMzBiOTVhOQ==","commit":{"author":{"name":"davidmigloz","email":"me@davidmiguel.com","date":"2017-01-23T13:49:39Z"},"committer":{"name":"davidmigloz","email":"me@davidmiguel.com","date":"2017-01-23T13:49:39Z"},"message":"Add new tests to utility classes #171","tree":{"sha":"0a240d7f540561317f0460fe2d4ba2015c84b9bd","url":"https://api.github.com/repos/davidmigloz/go-bees/git/trees/0a240d7f540561317f0460fe2d4ba2015c84b9bd"},"url":"https://api.github.com/repos/davidmigloz/go-bees/git/commits/8600afb35ccb8fec085a430112deba17330b95a9","comment_count":0,"verification":{"verified":false,"reason":"unsigned","signature":null,"payload":null}},"url":"https://api.github.com/repos/davidmigloz/go-bees/commits/8600afb35ccb8fec085a430112deba17330b95a9","html_url":"https://github.com/davidmigloz/go-bees/commit/8600afb35ccb8fec085a430112deba17330b95a9","comments_url":"https://api.github.com/repos/davidmigloz/go-bees/commits/8600afb35ccb8fec085a430112deba17330b95a9/comments","author":{"login":"davidmigloz","id":6546265,"node_id":"MDQ6VXNlcjY1NDYyNjU=","avatar_url":"https://avatars.githubusercontent.com/u/6546265?v=4","gravatar_id":"","url":"https://api.github.com/users/davidmigloz","html_url":"https://github.com/davidmigloz","followers_url":"https://api.github.com/users/davidmigloz/followers","following_url":"https://api.github.com/users/davidmigloz/following{/other_user}","gists_url":"https://api.github.com/users/davidmigloz/gists{/gist_id}","starred_url":"https://api.github.com/users/davidmigloz/starred{/owner}{/repo}","subscriptions_url":"https://api.github.com/users/davidmigloz/subscriptions","organizations_url":"https://api.github.com/users/davidmigloz/orgs","repos_url":"https://api.github.com/users/davidmigloz/repos","events_url":"https://api.github.com/users/davidmigloz/events{/privacy}","received_events_url":"https://api.github.com/users/davidmigloz/received_events","type":"User","site_admin":false},"committer":{"login":"davidmigloz","id":6546265,"node_id":"MDQ6VXNlcjY1NDYyNjU=","avatar_url":"https://avatars.githubusercontent.com/u/6546265?v=4","gravatar_id":"","url":"https://api.github.com/users/davidmigloz","html_url":"https://github.com/davidmigloz","followers_url":"https://api.github.com/users/davidmigloz/followers","following_url":"https://api.github.com/users/davidmigloz/following{/other_user}","gists_url":"https://api.github.com/users/davidmigloz/gists{/gist_id}","starred_url":"https://api.github.com/users/davidmigloz/starred{/owner}{/repo}","subscriptions_url":"https://api.github.com/users/davidmigloz/subscriptions","organizations_url":"https://api.github.com/users/davidmigloz/orgs","repos_url":"https://api.github.com/users/davidmigloz/repos","events_url":"https://api.github.com/users/davidmigloz/events{/privacy}","received_events_url":"https://api.github.com/users/davidmigloz/received_events","type":"User","site_admin":false},"parents":[{"sha":"2c216c21d001cf811a947601a705954188781937","url":"https://api.github.com/repos/davidmigloz/go-bees/commits/2c216c21d001cf811a947601a705954188781937","html_url":"https://github.com/davidmigloz/go-bees/commit/2c216c21d001cf811a947601a705954188781937"}]},{"sha":"2c216c21d001cf811a947601a705954188781937","node_id":"MDY6Q29tbWl0NjU5Mjc2Nzg6MmMyMTZjMjFkMDAxY2Y4MTFhOTQ3NjAxYTcwNTk1NDE4ODc4MTkzNw==","commit":{"author":{"name":"davidmigloz","email":"me@davidmiguel.com","date":"2017-01-22T20:33:13Z"},"committer":{"name":"davidmigloz","email":"me@davidmiguel.com","date":"2017-01-22T20:33:13Z"},"message":"Minor fixes and improvements","tree":{"sha":"8ad12634cbb0949506a26282c96fb8ca2ebe5aff","url":"https://api.github.com/repos/davidmigloz/go-bees/git/trees/8ad12634cbb0949506a26282c96fb8ca2ebe5aff"},"url":"https://api.github.com/repos/davidmigloz/go-bees/git/commits/2c216c21d001cf811a947601a705954188781937","comment_count":0,"verification":{"verified":false,"reason":"unsigned","signature":null,"payload":null}},"url":"https://api.github.com/repos/davidmigloz/go-bees/commits/2c216c21d001cf811a947601a705954188781937","html_url":"https://github.com/davidmigloz/go-bees/commit/2c216c21d001cf811a947601a705954188781937","comments_url":"https://api.github.com/repos/davidmigloz/go-bees/commits/2c216c21d001cf811a947601a705954188781937/comments","author":{"login":"davidmigloz","id":6546265,"node_id":"MDQ6VXNlcjY1NDYyNjU=","avatar_url":"https://avatars.githubusercontent.com/u/6546265?v=4","gravatar_id":"","url":"https://api.github.com/users/davidmigloz","html_url":"https://github.com/davidmigloz","followers_url":"https://api.github.com/users/davidmigloz/followers","following_url":"https://api.github.com/users/davidmigloz/following{/other_user}","gists_url":"https://api.github.com/users/davidmigloz/gists{/gist_id}","starred_url":"https://api.github.com/users/davidmigloz/starred{/owner}{/repo}","subscriptions_url":"https://api.github.com/users/davidmigloz/subscriptions","organizations_url":"https://api.github.com/users/davidmigloz/orgs","repos_url":"https://api.github.com/users/davidmigloz/repos","events_url":"https://api.github.com/users/davidmigloz/events{/privacy}","received_events_url":"https://api.github.com/users/davidmigloz/received_events","type":"User","site_admin":false},"committer":{"login":"davidmigloz","id":6546265,"node_id":"MDQ6VXNlcjY1NDYyNjU=","avatar_url":"https://avatars.githubusercontent.com/u/6546265?v=4","gravatar_id":"","url":"https://api.github.com/users/davidmigloz","html_url":"https://github.com/davidmigloz","followers_url":"https://api.github.com/users/davidmigloz/followers","following_url":"https://api.github.com/users/davidmigloz/following{/other_user}","gists_url":"https://api.github.com/users/davidmigloz/gists{/gist_id}","starred_url":"https://api.github.com/users/davidmigloz/starred{/owner}{/repo}","subscriptions_url":"https://api.github.com/users/davidmigloz/subscriptions","organizations_url":"https://api.github.com/users/davidmigloz/orgs","repos_url":"https://api.github.com/users/davidmigloz/repos","events_url":"https://api.github.com/users/davidmigloz/events{/privacy}","received_events_url":"https://api.github.com/users/davidmigloz/received_events","type":"User","site_admin":false},"parents":[{"sha":"6b271f3edfe737343f04856001ae72f2a9f0ba9e","url":"https://api.github.com/repos/davidmigloz/go-bees/commits/6b271f3edfe737343f04856001ae72f2a9f0ba9e","html_url":"https://github.com/davidmigloz/go-bees/commit/6b271f3edfe737343f04856001ae72f2a9f0ba9e"}]},{"sha":"6b271f3edfe737343f04856001ae72f2a9f0ba9e","node_id":"MDY6Q29tbWl0NjU5Mjc2Nzg6NmIyNzFmM2VkZmU3MzczNDNmMDQ4NTYwMDFhZTcyZjJhOWYwYmE5ZQ==","commit":{"author":{"name":"davidmigloz","email":"me@davidmiguel.com","date":"2017-01-22T19:11:50Z"},"committer":{"name":"davidmigloz","email":"me@davidmiguel.com","date":"2017-01-22T19:11:50Z"},"message":"Minor fixes and improvements","tree":{"sha":"038aea111b2e8a40e4b11658ce4336c669b4ad13","url":"https://api.github.com/repos/davidmigloz/go-bees/git/trees/038aea111b2e8a40e4b11658ce4336c669b4ad13"},"url":"https://api.github.com/repos/davidmigloz/go-bees/git/commits/6b271f3edfe737343f04856001ae72f2a9f0ba9e","comment_count":0,"verification":{"verified":false,"reason":"unsigned","signature":null,"payload":null}},"url":"https://api.github.com/repos/davidmigloz/go-bees/commits/6b271f3edfe737343f04856001ae72f2a9f0ba9e","html_url":"https://github.com/davidmigloz/go-bees/commit/6b271f3edfe737343f04856001ae72f2a9f0ba9e","comments_url":"https://api.github.com/repos/davidmigloz/go-bees/commits/6b271f3edfe737343f04856001ae72f2a9f0ba9e/comments","author":{"login":"davidmigloz","id":6546265,"node_id":"MDQ6VXNlcjY1NDYyNjU=","avatar_url":"https://avatars.githubusercontent.com/u/6546265?v=4","gravatar_id":"","url":"https://api.github.com/users/davidmigloz","html_url":"https://github.com/davidmigloz","followers_url":"https://api.github.com/users/davidmigloz/followers","following_url":"https://api.github.com/users/davidmigloz/following{/other_user}","gists_url":"https://api.github.com/users/davidmigloz/gists{/gist_id}","starred_url":"https://api.github.com/users/davidmigloz/starred{/owner}{/repo}","subscriptions_url":"https://api.github.com/users/davidmigloz/subscriptions","organizations_url":"https://api.github.com/users/davidmigloz/orgs","repos_url":"https://api.github.com/users/davidmigloz/repos","events_url":"https://api.github.com/users/davidmigloz/events{/privacy}","received_events_url":"https://api.github.com/users/davidmigloz/received_events","type":"User","site_admin":false},"committer":{"login":"davidmigloz","id":6546265,"node_id":"MDQ6VXNlcjY1NDYyNjU=","avatar_url":"https://avatars.githubusercontent.com/u/6546265?v=4","gravatar_id":"","url":"https://api.github.com/users/davidmigloz","html_url":"https://github.com/davidmigloz","followers_url":"https://api.github.com/users/davidmigloz/followers","following_url":"https://api.github.com/users/davidmigloz/following{/other_user}","gists_url":"https://api.github.com/users/davidmigloz/gists{/gist_id}","starred_url":"https://api.github.com/users/davidmigloz/starred{/owner}{/repo}","subscriptions_url":"https://api.github.com/users/davidmigloz/subscriptions","organizations_url":"https://api.github.com/users/davidmigloz/orgs","repos_url":"https://api.github.com/users/davidmigloz/repos","events_url":"https://api.github.com/users/davidmigloz/events{/privacy}","received_events_url":"https://api.github.com/users/davidmigloz/received_events","type":"User","site_admin":false},"parents":[{"sha":"c90948ef1d7cbf0dadf0d4f0b45d4c43dc7ac826","url":"https://api.github.com/repos/davidmigloz/go-bees/commits/c90948ef1d7cbf0dadf0d4f0b45d4c43dc7ac826","html_url":"https://github.com/davidmigloz/go-bees/commit/c90948ef1d7cbf0dadf0d4f0b45d4c43dc7ac826"}]},{"sha":"c90948ef1d7cbf0dadf0d4f0b45d4c43dc7ac826","node_id":"MDY6Q29tbWl0NjU5Mjc2Nzg6YzkwOTQ4ZWYxZDdjYmYwZGFkZjBkNGYwYjQ1ZDRjNDNkYzdhYzgyNg==","commit":{"author":{"name":"davidmigloz","email":"me@davidmiguel.com","date":"2017-01-22T17:19:26Z"},"committer":{"name":"davidmigloz","email":"me@davidmiguel.com","date":"2017-01-22T17:19:26Z"},"message":"Fix overlap with long weather conditions #170","tree":{"sha":"3aa3aef954ca8983d81a75369f39cdcb92c14bbd","url":"https://api.github.com/repos/davidmigloz/go-bees/git/trees/3aa3aef954ca8983d81a75369f39cdcb92c14bbd"},"url":"https://api.github.com/repos/davidmigloz/go-bees/git/commits/c90948ef1d7cbf0dadf0d4f0b45d4c43dc7ac826","comment_count":0,"verification":{"verified":false,"reason":"unsigned","signature":null,"payload":null}},"url":"https://api.github.com/repos/davidmigloz/go-bees/commits/c90948ef1d7cbf0dadf0d4f0b45d4c43dc7ac826","html_url":"https://github.com/davidmigloz/go-bees/commit/c90948ef1d7cbf0dadf0d4f0b45d4c43dc7ac826","comments_url":"https://api.github.com/repos/davidmigloz/go-bees/commits/c90948ef1d7cbf0dadf0d4f0b45d4c43dc7ac826/comments","author":{"login":"davidmigloz","id":6546265,"node_id":"MDQ6VXNlcjY1NDYyNjU=","avatar_url":"https://avatars.githubusercontent.com/u/6546265?v=4","gravatar_id":"","url":"https://api.github.com/users/davidmigloz","html_url":"https://github.com/davidmigloz","followers_url":"https://api.github.com/users/davidmigloz/followers","following_url":"https://api.github.com/users/davidmigloz/following{/other_user}","gists_url":"https://api.github.com/users/davidmigloz/gists{/gist_id}","starred_url":"https://api.github.com/users/davidmigloz/starred{/owner}{/repo}","subscriptions_url":"https://api.github.com/users/davidmigloz/subscriptions","organizations_url":"https://api.github.com/users/davidmigloz/orgs","repos_url":"https://api.github.com/users/davidmigloz/repos","events_url":"https://api.github.com/users/davidmigloz/events{/privacy}","received_events_url":"https://api.github.com/users/davidmigloz/received_events","type":"User","site_admin":false},"committer":{"login":"davidmigloz","id":6546265,"node_id":"MDQ6VXNlcjY1NDYyNjU=","avatar_url":"https://avatars.githubusercontent.com/u/6546265?v=4","gravatar_id":"","url":"https://api.github.com/users/davidmigloz","html_url":"https://github.com/davidmigloz","followers_url":"https://api.github.com/users/davidmigloz/followers","following_url":"https://api.github.com/users/davidmigloz/following{/other_user}","gists_url":"https://api.github.com/users/davidmigloz/gists{/gist_id}","starred_url":"https://api.github.com/users/davidmigloz/starred{/owner}{/repo}","subscriptions_url":"https://api.github.com/users/davidmigloz/subscriptions","organizations_url":"https://api.github.com/users/davidmigloz/orgs","repos_url":"https://api.github.com/users/davidmigloz/repos","events_url":"https://api.github.com/users/davidmigloz/events{/privacy}","received_events_url":"https://api.github.com/users/davidmigloz/received_events","type":"User","site_admin":false},"parents":[{"sha":"2da3c6ad6d9cfaed956e7277091c8467fefa9ab7","url":"https://api.github.com/repos/davidmigloz/go-bees/commits/2da3c6ad6d9cfaed956e7277091c8467fefa9ab7","html_url":"https://github.com/davidmigloz/go-bees/commit/2da3c6ad6d9cfaed956e7277091c8467fefa9ab7"}]},{"sha":"2da3c6ad6d9cfaed956e7277091c8467fefa9ab7","node_id":"MDY6Q29tbWl0NjU5Mjc2Nzg6MmRhM2M2YWQ2ZDljZmFlZDk1NmU3Mjc3MDkxYzg0NjdmZWZhOWFiNw==","commit":{"author":{"name":"davidmigloz","email":"me@davidmiguel.com","date":"2017-01-22T16:55:43Z"},"committer":{"name":"davidmigloz","email":"me@davidmiguel.com","date":"2017-01-22T16:55:43Z"},"message":"Allow multiline notes #169","tree":{"sha":"1d931c5bdc8934de2d2f3056939cddda19a665f6","url":"https://api.github.com/repos/davidmigloz/go-bees/git/trees/1d931c5bdc8934de2d2f3056939cddda19a665f6"},"url":"https://api.github.com/repos/davidmigloz/go-bees/git/commits/2da3c6ad6d9cfaed956e7277091c8467fefa9ab7","comment_count":0,"verification":{"verified":false,"reason":"unsigned","signature":null,"payload":null}},"url":"https://api.github.com/repos/davidmigloz/go-bees/commits/2da3c6ad6d9cfaed956e7277091c8467fefa9ab7","html_url":"https://github.com/davidmigloz/go-bees/commit/2da3c6ad6d9cfaed956e7277091c8467fefa9ab7","comments_url":"https://api.github.com/repos/davidmigloz/go-bees/commits/2da3c6ad6d9cfaed956e7277091c8467fefa9ab7/comments","author":{"login":"davidmigloz","id":6546265,"node_id":"MDQ6VXNlcjY1NDYyNjU=","avatar_url":"https://avatars.githubusercontent.com/u/6546265?v=4","gravatar_id":"","url":"https://api.github.com/users/davidmigloz","html_url":"https://github.com/davidmigloz","followers_url":"https://api.github.com/users/davidmigloz/followers","following_url":"https://api.github.com/users/davidmigloz/following{/other_user}","gists_url":"https://api.github.com/users/davidmigloz/gists{/gist_id}","starred_url":"https://api.github.com/users/davidmigloz/starred{/owner}{/repo}","subscriptions_url":"https://api.github.com/users/davidmigloz/subscriptions","organizations_url":"https://api.github.com/users/davidmigloz/orgs","repos_url":"https://api.github.com/users/davidmigloz/repos","events_url":"https://api.github.com/users/davidmigloz/events{/privacy}","received_events_url":"https://api.github.com/users/davidmigloz/received_events","type":"User","site_admin":false},"committer":{"login":"davidmigloz","id":6546265,"node_id":"MDQ6VXNlcjY1NDYyNjU=","avatar_url":"https://avatars.githubusercontent.com/u/6546265?v=4","gravatar_id":"","url":"https://api.github.com/users/davidmigloz","html_url":"https://github.com/davidmigloz","followers_url":"https://api.github.com/users/davidmigloz/followers","following_url":"https://api.github.com/users/davidmigloz/following{/other_user}","gists_url":"https://api.github.com/users/davidmigloz/gists{/gist_id}","starred_url":"https://api.github.com/users/davidmigloz/starred{/owner}{/repo}","subscriptions_url":"https://api.github.com/users/davidmigloz/subscriptions","organizations_url":"https://api.github.com/users/davidmigloz/orgs","repos_url":"https://api.github.com/users/davidmigloz/repos","events_url":"https://api.github.com/users/davidmigloz/events{/privacy}","received_events_url":"https://api.github.com/users/davidmigloz/received_events","type":"User","site_admin":false},"parents":[{"sha":"422e78dc2257f50ff4dd35b49ec7fc21d39d5eba","url":"https://api.github.com/repos/davidmigloz/go-bees/commits/422e78dc2257f50ff4dd35b49ec7fc21d39d5eba","html_url":"https://github.com/davidmigloz/go-bees/commit/422e78dc2257f50ff4dd35b49ec7fc21d39d5eba"}]},{"sha":"422e78dc2257f50ff4dd35b49ec7fc21d39d5eba","node_id":"MDY6Q29tbWl0NjU5Mjc2Nzg6NDIyZTc4ZGMyMjU3ZjUwZmY0ZGQzNWI0OWVjN2ZjMjFkMzlkNWViYQ==","commit":{"author":{"name":"davidmigloz","email":"me@davidmiguel.com","date":"2017-01-22T16:48:34Z"},"committer":{"name":"davidmigloz","email":"me@davidmiguel.com","date":"2017-01-22T16:48:34Z"},"message":"Fix delete old current weather #168","tree":{"sha":"ab756676ec7ad7efe67441398723ccd2597a0fe9","url":"https://api.github.com/repos/davidmigloz/go-bees/git/trees/ab756676ec7ad7efe67441398723ccd2597a0fe9"},"url":"https://api.github.com/repos/davidmigloz/go-bees/git/commits/422e78dc2257f50ff4dd35b49ec7fc21d39d5eba","comment_count":0,"verification":{"verified":false,"reason":"unsigned","signature":null,"payload":null}},"url":"https://api.github.com/repos/davidmigloz/go-bees/commits/422e78dc2257f50ff4dd35b49ec7fc21d39d5eba","html_url":"https://github.com/davidmigloz/go-bees/commit/422e78dc2257f50ff4dd35b49ec7fc21d39d5eba","comments_url":"https://api.github.com/repos/davidmigloz/go-bees/commits/422e78dc2257f50ff4dd35b49ec7fc21d39d5eba/comments","author":{"login":"davidmigloz","id":6546265,"node_id":"MDQ6VXNlcjY1NDYyNjU=","avatar_url":"https://avatars.githubusercontent.com/u/6546265?v=4","gravatar_id":"","url":"https://api.github.com/users/davidmigloz","html_url":"https://github.com/davidmigloz","followers_url":"https://api.github.com/users/davidmigloz/followers","following_url":"https://api.github.com/users/davidmigloz/following{/other_user}","gists_url":"https://api.github.com/users/davidmigloz/gists{/gist_id}","starred_url":"https://api.github.com/users/davidmigloz/starred{/owner}{/repo}","subscriptions_url":"https://api.github.com/users/davidmigloz/subscriptions","organizations_url":"https://api.github.com/users/davidmigloz/orgs","repos_url":"https://api.github.com/users/davidmigloz/repos","events_url":"https://api.github.com/users/davidmigloz/events{/privacy}","received_events_url":"https://api.github.com/users/davidmigloz/received_events","type":"User","site_admin":false},"committer":{"login":"davidmigloz","id":6546265,"node_id":"MDQ6VXNlcjY1NDYyNjU=","avatar_url":"https://avatars.githubusercontent.com/u/6546265?v=4","gravatar_id":"","url":"https://api.github.com/users/davidmigloz","html_url":"https://github.com/davidmigloz","followers_url":"https://api.github.com/users/davidmigloz/followers","following_url":"https://api.github.com/users/davidmigloz/following{/other_user}","gists_url":"https://api.github.com/users/davidmigloz/gists{/gist_id}","starred_url":"https://api.github.com/users/davidmigloz/starred{/owner}{/repo}","subscriptions_url":"https://api.github.com/users/davidmigloz/subscriptions","organizations_url":"https://api.github.com/users/davidmigloz/orgs","repos_url":"https://api.github.com/users/davidmigloz/repos","events_url":"https://api.github.com/users/davidmigloz/events{/privacy}","received_events_url":"https://api.github.com/users/davidmigloz/received_events","type":"User","site_admin":false},"parents":[{"sha":"bbc1bf00acada97f62a6d9289259b68025f26036","url":"https://api.github.com/repos/davidmigloz/go-bees/commits/bbc1bf00acada97f62a6d9289259b68025f26036","html_url":"https://github.com/davidmigloz/go-bees/commit/bbc1bf00acada97f62a6d9289259b68025f26036"}]},{"sha":"bbc1bf00acada97f62a6d9289259b68025f26036","node_id":"MDY6Q29tbWl0NjU5Mjc2Nzg6YmJjMWJmMDBhY2FkYTk3ZjYyYTZkOTI4OTI1OWI2ODAyNWYyNjAzNg==","commit":{"author":{"name":"davidmigloz","email":"me@davidmiguel.com","date":"2017-01-22T15:22:59Z"},"committer":{"name":"davidmigloz","email":"me@davidmiguel.com","date":"2017-01-22T15:22:59Z"},"message":"Update dependences","tree":{"sha":"04cb88a6e1aabac69479c3bd039860dbfd3f474c","url":"https://api.github.com/repos/davidmigloz/go-bees/git/trees/04cb88a6e1aabac69479c3bd039860dbfd3f474c"},"url":"https://api.github.com/repos/davidmigloz/go-bees/git/commits/bbc1bf00acada97f62a6d9289259b68025f26036","comment_count":0,"verification":{"verified":false,"reason":"unsigned","signature":null,"payload":null}},"url":"https://api.github.com/repos/davidmigloz/go-bees/commits/bbc1bf00acada97f62a6d9289259b68025f26036","html_url":"https://github.com/davidmigloz/go-bees/commit/bbc1bf00acada97f62a6d9289259b68025f26036","comments_url":"https://api.github.com/repos/davidmigloz/go-bees/commits/bbc1bf00acada97f62a6d9289259b68025f26036/comments","author":{"login":"davidmigloz","id":6546265,"node_id":"MDQ6VXNlcjY1NDYyNjU=","avatar_url":"https://avatars.githubusercontent.com/u/6546265?v=4","gravatar_id":"","url":"https://api.github.com/users/davidmigloz","html_url":"https://github.com/davidmigloz","followers_url":"https://api.github.com/users/davidmigloz/followers","following_url":"https://api.github.com/users/davidmigloz/following{/other_user}","gists_url":"https://api.github.com/users/davidmigloz/gists{/gist_id}","starred_url":"https://api.github.com/users/davidmigloz/starred{/owner}{/repo}","subscriptions_url":"https://api.github.com/users/davidmigloz/subscriptions","organizations_url":"https://api.github.com/users/davidmigloz/orgs","repos_url":"https://api.github.com/users/davidmigloz/repos","events_url":"https://api.github.com/users/davidmigloz/events{/privacy}","received_events_url":"https://api.github.com/users/davidmigloz/received_events","type":"User","site_admin":false},"committer":{"login":"davidmigloz","id":6546265,"node_id":"MDQ6VXNlcjY1NDYyNjU=","avatar_url":"https://avatars.githubusercontent.com/u/6546265?v=4","gravatar_id":"","url":"https://api.github.com/users/davidmigloz","html_url":"https://github.com/davidmigloz","followers_url":"https://api.github.com/users/davidmigloz/followers","following_url":"https://api.github.com/users/davidmigloz/following{/other_user}","gists_url":"https://api.github.com/users/davidmigloz/gists{/gist_id}","starred_url":"https://api.github.com/users/davidmigloz/starred{/owner}{/repo}","subscriptions_url":"https://api.github.com/users/davidmigloz/subscriptions","organizations_url":"https://api.github.com/users/davidmigloz/orgs","repos_url":"https://api.github.com/users/davidmigloz/repos","events_url":"https://api.github.com/users/davidmigloz/events{/privacy}","received_events_url":"https://api.github.com/users/davidmigloz/received_events","type":"User","site_admin":false},"parents":[{"sha":"58331458dfc2f8642a41360530d9ace70c424094","url":"https://api.github.com/repos/davidmigloz/go-bees/commits/58331458dfc2f8642a41360530d9ace70c424094","html_url":"https://github.com/davidmigloz/go-bees/commit/58331458dfc2f8642a41360530d9ace70c424094"}]},{"sha":"58331458dfc2f8642a41360530d9ace70c424094","node_id":"MDY6Q29tbWl0NjU5Mjc2Nzg6NTgzMzE0NThkZmMyZjg2NDJhNDEzNjA1MzBkOWFjZTcwYzQyNDA5NA==","commit":{"author":{"name":"davidmigloz","email":"me@davidmiguel.com","date":"2017-01-22T01:25:27Z"},"committer":{"name":"davidmigloz","email":"me@davidmiguel.com","date":"2017-01-22T01:25:27Z"},"message":"Implement generate sample data #165","tree":{"sha":"a3b6b2220ef87ac557c92d5c22f3c3a346695716","url":"https://api.github.com/repos/davidmigloz/go-bees/git/trees/a3b6b2220ef87ac557c92d5c22f3c3a346695716"},"url":"https://api.github.com/repos/davidmigloz/go-bees/git/commits/58331458dfc2f8642a41360530d9ace70c424094","comment_count":0,"verification":{"verified":false,"reason":"unsigned","signature":null,"payload":null}},"url":"https://api.github.com/repos/davidmigloz/go-bees/commits/58331458dfc2f8642a41360530d9ace70c424094","html_url":"https://github.com/davidmigloz/go-bees/commit/58331458dfc2f8642a41360530d9ace70c424094","comments_url":"https://api.github.com/repos/davidmigloz/go-bees/commits/58331458dfc2f8642a41360530d9ace70c424094/comments","author":{"login":"davidmigloz","id":6546265,"node_id":"MDQ6VXNlcjY1NDYyNjU=","avatar_url":"https://avatars.githubusercontent.com/u/6546265?v=4","gravatar_id":"","url":"https://api.github.com/users/davidmigloz","html_url":"https://github.com/davidmigloz","followers_url":"https://api.github.com/users/davidmigloz/followers","following_url":"https://api.github.com/users/davidmigloz/following{/other_user}","gists_url":"https://api.github.com/users/davidmigloz/gists{/gist_id}","starred_url":"https://api.github.com/users/davidmigloz/starred{/owner}{/repo}","subscriptions_url":"https://api.github.com/users/davidmigloz/subscriptions","organizations_url":"https://api.github.com/users/davidmigloz/orgs","repos_url":"https://api.github.com/users/davidmigloz/repos","events_url":"https://api.github.com/users/davidmigloz/events{/privacy}","received_events_url":"https://api.github.com/users/davidmigloz/received_events","type":"User","site_admin":false},"committer":{"login":"davidmigloz","id":6546265,"node_id":"MDQ6VXNlcjY1NDYyNjU=","avatar_url":"https://avatars.githubusercontent.com/u/6546265?v=4","gravatar_id":"","url":"https://api.github.com/users/davidmigloz","html_url":"https://github.com/davidmigloz","followers_url":"https://api.github.com/users/davidmigloz/followers","following_url":"https://api.github.com/users/davidmigloz/following{/other_user}","gists_url":"https://api.github.com/users/davidmigloz/gists{/gist_id}","starred_url":"https://api.github.com/users/davidmigloz/starred{/owner}{/repo}","subscriptions_url":"https://api.github.com/users/davidmigloz/subscriptions","organizations_url":"https://api.github.com/users/davidmigloz/orgs","repos_url":"https://api.github.com/users/davidmigloz/repos","events_url":"https://api.github.com/users/davidmigloz/events{/privacy}","received_events_url":"https://api.github.com/users/davidmigloz/received_events","type":"User","site_admin":false},"parents":[{"sha":"a01dfdd3032159d08cff72f0b669f3955a25aca5","url":"https://api.github.com/repos/davidmigloz/go-bees/commits/a01dfdd3032159d08cff72f0b669f3955a25aca5","html_url":"https://github.com/davidmigloz/go-bees/commit/a01dfdd3032159d08cff72f0b669f3955a25aca5"}]},{"sha":"a01dfdd3032159d08cff72f0b669f3955a25aca5","node_id":"MDY6Q29tbWl0NjU5Mjc2Nzg6YTAxZGZkZDMwMzIxNTlkMDhjZmY3MmYwYjY2OWYzOTU1YTI1YWNhNQ==","commit":{"author":{"name":"davidmigloz","email":"me@davidmiguel.com","date":"2017-01-21T00:57:41Z"},"committer":{"name":"davidmigloz","email":"me@davidmiguel.com","date":"2017-01-21T00:57:41Z"},"message":"Document Diseno de datos #148","tree":{"sha":"23a6e56ff46fda33da2ff8124e55bdb4806942b7","url":"https://api.github.com/repos/davidmigloz/go-bees/git/trees/23a6e56ff46fda33da2ff8124e55bdb4806942b7"},"url":"https://api.github.com/repos/davidmigloz/go-bees/git/commits/a01dfdd3032159d08cff72f0b669f3955a25aca5","comment_count":0,"verification":{"verified":false,"reason":"unsigned","signature":null,"payload":null}},"url":"https://api.github.com/repos/davidmigloz/go-bees/commits/a01dfdd3032159d08cff72f0b669f3955a25aca5","html_url":"https://github.com/davidmigloz/go-bees/commit/a01dfdd3032159d08cff72f0b669f3955a25aca5","comments_url":"https://api.github.com/repos/davidmigloz/go-bees/commits/a01dfdd3032159d08cff72f0b669f3955a25aca5/comments","author":{"login":"davidmigloz","id":6546265,"node_id":"MDQ6VXNlcjY1NDYyNjU=","avatar_url":"https://avatars.githubusercontent.com/u/6546265?v=4","gravatar_id":"","url":"https://api.github.com/users/davidmigloz","html_url":"https://github.com/davidmigloz","followers_url":"https://api.github.com/users/davidmigloz/followers","following_url":"https://api.github.com/users/davidmigloz/following{/other_user}","gists_url":"https://api.github.com/users/davidmigloz/gists{/gist_id}","starred_url":"https://api.github.com/users/davidmigloz/starred{/owner}{/repo}","subscriptions_url":"https://api.github.com/users/davidmigloz/subscriptions","organizations_url":"https://api.github.com/users/davidmigloz/orgs","repos_url":"https://api.github.com/users/davidmigloz/repos","events_url":"https://api.github.com/users/davidmigloz/events{/privacy}","received_events_url":"https://api.github.com/users/davidmigloz/received_events","type":"User","site_admin":false},"committer":{"login":"davidmigloz","id":6546265,"node_id":"MDQ6VXNlcjY1NDYyNjU=","avatar_url":"https://avatars.githubusercontent.com/u/6546265?v=4","gravatar_id":"","url":"https://api.github.com/users/davidmigloz","html_url":"https://github.com/davidmigloz","followers_url":"https://api.github.com/users/davidmigloz/followers","following_url":"https://api.github.com/users/davidmigloz/following{/other_user}","gists_url":"https://api.github.com/users/davidmigloz/gists{/gist_id}","starred_url":"https://api.github.com/users/davidmigloz/starred{/owner}{/repo}","subscriptions_url":"https://api.github.com/users/davidmigloz/subscriptions","organizations_url":"https://api.github.com/users/davidmigloz/orgs","repos_url":"https://api.github.com/users/davidmigloz/repos","events_url":"https://api.github.com/users/davidmigloz/events{/privacy}","received_events_url":"https://api.github.com/users/davidmigloz/received_events","type":"User","site_admin":false},"parents":[{"sha":"52ea01c574b1ea007e02438a86210cdf70b1ad5a","url":"https://api.github.com/repos/davidmigloz/go-bees/commits/52ea01c574b1ea007e02438a86210cdf70b1ad5a","html_url":"https://github.com/davidmigloz/go-bees/commit/52ea01c574b1ea007e02438a86210cdf70b1ad5a"}]},{"sha":"52ea01c574b1ea007e02438a86210cdf70b1ad5a","node_id":"MDY6Q29tbWl0NjU5Mjc2Nzg6NTJlYTAxYzU3NGIxZWEwMDdlMDI0MzhhODYyMTBjZGY3MGIxYWQ1YQ==","commit":{"author":{"name":"davidmigloz","email":"me@davidmiguel.com","date":"2017-01-20T23:16:56Z"},"committer":{"name":"davidmigloz","email":"me@davidmiguel.com","date":"2017-01-20T23:16:56Z"},"message":"Fix images position #164","tree":{"sha":"c7dcd903b9ce4dedc9059be0ab37768881fc9545","url":"https://api.github.com/repos/davidmigloz/go-bees/git/trees/c7dcd903b9ce4dedc9059be0ab37768881fc9545"},"url":"https://api.github.com/repos/davidmigloz/go-bees/git/commits/52ea01c574b1ea007e02438a86210cdf70b1ad5a","comment_count":0,"verification":{"verified":false,"reason":"unsigned","signature":null,"payload":null}},"url":"https://api.github.com/repos/davidmigloz/go-bees/commits/52ea01c574b1ea007e02438a86210cdf70b1ad5a","html_url":"https://github.com/davidmigloz/go-bees/commit/52ea01c574b1ea007e02438a86210cdf70b1ad5a","comments_url":"https://api.github.com/repos/davidmigloz/go-bees/commits/52ea01c574b1ea007e02438a86210cdf70b1ad5a/comments","author":{"login":"davidmigloz","id":6546265,"node_id":"MDQ6VXNlcjY1NDYyNjU=","avatar_url":"https://avatars.githubusercontent.com/u/6546265?v=4","gravatar_id":"","url":"https://api.github.com/users/davidmigloz","html_url":"https://github.com/davidmigloz","followers_url":"https://api.github.com/users/davidmigloz/followers","following_url":"https://api.github.com/users/davidmigloz/following{/other_user}","gists_url":"https://api.github.com/users/davidmigloz/gists{/gist_id}","starred_url":"https://api.github.com/users/davidmigloz/starred{/owner}{/repo}","subscriptions_url":"https://api.github.com/users/davidmigloz/subscriptions","organizations_url":"https://api.github.com/users/davidmigloz/orgs","repos_url":"https://api.github.com/users/davidmigloz/repos","events_url":"https://api.github.com/users/davidmigloz/events{/privacy}","received_events_url":"https://api.github.com/users/davidmigloz/received_events","type":"User","site_admin":false},"committer":{"login":"davidmigloz","id":6546265,"node_id":"MDQ6VXNlcjY1NDYyNjU=","avatar_url":"https://avatars.githubusercontent.com/u/6546265?v=4","gravatar_id":"","url":"https://api.github.com/users/davidmigloz","html_url":"https://github.com/davidmigloz","followers_url":"https://api.github.com/users/davidmigloz/followers","following_url":"https://api.github.com/users/davidmigloz/following{/other_user}","gists_url":"https://api.github.com/users/davidmigloz/gists{/gist_id}","starred_url":"https://api.github.com/users/davidmigloz/starred{/owner}{/repo}","subscriptions_url":"https://api.github.com/users/davidmigloz/subscriptions","organizations_url":"https://api.github.com/users/davidmigloz/orgs","repos_url":"https://api.github.com/users/davidmigloz/repos","events_url":"https://api.github.com/users/davidmigloz/events{/privacy}","received_events_url":"https://api.github.com/users/davidmigloz/received_events","type":"User","site_admin":false},"parents":[{"sha":"5209017cf579e6eb1c1b52c1b2402a52ca14e67c","url":"https://api.github.com/repos/davidmigloz/go-bees/commits/5209017cf579e6eb1c1b52c1b2402a52ca14e67c","html_url":"https://github.com/davidmigloz/go-bees/commit/5209017cf579e6eb1c1b52c1b2402a52ca14e67c"}]},{"sha":"5209017cf579e6eb1c1b52c1b2402a52ca14e67c","node_id":"MDY6Q29tbWl0NjU5Mjc2Nzg6NTIwOTAxN2NmNTc5ZTZlYjFjMWI1MmMxYjI0MDJhNTJjYTE0ZTY3Yw==","commit":{"author":{"name":"davidmigloz","email":"me@davidmiguel.com","date":"2017-01-20T23:04:16Z"},"committer":{"name":"davidmigloz","email":"me@davidmiguel.com","date":"2017-01-20T23:04:16Z"},"message":"Fix images position #164","tree":{"sha":"cae8bd80c268ad07ed3e10bf904626c43350e48f","url":"https://api.github.com/repos/davidmigloz/go-bees/git/trees/cae8bd80c268ad07ed3e10bf904626c43350e48f"},"url":"https://api.github.com/repos/davidmigloz/go-bees/git/commits/5209017cf579e6eb1c1b52c1b2402a52ca14e67c","comment_count":0,"verification":{"verified":false,"reason":"unsigned","signature":null,"payload":null}},"url":"https://api.github.com/repos/davidmigloz/go-bees/commits/5209017cf579e6eb1c1b52c1b2402a52ca14e67c","html_url":"https://github.com/davidmigloz/go-bees/commit/5209017cf579e6eb1c1b52c1b2402a52ca14e67c","comments_url":"https://api.github.com/repos/davidmigloz/go-bees/commits/5209017cf579e6eb1c1b52c1b2402a52ca14e67c/comments","author":{"login":"davidmigloz","id":6546265,"node_id":"MDQ6VXNlcjY1NDYyNjU=","avatar_url":"https://avatars.githubusercontent.com/u/6546265?v=4","gravatar_id":"","url":"https://api.github.com/users/davidmigloz","html_url":"https://github.com/davidmigloz","followers_url":"https://api.github.com/users/davidmigloz/followers","following_url":"https://api.github.com/users/davidmigloz/following{/other_user}","gists_url":"https://api.github.com/users/davidmigloz/gists{/gist_id}","starred_url":"https://api.github.com/users/davidmigloz/starred{/owner}{/repo}","subscriptions_url":"https://api.github.com/users/davidmigloz/subscriptions","organizations_url":"https://api.github.com/users/davidmigloz/orgs","repos_url":"https://api.github.com/users/davidmigloz/repos","events_url":"https://api.github.com/users/davidmigloz/events{/privacy}","received_events_url":"https://api.github.com/users/davidmigloz/received_events","type":"User","site_admin":false},"committer":{"login":"davidmigloz","id":6546265,"node_id":"MDQ6VXNlcjY1NDYyNjU=","avatar_url":"https://avatars.githubusercontent.com/u/6546265?v=4","gravatar_id":"","url":"https://api.github.com/users/davidmigloz","html_url":"https://github.com/davidmigloz","followers_url":"https://api.github.com/users/davidmigloz/followers","following_url":"https://api.github.com/users/davidmigloz/following{/other_user}","gists_url":"https://api.github.com/users/davidmigloz/gists{/gist_id}","starred_url":"https://api.github.com/users/davidmigloz/starred{/owner}{/repo}","subscriptions_url":"https://api.github.com/users/davidmigloz/subscriptions","organizations_url":"https://api.github.com/users/davidmigloz/orgs","repos_url":"https://api.github.com/users/davidmigloz/repos","events_url":"https://api.github.com/users/davidmigloz/events{/privacy}","received_events_url":"https://api.github.com/users/davidmigloz/received_events","type":"User","site_admin":false},"parents":[{"sha":"42db24a12ca36f8dc67eeb8ef026da60d8836e28","url":"https://api.github.com/repos/davidmigloz/go-bees/commits/42db24a12ca36f8dc67eeb8ef026da60d8836e28","html_url":"https://github.com/davidmigloz/go-bees/commit/42db24a12ca36f8dc67eeb8ef026da60d8836e28"}]},{"sha":"42db24a12ca36f8dc67eeb8ef026da60d8836e28","node_id":"MDY6Q29tbWl0NjU5Mjc2Nzg6NDJkYjI0YTEyY2EzNmY4ZGM2N2VlYjhlZjAyNmRhNjBkODgzNmUyOA==","commit":{"author":{"name":"davidmigloz","email":"me@davidmiguel.com","date":"2017-01-20T23:01:17Z"},"committer":{"name":"davidmigloz","email":"me@davidmiguel.com","date":"2017-01-20T23:01:17Z"},"message":"Fix images position #164","tree":{"sha":"9aaaca1fd8e371cefa0a8f4b33af4f4bca3fd8bc","url":"https://api.github.com/repos/davidmigloz/go-bees/git/trees/9aaaca1fd8e371cefa0a8f4b33af4f4bca3fd8bc"},"url":"https://api.github.com/repos/davidmigloz/go-bees/git/commits/42db24a12ca36f8dc67eeb8ef026da60d8836e28","comment_count":0,"verification":{"verified":false,"reason":"unsigned","signature":null,"payload":null}},"url":"https://api.github.com/repos/davidmigloz/go-bees/commits/42db24a12ca36f8dc67eeb8ef026da60d8836e28","html_url":"https://github.com/davidmigloz/go-bees/commit/42db24a12ca36f8dc67eeb8ef026da60d8836e28","comments_url":"https://api.github.com/repos/davidmigloz/go-bees/commits/42db24a12ca36f8dc67eeb8ef026da60d8836e28/comments","author":{"login":"davidmigloz","id":6546265,"node_id":"MDQ6VXNlcjY1NDYyNjU=","avatar_url":"https://avatars.githubusercontent.com/u/6546265?v=4","gravatar_id":"","url":"https://api.github.com/users/davidmigloz","html_url":"https://github.com/davidmigloz","followers_url":"https://api.github.com/users/davidmigloz/followers","following_url":"https://api.github.com/users/davidmigloz/following{/other_user}","gists_url":"https://api.github.com/users/davidmigloz/gists{/gist_id}","starred_url":"https://api.github.com/users/davidmigloz/starred{/owner}{/repo}","subscriptions_url":"https://api.github.com/users/davidmigloz/subscriptions","organizations_url":"https://api.github.com/users/davidmigloz/orgs","repos_url":"https://api.github.com/users/davidmigloz/repos","events_url":"https://api.github.com/users/davidmigloz/events{/privacy}","received_events_url":"https://api.github.com/users/davidmigloz/received_events","type":"User","site_admin":false},"committer":{"login":"davidmigloz","id":6546265,"node_id":"MDQ6VXNlcjY1NDYyNjU=","avatar_url":"https://avatars.githubusercontent.com/u/6546265?v=4","gravatar_id":"","url":"https://api.github.com/users/davidmigloz","html_url":"https://github.com/davidmigloz","followers_url":"https://api.github.com/users/davidmigloz/followers","following_url":"https://api.github.com/users/davidmigloz/following{/other_user}","gists_url":"https://api.github.com/users/davidmigloz/gists{/gist_id}","starred_url":"https://api.github.com/users/davidmigloz/starred{/owner}{/repo}","subscriptions_url":"https://api.github.com/users/davidmigloz/subscriptions","organizations_url":"https://api.github.com/users/davidmigloz/orgs","repos_url":"https://api.github.com/users/davidmigloz/repos","events_url":"https://api.github.com/users/davidmigloz/events{/privacy}","received_events_url":"https://api.github.com/users/davidmigloz/received_events","type":"User","site_admin":false},"parents":[{"sha":"683e2a463a40f3572e1b044e012e3445ca040d6b","url":"https://api.github.com/repos/davidmigloz/go-bees/commits/683e2a463a40f3572e1b044e012e3445ca040d6b","html_url":"https://github.com/davidmigloz/go-bees/commit/683e2a463a40f3572e1b044e012e3445ca040d6b"}]},{"sha":"683e2a463a40f3572e1b044e012e3445ca040d6b","node_id":"MDY6Q29tbWl0NjU5Mjc2Nzg6NjgzZTJhNDYzYTQwZjM1NzJlMWIwNDRlMDEyZTM0NDVjYTA0MGQ2Yg==","commit":{"author":{"name":"davidmigloz","email":"me@davidmiguel.com","date":"2017-01-20T22:54:24Z"},"committer":{"name":"davidmigloz","email":"me@davidmiguel.com","date":"2017-01-20T22:54:24Z"},"message":"Fix images position #164","tree":{"sha":"64905ce561d99247b21cff08a5f5f4870bad6803","url":"https://api.github.com/repos/davidmigloz/go-bees/git/trees/64905ce561d99247b21cff08a5f5f4870bad6803"},"url":"https://api.github.com/repos/davidmigloz/go-bees/git/commits/683e2a463a40f3572e1b044e012e3445ca040d6b","comment_count":0,"verification":{"verified":false,"reason":"unsigned","signature":null,"payload":null}},"url":"https://api.github.com/repos/davidmigloz/go-bees/commits/683e2a463a40f3572e1b044e012e3445ca040d6b","html_url":"https://github.com/davidmigloz/go-bees/commit/683e2a463a40f3572e1b044e012e3445ca040d6b","comments_url":"https://api.github.com/repos/davidmigloz/go-bees/commits/683e2a463a40f3572e1b044e012e3445ca040d6b/comments","author":{"login":"davidmigloz","id":6546265,"node_id":"MDQ6VXNlcjY1NDYyNjU=","avatar_url":"https://avatars.githubusercontent.com/u/6546265?v=4","gravatar_id":"","url":"https://api.github.com/users/davidmigloz","html_url":"https://github.com/davidmigloz","followers_url":"https://api.github.com/users/davidmigloz/followers","following_url":"https://api.github.com/users/davidmigloz/following{/other_user}","gists_url":"https://api.github.com/users/davidmigloz/gists{/gist_id}","starred_url":"https://api.github.com/users/davidmigloz/starred{/owner}{/repo}","subscriptions_url":"https://api.github.com/users/davidmigloz/subscriptions","organizations_url":"https://api.github.com/users/davidmigloz/orgs","repos_url":"https://api.github.com/users/davidmigloz/repos","events_url":"https://api.github.com/users/davidmigloz/events{/privacy}","received_events_url":"https://api.github.com/users/davidmigloz/received_events","type":"User","site_admin":false},"committer":{"login":"davidmigloz","id":6546265,"node_id":"MDQ6VXNlcjY1NDYyNjU=","avatar_url":"https://avatars.githubusercontent.com/u/6546265?v=4","gravatar_id":"","url":"https://api.github.com/users/davidmigloz","html_url":"https://github.com/davidmigloz","followers_url":"https://api.github.com/users/davidmigloz/followers","following_url":"https://api.github.com/users/davidmigloz/following{/other_user}","gists_url":"https://api.github.com/users/davidmigloz/gists{/gist_id}","starred_url":"https://api.github.com/users/davidmigloz/starred{/owner}{/repo}","subscriptions_url":"https://api.github.com/users/davidmigloz/subscriptions","organizations_url":"https://api.github.com/users/davidmigloz/orgs","repos_url":"https://api.github.com/users/davidmigloz/repos","events_url":"https://api.github.com/users/davidmigloz/events{/privacy}","received_events_url":"https://api.github.com/users/davidmigloz/received_events","type":"User","site_admin":false},"parents":[{"sha":"5255bc844c912768627b695ff6055bfeb289225c","url":"https://api.github.com/repos/davidmigloz/go-bees/commits/5255bc844c912768627b695ff6055bfeb289225c","html_url":"https://github.com/davidmigloz/go-bees/commit/5255bc844c912768627b695ff6055bfeb289225c"}]},{"sha":"5255bc844c912768627b695ff6055bfeb289225c","node_id":"MDY6Q29tbWl0NjU5Mjc2Nzg6NTI1NWJjODQ0YzkxMjc2ODYyN2I2OTVmZjYwNTViZmViMjg5MjI1Yw==","commit":{"author":{"name":"davidmigloz","email":"me@davidmiguel.com","date":"2017-01-20T22:49:01Z"},"committer":{"name":"davidmigloz","email":"me@davidmiguel.com","date":"2017-01-20T22:49:01Z"},"message":"Fix images position #164","tree":{"sha":"8970e54dc45f8988ee1aee199f993e4f66d1ab56","url":"https://api.github.com/repos/davidmigloz/go-bees/git/trees/8970e54dc45f8988ee1aee199f993e4f66d1ab56"},"url":"https://api.github.com/repos/davidmigloz/go-bees/git/commits/5255bc844c912768627b695ff6055bfeb289225c","comment_count":0,"verification":{"verified":false,"reason":"unsigned","signature":null,"payload":null}},"url":"https://api.github.com/repos/davidmigloz/go-bees/commits/5255bc844c912768627b695ff6055bfeb289225c","html_url":"https://github.com/davidmigloz/go-bees/commit/5255bc844c912768627b695ff6055bfeb289225c","comments_url":"https://api.github.com/repos/davidmigloz/go-bees/commits/5255bc844c912768627b695ff6055bfeb289225c/comments","author":{"login":"davidmigloz","id":6546265,"node_id":"MDQ6VXNlcjY1NDYyNjU=","avatar_url":"https://avatars.githubusercontent.com/u/6546265?v=4","gravatar_id":"","url":"https://api.github.com/users/davidmigloz","html_url":"https://github.com/davidmigloz","followers_url":"https://api.github.com/users/davidmigloz/followers","following_url":"https://api.github.com/users/davidmigloz/following{/other_user}","gists_url":"https://api.github.com/users/davidmigloz/gists{/gist_id}","starred_url":"https://api.github.com/users/davidmigloz/starred{/owner}{/repo}","subscriptions_url":"https://api.github.com/users/davidmigloz/subscriptions","organizations_url":"https://api.github.com/users/davidmigloz/orgs","repos_url":"https://api.github.com/users/davidmigloz/repos","events_url":"https://api.github.com/users/davidmigloz/events{/privacy}","received_events_url":"https://api.github.com/users/davidmigloz/received_events","type":"User","site_admin":false},"committer":{"login":"davidmigloz","id":6546265,"node_id":"MDQ6VXNlcjY1NDYyNjU=","avatar_url":"https://avatars.githubusercontent.com/u/6546265?v=4","gravatar_id":"","url":"https://api.github.com/users/davidmigloz","html_url":"https://github.com/davidmigloz","followers_url":"https://api.github.com/users/davidmigloz/followers","following_url":"https://api.github.com/users/davidmigloz/following{/other_user}","gists_url":"https://api.github.com/users/davidmigloz/gists{/gist_id}","starred_url":"https://api.github.com/users/davidmigloz/starred{/owner}{/repo}","subscriptions_url":"https://api.github.com/users/davidmigloz/subscriptions","organizations_url":"https://api.github.com/users/davidmigloz/orgs","repos_url":"https://api.github.com/users/davidmigloz/repos","events_url":"https://api.github.com/users/davidmigloz/events{/privacy}","received_events_url":"https://api.github.com/users/davidmigloz/received_events","type":"User","site_admin":false},"parents":[{"sha":"844ae5227dd5be359470b35e4b8aaf231d47a907","url":"https://api.github.com/repos/davidmigloz/go-bees/commits/844ae5227dd5be359470b35e4b8aaf231d47a907","html_url":"https://github.com/davidmigloz/go-bees/commit/844ae5227dd5be359470b35e4b8aaf231d47a907"}]},{"sha":"844ae5227dd5be359470b35e4b8aaf231d47a907","node_id":"MDY6Q29tbWl0NjU5Mjc2Nzg6ODQ0YWU1MjI3ZGQ1YmUzNTk0NzBiMzVlNGI4YWFmMjMxZDQ3YTkwNw==","commit":{"author":{"name":"davidmigloz","email":"me@davidmiguel.com","date":"2017-01-20T22:40:05Z"},"committer":{"name":"davidmigloz","email":"me@davidmiguel.com","date":"2017-01-20T22:40:05Z"},"message":"Fix images position #164","tree":{"sha":"cda04227174e6441a7eb47d5d193bf4bd54035b2","url":"https://api.github.com/repos/davidmigloz/go-bees/git/trees/cda04227174e6441a7eb47d5d193bf4bd54035b2"},"url":"https://api.github.com/repos/davidmigloz/go-bees/git/commits/844ae5227dd5be359470b35e4b8aaf231d47a907","comment_count":0,"verification":{"verified":false,"reason":"unsigned","signature":null,"payload":null}},"url":"https://api.github.com/repos/davidmigloz/go-bees/commits/844ae5227dd5be359470b35e4b8aaf231d47a907","html_url":"https://github.com/davidmigloz/go-bees/commit/844ae5227dd5be359470b35e4b8aaf231d47a907","comments_url":"https://api.github.com/repos/davidmigloz/go-bees/commits/844ae5227dd5be359470b35e4b8aaf231d47a907/comments","author":{"login":"davidmigloz","id":6546265,"node_id":"MDQ6VXNlcjY1NDYyNjU=","avatar_url":"https://avatars.githubusercontent.com/u/6546265?v=4","gravatar_id":"","url":"https://api.github.com/users/davidmigloz","html_url":"https://github.com/davidmigloz","followers_url":"https://api.github.com/users/davidmigloz/followers","following_url":"https://api.github.com/users/davidmigloz/following{/other_user}","gists_url":"https://api.github.com/users/davidmigloz/gists{/gist_id}","starred_url":"https://api.github.com/users/davidmigloz/starred{/owner}{/repo}","subscriptions_url":"https://api.github.com/users/davidmigloz/subscriptions","organizations_url":"https://api.github.com/users/davidmigloz/orgs","repos_url":"https://api.github.com/users/davidmigloz/repos","events_url":"https://api.github.com/users/davidmigloz/events{/privacy}","received_events_url":"https://api.github.com/users/davidmigloz/received_events","type":"User","site_admin":false},"committer":{"login":"davidmigloz","id":6546265,"node_id":"MDQ6VXNlcjY1NDYyNjU=","avatar_url":"https://avatars.githubusercontent.com/u/6546265?v=4","gravatar_id":"","url":"https://api.github.com/users/davidmigloz","html_url":"https://github.com/davidmigloz","followers_url":"https://api.github.com/users/davidmigloz/followers","following_url":"https://api.github.com/users/davidmigloz/following{/other_user}","gists_url":"https://api.github.com/users/davidmigloz/gists{/gist_id}","starred_url":"https://api.github.com/users/davidmigloz/starred{/owner}{/repo}","subscriptions_url":"https://api.github.com/users/davidmigloz/subscriptions","organizations_url":"https://api.github.com/users/davidmigloz/orgs","repos_url":"https://api.github.com/users/davidmigloz/repos","events_url":"https://api.github.com/users/davidmigloz/events{/privacy}","received_events_url":"https://api.github.com/users/davidmigloz/received_events","type":"User","site_admin":false},"parents":[{"sha":"271284b37d1c4fbcf8abe6121fbd7e1f03017aca","url":"https://api.github.com/repos/davidmigloz/go-bees/commits/271284b37d1c4fbcf8abe6121fbd7e1f03017aca","html_url":"https://github.com/davidmigloz/go-bees/commit/271284b37d1c4fbcf8abe6121fbd7e1f03017aca"}]},{"sha":"271284b37d1c4fbcf8abe6121fbd7e1f03017aca","node_id":"MDY6Q29tbWl0NjU5Mjc2Nzg6MjcxMjg0YjM3ZDFjNGZiY2Y4YWJlNjEyMWZiZDdlMWYwMzAxN2FjYQ==","commit":{"author":{"name":"davidmigloz","email":"me@davidmiguel.com","date":"2017-01-20T22:32:31Z"},"committer":{"name":"davidmigloz","email":"me@davidmiguel.com","date":"2017-01-20T22:32:31Z"},"message":"Fix images position #164","tree":{"sha":"3ef779a4a9e8de2c4f48d53e3456928359397bd0","url":"https://api.github.com/repos/davidmigloz/go-bees/git/trees/3ef779a4a9e8de2c4f48d53e3456928359397bd0"},"url":"https://api.github.com/repos/davidmigloz/go-bees/git/commits/271284b37d1c4fbcf8abe6121fbd7e1f03017aca","comment_count":0,"verification":{"verified":false,"reason":"unsigned","signature":null,"payload":null}},"url":"https://api.github.com/repos/davidmigloz/go-bees/commits/271284b37d1c4fbcf8abe6121fbd7e1f03017aca","html_url":"https://github.com/davidmigloz/go-bees/commit/271284b37d1c4fbcf8abe6121fbd7e1f03017aca","comments_url":"https://api.github.com/repos/davidmigloz/go-bees/commits/271284b37d1c4fbcf8abe6121fbd7e1f03017aca/comments","author":{"login":"davidmigloz","id":6546265,"node_id":"MDQ6VXNlcjY1NDYyNjU=","avatar_url":"https://avatars.githubusercontent.com/u/6546265?v=4","gravatar_id":"","url":"https://api.github.com/users/davidmigloz","html_url":"https://github.com/davidmigloz","followers_url":"https://api.github.com/users/davidmigloz/followers","following_url":"https://api.github.com/users/davidmigloz/following{/other_user}","gists_url":"https://api.github.com/users/davidmigloz/gists{/gist_id}","starred_url":"https://api.github.com/users/davidmigloz/starred{/owner}{/repo}","subscriptions_url":"https://api.github.com/users/davidmigloz/subscriptions","organizations_url":"https://api.github.com/users/davidmigloz/orgs","repos_url":"https://api.github.com/users/davidmigloz/repos","events_url":"https://api.github.com/users/davidmigloz/events{/privacy}","received_events_url":"https://api.github.com/users/davidmigloz/received_events","type":"User","site_admin":false},"committer":{"login":"davidmigloz","id":6546265,"node_id":"MDQ6VXNlcjY1NDYyNjU=","avatar_url":"https://avatars.githubusercontent.com/u/6546265?v=4","gravatar_id":"","url":"https://api.github.com/users/davidmigloz","html_url":"https://github.com/davidmigloz","followers_url":"https://api.github.com/users/davidmigloz/followers","following_url":"https://api.github.com/users/davidmigloz/following{/other_user}","gists_url":"https://api.github.com/users/davidmigloz/gists{/gist_id}","starred_url":"https://api.github.com/users/davidmigloz/starred{/owner}{/repo}","subscriptions_url":"https://api.github.com/users/davidmigloz/subscriptions","organizations_url":"https://api.github.com/users/davidmigloz/orgs","repos_url":"https://api.github.com/users/davidmigloz/repos","events_url":"https://api.github.com/users/davidmigloz/events{/privacy}","received_events_url":"https://api.github.com/users/davidmigloz/received_events","type":"User","site_admin":false},"parents":[{"sha":"b5d991f79ade4a15414533466e1f0695eb381aca","url":"https://api.github.com/repos/davidmigloz/go-bees/commits/b5d991f79ade4a15414533466e1f0695eb381aca","html_url":"https://github.com/davidmigloz/go-bees/commit/b5d991f79ade4a15414533466e1f0695eb381aca"}]}]
2023-09-24 16:20:17.788 DEBUG 39436 --- [           main] e.u.l.a.s.a.github.GitHubScmClient       : [GitHubScmClient#findCommits] <--- END HTTP (329143-byte body)
]]></system-out>
  </testcase>
  <testcase name="commitsShouldBeRetrieved" classname="es.ubu.lsi.avrela.scm.adapter.github.GitHubScmClientTest$GitHubCommitsTest$GitHubRepositoryWithCommits" time="0.266">
    <system-out><![CDATA[2023-09-24 16:20:17.824 DEBUG 39436 --- [           main] e.u.l.a.s.a.github.GitHubScmClient       : [GitHubScmClient#findCommits] ---> GET https://api.github.com/repos/davidmigloz/go-bees/commits?sha=master&until=2023-09-24T16%3A20%3A17.822888%2B02%3A00%5BEurope/Madrid%5D&page=1&per_page=1 HTTP/1.1
2023-09-24 16:20:17.824 DEBUG 39436 --- [           main] e.u.l.a.s.a.github.GitHubScmClient       : [GitHubScmClient#findCommits] Authorization: Bearer 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
2023-09-24 16:20:17.824 DEBUG 39436 --- [           main] e.u.l.a.s.a.github.GitHubScmClient       : [GitHubScmClient#findCommits] ---> END HTTP (0-byte body)
2023-09-24 16:20:18.083 DEBUG 39436 --- [           main] e.u.l.a.s.a.github.GitHubScmClient       : [GitHubScmClient#findCommits] <--- HTTP/1.1 200 OK (258ms)
2023-09-24 16:20:18.083 DEBUG 39436 --- [           main] e.u.l.a.s.a.github.GitHubScmClient       : [GitHubScmClient#findCommits] access-control-allow-origin: *
2023-09-24 16:20:18.083 DEBUG 39436 --- [           main] e.u.l.a.s.a.github.GitHubScmClient       : [GitHubScmClient#findCommits] access-control-expose-headers: ETag, Link, Location, Retry-After, X-GitHub-OTP, X-RateLimit-Limit, X-RateLimit-Remaining, X-RateLimit-Used, X-RateLimit-Resource, X-RateLimit-Reset, X-OAuth-Scopes, X-Accepted-OAuth-Scopes, X-Poll-Interval, X-GitHub-Media-Type, X-GitHub-SSO, X-GitHub-Request-Id, Deprecation, Sunset
2023-09-24 16:20:18.083 DEBUG 39436 --- [           main] e.u.l.a.s.a.github.GitHubScmClient       : [GitHubScmClient#findCommits] cache-control: private, max-age=60, s-maxage=60
2023-09-24 16:20:18.083 DEBUG 39436 --- [           main] e.u.l.a.s.a.github.GitHubScmClient       : [GitHubScmClient#findCommits] content-length: 3302
2023-09-24 16:20:18.083 DEBUG 39436 --- [           main] e.u.l.a.s.a.github.GitHubScmClient       : [GitHubScmClient#findCommits] content-security-policy: default-src 'none'
2023-09-24 16:20:18.083 DEBUG 39436 --- [           main] e.u.l.a.s.a.github.GitHubScmClient       : [GitHubScmClient#findCommits] content-type: application/json; charset=utf-8
2023-09-24 16:20:18.083 DEBUG 39436 --- [           main] e.u.l.a.s.a.github.GitHubScmClient       : [GitHubScmClient#findCommits] date: Sun, 24 Sep 2023 14:20:18 GMT
2023-09-24 16:20:18.084 DEBUG 39436 --- [           main] e.u.l.a.s.a.github.GitHubScmClient       : [GitHubScmClient#findCommits] etag: "6c95dea514eb0348427d1ef26084e955892ef6dda043819aac8a3d41a28a5d07"
2023-09-24 16:20:18.084 DEBUG 39436 --- [           main] e.u.l.a.s.a.github.GitHubScmClient       : [GitHubScmClient#findCommits] last-modified: Fri, 12 Mar 2021 20:29:14 GMT
2023-09-24 16:20:18.084 DEBUG 39436 --- [           main] e.u.l.a.s.a.github.GitHubScmClient       : [GitHubScmClient#findCommits] link: <https://api.github.com/repositories/65927678/commits?sha=master&until=2023-09-24T16%3A20%3A17.822888%2B02%3A00%5BEurope%2FMadrid%5D&page=2&per_page=1>; rel="next", <https://api.github.com/repositories/65927678/commits?sha=master&until=2023-09-24T16%3A20%3A17.822888%2B02%3A00%5BEurope%2FMadrid%5D&page=423&per_page=1>; rel="last"
2023-09-24 16:20:18.084 DEBUG 39436 --- [           main] e.u.l.a.s.a.github.GitHubScmClient       : [GitHubScmClient#findCommits] referrer-policy: origin-when-cross-origin, strict-origin-when-cross-origin
2023-09-24 16:20:18.084 DEBUG 39436 --- [           main] e.u.l.a.s.a.github.GitHubScmClient       : [GitHubScmClient#findCommits] server: GitHub.com
2023-09-24 16:20:18.084 DEBUG 39436 --- [           main] e.u.l.a.s.a.github.GitHubScmClient       : [GitHubScmClient#findCommits] strict-transport-security: max-age=31536000; includeSubdomains; preload
2023-09-24 16:20:18.084 DEBUG 39436 --- [           main] e.u.l.a.s.a.github.GitHubScmClient       : [GitHubScmClient#findCommits] vary: Accept-Encoding, Accept, X-Requested-With
2023-09-24 16:20:18.084 DEBUG 39436 --- [           main] e.u.l.a.s.a.github.GitHubScmClient       : [GitHubScmClient#findCommits] vary: Accept, Authorization, Cookie, X-GitHub-OTP
2023-09-24 16:20:18.084 DEBUG 39436 --- [           main] e.u.l.a.s.a.github.GitHubScmClient       : [GitHubScmClient#findCommits] x-accepted-oauth-scopes: 
2023-09-24 16:20:18.084 DEBUG 39436 --- [           main] e.u.l.a.s.a.github.GitHubScmClient       : [GitHubScmClient#findCommits] x-content-type-options: nosniff
2023-09-24 16:20:18.085 DEBUG 39436 --- [           main] e.u.l.a.s.a.github.GitHubScmClient       : [GitHubScmClient#findCommits] x-frame-options: deny
2023-09-24 16:20:18.085 DEBUG 39436 --- [           main] e.u.l.a.s.a.github.GitHubScmClient       : [GitHubScmClient#findCommits] x-github-api-version-selected: 2022-11-28
2023-09-24 16:20:18.085 DEBUG 39436 --- [           main] e.u.l.a.s.a.github.GitHubScmClient       : [GitHubScmClient#findCommits] x-github-media-type: github.v3; format=json
2023-09-24 16:20:18.085 DEBUG 39436 --- [           main] e.u.l.a.s.a.github.GitHubScmClient       : [GitHubScmClient#findCommits] x-github-request-id: E4B5:5059:2ADA04A:2B70F57:651045A1
2023-09-24 16:20:18.085 DEBUG 39436 --- [           main] e.u.l.a.s.a.github.GitHubScmClient       : [GitHubScmClient#findCommits] x-oauth-scopes: gist, notifications, project, repo
2023-09-24 16:20:18.085 DEBUG 39436 --- [           main] e.u.l.a.s.a.github.GitHubScmClient       : [GitHubScmClient#findCommits] x-ratelimit-limit: 5000
2023-09-24 16:20:18.085 DEBUG 39436 --- [           main] e.u.l.a.s.a.github.GitHubScmClient       : [GitHubScmClient#findCommits] x-ratelimit-remaining: 4989
2023-09-24 16:20:18.085 DEBUG 39436 --- [           main] e.u.l.a.s.a.github.GitHubScmClient       : [GitHubScmClient#findCommits] x-ratelimit-reset: 1695568813
2023-09-24 16:20:18.085 DEBUG 39436 --- [           main] e.u.l.a.s.a.github.GitHubScmClient       : [GitHubScmClient#findCommits] x-ratelimit-resource: core
2023-09-24 16:20:18.085 DEBUG 39436 --- [           main] e.u.l.a.s.a.github.GitHubScmClient       : [GitHubScmClient#findCommits] x-ratelimit-used: 11
2023-09-24 16:20:18.085 DEBUG 39436 --- [           main] e.u.l.a.s.a.github.GitHubScmClient       : [GitHubScmClient#findCommits] x-xss-protection: 0
2023-09-24 16:20:18.085 DEBUG 39436 --- [           main] e.u.l.a.s.a.github.GitHubScmClient       : [GitHubScmClient#findCommits] 
2023-09-24 16:20:18.086 DEBUG 39436 --- [           main] e.u.l.a.s.a.github.GitHubScmClient       : [GitHubScmClient#findCommits] [{"sha":"8289ea5ef2b644a551fda4c3b034f9ef9fcd0209","node_id":"MDY6Q29tbWl0NjU5Mjc2Nzg6ODI4OWVhNWVmMmI2NDRhNTUxZmRhNGMzYjAzNGY5ZWY5ZmNkMDIwOQ==","commit":{"author":{"name":"David Miguel Lozano","email":"davidmigloz@users.noreply.github.com","date":"2021-03-12T20:29:14Z"},"committer":{"name":"David Miguel Lozano","email":"davidmigloz@users.noreply.github.com","date":"2021-03-12T20:29:14Z"},"message":"Create CNAME","tree":{"sha":"0075784b7aaa8645e600fe82258d9ec8a4412f83","url":"https://api.github.com/repos/davidmigloz/go-bees/git/trees/0075784b7aaa8645e600fe82258d9ec8a4412f83"},"url":"https://api.github.com/repos/davidmigloz/go-bees/git/commits/8289ea5ef2b644a551fda4c3b034f9ef9fcd0209","comment_count":0,"verification":{"verified":false,"reason":"unsigned","signature":null,"payload":null}},"url":"https://api.github.com/repos/davidmigloz/go-bees/commits/8289ea5ef2b644a551fda4c3b034f9ef9fcd0209","html_url":"https://github.com/davidmigloz/go-bees/commit/8289ea5ef2b644a551fda4c3b034f9ef9fcd0209","comments_url":"https://api.github.com/repos/davidmigloz/go-bees/commits/8289ea5ef2b644a551fda4c3b034f9ef9fcd0209/comments","author":{"login":"davidmigloz","id":6546265,"node_id":"MDQ6VXNlcjY1NDYyNjU=","avatar_url":"https://avatars.githubusercontent.com/u/6546265?v=4","gravatar_id":"","url":"https://api.github.com/users/davidmigloz","html_url":"https://github.com/davidmigloz","followers_url":"https://api.github.com/users/davidmigloz/followers","following_url":"https://api.github.com/users/davidmigloz/following{/other_user}","gists_url":"https://api.github.com/users/davidmigloz/gists{/gist_id}","starred_url":"https://api.github.com/users/davidmigloz/starred{/owner}{/repo}","subscriptions_url":"https://api.github.com/users/davidmigloz/subscriptions","organizations_url":"https://api.github.com/users/davidmigloz/orgs","repos_url":"https://api.github.com/users/davidmigloz/repos","events_url":"https://api.github.com/users/davidmigloz/events{/privacy}","received_events_url":"https://api.github.com/users/davidmigloz/received_events","type":"User","site_admin":false},"committer":{"login":"davidmigloz","id":6546265,"node_id":"MDQ6VXNlcjY1NDYyNjU=","avatar_url":"https://avatars.githubusercontent.com/u/6546265?v=4","gravatar_id":"","url":"https://api.github.com/users/davidmigloz","html_url":"https://github.com/davidmigloz","followers_url":"https://api.github.com/users/davidmigloz/followers","following_url":"https://api.github.com/users/davidmigloz/following{/other_user}","gists_url":"https://api.github.com/users/davidmigloz/gists{/gist_id}","starred_url":"https://api.github.com/users/davidmigloz/starred{/owner}{/repo}","subscriptions_url":"https://api.github.com/users/davidmigloz/subscriptions","organizations_url":"https://api.github.com/users/davidmigloz/orgs","repos_url":"https://api.github.com/users/davidmigloz/repos","events_url":"https://api.github.com/users/davidmigloz/events{/privacy}","received_events_url":"https://api.github.com/users/davidmigloz/received_events","type":"User","site_admin":false},"parents":[{"sha":"a5aaf9016611f9913c21d1f906d7c75df580529a","url":"https://api.github.com/repos/davidmigloz/go-bees/commits/a5aaf9016611f9913c21d1f906d7c75df580529a","html_url":"https://github.com/davidmigloz/go-bees/commit/a5aaf9016611f9913c21d1f906d7c75df580529a"}]}]
2023-09-24 16:20:18.087 DEBUG 39436 --- [           main] e.u.l.a.s.a.github.GitHubScmClient       : [GitHubScmClient#findCommits] <--- END HTTP (3302-byte body)
]]></system-out>
  </testcase>
</testsuite>