<?xml version="1.0" encoding="UTF-8"?>
<testsuite xmlns:xsi="http://www.w3.org/2001/XMLSchema-instance" xsi:noNamespaceSchemaLocation="https://maven.apache.org/surefire/maven-surefire-plugin/xsd/surefire-test-report-3.0.xsd" version="3.0" name="es.ubu.lsi.avrela.bdd.CucumberTests" time="58.345" tests="17" errors="0" skipped="0" failures="0">
  <properties>
    <property name="java.specification.version" value="17"/>
    <property name="sun.jnu.encoding" value="UTF-8"/>
    <property name="java.class.path" value="/Users/maureon/Workspaces/03_selflearning/07_avrela/target/test-classes:/Users/maureon/Workspaces/03_selflearning/07_avrela/target/classes:/Users/maureon/.m2/repository/org/springframework/cloud/spring-cloud-starter-openfeign/3.1.4/spring-cloud-starter-openfeign-3.1.4.jar:/Users/maureon/.m2/repository/org/springframework/cloud/spring-cloud-starter/3.1.4/spring-cloud-starter-3.1.4.jar:/Users/maureon/.m2/repository/org/springframework/cloud/spring-cloud-context/3.1.4/spring-cloud-context-3.1.4.jar:/Users/maureon/.m2/repository/org/springframework/security/spring-security-rsa/1.0.11.RELEASE/spring-security-rsa-1.0.11.RELEASE.jar:/Users/maureon/.m2/repository/org/bouncycastle/bcpkix-jdk15on/1.69/bcpkix-jdk15on-1.69.jar:/Users/maureon/.m2/repository/org/bouncycastle/bcprov-jdk15on/1.69/bcprov-jdk15on-1.69.jar:/Users/maureon/.m2/repository/org/bouncycastle/bcutil-jdk15on/1.69/bcutil-jdk15on-1.69.jar:/Users/maureon/.m2/repository/org/springframework/cloud/spring-cloud-openfeign-core/3.1.4/spring-cloud-openfeign-core-3.1.4.jar:/Users/maureon/.m2/repository/org/springframework/boot/spring-boot-autoconfigure/2.7.4/spring-boot-autoconfigure-2.7.4.jar:/Users/maureon/.m2/repository/org/springframework/boot/spring-boot-starter-aop/2.7.4/spring-boot-starter-aop-2.7.4.jar:/Users/maureon/.m2/repository/org/aspectj/aspectjweaver/1.9.7/aspectjweaver-1.9.7.jar:/Users/maureon/.m2/repository/io/github/openfeign/form/feign-form-spring/3.8.0/feign-form-spring-3.8.0.jar:/Users/maureon/.m2/repository/io/github/openfeign/form/feign-form/3.8.0/feign-form-3.8.0.jar:/Users/maureon/.m2/repository/commons-fileupload/commons-fileupload/1.4/commons-fileupload-1.4.jar:/Users/maureon/.m2/repository/org/springframework/spring-web/5.3.23/spring-web-5.3.23.jar:/Users/maureon/.m2/repository/org/springframework/spring-beans/5.3.23/spring-beans-5.3.23.jar:/Users/maureon/.m2/repository/org/springframework/cloud/spring-cloud-commons/3.1.4/spring-cloud-commons-3.1.4.jar:/Users/maureon/.m2/repository/org/springframework/security/spring-security-crypto/5.7.3/spring-security-crypto-5.7.3.jar:/Users/maureon/.m2/repository/io/github/openfeign/feign-core/11.8/feign-core-11.8.jar:/Users/maureon/.m2/repository/io/github/openfeign/feign-slf4j/11.8/feign-slf4j-11.8.jar:/Users/maureon/.m2/repository/org/slf4j/slf4j-api/1.7.36/slf4j-api-1.7.36.jar:/Users/maureon/.m2/repository/org/projectlombok/lombok/1.18.24/lombok-1.18.24.jar:/Users/maureon/.m2/repository/org/springframework/boot/spring-boot-starter-test/2.7.4/spring-boot-starter-test-2.7.4.jar:/Users/maureon/.m2/repository/org/springframework/boot/spring-boot-starter/2.7.4/spring-boot-starter-2.7.4.jar:/Users/maureon/.m2/repository/org/springframework/boot/spring-boot/2.7.4/spring-boot-2.7.4.jar:/Users/maureon/.m2/repository/org/springframework/boot/spring-boot-starter-logging/2.7.4/spring-boot-starter-logging-2.7.4.jar:/Users/maureon/.m2/repository/ch/qos/logback/logback-classic/1.2.11/logback-classic-1.2.11.jar:/Users/maureon/.m2/repository/ch/qos/logback/logback-core/1.2.11/logback-core-1.2.11.jar:/Users/maureon/.m2/repository/org/apache/logging/log4j/log4j-to-slf4j/2.17.2/log4j-to-slf4j-2.17.2.jar:/Users/maureon/.m2/repository/org/apache/logging/log4j/log4j-api/2.17.2/log4j-api-2.17.2.jar:/Users/maureon/.m2/repository/org/slf4j/jul-to-slf4j/1.7.36/jul-to-slf4j-1.7.36.jar:/Users/maureon/.m2/repository/jakarta/annotation/jakarta.annotation-api/1.3.5/jakarta.annotation-api-1.3.5.jar:/Users/maureon/.m2/repository/org/yaml/snakeyaml/1.30/snakeyaml-1.30.jar:/Users/maureon/.m2/repository/org/springframework/boot/spring-boot-test/2.7.4/spring-boot-test-2.7.4.jar:/Users/maureon/.m2/repository/org/springframework/boot/spring-boot-test-autoconfigure/2.7.4/spring-boot-test-autoconfigure-2.7.4.jar:/Users/maureon/.m2/repository/com/jayway/jsonpath/json-path/2.7.0/json-path-2.7.0.jar:/Users/maureon/.m2/repository/net/minidev/json-smart/2.4.8/json-smart-2.4.8.jar:/Users/maureon/.m2/repository/net/minidev/accessors-smart/2.4.8/accessors-smart-2.4.8.jar:/Users/maureon/.m2/repository/org/ow2/asm/asm/9.1/asm-9.1.jar:/Users/maureon/.m2/repository/jakarta/xml/bind/jakarta.xml.bind-api/2.3.3/jakarta.xml.bind-api-2.3.3.jar:/Users/maureon/.m2/repository/jakarta/activation/jakarta.activation-api/1.2.2/jakarta.activation-api-1.2.2.jar:/Users/maureon/.m2/repository/org/assertj/assertj-core/3.22.0/assertj-core-3.22.0.jar:/Users/maureon/.m2/repository/org/hamcrest/hamcrest/2.2/hamcrest-2.2.jar:/Users/maureon/.m2/repository/org/mockito/mockito-core/4.5.1/mockito-core-4.5.1.jar:/Users/maureon/.m2/repository/net/bytebuddy/byte-buddy/1.12.17/byte-buddy-1.12.17.jar:/Users/maureon/.m2/repository/net/bytebuddy/byte-buddy-agent/1.12.17/byte-buddy-agent-1.12.17.jar:/Users/maureon/.m2/repository/org/objenesis/objenesis/3.2/objenesis-3.2.jar:/Users/maureon/.m2/repository/org/mockito/mockito-junit-jupiter/4.5.1/mockito-junit-jupiter-4.5.1.jar:/Users/maureon/.m2/repository/org/skyscreamer/jsonassert/1.5.1/jsonassert-1.5.1.jar:/Users/maureon/.m2/repository/com/vaadin/external/google/android-json/0.0.20131108.vaadin1/android-json-0.0.20131108.vaadin1.jar:/Users/maureon/.m2/repository/org/springframework/spring-core/5.3.23/spring-core-5.3.23.jar:/Users/maureon/.m2/repository/org/springframework/spring-jcl/5.3.23/spring-jcl-5.3.23.jar:/Users/maureon/.m2/repository/org/springframework/spring-test/5.3.23/spring-test-5.3.23.jar:/Users/maureon/.m2/repository/org/xmlunit/xmlunit-core/2.9.0/xmlunit-core-2.9.0.jar:/Users/maureon/.m2/repository/io/github/openfeign/feign-gson/11.8/feign-gson-11.8.jar:/Users/maureon/.m2/repository/com/google/code/gson/gson/2.9.1/gson-2.9.1.jar:/Users/maureon/.m2/repository/org/junit/jupiter/junit-jupiter/5.9.1/junit-jupiter-5.9.1.jar:/Users/maureon/.m2/repository/org/junit/jupiter/junit-jupiter-api/5.9.1/junit-jupiter-api-5.9.1.jar:/Users/maureon/.m2/repository/org/opentest4j/opentest4j/1.2.0/opentest4j-1.2.0.jar:/Users/maureon/.m2/repository/org/junit/platform/junit-platform-commons/1.9.1/junit-platform-commons-1.9.1.jar:/Users/maureon/.m2/repository/org/junit/jupiter/junit-jupiter-params/5.9.1/junit-jupiter-params-5.9.1.jar:/Users/maureon/.m2/repository/org/junit/jupiter/junit-jupiter-engine/5.9.1/junit-jupiter-engine-5.9.1.jar:/Users/maureon/.m2/repository/org/junit/platform/junit-platform-suite/1.9.1/junit-platform-suite-1.9.1.jar:/Users/maureon/.m2/repository/org/junit/platform/junit-platform-suite-api/1.9.1/junit-platform-suite-api-1.9.1.jar:/Users/maureon/.m2/repository/org/junit/platform/junit-platform-suite-engine/1.9.1/junit-platform-suite-engine-1.9.1.jar:/Users/maureon/.m2/repository/org/junit/platform/junit-platform-suite-commons/1.9.1/junit-platform-suite-commons-1.9.1.jar:/Users/maureon/.m2/repository/org/junit/platform/junit-platform-launcher/1.9.1/junit-platform-launcher-1.9.1.jar:/Users/maureon/.m2/repository/io/cucumber/cucumber-java/7.8.1/cucumber-java-7.8.1.jar:/Users/maureon/.m2/repository/io/cucumber/cucumber-core/7.8.1/cucumber-core-7.8.1.jar:/Users/maureon/.m2/repository/io/cucumber/cucumber-gherkin/7.8.1/cucumber-gherkin-7.8.1.jar:/Users/maureon/.m2/repository/io/cucumber/cucumber-gherkin-messages/7.8.1/cucumber-gherkin-messages-7.8.1.jar:/Users/maureon/.m2/repository/io/cucumber/gherkin/24.0.0/gherkin-24.0.0.jar:/Users/maureon/.m2/repository/io/cucumber/messages/19.1.4/messages-19.1.4.jar:/Users/maureon/.m2/repository/io/cucumber/tag-expressions/4.1.0/tag-expressions-4.1.0.jar:/Users/maureon/.m2/repository/io/cucumber/cucumber-expressions/16.0.0/cucumber-expressions-16.0.0.jar:/Users/maureon/.m2/repository/io/cucumber/datatable/7.8.1/datatable-7.8.1.jar:/Users/maureon/.m2/repository/io/cucumber/cucumber-plugin/7.8.1/cucumber-plugin-7.8.1.jar:/Users/maureon/.m2/repository/io/cucumber/docstring/7.8.1/docstring-7.8.1.jar:/Users/maureon/.m2/repository/io/cucumber/html-formatter/20.1.0/html-formatter-20.1.0.jar:/Users/maureon/.m2/repository/io/cucumber/ci-environment/9.1.0/ci-environment-9.1.0.jar:/Users/maureon/.m2/repository/org/apiguardian/apiguardian-api/1.1.2/apiguardian-api-1.1.2.jar:/Users/maureon/.m2/repository/io/cucumber/cucumber-junit-platform-engine/7.8.1/cucumber-junit-platform-engine-7.8.1.jar:/Users/maureon/.m2/repository/org/junit/platform/junit-platform-engine/1.9.1/junit-platform-engine-1.9.1.jar:/Users/maureon/.m2/repository/org/springframework/boot/spring-boot-starter-thymeleaf/2.7.4/spring-boot-starter-thymeleaf-2.7.4.jar:/Users/maureon/.m2/repository/org/thymeleaf/thymeleaf-spring5/3.0.15.RELEASE/thymeleaf-spring5-3.0.15.RELEASE.jar:/Users/maureon/.m2/repository/org/thymeleaf/thymeleaf/3.0.15.RELEASE/thymeleaf-3.0.15.RELEASE.jar:/Users/maureon/.m2/repository/org/attoparser/attoparser/2.0.5.RELEASE/attoparser-2.0.5.RELEASE.jar:/Users/maureon/.m2/repository/org/unbescape/unbescape/1.1.6.RELEASE/unbescape-1.1.6.RELEASE.jar:/Users/maureon/.m2/repository/org/thymeleaf/extras/thymeleaf-extras-java8time/3.0.4.RELEASE/thymeleaf-extras-java8time-3.0.4.RELEASE.jar:/Users/maureon/.m2/repository/org/springframework/boot/spring-boot-starter-web/2.7.4/spring-boot-starter-web-2.7.4.jar:/Users/maureon/.m2/repository/org/springframework/boot/spring-boot-starter-json/2.7.4/spring-boot-starter-json-2.7.4.jar:/Users/maureon/.m2/repository/com/fasterxml/jackson/core/jackson-databind/2.13.4/jackson-databind-2.13.4.jar:/Users/maureon/.m2/repository/com/fasterxml/jackson/core/jackson-annotations/2.13.4/jackson-annotations-2.13.4.jar:/Users/maureon/.m2/repository/com/fasterxml/jackson/core/jackson-core/2.13.4/jackson-core-2.13.4.jar:/Users/maureon/.m2/repository/com/fasterxml/jackson/datatype/jackson-datatype-jdk8/2.13.4/jackson-datatype-jdk8-2.13.4.jar:/Users/maureon/.m2/repository/com/fasterxml/jackson/datatype/jackson-datatype-jsr310/2.13.4/jackson-datatype-jsr310-2.13.4.jar:/Users/maureon/.m2/repository/com/fasterxml/jackson/module/jackson-module-parameter-names/2.13.4/jackson-module-parameter-names-2.13.4.jar:/Users/maureon/.m2/repository/org/springframework/boot/spring-boot-starter-tomcat/2.7.4/spring-boot-starter-tomcat-2.7.4.jar:/Users/maureon/.m2/repository/org/apache/tomcat/embed/tomcat-embed-core/9.0.65/tomcat-embed-core-9.0.65.jar:/Users/maureon/.m2/repository/org/apache/tomcat/embed/tomcat-embed-el/9.0.65/tomcat-embed-el-9.0.65.jar:/Users/maureon/.m2/repository/org/apache/tomcat/embed/tomcat-embed-websocket/9.0.65/tomcat-embed-websocket-9.0.65.jar:/Users/maureon/.m2/repository/org/springframework/spring-webmvc/5.3.23/spring-webmvc-5.3.23.jar:/Users/maureon/.m2/repository/org/springframework/spring-aop/5.3.23/spring-aop-5.3.23.jar:/Users/maureon/.m2/repository/org/springframework/spring-context/5.3.23/spring-context-5.3.23.jar:/Users/maureon/.m2/repository/org/springframework/spring-expression/5.3.23/spring-expression-5.3.23.jar:/Users/maureon/.m2/repository/org/webjars/bootstrap/5.2.3/bootstrap-5.2.3.jar:"/>
    <property name="java.vm.vendor" value="Eclipse Adoptium"/>
    <property name="sun.arch.data.model" value="64"/>
    <property name="java.vendor.url" value="https://adoptium.net/"/>
    <property name="user.timezone" value="Europe/Madrid"/>
    <property name="os.name" value="Mac OS X"/>
    <property name="java.vm.specification.version" value="17"/>
    <property name="sun.java.launcher" value="SUN_STANDARD"/>
    <property name="user.country" value="ES"/>
    <property name="sun.boot.library.path" value="/Users/maureon/.sdkman/candidates/java/17.0.4.1-tem/lib"/>
    <property name="sun.java.command" value="/Users/maureon/Workspaces/03_selflearning/07_avrela/target/surefire/surefirebooter8786368081608879481.jar /Users/maureon/Workspaces/03_selflearning/07_avrela/target/surefire 2023-09-24T16-20-02_293-jvmRun1 surefire473464977500272441tmp surefire_08542013971996685590tmp"/>
    <property name="http.nonProxyHosts" value="local|*.local|169.254/16|*.169.254/16"/>
    <property name="jdk.debug" value="release"/>
    <property name="surefire.test.class.path" value="/Users/maureon/Workspaces/03_selflearning/07_avrela/target/test-classes:/Users/maureon/Workspaces/03_selflearning/07_avrela/target/classes:/Users/maureon/.m2/repository/org/springframework/cloud/spring-cloud-starter-openfeign/3.1.4/spring-cloud-starter-openfeign-3.1.4.jar:/Users/maureon/.m2/repository/org/springframework/cloud/spring-cloud-starter/3.1.4/spring-cloud-starter-3.1.4.jar:/Users/maureon/.m2/repository/org/springframework/cloud/spring-cloud-context/3.1.4/spring-cloud-context-3.1.4.jar:/Users/maureon/.m2/repository/org/springframework/security/spring-security-rsa/1.0.11.RELEASE/spring-security-rsa-1.0.11.RELEASE.jar:/Users/maureon/.m2/repository/org/bouncycastle/bcpkix-jdk15on/1.69/bcpkix-jdk15on-1.69.jar:/Users/maureon/.m2/repository/org/bouncycastle/bcprov-jdk15on/1.69/bcprov-jdk15on-1.69.jar:/Users/maureon/.m2/repository/org/bouncycastle/bcutil-jdk15on/1.69/bcutil-jdk15on-1.69.jar:/Users/maureon/.m2/repository/org/springframework/cloud/spring-cloud-openfeign-core/3.1.4/spring-cloud-openfeign-core-3.1.4.jar:/Users/maureon/.m2/repository/org/springframework/boot/spring-boot-autoconfigure/2.7.4/spring-boot-autoconfigure-2.7.4.jar:/Users/maureon/.m2/repository/org/springframework/boot/spring-boot-starter-aop/2.7.4/spring-boot-starter-aop-2.7.4.jar:/Users/maureon/.m2/repository/org/aspectj/aspectjweaver/1.9.7/aspectjweaver-1.9.7.jar:/Users/maureon/.m2/repository/io/github/openfeign/form/feign-form-spring/3.8.0/feign-form-spring-3.8.0.jar:/Users/maureon/.m2/repository/io/github/openfeign/form/feign-form/3.8.0/feign-form-3.8.0.jar:/Users/maureon/.m2/repository/commons-fileupload/commons-fileupload/1.4/commons-fileupload-1.4.jar:/Users/maureon/.m2/repository/org/springframework/spring-web/5.3.23/spring-web-5.3.23.jar:/Users/maureon/.m2/repository/org/springframework/spring-beans/5.3.23/spring-beans-5.3.23.jar:/Users/maureon/.m2/repository/org/springframework/cloud/spring-cloud-commons/3.1.4/spring-cloud-commons-3.1.4.jar:/Users/maureon/.m2/repository/org/springframework/security/spring-security-crypto/5.7.3/spring-security-crypto-5.7.3.jar:/Users/maureon/.m2/repository/io/github/openfeign/feign-core/11.8/feign-core-11.8.jar:/Users/maureon/.m2/repository/io/github/openfeign/feign-slf4j/11.8/feign-slf4j-11.8.jar:/Users/maureon/.m2/repository/org/slf4j/slf4j-api/1.7.36/slf4j-api-1.7.36.jar:/Users/maureon/.m2/repository/org/projectlombok/lombok/1.18.24/lombok-1.18.24.jar:/Users/maureon/.m2/repository/org/springframework/boot/spring-boot-starter-test/2.7.4/spring-boot-starter-test-2.7.4.jar:/Users/maureon/.m2/repository/org/springframework/boot/spring-boot-starter/2.7.4/spring-boot-starter-2.7.4.jar:/Users/maureon/.m2/repository/org/springframework/boot/spring-boot/2.7.4/spring-boot-2.7.4.jar:/Users/maureon/.m2/repository/org/springframework/boot/spring-boot-starter-logging/2.7.4/spring-boot-starter-logging-2.7.4.jar:/Users/maureon/.m2/repository/ch/qos/logback/logback-classic/1.2.11/logback-classic-1.2.11.jar:/Users/maureon/.m2/repository/ch/qos/logback/logback-core/1.2.11/logback-core-1.2.11.jar:/Users/maureon/.m2/repository/org/apache/logging/log4j/log4j-to-slf4j/2.17.2/log4j-to-slf4j-2.17.2.jar:/Users/maureon/.m2/repository/org/apache/logging/log4j/log4j-api/2.17.2/log4j-api-2.17.2.jar:/Users/maureon/.m2/repository/org/slf4j/jul-to-slf4j/1.7.36/jul-to-slf4j-1.7.36.jar:/Users/maureon/.m2/repository/jakarta/annotation/jakarta.annotation-api/1.3.5/jakarta.annotation-api-1.3.5.jar:/Users/maureon/.m2/repository/org/yaml/snakeyaml/1.30/snakeyaml-1.30.jar:/Users/maureon/.m2/repository/org/springframework/boot/spring-boot-test/2.7.4/spring-boot-test-2.7.4.jar:/Users/maureon/.m2/repository/org/springframework/boot/spring-boot-test-autoconfigure/2.7.4/spring-boot-test-autoconfigure-2.7.4.jar:/Users/maureon/.m2/repository/com/jayway/jsonpath/json-path/2.7.0/json-path-2.7.0.jar:/Users/maureon/.m2/repository/net/minidev/json-smart/2.4.8/json-smart-2.4.8.jar:/Users/maureon/.m2/repository/net/minidev/accessors-smart/2.4.8/accessors-smart-2.4.8.jar:/Users/maureon/.m2/repository/org/ow2/asm/asm/9.1/asm-9.1.jar:/Users/maureon/.m2/repository/jakarta/xml/bind/jakarta.xml.bind-api/2.3.3/jakarta.xml.bind-api-2.3.3.jar:/Users/maureon/.m2/repository/jakarta/activation/jakarta.activation-api/1.2.2/jakarta.activation-api-1.2.2.jar:/Users/maureon/.m2/repository/org/assertj/assertj-core/3.22.0/assertj-core-3.22.0.jar:/Users/maureon/.m2/repository/org/hamcrest/hamcrest/2.2/hamcrest-2.2.jar:/Users/maureon/.m2/repository/org/mockito/mockito-core/4.5.1/mockito-core-4.5.1.jar:/Users/maureon/.m2/repository/net/bytebuddy/byte-buddy/1.12.17/byte-buddy-1.12.17.jar:/Users/maureon/.m2/repository/net/bytebuddy/byte-buddy-agent/1.12.17/byte-buddy-agent-1.12.17.jar:/Users/maureon/.m2/repository/org/objenesis/objenesis/3.2/objenesis-3.2.jar:/Users/maureon/.m2/repository/org/mockito/mockito-junit-jupiter/4.5.1/mockito-junit-jupiter-4.5.1.jar:/Users/maureon/.m2/repository/org/skyscreamer/jsonassert/1.5.1/jsonassert-1.5.1.jar:/Users/maureon/.m2/repository/com/vaadin/external/google/android-json/0.0.20131108.vaadin1/android-json-0.0.20131108.vaadin1.jar:/Users/maureon/.m2/repository/org/springframework/spring-core/5.3.23/spring-core-5.3.23.jar:/Users/maureon/.m2/repository/org/springframework/spring-jcl/5.3.23/spring-jcl-5.3.23.jar:/Users/maureon/.m2/repository/org/springframework/spring-test/5.3.23/spring-test-5.3.23.jar:/Users/maureon/.m2/repository/org/xmlunit/xmlunit-core/2.9.0/xmlunit-core-2.9.0.jar:/Users/maureon/.m2/repository/io/github/openfeign/feign-gson/11.8/feign-gson-11.8.jar:/Users/maureon/.m2/repository/com/google/code/gson/gson/2.9.1/gson-2.9.1.jar:/Users/maureon/.m2/repository/org/junit/jupiter/junit-jupiter/5.9.1/junit-jupiter-5.9.1.jar:/Users/maureon/.m2/repository/org/junit/jupiter/junit-jupiter-api/5.9.1/junit-jupiter-api-5.9.1.jar:/Users/maureon/.m2/repository/org/opentest4j/opentest4j/1.2.0/opentest4j-1.2.0.jar:/Users/maureon/.m2/repository/org/junit/platform/junit-platform-commons/1.9.1/junit-platform-commons-1.9.1.jar:/Users/maureon/.m2/repository/org/junit/jupiter/junit-jupiter-params/5.9.1/junit-jupiter-params-5.9.1.jar:/Users/maureon/.m2/repository/org/junit/jupiter/junit-jupiter-engine/5.9.1/junit-jupiter-engine-5.9.1.jar:/Users/maureon/.m2/repository/org/junit/platform/junit-platform-suite/1.9.1/junit-platform-suite-1.9.1.jar:/Users/maureon/.m2/repository/org/junit/platform/junit-platform-suite-api/1.9.1/junit-platform-suite-api-1.9.1.jar:/Users/maureon/.m2/repository/org/junit/platform/junit-platform-suite-engine/1.9.1/junit-platform-suite-engine-1.9.1.jar:/Users/maureon/.m2/repository/org/junit/platform/junit-platform-suite-commons/1.9.1/junit-platform-suite-commons-1.9.1.jar:/Users/maureon/.m2/repository/org/junit/platform/junit-platform-launcher/1.9.1/junit-platform-launcher-1.9.1.jar:/Users/maureon/.m2/repository/io/cucumber/cucumber-java/7.8.1/cucumber-java-7.8.1.jar:/Users/maureon/.m2/repository/io/cucumber/cucumber-core/7.8.1/cucumber-core-7.8.1.jar:/Users/maureon/.m2/repository/io/cucumber/cucumber-gherkin/7.8.1/cucumber-gherkin-7.8.1.jar:/Users/maureon/.m2/repository/io/cucumber/cucumber-gherkin-messages/7.8.1/cucumber-gherkin-messages-7.8.1.jar:/Users/maureon/.m2/repository/io/cucumber/gherkin/24.0.0/gherkin-24.0.0.jar:/Users/maureon/.m2/repository/io/cucumber/messages/19.1.4/messages-19.1.4.jar:/Users/maureon/.m2/repository/io/cucumber/tag-expressions/4.1.0/tag-expressions-4.1.0.jar:/Users/maureon/.m2/repository/io/cucumber/cucumber-expressions/16.0.0/cucumber-expressions-16.0.0.jar:/Users/maureon/.m2/repository/io/cucumber/datatable/7.8.1/datatable-7.8.1.jar:/Users/maureon/.m2/repository/io/cucumber/cucumber-plugin/7.8.1/cucumber-plugin-7.8.1.jar:/Users/maureon/.m2/repository/io/cucumber/docstring/7.8.1/docstring-7.8.1.jar:/Users/maureon/.m2/repository/io/cucumber/html-formatter/20.1.0/html-formatter-20.1.0.jar:/Users/maureon/.m2/repository/io/cucumber/ci-environment/9.1.0/ci-environment-9.1.0.jar:/Users/maureon/.m2/repository/org/apiguardian/apiguardian-api/1.1.2/apiguardian-api-1.1.2.jar:/Users/maureon/.m2/repository/io/cucumber/cucumber-junit-platform-engine/7.8.1/cucumber-junit-platform-engine-7.8.1.jar:/Users/maureon/.m2/repository/org/junit/platform/junit-platform-engine/1.9.1/junit-platform-engine-1.9.1.jar:/Users/maureon/.m2/repository/org/springframework/boot/spring-boot-starter-thymeleaf/2.7.4/spring-boot-starter-thymeleaf-2.7.4.jar:/Users/maureon/.m2/repository/org/thymeleaf/thymeleaf-spring5/3.0.15.RELEASE/thymeleaf-spring5-3.0.15.RELEASE.jar:/Users/maureon/.m2/repository/org/thymeleaf/thymeleaf/3.0.15.RELEASE/thymeleaf-3.0.15.RELEASE.jar:/Users/maureon/.m2/repository/org/attoparser/attoparser/2.0.5.RELEASE/attoparser-2.0.5.RELEASE.jar:/Users/maureon/.m2/repository/org/unbescape/unbescape/1.1.6.RELEASE/unbescape-1.1.6.RELEASE.jar:/Users/maureon/.m2/repository/org/thymeleaf/extras/thymeleaf-extras-java8time/3.0.4.RELEASE/thymeleaf-extras-java8time-3.0.4.RELEASE.jar:/Users/maureon/.m2/repository/org/springframework/boot/spring-boot-starter-web/2.7.4/spring-boot-starter-web-2.7.4.jar:/Users/maureon/.m2/repository/org/springframework/boot/spring-boot-starter-json/2.7.4/spring-boot-starter-json-2.7.4.jar:/Users/maureon/.m2/repository/com/fasterxml/jackson/core/jackson-databind/2.13.4/jackson-databind-2.13.4.jar:/Users/maureon/.m2/repository/com/fasterxml/jackson/core/jackson-annotations/2.13.4/jackson-annotations-2.13.4.jar:/Users/maureon/.m2/repository/com/fasterxml/jackson/core/jackson-core/2.13.4/jackson-core-2.13.4.jar:/Users/maureon/.m2/repository/com/fasterxml/jackson/datatype/jackson-datatype-jdk8/2.13.4/jackson-datatype-jdk8-2.13.4.jar:/Users/maureon/.m2/repository/com/fasterxml/jackson/datatype/jackson-datatype-jsr310/2.13.4/jackson-datatype-jsr310-2.13.4.jar:/Users/maureon/.m2/repository/com/fasterxml/jackson/module/jackson-module-parameter-names/2.13.4/jackson-module-parameter-names-2.13.4.jar:/Users/maureon/.m2/repository/org/springframework/boot/spring-boot-starter-tomcat/2.7.4/spring-boot-starter-tomcat-2.7.4.jar:/Users/maureon/.m2/repository/org/apache/tomcat/embed/tomcat-embed-core/9.0.65/tomcat-embed-core-9.0.65.jar:/Users/maureon/.m2/repository/org/apache/tomcat/embed/tomcat-embed-el/9.0.65/tomcat-embed-el-9.0.65.jar:/Users/maureon/.m2/repository/org/apache/tomcat/embed/tomcat-embed-websocket/9.0.65/tomcat-embed-websocket-9.0.65.jar:/Users/maureon/.m2/repository/org/springframework/spring-webmvc/5.3.23/spring-webmvc-5.3.23.jar:/Users/maureon/.m2/repository/org/springframework/spring-aop/5.3.23/spring-aop-5.3.23.jar:/Users/maureon/.m2/repository/org/springframework/spring-context/5.3.23/spring-context-5.3.23.jar:/Users/maureon/.m2/repository/org/springframework/spring-expression/5.3.23/spring-expression-5.3.23.jar:/Users/maureon/.m2/repository/org/webjars/bootstrap/5.2.3/bootstrap-5.2.3.jar:"/>
    <property name="sun.cpu.endian" value="little"/>
    <property name="user.home" value="/Users/maureon"/>
    <property name="user.language" value="en"/>
    <property name="java.specification.vendor" value="Oracle Corporation"/>
    <property name="java.version.date" value="2022-08-12"/>
    <property name="java.home" value="/Users/maureon/.sdkman/candidates/java/17.0.4.1-tem"/>
    <property name="file.separator" value="/"/>
    <property name="basedir" value="/Users/maureon/Workspaces/03_selflearning/07_avrela"/>
    <property name="java.vm.compressedOopsMode" value="Zero based"/>
    <property name="line.separator" value="&#10;"/>
    <property name="java.vm.specification.vendor" value="Oracle Corporation"/>
    <property name="java.specification.name" value="Java Platform API Specification"/>
    <property name="FILE_LOG_CHARSET" value="UTF-8"/>
    <property name="java.awt.headless" value="true"/>
    <property name="surefire.real.class.path" value="/Users/maureon/Workspaces/03_selflearning/07_avrela/target/surefire/surefirebooter8786368081608879481.jar"/>
    <property name="sun.management.compiler" value="HotSpot 64-Bit Tiered Compilers"/>
    <property name="ftp.nonProxyHosts" value="local|*.local|169.254/16|*.169.254/16"/>
    <property name="java.runtime.version" value="17.0.4.1+1"/>
    <property name="user.name" value="maureon"/>
    <property name="path.separator" value=":"/>
    <property name="os.version" value="12.6"/>
    <property name="java.runtime.name" value="OpenJDK Runtime Environment"/>
    <property name="file.encoding" value="UTF-8"/>
    <property name="spring.beaninfo.ignore" value="true"/>
    <property name="java.vm.name" value="OpenJDK 64-Bit Server VM"/>
    <property name="java.vendor.version" value="Temurin-17.0.4.1+1"/>
    <property name="localRepository" value="/Users/maureon/.m2/repository"/>
    <property name="java.vendor.url.bug" value="https://github.com/adoptium/adoptium-support/issues"/>
    <property name="java.io.tmpdir" value="/var/folders/kp/wtrq7gns0rjbc28xwtdc_wq40000gn/T/"/>
    <property name="idea.version" value="2022.2.3"/>
    <property name="java.version" value="17.0.4.1"/>
    <property name="user.dir" value="/Users/maureon/Workspaces/03_selflearning/07_avrela"/>
    <property name="os.arch" value="x86_64"/>
    <property name="java.vm.specification.name" value="Java Virtual Machine Specification"/>
    <property name="PID" value="39436"/>
    <property name="CONSOLE_LOG_CHARSET" value="UTF-8"/>
    <property name="native.encoding" value="UTF-8"/>
    <property name="java.library.path" value="/Users/maureon/Library/Java/Extensions:/Library/Java/Extensions:/Network/Library/Java/Extensions:/System/Library/Java/Extensions:/usr/lib/java:."/>
    <property name="java.vm.info" value="mixed mode, sharing"/>
    <property name="java.vendor" value="Eclipse Adoptium"/>
    <property name="java.vm.version" value="17.0.4.1+1"/>
    <property name="sun.io.unicode.encoding" value="UnicodeBig"/>
    <property name="socksNonProxyHosts" value="local|*.local|169.254/16|*.169.254/16"/>
    <property name="java.class.version" value="61.0"/>
  </properties>
  <testcase name="test" classname="es.ubu.lsi.avrela.bdd.CucumberTests" time="0"/>
  <testcase name="Import issue data - Issue import successful - Examples - Example #1" classname="Import issue data - Issue import successful - Examples" time="1.265">
    <system-out><![CDATA[
Scenario Outline: Issue import successful                     &amp#27;[90m# features/apm/IssueImport.feature:17&amp#27;[0m
  &amp#27;[32mGiven &amp#27;[0m&amp#27;[32mthe repository owned by &amp#27;[0m&amp#27;[32m&amp#27;[1m"davidmigloz"&amp#27;[0m&amp#27;[32m named &amp#27;[0m&amp#27;[32m&amp#27;[1m"go-bees"&amp#27;[0m &amp#27;[90m# es.ubu.lsi.avrela.bdd.apm.IssueImportSteps.theRepositoryOwnedByNamed(java.lang.String,java.lang.String)&amp#27;[0m
2023-09-24 16:20:19.989 DEBUG 39436 --- [           main] e.u.l.a.a.a.g.GitHubIssueRepository      : Using repository identified by owner [davidmigloz] and name [go-bees]
2023-09-24 16:20:19.990 DEBUG 39436 --- [           main] e.u.l.a.a.a.g.GitHubIssueRepository      : Fetching issue with id [159]
2023-09-24 16:20:19.990 DEBUG 39436 --- [           main] e.u.l.a.a.a.github.GitHubApmClient       : [GitHubApmClient#findIssueById] ---> GET https://api.github.com/repos/davidmigloz/go-bees/issues/159 HTTP/1.1
2023-09-24 16:20:20.276 DEBUG 39436 --- [           main] e.u.l.a.a.a.github.GitHubApmClient       : [GitHubApmClient#findIssueById] <--- HTTP/1.1 200 OK (285ms)
2023-09-24 16:20:20.283 DEBUG 39436 --- [           main] e.u.l.a.a.a.g.GitHubIssueRepository      : Fetching issue [Entrega TFG] events
2023-09-24 16:20:20.284 DEBUG 39436 --- [           main] e.u.l.a.a.a.github.GitHubApmClient       : [GitHubApmClient#findEventsByIssue] ---> GET https://api.github.com/repos/davidmigloz/go-bees/issues/159/timeline HTTP/1.1
2023-09-24 16:20:20.686 DEBUG 39436 --- [           main] e.u.l.a.a.a.github.GitHubApmClient       : [GitHubApmClient#findEventsByIssue] <--- HTTP/1.1 200 OK (402ms)
2023-09-24 16:20:20.692 DEBUG 39436 --- [           main] e.u.l.a.a.a.g.GitHubIssueRepository      : Fetched [8] events
2023-09-24 16:20:20.693 DEBUG 39436 --- [           main] e.u.l.a.a.a.g.GitHubIssueRepository      : Processing event [GitHubIssueEvent(id=924304492, type=LABELED, createdAt=2017-01-16T13:22:59Z, body=null, commitId=null, actor=GitHubUser(login=davidmigloz))] of issue [Entrega TFG]
2023-09-24 16:20:20.706 DEBUG 39436 --- [           main] e.u.l.a.a.a.g.GitHubIssueRepository      : Processing event [GitHubIssueEvent(id=924304494, type=MILESTONED, createdAt=2017-01-16T13:22:59Z, body=null, commitId=null, actor=GitHubUser(login=davidmigloz))] of issue [Entrega TFG]
2023-09-24 16:20:20.706 DEBUG 39436 --- [           main] e.u.l.a.a.a.g.GitHubIssueRepository      : Processing event [GitHubIssueEvent(id=924304496, type=ASSIGNED, createdAt=2017-01-16T13:22:59Z, body=null, commitId=null, actor=GitHubUser(login=davidmigloz))] of issue [Entrega TFG]
2023-09-24 16:20:20.707 DEBUG 39436 --- [           main] e.u.l.a.a.a.g.GitHubIssueRepository      : Processing event [GitHubIssueEvent(id=928322139, type=null, createdAt=2017-01-18T23:20:58Z, body=null, commitId=null, actor=GitHubUser(login=davidmigloz))] of issue [Entrega TFG]
2023-09-24 16:20:20.707 DEBUG 39436 --- [           main] e.u.l.a.a.a.g.GitHubIssueRepository      : Processing event [GitHubIssueEvent(id=277245197, type=COMMENTED, createdAt=2017-02-03T13:21:42Z, body=### Impresos 
- [impreso_biblioteca.docx](https://github.com/davidmigloz/go-bees/files/750543/impreso_biblioteca.docx)
- [impreso_entrega_tfg.docx](https://github.com/davidmigloz/go-bees/files/750544/impreso_entrega_tfg.docx)
, commitId=null, actor=GitHubUser(login=davidmigloz))] of issue [Entrega TFG]
2023-09-24 16:20:20.707 DEBUG 39436 --- [           main] e.u.l.a.a.a.g.GitHubIssueRepository      : Processing event [GitHubIssueEvent(id=956553147, type=MILESTONED, createdAt=2017-02-10T00:16:36Z, body=null, commitId=null, actor=GitHubUser(login=davidmigloz))] of issue [Entrega TFG]
2023-09-24 16:20:20.707 DEBUG 39436 --- [           main] e.u.l.a.a.a.g.GitHubIssueRepository      : Processing event [GitHubIssueEvent(id=958107491, type=CLOSED, createdAt=2017-02-10T23:38:26Z, body=null, commitId=null, actor=GitHubUser(login=davidmigloz))] of issue [Entrega TFG]
2023-09-24 16:20:20.707 DEBUG 39436 --- [           main] e.u.l.a.a.a.g.GitHubIssueRepository      : Processing event [GitHubIssueEvent(id=null, type=CROSS_REFERENCED, createdAt=2021-11-22T19:21:52Z, body=null, commitId=null, actor=GitHubUser(login=jmr1006-ubu))] of issue [Entrega TFG]
2023-09-24 16:20:20.707 DEBUG 39436 --- [           main] e.u.l.a.a.a.g.GitHubIssueRepository      : Fetching issue [Entrega TFG] comments
2023-09-24 16:20:20.708 DEBUG 39436 --- [           main] e.u.l.a.a.a.github.GitHubApmClient       : [GitHubApmClient#findCommentsByIssue] ---> GET https://api.github.com/repos/davidmigloz/go-bees/issues/159/comments HTTP/1.1
2023-09-24 16:20:20.994 DEBUG 39436 --- [           main] e.u.l.a.a.a.github.GitHubApmClient       : [GitHubApmClient#findCommentsByIssue] <--- HTTP/1.1 200 OK (286ms)
2023-09-24 16:20:20.996 DEBUG 39436 --- [           main] e.u.l.a.a.a.g.GitHubIssueRepository      : [1] comments fetched
  &amp#27;[32mWhen &amp#27;[0m&amp#27;[32mI import the issue with id &amp#27;[0m&amp#27;[32m&amp#27;[1m"159"&amp#27;[0m                       &amp#27;[90m# es.ubu.lsi.avrela.bdd.apm.IssueImportSteps.iImportTheIssue(java.lang.String)&amp#27;[0m
  &amp#27;[32mThen &amp#27;[0m&amp#27;[32missue has comments check should be &amp#27;[0m&amp#27;[32m&amp#27;[1m"true"&amp#27;[0m              &amp#27;[90m# es.ubu.lsi.avrela.bdd.apm.IssueImportSteps.issueHasCommentsCheckShouldBe(java.lang.String)&amp#27;[0m
  &amp#27;[32mAnd &amp#27;[0m&amp#27;[32missue total comments should be &amp#27;[0m&amp#27;[32m&amp#27;[1m1&amp#27;[0m                        &amp#27;[90m# es.ubu.lsi.avrela.bdd.apm.IssueImportSteps.issueTotalCommentsShouldBe(java.lang.Long)&amp#27;[0m
  &amp#27;[32mAnd &amp#27;[0m&amp#27;[32missue has image check should be &amp#27;[0m&amp#27;[32m&amp#27;[1m"false"&amp#27;[0m                 &amp#27;[90m# es.ubu.lsi.avrela.bdd.apm.IssueImportSteps.issueHasImageCheckShouldBe(java.lang.String)&amp#27;[0m
  &amp#27;[32mAnd &amp#27;[0m&amp#27;[32missue has link check should be &amp#27;[0m&amp#27;[32m&amp#27;[1m"true"&amp#27;[0m                   &amp#27;[90m# es.ubu.lsi.avrela.bdd.apm.IssueImportSteps.issueHasLinkCheckShouldBe(java.lang.String)&amp#27;[0m
  &amp#27;[32mAnd &amp#27;[0m&amp#27;[32missue is labeled check should be &amp#27;[0m&amp#27;[32m&amp#27;[1m"true"&amp#27;[0m                 &amp#27;[90m# es.ubu.lsi.avrela.bdd.apm.IssueImportSteps.issueIsLabeledCheckShouldBe(java.lang.String)&amp#27;[0m
  &amp#27;[32mAnd &amp#27;[0m&amp#27;[32missue has label with value &amp#27;[0m&amp#27;[32m&amp#27;[1m"documentation"&amp#27;[0m              &amp#27;[90m# es.ubu.lsi.avrela.bdd.apm.IssueImportSteps.issueHasLabelWithValue(java.lang.String)&amp#27;[0m
  &amp#27;[32mAnd &amp#27;[0m&amp#27;[32missue total referenced commits should be &amp#27;[0m&amp#27;[32m&amp#27;[1m0&amp#27;[0m              &amp#27;[90m# es.ubu.lsi.avrela.bdd.apm.IssueImportSteps.issueTotalReferencedCommitsShouldBe(java.lang.Long)&amp#27;[0m
]]></system-out>
  </testcase>
  <testcase name="Import issue data - Issue import successful - Examples - Example #2" classname="Import issue data - Issue import successful - Examples" time="1.009">
    <system-out><![CDATA[
Scenario Outline: Issue import successful                     &amp#27;[90m# features/apm/IssueImport.feature:18&amp#27;[0m
  &amp#27;[32mGiven &amp#27;[0m&amp#27;[32mthe repository owned by &amp#27;[0m&amp#27;[32m&amp#27;[1m"davidmigloz"&amp#27;[0m&amp#27;[32m named &amp#27;[0m&amp#27;[32m&amp#27;[1m"go-bees"&amp#27;[0m &amp#27;[90m# es.ubu.lsi.avrela.bdd.apm.IssueImportSteps.theRepositoryOwnedByNamed(java.lang.String,java.lang.String)&amp#27;[0m
2023-09-24 16:20:21.115 DEBUG 39436 --- [           main] e.u.l.a.a.a.g.GitHubIssueRepository      : Using repository identified by owner [davidmigloz] and name [go-bees]
2023-09-24 16:20:21.116 DEBUG 39436 --- [           main] e.u.l.a.a.a.g.GitHubIssueRepository      : Fetching issue with id [176]
2023-09-24 16:20:21.116 DEBUG 39436 --- [           main] e.u.l.a.a.a.github.GitHubApmClient       : [GitHubApmClient#findIssueById] ---> GET https://api.github.com/repos/davidmigloz/go-bees/issues/176 HTTP/1.1
2023-09-24 16:20:21.402 DEBUG 39436 --- [           main] e.u.l.a.a.a.github.GitHubApmClient       : [GitHubApmClient#findIssueById] <--- HTTP/1.1 200 OK (285ms)
2023-09-24 16:20:21.406 DEBUG 39436 --- [           main] e.u.l.a.a.a.g.GitHubIssueRepository      : Fetching issue [Pasar SonarQube tribunal] events
2023-09-24 16:20:21.407 DEBUG 39436 --- [           main] e.u.l.a.a.a.github.GitHubApmClient       : [GitHubApmClient#findEventsByIssue] ---> GET https://api.github.com/repos/davidmigloz/go-bees/issues/176/timeline HTTP/1.1
2023-09-24 16:20:21.709 DEBUG 39436 --- [           main] e.u.l.a.a.a.github.GitHubApmClient       : [GitHubApmClient#findEventsByIssue] <--- HTTP/1.1 200 OK (302ms)
2023-09-24 16:20:21.714 DEBUG 39436 --- [           main] e.u.l.a.a.a.g.GitHubIssueRepository      : Fetched [5] events
2023-09-24 16:20:21.714 DEBUG 39436 --- [           main] e.u.l.a.a.a.g.GitHubIssueRepository      : Processing event [GitHubIssueEvent(id=936571209, type=LABELED, createdAt=2017-01-25T18:08:09Z, body=null, commitId=null, actor=GitHubUser(login=davidmigloz))] of issue [Pasar SonarQube tribunal]
2023-09-24 16:20:21.714 DEBUG 39436 --- [           main] e.u.l.a.a.a.g.GitHubIssueRepository      : Processing event [GitHubIssueEvent(id=936571210, type=ASSIGNED, createdAt=2017-01-25T18:08:10Z, body=null, commitId=null, actor=GitHubUser(login=davidmigloz))] of issue [Pasar SonarQube tribunal]
2023-09-24 16:20:21.714 DEBUG 39436 --- [           main] e.u.l.a.a.a.g.GitHubIssueRepository      : Processing event [GitHubIssueEvent(id=277316494, type=COMMENTED, createdAt=2017-02-03T17:57:21Z, body=`$ ./gradlew sonarqube        -Dsonar.host.url=http://prueba-ubugii.rhcloud.com/`, commitId=null, actor=GitHubUser(login=davidmigloz))] of issue [Pasar SonarQube tribunal]
2023-09-24 16:20:21.714 DEBUG 39436 --- [           main] e.u.l.a.a.a.g.GitHubIssueRepository      : Processing event [GitHubIssueEvent(id=949103396, type=CLOSED, createdAt=2017-02-04T12:30:04Z, body=null, commitId=null, actor=GitHubUser(login=davidmigloz))] of issue [Pasar SonarQube tribunal]
2023-09-24 16:20:21.715 DEBUG 39436 --- [           main] e.u.l.a.a.a.g.GitHubIssueRepository      : Processing event [GitHubIssueEvent(id=949103606, type=MILESTONED, createdAt=2017-02-04T12:30:43Z, body=null, commitId=null, actor=GitHubUser(login=davidmigloz))] of issue [Pasar SonarQube tribunal]
2023-09-24 16:20:21.715 DEBUG 39436 --- [           main] e.u.l.a.a.a.g.GitHubIssueRepository      : Fetching issue [Pasar SonarQube tribunal] comments
2023-09-24 16:20:21.715 DEBUG 39436 --- [           main] e.u.l.a.a.a.github.GitHubApmClient       : [GitHubApmClient#findCommentsByIssue] ---> GET https://api.github.com/repos/davidmigloz/go-bees/issues/176/comments HTTP/1.1
2023-09-24 16:20:22.017 DEBUG 39436 --- [           main] e.u.l.a.a.a.github.GitHubApmClient       : [GitHubApmClient#findCommentsByIssue] <--- HTTP/1.1 200 OK (301ms)
2023-09-24 16:20:22.019 DEBUG 39436 --- [           main] e.u.l.a.a.a.g.GitHubIssueRepository      : [1] comments fetched
  &amp#27;[32mWhen &amp#27;[0m&amp#27;[32mI import the issue with id &amp#27;[0m&amp#27;[32m&amp#27;[1m"176"&amp#27;[0m                       &amp#27;[90m# es.ubu.lsi.avrela.bdd.apm.IssueImportSteps.iImportTheIssue(java.lang.String)&amp#27;[0m
  &amp#27;[32mThen &amp#27;[0m&amp#27;[32missue has comments check should be &amp#27;[0m&amp#27;[32m&amp#27;[1m"true"&amp#27;[0m              &amp#27;[90m# es.ubu.lsi.avrela.bdd.apm.IssueImportSteps.issueHasCommentsCheckShouldBe(java.lang.String)&amp#27;[0m
  &amp#27;[32mAnd &amp#27;[0m&amp#27;[32missue total comments should be &amp#27;[0m&amp#27;[32m&amp#27;[1m1&amp#27;[0m                        &amp#27;[90m# es.ubu.lsi.avrela.bdd.apm.IssueImportSteps.issueTotalCommentsShouldBe(java.lang.Long)&amp#27;[0m
  &amp#27;[32mAnd &amp#27;[0m&amp#27;[32missue has image check should be &amp#27;[0m&amp#27;[32m&amp#27;[1m"false"&amp#27;[0m                 &amp#27;[90m# es.ubu.lsi.avrela.bdd.apm.IssueImportSteps.issueHasImageCheckShouldBe(java.lang.String)&amp#27;[0m
  &amp#27;[32mAnd &amp#27;[0m&amp#27;[32missue has link check should be &amp#27;[0m&amp#27;[32m&amp#27;[1m"true"&amp#27;[0m                   &amp#27;[90m# es.ubu.lsi.avrela.bdd.apm.IssueImportSteps.issueHasLinkCheckShouldBe(java.lang.String)&amp#27;[0m
  &amp#27;[32mAnd &amp#27;[0m&amp#27;[32missue is labeled check should be &amp#27;[0m&amp#27;[32m&amp#27;[1m"true"&amp#27;[0m                 &amp#27;[90m# es.ubu.lsi.avrela.bdd.apm.IssueImportSteps.issueIsLabeledCheckShouldBe(java.lang.String)&amp#27;[0m
  &amp#27;[32mAnd &amp#27;[0m&amp#27;[32missue has label with value &amp#27;[0m&amp#27;[32m&amp#27;[1m"testing"&amp#27;[0m                    &amp#27;[90m# es.ubu.lsi.avrela.bdd.apm.IssueImportSteps.issueHasLabelWithValue(java.lang.String)&amp#27;[0m
  &amp#27;[32mAnd &amp#27;[0m&amp#27;[32missue total referenced commits should be &amp#27;[0m&amp#27;[32m&amp#27;[1m0&amp#27;[0m              &amp#27;[90m# es.ubu.lsi.avrela.bdd.apm.IssueImportSteps.issueTotalReferencedCommitsShouldBe(java.lang.Long)&amp#27;[0m
]]></system-out>
  </testcase>
  <testcase name="Import issue data - Issue import successful - Examples - Example #3" classname="Import issue data - Issue import successful - Examples" time="1.222">
    <system-out><![CDATA[
Scenario Outline: Issue import successful                     &amp#27;[90m# features/apm/IssueImport.feature:19&amp#27;[0m
  &amp#27;[32mGiven &amp#27;[0m&amp#27;[32mthe repository owned by &amp#27;[0m&amp#27;[32m&amp#27;[1m"davidmigloz"&amp#27;[0m&amp#27;[32m named &amp#27;[0m&amp#27;[32m&amp#27;[1m"go-bees"&amp#27;[0m &amp#27;[90m# es.ubu.lsi.avrela.bdd.apm.IssueImportSteps.theRepositoryOwnedByNamed(java.lang.String,java.lang.String)&amp#27;[0m
2023-09-24 16:20:22.072 DEBUG 39436 --- [           main] e.u.l.a.a.a.g.GitHubIssueRepository      : Using repository identified by owner [davidmigloz] and name [go-bees]
2023-09-24 16:20:22.072 DEBUG 39436 --- [           main] e.u.l.a.a.a.g.GitHubIssueRepository      : Fetching issue with id [164]
2023-09-24 16:20:22.072 DEBUG 39436 --- [           main] e.u.l.a.a.a.github.GitHubApmClient       : [GitHubApmClient#findIssueById] ---> GET https://api.github.com/repos/davidmigloz/go-bees/issues/164 HTTP/1.1
2023-09-24 16:20:22.323 DEBUG 39436 --- [           main] e.u.l.a.a.a.github.GitHubApmClient       : [GitHubApmClient#findIssueById] <--- HTTP/1.1 200 OK (250ms)
2023-09-24 16:20:22.331 DEBUG 39436 --- [           main] e.u.l.a.a.a.g.GitHubIssueRepository      : Fetching issue [Las imágenes no se posicionan correctamente en el pdf autogenerado] events
2023-09-24 16:20:22.332 DEBUG 39436 --- [           main] e.u.l.a.a.a.github.GitHubApmClient       : [GitHubApmClient#findEventsByIssue] ---> GET https://api.github.com/repos/davidmigloz/go-bees/issues/164/timeline HTTP/1.1
2023-09-24 16:20:22.939 DEBUG 39436 --- [           main] e.u.l.a.a.a.github.GitHubApmClient       : [GitHubApmClient#findEventsByIssue] <--- HTTP/1.1 200 OK (605ms)
2023-09-24 16:20:22.949 DEBUG 39436 --- [           main] e.u.l.a.a.a.g.GitHubIssueRepository      : Fetched [16] events
2023-09-24 16:20:22.949 DEBUG 39436 --- [           main] e.u.l.a.a.a.g.GitHubIssueRepository      : Processing event [GitHubIssueEvent(id=931378233, type=LABELED, createdAt=2017-01-20T22:09:19Z, body=null, commitId=null, actor=GitHubUser(login=davidmigloz))] of issue [Las imágenes no se posicionan correctamente en el pdf autogenerado]
2023-09-24 16:20:22.949 DEBUG 39436 --- [           main] e.u.l.a.a.a.g.GitHubIssueRepository      : Processing event [GitHubIssueEvent(id=931378235, type=MILESTONED, createdAt=2017-01-20T22:09:19Z, body=null, commitId=null, actor=GitHubUser(login=davidmigloz))] of issue [Las imágenes no se posicionan correctamente en el pdf autogenerado]
2023-09-24 16:20:22.949 DEBUG 39436 --- [           main] e.u.l.a.a.a.g.GitHubIssueRepository      : Processing event [GitHubIssueEvent(id=931378236, type=ASSIGNED, createdAt=2017-01-20T22:09:19Z, body=null, commitId=null, actor=GitHubUser(login=davidmigloz))] of issue [Las imágenes no se posicionan correctamente en el pdf autogenerado]
2023-09-24 16:20:22.949 DEBUG 39436 --- [           main] e.u.l.a.a.a.g.GitHubIssueRepository      : Processing event [GitHubIssueEvent(id=274193258, type=COMMENTED, createdAt=2017-01-20T22:09:25Z, body=http://stackoverflow.com/questions/24285445/sphinx-to-latex-figure-placement, commitId=null, actor=GitHubUser(login=davidmigloz))] of issue [Las imágenes no se posicionan correctamente en el pdf autogenerado]
2023-09-24 16:20:22.949 DEBUG 39436 --- [           main] e.u.l.a.a.a.g.GitHubIssueRepository      : Processing event [GitHubIssueEvent(id=931379709, type=REFERENCED, createdAt=2017-01-20T22:10:42Z, body=null, commitId=b5d991f79ade4a15414533466e1f0695eb381aca, actor=GitHubUser(login=davidmigloz))] of issue [Las imágenes no se posicionan correctamente en el pdf autogenerado]
2023-09-24 16:20:22.949 DEBUG 39436 --- [           main] e.u.l.a.a.a.g.GitHubIssueRepository      : Processing event [GitHubIssueEvent(id=931404466, type=REFERENCED, createdAt=2017-01-20T22:32:41Z, body=null, commitId=271284b37d1c4fbcf8abe6121fbd7e1f03017aca, actor=GitHubUser(login=davidmigloz))] of issue [Las imágenes no se posicionan correctamente en el pdf autogenerado]
2023-09-24 16:20:22.950 DEBUG 39436 --- [           main] e.u.l.a.a.a.g.GitHubIssueRepository      : Processing event [GitHubIssueEvent(id=931412299, type=REFERENCED, createdAt=2017-01-20T22:40:13Z, body=null, commitId=844ae5227dd5be359470b35e4b8aaf231d47a907, actor=GitHubUser(login=davidmigloz))] of issue [Las imágenes no se posicionan correctamente en el pdf autogenerado]
2023-09-24 16:20:22.950 DEBUG 39436 --- [           main] e.u.l.a.a.a.g.GitHubIssueRepository      : Processing event [GitHubIssueEvent(id=931420822, type=REFERENCED, createdAt=2017-01-20T22:49:10Z, body=null, commitId=5255bc844c912768627b695ff6055bfeb289225c, actor=GitHubUser(login=davidmigloz))] of issue [Las imágenes no se posicionan correctamente en el pdf autogenerado]
2023-09-24 16:20:22.950 DEBUG 39436 --- [           main] e.u.l.a.a.a.g.GitHubIssueRepository      : Processing event [GitHubIssueEvent(id=931425657, type=REFERENCED, createdAt=2017-01-20T22:54:32Z, body=null, commitId=683e2a463a40f3572e1b044e012e3445ca040d6b, actor=GitHubUser(login=davidmigloz))] of issue [Las imágenes no se posicionan correctamente en el pdf autogenerado]
2023-09-24 16:20:22.950 DEBUG 39436 --- [           main] e.u.l.a.a.a.g.GitHubIssueRepository      : Processing event [GitHubIssueEvent(id=931433023, type=REFERENCED, createdAt=2017-01-20T23:01:25Z, body=null, commitId=42db24a12ca36f8dc67eeb8ef026da60d8836e28, actor=GitHubUser(login=davidmigloz))] of issue [Las imágenes no se posicionan correctamente en el pdf autogenerado]
2023-09-24 16:20:22.950 DEBUG 39436 --- [           main] e.u.l.a.a.a.g.GitHubIssueRepository      : Processing event [GitHubIssueEvent(id=931435504, type=REFERENCED, createdAt=2017-01-20T23:04:24Z, body=null, commitId=5209017cf579e6eb1c1b52c1b2402a52ca14e67c, actor=GitHubUser(login=davidmigloz))] of issue [Las imágenes no se posicionan correctamente en el pdf autogenerado]
2023-09-24 16:20:22.950 DEBUG 39436 --- [           main] e.u.l.a.a.a.g.GitHubIssueRepository      : Processing event [GitHubIssueEvent(id=931447087, type=REFERENCED, createdAt=2017-01-20T23:17:05Z, body=null, commitId=52ea01c574b1ea007e02438a86210cdf70b1ad5a, actor=GitHubUser(login=davidmigloz))] of issue [Las imágenes no se posicionan correctamente en el pdf autogenerado]
2023-09-24 16:20:22.950 DEBUG 39436 --- [           main] e.u.l.a.a.a.g.GitHubIssueRepository      : Processing event [GitHubIssueEvent(id=931457637, type=CLOSED, createdAt=2017-01-20T23:30:02Z, body=null, commitId=null, actor=GitHubUser(login=davidmigloz))] of issue [Las imágenes no se posicionan correctamente en el pdf autogenerado]
2023-09-24 16:20:22.950 DEBUG 39436 --- [           main] e.u.l.a.a.a.g.GitHubIssueRepository      : Processing event [GitHubIssueEvent(id=null, type=CROSS_REFERENCED, createdAt=2021-03-13T10:35:18Z, body=null, commitId=null, actor=GitHubUser(login=MiriamSanchez11))] of issue [Las imágenes no se posicionan correctamente en el pdf autogenerado]
2023-09-24 16:20:22.950 DEBUG 39436 --- [           main] e.u.l.a.a.a.g.GitHubIssueRepository      : Processing event [GitHubIssueEvent(id=null, type=CROSS_REFERENCED, createdAt=2021-03-15T15:29:27Z, body=null, commitId=null, actor=GitHubUser(login=gonsanmames))] of issue [Las imágenes no se posicionan correctamente en el pdf autogenerado]
2023-09-24 16:20:22.950 DEBUG 39436 --- [           main] e.u.l.a.a.a.g.GitHubIssueRepository      : Processing event [GitHubIssueEvent(id=null, type=CROSS_REFERENCED, createdAt=2021-11-22T20:24:37Z, body=null, commitId=null, actor=GitHubUser(login=jesgararm))] of issue [Las imágenes no se posicionan correctamente en el pdf autogenerado]
2023-09-24 16:20:22.951 DEBUG 39436 --- [           main] e.u.l.a.a.a.g.GitHubIssueRepository      : Fetching issue [Las imágenes no se posicionan correctamente en el pdf autogenerado] comments
2023-09-24 16:20:22.951 DEBUG 39436 --- [           main] e.u.l.a.a.a.github.GitHubApmClient       : [GitHubApmClient#findCommentsByIssue] ---> GET https://api.github.com/repos/davidmigloz/go-bees/issues/164/comments HTTP/1.1
2023-09-24 16:20:23.246 DEBUG 39436 --- [           main] e.u.l.a.a.a.github.GitHubApmClient       : [GitHubApmClient#findCommentsByIssue] <--- HTTP/1.1 200 OK (294ms)
2023-09-24 16:20:23.248 DEBUG 39436 --- [           main] e.u.l.a.a.a.g.GitHubIssueRepository      : [1] comments fetched
  &amp#27;[32mWhen &amp#27;[0m&amp#27;[32mI import the issue with id &amp#27;[0m&amp#27;[32m&amp#27;[1m"164"&amp#27;[0m                       &amp#27;[90m# es.ubu.lsi.avrela.bdd.apm.IssueImportSteps.iImportTheIssue(java.lang.String)&amp#27;[0m
  &amp#27;[32mThen &amp#27;[0m&amp#27;[32missue has comments check should be &amp#27;[0m&amp#27;[32m&amp#27;[1m"true"&amp#27;[0m              &amp#27;[90m# es.ubu.lsi.avrela.bdd.apm.IssueImportSteps.issueHasCommentsCheckShouldBe(java.lang.String)&amp#27;[0m
  &amp#27;[32mAnd &amp#27;[0m&amp#27;[32missue total comments should be &amp#27;[0m&amp#27;[32m&amp#27;[1m1&amp#27;[0m                        &amp#27;[90m# es.ubu.lsi.avrela.bdd.apm.IssueImportSteps.issueTotalCommentsShouldBe(java.lang.Long)&amp#27;[0m
  &amp#27;[32mAnd &amp#27;[0m&amp#27;[32missue has image check should be &amp#27;[0m&amp#27;[32m&amp#27;[1m"false"&amp#27;[0m                 &amp#27;[90m# es.ubu.lsi.avrela.bdd.apm.IssueImportSteps.issueHasImageCheckShouldBe(java.lang.String)&amp#27;[0m
  &amp#27;[32mAnd &amp#27;[0m&amp#27;[32missue has link check should be &amp#27;[0m&amp#27;[32m&amp#27;[1m"false"&amp#27;[0m                  &amp#27;[90m# es.ubu.lsi.avrela.bdd.apm.IssueImportSteps.issueHasLinkCheckShouldBe(java.lang.String)&amp#27;[0m
  &amp#27;[32mAnd &amp#27;[0m&amp#27;[32missue is labeled check should be &amp#27;[0m&amp#27;[32m&amp#27;[1m"true"&amp#27;[0m                 &amp#27;[90m# es.ubu.lsi.avrela.bdd.apm.IssueImportSteps.issueIsLabeledCheckShouldBe(java.lang.String)&amp#27;[0m
  &amp#27;[32mAnd &amp#27;[0m&amp#27;[32missue has label with value &amp#27;[0m&amp#27;[32m&amp#27;[1m"bug"&amp#27;[0m                        &amp#27;[90m# es.ubu.lsi.avrela.bdd.apm.IssueImportSteps.issueHasLabelWithValue(java.lang.String)&amp#27;[0m
  &amp#27;[32mAnd &amp#27;[0m&amp#27;[32missue total referenced commits should be &amp#27;[0m&amp#27;[32m&amp#27;[1m8&amp#27;[0m              &amp#27;[90m# es.ubu.lsi.avrela.bdd.apm.IssueImportSteps.issueTotalReferencedCommitsShouldBe(java.lang.Long)&amp#27;[0m
]]></system-out>
  </testcase>
  <testcase name="Import sprint data - Sprint import successful - Examples - Example #1" classname="Import sprint data - Sprint import successful - Examples" time="10.96">
    <system-out><![CDATA[
Scenario Outline: Sprint import successful                           &amp#27;[90m# features/apm/SprintDataImport.feature:20&amp#27;[0m
  &amp#27;[32mGiven &amp#27;[0m&amp#27;[32ma repository owned by &amp#27;[0m&amp#27;[32m&amp#27;[1m"davidmigloz"&amp#27;[0m&amp#27;[32m named &amp#27;[0m&amp#27;[32m&amp#27;[1m"go-bees"&amp#27;[0m          &amp#27;[90m# es.ubu.lsi.avrela.bdd.apm.SprintDataImportSteps.aRepositoryOwnedByNamed(java.lang.String,java.lang.String)&amp#27;[0m
  &amp#27;[32mAnd &amp#27;[0m&amp#27;[32mthe sprint dates &amp#27;[0m&amp#27;[32m&amp#27;[1m2017-01-25T00:00:00Z&amp#27;[0m&amp#27;[32m and &amp#27;[0m&amp#27;[32m&amp#27;[1m2017-01-25T23:59:59Z&amp#27;[0m &amp#27;[90m# es.ubu.lsi.avrela.bdd.apm.SprintDataImportSteps.theDatesAnd(java.time.ZonedDateTime,java.time.ZonedDateTime)&amp#27;[0m
2023-09-24 16:20:23.309 DEBUG 39436 --- [           main] e.u.l.a.a.a.g.GitHubSprintRepository     : Using repository identified by owner [davidmigloz] and name [go-bees]
2023-09-24 16:20:23.310 DEBUG 39436 --- [           main] e.u.l.a.a.a.g.GitHubSprintRepository     : Fetching milestones between [2017-01-25T00:00Z] and [2017-01-25T23:59:59Z]
2023-09-24 16:20:23.311 DEBUG 39436 --- [           main] e.u.l.a.a.a.github.GitHubApmClient       : [GitHubApmClient#findMilestones] ---> GET https://api.github.com/repos/davidmigloz/go-bees/milestones?state=all&page=1&per_page=100 HTTP/1.1
2023-09-24 16:20:23.552 DEBUG 39436 --- [           main] e.u.l.a.a.a.github.GitHubApmClient       : [GitHubApmClient#findMilestones] <--- HTTP/1.1 200 OK (241ms)
2023-09-24 16:20:23.570 DEBUG 39436 --- [           main] e.u.l.a.a.a.g.GitHubSprintRepository     : [22] sprints fetched
2023-09-24 16:20:23.571 DEBUG 39436 --- [           main] e.u.l.a.a.a.g.GitHubSprintRepository     : [1] sprints filtered
2023-09-24 16:20:23.571 DEBUG 39436 --- [           main] e.u.l.a.a.a.g.GitHubSprintRepository     : Fetching milestone [Sprint 16] due on [2017-01-25T08:00Z] issues
2023-09-24 16:20:23.572 DEBUG 39436 --- [           main] e.u.l.a.a.a.github.GitHubApmClient       : [GitHubApmClient#findIssuesByMilestone] ---> GET https://api.github.com/repos/davidmigloz/go-bees/issues?milestone=17&state=all&page=1&per_page=100 HTTP/1.1
2023-09-24 16:20:23.963 DEBUG 39436 --- [           main] e.u.l.a.a.a.github.GitHubApmClient       : [GitHubApmClient#findIssuesByMilestone] <--- HTTP/1.1 200 OK (390ms)
2023-09-24 16:20:23.989 DEBUG 39436 --- [           main] e.u.l.a.a.a.g.GitHubSprintRepository     : [17] issues fetched
2023-09-24 16:20:23.989 DEBUG 39436 --- [           main] e.u.l.a.a.a.g.GitHubSprintRepository     : Fetching issue [Añadir coordenadas manualmente] events
2023-09-24 16:20:23.989 DEBUG 39436 --- [           main] e.u.l.a.a.a.github.GitHubApmClient       : [GitHubApmClient#findEventsByIssue] ---> GET https://api.github.com/repos/davidmigloz/go-bees/issues/175/timeline HTTP/1.1
2023-09-24 16:20:24.832 DEBUG 39436 --- [           main] e.u.l.a.a.a.github.GitHubApmClient       : [GitHubApmClient#findEventsByIssue] <--- HTTP/1.1 200 OK (842ms)
2023-09-24 16:20:24.930 DEBUG 39436 --- [           main] e.u.l.a.a.a.g.GitHubSprintRepository     : Fetched [11] events
2023-09-24 16:20:24.931 DEBUG 39436 --- [           main] e.u.l.a.a.a.g.GitHubSprintRepository     : Processing event [GitHubIssueEvent(id=935403479, type=LABELED, createdAt=2017-01-24T23:53:27Z, body=null, commitId=null, actor=GitHubUser(login=davidmigloz))] of issue [Añadir coordenadas manualmente]
2023-09-24 16:20:24.931 DEBUG 39436 --- [           main] e.u.l.a.a.a.g.GitHubSprintRepository     : Processing event [GitHubIssueEvent(id=935403480, type=MILESTONED, createdAt=2017-01-24T23:53:27Z, body=null, commitId=null, actor=GitHubUser(login=davidmigloz))] of issue [Añadir coordenadas manualmente]
2023-09-24 16:20:24.931 DEBUG 39436 --- [           main] e.u.l.a.a.a.g.GitHubSprintRepository     : Processing event [GitHubIssueEvent(id=935403481, type=ASSIGNED, createdAt=2017-01-24T23:53:27Z, body=null, commitId=null, actor=GitHubUser(login=davidmigloz))] of issue [Añadir coordenadas manualmente]
2023-09-24 16:20:24.931 DEBUG 39436 --- [           main] e.u.l.a.a.a.g.GitHubSprintRepository     : Processing event [GitHubIssueEvent(id=935406869, type=REFERENCED, createdAt=2017-01-24T23:57:03Z, body=null, commitId=b15f3e86c3007d75a41ac3cb53db77ec9e79816b, actor=GitHubUser(login=davidmigloz))] of issue [Añadir coordenadas manualmente]
2023-09-24 16:20:24.931 DEBUG 39436 --- [           main] e.u.l.a.a.a.g.GitHubSprintRepository     : Processing event [GitHubIssueEvent(id=935410092, type=CLOSED, createdAt=2017-01-25T00:00:34Z, body=null, commitId=null, actor=GitHubUser(login=davidmigloz))] of issue [Añadir coordenadas manualmente]
2023-09-24 16:20:24.931 DEBUG 39436 --- [           main] e.u.l.a.a.a.g.GitHubSprintRepository     : Processing event [GitHubIssueEvent(id=null, type=CROSS_REFERENCED, createdAt=2021-03-12T17:54:29Z, body=null, commitId=null, actor=GitHubUser(login=NaiaraGadea))] of issue [Añadir coordenadas manualmente]
2023-09-24 16:20:24.932 DEBUG 39436 --- [           main] e.u.l.a.a.a.g.GitHubSprintRepository     : Processing event [GitHubIssueEvent(id=null, type=CROSS_REFERENCED, createdAt=2021-03-15T11:35:28Z, body=null, commitId=null, actor=GitHubUser(login=FeliRad-sum))] of issue [Añadir coordenadas manualmente]
2023-09-24 16:20:24.932 DEBUG 39436 --- [           main] e.u.l.a.a.a.g.GitHubSprintRepository     : Processing event [GitHubIssueEvent(id=null, type=CROSS_REFERENCED, createdAt=2021-03-16T11:37:56Z, body=null, commitId=null, actor=GitHubUser(login=VictorBarcina01))] of issue [Añadir coordenadas manualmente]
2023-09-24 16:20:24.932 DEBUG 39436 --- [           main] e.u.l.a.a.a.g.GitHubSprintRepository     : Processing event [GitHubIssueEvent(id=null, type=CROSS_REFERENCED, createdAt=2021-03-17T10:48:13Z, body=null, commitId=null, actor=GitHubUser(login=gonsanmames))] of issue [Añadir coordenadas manualmente]
2023-09-24 16:20:24.932 DEBUG 39436 --- [           main] e.u.l.a.a.a.g.GitHubSprintRepository     : Processing event [GitHubIssueEvent(id=null, type=CROSS_REFERENCED, createdAt=2021-11-22T20:33:35Z, body=null, commitId=null, actor=GitHubUser(login=jesgararm))] of issue [Añadir coordenadas manualmente]
2023-09-24 16:20:24.932 DEBUG 39436 --- [           main] e.u.l.a.a.a.g.GitHubSprintRepository     : Processing event [GitHubIssueEvent(id=null, type=CROSS_REFERENCED, createdAt=2023-05-08T11:18:42Z, body=null, commitId=null, actor=GitHubUser(login=clopezno))] of issue [Añadir coordenadas manualmente]
2023-09-24 16:20:24.932 DEBUG 39436 --- [           main] e.u.l.a.a.a.g.GitHubSprintRepository     : Fetching issue [Diseño de interfaces] events
2023-09-24 16:20:24.932 DEBUG 39436 --- [           main] e.u.l.a.a.a.github.GitHubApmClient       : [GitHubApmClient#findEventsByIssue] ---> GET https://api.github.com/repos/davidmigloz/go-bees/issues/174/timeline HTTP/1.1
2023-09-24 16:20:25.630 DEBUG 39436 --- [           main] e.u.l.a.a.a.github.GitHubApmClient       : [GitHubApmClient#findEventsByIssue] <--- HTTP/1.1 200 OK (697ms)
2023-09-24 16:20:25.637 DEBUG 39436 --- [           main] e.u.l.a.a.a.g.GitHubSprintRepository     : Fetched [11] events
2023-09-24 16:20:25.637 DEBUG 39436 --- [           main] e.u.l.a.a.a.g.GitHubSprintRepository     : Processing event [GitHubIssueEvent(id=933831694, type=LABELED, createdAt=2017-01-24T01:59:36Z, body=null, commitId=null, actor=GitHubUser(login=davidmigloz))] of issue [Diseño de interfaces]
2023-09-24 16:20:25.637 DEBUG 39436 --- [           main] e.u.l.a.a.a.g.GitHubSprintRepository     : Processing event [GitHubIssueEvent(id=933831695, type=MILESTONED, createdAt=2017-01-24T01:59:36Z, body=null, commitId=null, actor=GitHubUser(login=davidmigloz))] of issue [Diseño de interfaces]
2023-09-24 16:20:25.637 DEBUG 39436 --- [           main] e.u.l.a.a.a.g.GitHubSprintRepository     : Processing event [GitHubIssueEvent(id=933831696, type=ASSIGNED, createdAt=2017-01-24T01:59:36Z, body=null, commitId=null, actor=GitHubUser(login=davidmigloz))] of issue [Diseño de interfaces]
2023-09-24 16:20:25.637 DEBUG 39436 --- [           main] e.u.l.a.a.a.g.GitHubSprintRepository     : Processing event [GitHubIssueEvent(id=933834164, type=REFERENCED, createdAt=2017-01-24T02:02:34Z, body=null, commitId=ac7374fb9bdc9c6a4ac4c2c814a40b584de53d70, actor=GitHubUser(login=davidmigloz))] of issue [Diseño de interfaces]
2023-09-24 16:20:25.637 DEBUG 39436 --- [           main] e.u.l.a.a.a.g.GitHubSprintRepository     : Processing event [GitHubIssueEvent(id=933834711, type=CLOSED, createdAt=2017-01-24T02:03:10Z, body=null, commitId=null, actor=GitHubUser(login=davidmigloz))] of issue [Diseño de interfaces]
2023-09-24 16:20:25.637 DEBUG 39436 --- [           main] e.u.l.a.a.a.g.GitHubSprintRepository     : Processing event [GitHubIssueEvent(id=933840090, type=REFERENCED, createdAt=2017-01-24T02:09:15Z, body=null, commitId=a388d08d6a4d014782f21553a593d92524812c16, actor=GitHubUser(login=davidmigloz))] of issue [Diseño de interfaces]
2023-09-24 16:20:25.637 DEBUG 39436 --- [           main] e.u.l.a.a.a.g.GitHubSprintRepository     : Processing event [GitHubIssueEvent(id=null, type=CROSS_REFERENCED, createdAt=2021-03-12T18:01:58Z, body=null, commitId=null, actor=GitHubUser(login=NaiaraGadea))] of issue [Diseño de interfaces]
2023-09-24 16:20:25.637 DEBUG 39436 --- [           main] e.u.l.a.a.a.g.GitHubSprintRepository     : Processing event [GitHubIssueEvent(id=null, type=CROSS_REFERENCED, createdAt=2021-03-15T11:31:51Z, body=null, commitId=null, actor=GitHubUser(login=FeliRad-sum))] of issue [Diseño de interfaces]
2023-09-24 16:20:25.637 DEBUG 39436 --- [           main] e.u.l.a.a.a.g.GitHubSprintRepository     : Processing event [GitHubIssueEvent(id=null, type=CROSS_REFERENCED, createdAt=2021-03-16T11:54:12Z, body=null, commitId=null, actor=GitHubUser(login=VictorBarcina01))] of issue [Diseño de interfaces]
2023-09-24 16:20:25.638 DEBUG 39436 --- [           main] e.u.l.a.a.a.g.GitHubSprintRepository     : Processing event [GitHubIssueEvent(id=null, type=CROSS_REFERENCED, createdAt=2021-03-17T10:52:12Z, body=null, commitId=null, actor=GitHubUser(login=gonsanmames))] of issue [Diseño de interfaces]
2023-09-24 16:20:25.638 DEBUG 39436 --- [           main] e.u.l.a.a.a.g.GitHubSprintRepository     : Processing event [GitHubIssueEvent(id=null, type=CROSS_REFERENCED, createdAt=2021-11-22T20:32:55Z, body=null, commitId=null, actor=GitHubUser(login=jesgararm))] of issue [Diseño de interfaces]
2023-09-24 16:20:25.638 DEBUG 39436 --- [           main] e.u.l.a.a.a.g.GitHubSprintRepository     : Fetching issue [Incrementar la cobertura en las clases de utilidad] events
2023-09-24 16:20:25.638 DEBUG 39436 --- [           main] e.u.l.a.a.a.github.GitHubApmClient       : [GitHubApmClient#findEventsByIssue] ---> GET https://api.github.com/repos/davidmigloz/go-bees/issues/171/timeline HTTP/1.1
2023-09-24 16:20:26.161 DEBUG 39436 --- [           main] e.u.l.a.a.a.github.GitHubApmClient       : [GitHubApmClient#findEventsByIssue] <--- HTTP/1.1 200 OK (523ms)
2023-09-24 16:20:26.167 DEBUG 39436 --- [           main] e.u.l.a.a.a.g.GitHubSprintRepository     : Fetched [9] events
2023-09-24 16:20:26.167 DEBUG 39436 --- [           main] e.u.l.a.a.a.g.GitHubSprintRepository     : Processing event [GitHubIssueEvent(id=932825110, type=LABELED, createdAt=2017-01-23T13:48:48Z, body=null, commitId=null, actor=GitHubUser(login=davidmigloz))] of issue [Incrementar la cobertura en las clases de utilidad]
2023-09-24 16:20:26.167 DEBUG 39436 --- [           main] e.u.l.a.a.a.g.GitHubSprintRepository     : Processing event [GitHubIssueEvent(id=932825113, type=MILESTONED, createdAt=2017-01-23T13:48:48Z, body=null, commitId=null, actor=GitHubUser(login=davidmigloz))] of issue [Incrementar la cobertura en las clases de utilidad]
2023-09-24 16:20:26.167 DEBUG 39436 --- [           main] e.u.l.a.a.a.g.GitHubSprintRepository     : Processing event [GitHubIssueEvent(id=932825114, type=ASSIGNED, createdAt=2017-01-23T13:48:48Z, body=null, commitId=null, actor=GitHubUser(login=davidmigloz))] of issue [Incrementar la cobertura en las clases de utilidad]
2023-09-24 16:20:26.167 DEBUG 39436 --- [           main] e.u.l.a.a.a.g.GitHubSprintRepository     : Processing event [GitHubIssueEvent(id=932826785, type=REFERENCED, createdAt=2017-01-23T13:50:01Z, body=null, commitId=8600afb35ccb8fec085a430112deba17330b95a9, actor=GitHubUser(login=davidmigloz))] of issue [Incrementar la cobertura en las clases de utilidad]
2023-09-24 16:20:26.167 DEBUG 39436 --- [           main] e.u.l.a.a.a.g.GitHubSprintRepository     : Processing event [GitHubIssueEvent(id=932828474, type=CLOSED, createdAt=2017-01-23T13:51:23Z, body=null, commitId=null, actor=GitHubUser(login=davidmigloz))] of issue [Incrementar la cobertura en las clases de utilidad]
2023-09-24 16:20:26.168 DEBUG 39436 --- [           main] e.u.l.a.a.a.g.GitHubSprintRepository     : Processing event [GitHubIssueEvent(id=936372418, type=null, createdAt=2017-01-25T16:04:59Z, body=null, commitId=null, actor=GitHubUser(login=davidmigloz))] of issue [Incrementar la cobertura en las clases de utilidad]
2023-09-24 16:20:26.168 DEBUG 39436 --- [           main] e.u.l.a.a.a.g.GitHubSprintRepository     : Processing event [GitHubIssueEvent(id=null, type=CROSS_REFERENCED, createdAt=2021-03-15T11:14:33Z, body=null, commitId=null, actor=GitHubUser(login=FeliRad-sum))] of issue [Incrementar la cobertura en las clases de utilidad]
2023-09-24 16:20:26.168 DEBUG 39436 --- [           main] e.u.l.a.a.a.g.GitHubSprintRepository     : Processing event [GitHubIssueEvent(id=null, type=CROSS_REFERENCED, createdAt=2021-03-17T11:09:32Z, body=null, commitId=null, actor=GitHubUser(login=gonsanmames))] of issue [Incrementar la cobertura en las clases de utilidad]
2023-09-24 16:20:26.168 DEBUG 39436 --- [           main] e.u.l.a.a.a.g.GitHubSprintRepository     : Processing event [GitHubIssueEvent(id=null, type=CROSS_REFERENCED, createdAt=2021-11-22T20:30:40Z, body=null, commitId=null, actor=GitHubUser(login=jesgararm))] of issue [Incrementar la cobertura en las clases de utilidad]
2023-09-24 16:20:26.168 DEBUG 39436 --- [           main] e.u.l.a.a.a.g.GitHubSprintRepository     : Fetching issue [Solapamiento con condiciones meteorológicas largas] events
2023-09-24 16:20:26.168 DEBUG 39436 --- [           main] e.u.l.a.a.a.github.GitHubApmClient       : [GitHubApmClient#findEventsByIssue] ---> GET https://api.github.com/repos/davidmigloz/go-bees/issues/170/timeline HTTP/1.1
2023-09-24 16:20:26.625 DEBUG 39436 --- [           main] e.u.l.a.a.a.github.GitHubApmClient       : [GitHubApmClient#findEventsByIssue] <--- HTTP/1.1 200 OK (455ms)
2023-09-24 16:20:26.632 DEBUG 39436 --- [           main] e.u.l.a.a.a.g.GitHubSprintRepository     : Fetched [7] events
2023-09-24 16:20:26.632 DEBUG 39436 --- [           main] e.u.l.a.a.a.g.GitHubSprintRepository     : Processing event [GitHubIssueEvent(id=932044159, type=LABELED, createdAt=2017-01-22T17:19Z, body=null, commitId=null, actor=GitHubUser(login=davidmigloz))] of issue [Solapamiento con condiciones meteorológicas largas]
2023-09-24 16:20:26.632 DEBUG 39436 --- [           main] e.u.l.a.a.a.g.GitHubSprintRepository     : Processing event [GitHubIssueEvent(id=932044160, type=MILESTONED, createdAt=2017-01-22T17:19Z, body=null, commitId=null, actor=GitHubUser(login=davidmigloz))] of issue [Solapamiento con condiciones meteorológicas largas]
2023-09-24 16:20:26.632 DEBUG 39436 --- [           main] e.u.l.a.a.a.g.GitHubSprintRepository     : Processing event [GitHubIssueEvent(id=932044161, type=ASSIGNED, createdAt=2017-01-22T17:19Z, body=null, commitId=null, actor=GitHubUser(login=davidmigloz))] of issue [Solapamiento con condiciones meteorológicas largas]
2023-09-24 16:20:26.633 DEBUG 39436 --- [           main] e.u.l.a.a.a.g.GitHubSprintRepository     : Processing event [GitHubIssueEvent(id=932046274, type=REFERENCED, createdAt=2017-01-22T17:27:52Z, body=null, commitId=c90948ef1d7cbf0dadf0d4f0b45d4c43dc7ac826, actor=GitHubUser(login=davidmigloz))] of issue [Solapamiento con condiciones meteorológicas largas]
2023-09-24 16:20:26.633 DEBUG 39436 --- [           main] e.u.l.a.a.a.g.GitHubSprintRepository     : Processing event [GitHubIssueEvent(id=932046451, type=CLOSED, createdAt=2017-01-22T17:28:25Z, body=null, commitId=null, actor=GitHubUser(login=davidmigloz))] of issue [Solapamiento con condiciones meteorológicas largas]
2023-09-24 16:20:26.633 DEBUG 39436 --- [           main] e.u.l.a.a.a.g.GitHubSprintRepository     : Processing event [GitHubIssueEvent(id=null, type=CROSS_REFERENCED, createdAt=2021-03-17T11:16:10Z, body=null, commitId=null, actor=GitHubUser(login=gonsanmames))] of issue [Solapamiento con condiciones meteorológicas largas]
2023-09-24 16:20:26.633 DEBUG 39436 --- [           main] e.u.l.a.a.a.g.GitHubSprintRepository     : Processing event [GitHubIssueEvent(id=null, type=CROSS_REFERENCED, createdAt=2021-11-22T20:29:55Z, body=null, commitId=null, actor=GitHubUser(login=jesgararm))] of issue [Solapamiento con condiciones meteorológicas largas]
2023-09-24 16:20:26.633 DEBUG 39436 --- [           main] e.u.l.a.a.a.g.GitHubSprintRepository     : Fetching issue [Permitir notas multilinea] events
2023-09-24 16:20:26.634 DEBUG 39436 --- [           main] e.u.l.a.a.a.github.GitHubApmClient       : [GitHubApmClient#findEventsByIssue] ---> GET https://api.github.com/repos/davidmigloz/go-bees/issues/169/timeline HTTP/1.1
2023-09-24 16:20:27.136 DEBUG 39436 --- [           main] e.u.l.a.a.a.github.GitHubApmClient       : [GitHubApmClient#findEventsByIssue] <--- HTTP/1.1 200 OK (502ms)
2023-09-24 16:20:27.140 DEBUG 39436 --- [           main] e.u.l.a.a.a.g.GitHubSprintRepository     : Fetched [8] events
2023-09-24 16:20:27.140 DEBUG 39436 --- [           main] e.u.l.a.a.a.g.GitHubSprintRepository     : Processing event [GitHubIssueEvent(id=932037647, type=LABELED, createdAt=2017-01-22T16:55:26Z, body=null, commitId=null, actor=GitHubUser(login=davidmigloz))] of issue [Permitir notas multilinea]
2023-09-24 16:20:27.140 DEBUG 39436 --- [           main] e.u.l.a.a.a.g.GitHubSprintRepository     : Processing event [GitHubIssueEvent(id=932037648, type=MILESTONED, createdAt=2017-01-22T16:55:26Z, body=null, commitId=null, actor=GitHubUser(login=davidmigloz))] of issue [Permitir notas multilinea]
2023-09-24 16:20:27.140 DEBUG 39436 --- [           main] e.u.l.a.a.a.g.GitHubSprintRepository     : Processing event [GitHubIssueEvent(id=932037649, type=ASSIGNED, createdAt=2017-01-22T16:55:26Z, body=null, commitId=null, actor=GitHubUser(login=davidmigloz))] of issue [Permitir notas multilinea]
2023-09-24 16:20:27.140 DEBUG 39436 --- [           main] e.u.l.a.a.a.g.GitHubSprintRepository     : Processing event [GitHubIssueEvent(id=932044018, type=CLOSED, createdAt=2017-01-22T17:18:12Z, body=null, commitId=null, actor=GitHubUser(login=davidmigloz))] of issue [Permitir notas multilinea]
2023-09-24 16:20:27.140 DEBUG 39436 --- [           main] e.u.l.a.a.a.g.GitHubSprintRepository     : Processing event [GitHubIssueEvent(id=932046273, type=REFERENCED, createdAt=2017-01-22T17:27:52Z, body=null, commitId=2da3c6ad6d9cfaed956e7277091c8467fefa9ab7, actor=GitHubUser(login=davidmigloz))] of issue [Permitir notas multilinea]
2023-09-24 16:20:27.141 DEBUG 39436 --- [           main] e.u.l.a.a.a.g.GitHubSprintRepository     : Processing event [GitHubIssueEvent(id=null, type=CROSS_REFERENCED, createdAt=2021-03-17T11:24:36Z, body=null, commitId=null, actor=GitHubUser(login=gonsanmames))] of issue [Permitir notas multilinea]
2023-09-24 16:20:27.141 DEBUG 39436 --- [           main] e.u.l.a.a.a.g.GitHubSprintRepository     : Processing event [GitHubIssueEvent(id=null, type=CROSS_REFERENCED, createdAt=2021-11-22T20:29:21Z, body=null, commitId=null, actor=GitHubUser(login=jesgararm))] of issue [Permitir notas multilinea]
2023-09-24 16:20:27.141 DEBUG 39436 --- [           main] e.u.l.a.a.a.g.GitHubSprintRepository     : Processing event [GitHubIssueEvent(id=null, type=CROSS_REFERENCED, createdAt=2022-11-22T15:37:52Z, body=null, commitId=null, actor=GitHubUser(login=Mno0004ubu))] of issue [Permitir notas multilinea]
2023-09-24 16:20:27.141 DEBUG 39436 --- [           main] e.u.l.a.a.a.g.GitHubSprintRepository     : Fetching issue [Borrar anterior registro al actualizar el tiempo actual] events
2023-09-24 16:20:27.141 DEBUG 39436 --- [           main] e.u.l.a.a.a.github.GitHubApmClient       : [GitHubApmClient#findEventsByIssue] ---> GET https://api.github.com/repos/davidmigloz/go-bees/issues/168/timeline HTTP/1.1
2023-09-24 16:20:27.752 DEBUG 39436 --- [           main] e.u.l.a.a.a.github.GitHubApmClient       : [GitHubApmClient#findEventsByIssue] <--- HTTP/1.1 200 OK (610ms)
2023-09-24 16:20:27.758 DEBUG 39436 --- [           main] e.u.l.a.a.a.g.GitHubSprintRepository     : Fetched [10] events
2023-09-24 16:20:27.758 DEBUG 39436 --- [           main] e.u.l.a.a.a.g.GitHubSprintRepository     : Processing event [GitHubIssueEvent(id=932035781, type=LABELED, createdAt=2017-01-22T16:48:02Z, body=null, commitId=null, actor=GitHubUser(login=davidmigloz))] of issue [Borrar anterior registro al actualizar el tiempo actual]
2023-09-24 16:20:27.758 DEBUG 39436 --- [           main] e.u.l.a.a.a.g.GitHubSprintRepository     : Processing event [GitHubIssueEvent(id=932035782, type=MILESTONED, createdAt=2017-01-22T16:48:02Z, body=null, commitId=null, actor=GitHubUser(login=davidmigloz))] of issue [Borrar anterior registro al actualizar el tiempo actual]
2023-09-24 16:20:27.758 DEBUG 39436 --- [           main] e.u.l.a.a.a.g.GitHubSprintRepository     : Processing event [GitHubIssueEvent(id=932035783, type=ASSIGNED, createdAt=2017-01-22T16:48:02Z, body=null, commitId=null, actor=GitHubUser(login=davidmigloz))] of issue [Borrar anterior registro al actualizar el tiempo actual]
2023-09-24 16:20:27.759 DEBUG 39436 --- [           main] e.u.l.a.a.a.g.GitHubSprintRepository     : Processing event [GitHubIssueEvent(id=932037432, type=CLOSED, createdAt=2017-01-22T16:54:36Z, body=null, commitId=null, actor=GitHubUser(login=davidmigloz))] of issue [Borrar anterior registro al actualizar el tiempo actual]
2023-09-24 16:20:27.759 DEBUG 39436 --- [           main] e.u.l.a.a.a.g.GitHubSprintRepository     : Processing event [GitHubIssueEvent(id=932046272, type=REFERENCED, createdAt=2017-01-22T17:27:52Z, body=null, commitId=422e78dc2257f50ff4dd35b49ec7fc21d39d5eba, actor=GitHubUser(login=davidmigloz))] of issue [Borrar anterior registro al actualizar el tiempo actual]
2023-09-24 16:20:27.759 DEBUG 39436 --- [           main] e.u.l.a.a.a.g.GitHubSprintRepository     : Processing event [GitHubIssueEvent(id=936373814, type=null, createdAt=2017-01-25T16:05:44Z, body=null, commitId=null, actor=GitHubUser(login=davidmigloz))] of issue [Borrar anterior registro al actualizar el tiempo actual]
2023-09-24 16:20:27.759 DEBUG 39436 --- [           main] e.u.l.a.a.a.g.GitHubSprintRepository     : Processing event [GitHubIssueEvent(id=null, type=CROSS_REFERENCED, createdAt=2021-03-15T11:04:04Z, body=null, commitId=null, actor=GitHubUser(login=FeliRad-sum))] of issue [Borrar anterior registro al actualizar el tiempo actual]
2023-09-24 16:20:27.759 DEBUG 39436 --- [           main] e.u.l.a.a.a.g.GitHubSprintRepository     : Processing event [GitHubIssueEvent(id=null, type=CROSS_REFERENCED, createdAt=2021-03-17T11:26:25Z, body=null, commitId=null, actor=GitHubUser(login=gonsanmames))] of issue [Borrar anterior registro al actualizar el tiempo actual]
2023-09-24 16:20:27.760 DEBUG 39436 --- [           main] e.u.l.a.a.a.g.GitHubSprintRepository     : Processing event [GitHubIssueEvent(id=null, type=CROSS_REFERENCED, createdAt=2021-11-22T20:28:14Z, body=null, commitId=null, actor=GitHubUser(login=jesgararm))] of issue [Borrar anterior registro al actualizar el tiempo actual]
2023-09-24 16:20:27.760 DEBUG 39436 --- [           main] e.u.l.a.a.a.g.GitHubSprintRepository     : Processing event [GitHubIssueEvent(id=null, type=CROSS_REFERENCED, createdAt=2022-11-22T15:29:27Z, body=null, commitId=null, actor=GitHubUser(login=Mno0004ubu))] of issue [Borrar anterior registro al actualizar el tiempo actual]
2023-09-24 16:20:27.760 DEBUG 39436 --- [           main] e.u.l.a.a.a.g.GitHubSprintRepository     : Fetching issue [Opción generar colmenar de muestra] events
2023-09-24 16:20:27.761 DEBUG 39436 --- [           main] e.u.l.a.a.a.github.GitHubApmClient       : [GitHubApmClient#findEventsByIssue] ---> GET https://api.github.com/repos/davidmigloz/go-bees/issues/165/timeline HTTP/1.1
2023-09-24 16:20:28.467 DEBUG 39436 --- [           main] e.u.l.a.a.a.github.GitHubApmClient       : [GitHubApmClient#findEventsByIssue] <--- HTTP/1.1 200 OK (705ms)
2023-09-24 16:20:28.475 DEBUG 39436 --- [           main] e.u.l.a.a.a.g.GitHubSprintRepository     : Fetched [12] events
2023-09-24 16:20:28.475 DEBUG 39436 --- [           main] e.u.l.a.a.a.g.GitHubSprintRepository     : Processing event [GitHubIssueEvent(id=931850814, type=LABELED, createdAt=2017-01-22T01:24:39Z, body=null, commitId=null, actor=GitHubUser(login=davidmigloz))] of issue [Opción generar colmenar de muestra]
2023-09-24 16:20:28.476 DEBUG 39436 --- [           main] e.u.l.a.a.a.g.GitHubSprintRepository     : Processing event [GitHubIssueEvent(id=931850815, type=MILESTONED, createdAt=2017-01-22T01:24:39Z, body=null, commitId=null, actor=GitHubUser(login=davidmigloz))] of issue [Opción generar colmenar de muestra]
2023-09-24 16:20:28.476 DEBUG 39436 --- [           main] e.u.l.a.a.a.g.GitHubSprintRepository     : Processing event [GitHubIssueEvent(id=931850816, type=ASSIGNED, createdAt=2017-01-22T01:24:39Z, body=null, commitId=null, actor=GitHubUser(login=davidmigloz))] of issue [Opción generar colmenar de muestra]
2023-09-24 16:20:28.476 DEBUG 39436 --- [           main] e.u.l.a.a.a.g.GitHubSprintRepository     : Processing event [GitHubIssueEvent(id=931851014, type=REFERENCED, createdAt=2017-01-22T01:25:38Z, body=null, commitId=58331458dfc2f8642a41360530d9ace70c424094, actor=GitHubUser(login=davidmigloz))] of issue [Opción generar colmenar de muestra]
2023-09-24 16:20:28.476 DEBUG 39436 --- [           main] e.u.l.a.a.a.g.GitHubSprintRepository     : Processing event [GitHubIssueEvent(id=931851034, type=CLOSED, createdAt=2017-01-22T01:25:46Z, body=null, commitId=null, actor=GitHubUser(login=davidmigloz))] of issue [Opción generar colmenar de muestra]
2023-09-24 16:20:28.476 DEBUG 39436 --- [           main] e.u.l.a.a.a.g.GitHubSprintRepository     : Processing event [GitHubIssueEvent(id=799324150, type=COMMENTED, createdAt=2021-03-15T10:57:32Z, body=@davidmigloz
Implement generate sample data #165, commitId=null, actor=GitHubUser(login=FeliRad-sum))] of issue [Opción generar colmenar de muestra]
2023-09-24 16:20:28.477 DEBUG 39436 --- [           main] e.u.l.a.a.a.g.GitHubSprintRepository     : Processing event [GitHubIssueEvent(id=4457977847, type=null, createdAt=2021-03-15T10:57:33Z, body=null, commitId=null, actor=GitHubUser(login=davidmigloz))] of issue [Opción generar colmenar de muestra]
2023-09-24 16:20:28.477 DEBUG 39436 --- [           main] e.u.l.a.a.a.g.GitHubSprintRepository     : Processing event [GitHubIssueEvent(id=4457977853, type=null, createdAt=2021-03-15T10:57:33Z, body=null, commitId=null, actor=GitHubUser(login=davidmigloz))] of issue [Opción generar colmenar de muestra]
2023-09-24 16:20:28.477 DEBUG 39436 --- [           main] e.u.l.a.a.a.g.GitHubSprintRepository     : Processing event [GitHubIssueEvent(id=null, type=CROSS_REFERENCED, createdAt=2021-03-17T11:28:28Z, body=null, commitId=null, actor=GitHubUser(login=gonsanmames))] of issue [Opción generar colmenar de muestra]
2023-09-24 16:20:28.478 DEBUG 39436 --- [           main] e.u.l.a.a.a.g.GitHubSprintRepository     : Processing event [GitHubIssueEvent(id=null, type=CROSS_REFERENCED, createdAt=2021-11-22T20:27:24Z, body=null, commitId=null, actor=GitHubUser(login=jesgararm))] of issue [Opción generar colmenar de muestra]
2023-09-24 16:20:28.478 DEBUG 39436 --- [           main] e.u.l.a.a.a.g.GitHubSprintRepository     : Processing event [GitHubIssueEvent(id=null, type=CROSS_REFERENCED, createdAt=2022-11-20T14:48:30Z, body=null, commitId=null, actor=GitHubUser(login=rll1004))] of issue [Opción generar colmenar de muestra]
2023-09-24 16:20:28.478 DEBUG 39436 --- [           main] e.u.l.a.a.a.g.GitHubSprintRepository     : Processing event [GitHubIssueEvent(id=null, type=CROSS_REFERENCED, createdAt=2023-03-14T16:12:54Z, body=null, commitId=null, actor=GitHubUser(login=lng1008))] of issue [Opción generar colmenar de muestra]
2023-09-24 16:20:28.478 DEBUG 39436 --- [           main] e.u.l.a.a.a.g.GitHubSprintRepository     : Fetching issue [Opción generar colmenar de muestra] comments
2023-09-24 16:20:28.479 DEBUG 39436 --- [           main] e.u.l.a.a.a.github.GitHubApmClient       : [GitHubApmClient#findCommentsByIssue] ---> GET https://api.github.com/repos/davidmigloz/go-bees/issues/165/comments HTTP/1.1
2023-09-24 16:20:28.701 DEBUG 39436 --- [           main] e.u.l.a.a.a.github.GitHubApmClient       : [GitHubApmClient#findCommentsByIssue] <--- HTTP/1.1 200 OK (222ms)
2023-09-24 16:20:28.702 DEBUG 39436 --- [           main] e.u.l.a.a.a.g.GitHubSprintRepository     : [1] comments fetched
2023-09-24 16:20:28.703 DEBUG 39436 --- [           main] e.u.l.a.a.a.g.GitHubSprintRepository     : Fetching issue [Las imágenes no se posicionan correctamente en el pdf autogenerado] events
2023-09-24 16:20:28.703 DEBUG 39436 --- [           main] e.u.l.a.a.a.github.GitHubApmClient       : [GitHubApmClient#findEventsByIssue] ---> GET https://api.github.com/repos/davidmigloz/go-bees/issues/164/timeline HTTP/1.1
2023-09-24 16:20:29.288 DEBUG 39436 --- [           main] e.u.l.a.a.a.github.GitHubApmClient       : [GitHubApmClient#findEventsByIssue] <--- HTTP/1.1 200 OK (584ms)
2023-09-24 16:20:29.295 DEBUG 39436 --- [           main] e.u.l.a.a.a.g.GitHubSprintRepository     : Fetched [16] events
2023-09-24 16:20:29.296 DEBUG 39436 --- [           main] e.u.l.a.a.a.g.GitHubSprintRepository     : Processing event [GitHubIssueEvent(id=931378233, type=LABELED, createdAt=2017-01-20T22:09:19Z, body=null, commitId=null, actor=GitHubUser(login=davidmigloz))] of issue [Las imágenes no se posicionan correctamente en el pdf autogenerado]
2023-09-24 16:20:29.296 DEBUG 39436 --- [           main] e.u.l.a.a.a.g.GitHubSprintRepository     : Processing event [GitHubIssueEvent(id=931378235, type=MILESTONED, createdAt=2017-01-20T22:09:19Z, body=null, commitId=null, actor=GitHubUser(login=davidmigloz))] of issue [Las imágenes no se posicionan correctamente en el pdf autogenerado]
2023-09-24 16:20:29.296 DEBUG 39436 --- [           main] e.u.l.a.a.a.g.GitHubSprintRepository     : Processing event [GitHubIssueEvent(id=931378236, type=ASSIGNED, createdAt=2017-01-20T22:09:19Z, body=null, commitId=null, actor=GitHubUser(login=davidmigloz))] of issue [Las imágenes no se posicionan correctamente en el pdf autogenerado]
2023-09-24 16:20:29.296 DEBUG 39436 --- [           main] e.u.l.a.a.a.g.GitHubSprintRepository     : Processing event [GitHubIssueEvent(id=274193258, type=COMMENTED, createdAt=2017-01-20T22:09:25Z, body=http://stackoverflow.com/questions/24285445/sphinx-to-latex-figure-placement, commitId=null, actor=GitHubUser(login=davidmigloz))] of issue [Las imágenes no se posicionan correctamente en el pdf autogenerado]
2023-09-24 16:20:29.296 DEBUG 39436 --- [           main] e.u.l.a.a.a.g.GitHubSprintRepository     : Processing event [GitHubIssueEvent(id=931379709, type=REFERENCED, createdAt=2017-01-20T22:10:42Z, body=null, commitId=b5d991f79ade4a15414533466e1f0695eb381aca, actor=GitHubUser(login=davidmigloz))] of issue [Las imágenes no se posicionan correctamente en el pdf autogenerado]
2023-09-24 16:20:29.296 DEBUG 39436 --- [           main] e.u.l.a.a.a.g.GitHubSprintRepository     : Processing event [GitHubIssueEvent(id=931404466, type=REFERENCED, createdAt=2017-01-20T22:32:41Z, body=null, commitId=271284b37d1c4fbcf8abe6121fbd7e1f03017aca, actor=GitHubUser(login=davidmigloz))] of issue [Las imágenes no se posicionan correctamente en el pdf autogenerado]
2023-09-24 16:20:29.296 DEBUG 39436 --- [           main] e.u.l.a.a.a.g.GitHubSprintRepository     : Processing event [GitHubIssueEvent(id=931412299, type=REFERENCED, createdAt=2017-01-20T22:40:13Z, body=null, commitId=844ae5227dd5be359470b35e4b8aaf231d47a907, actor=GitHubUser(login=davidmigloz))] of issue [Las imágenes no se posicionan correctamente en el pdf autogenerado]
2023-09-24 16:20:29.297 DEBUG 39436 --- [           main] e.u.l.a.a.a.g.GitHubSprintRepository     : Processing event [GitHubIssueEvent(id=931420822, type=REFERENCED, createdAt=2017-01-20T22:49:10Z, body=null, commitId=5255bc844c912768627b695ff6055bfeb289225c, actor=GitHubUser(login=davidmigloz))] of issue [Las imágenes no se posicionan correctamente en el pdf autogenerado]
2023-09-24 16:20:29.297 DEBUG 39436 --- [           main] e.u.l.a.a.a.g.GitHubSprintRepository     : Processing event [GitHubIssueEvent(id=931425657, type=REFERENCED, createdAt=2017-01-20T22:54:32Z, body=null, commitId=683e2a463a40f3572e1b044e012e3445ca040d6b, actor=GitHubUser(login=davidmigloz))] of issue [Las imágenes no se posicionan correctamente en el pdf autogenerado]
2023-09-24 16:20:29.297 DEBUG 39436 --- [           main] e.u.l.a.a.a.g.GitHubSprintRepository     : Processing event [GitHubIssueEvent(id=931433023, type=REFERENCED, createdAt=2017-01-20T23:01:25Z, body=null, commitId=42db24a12ca36f8dc67eeb8ef026da60d8836e28, actor=GitHubUser(login=davidmigloz))] of issue [Las imágenes no se posicionan correctamente en el pdf autogenerado]
2023-09-24 16:20:29.298 DEBUG 39436 --- [           main] e.u.l.a.a.a.g.GitHubSprintRepository     : Processing event [GitHubIssueEvent(id=931435504, type=REFERENCED, createdAt=2017-01-20T23:04:24Z, body=null, commitId=5209017cf579e6eb1c1b52c1b2402a52ca14e67c, actor=GitHubUser(login=davidmigloz))] of issue [Las imágenes no se posicionan correctamente en el pdf autogenerado]
2023-09-24 16:20:29.298 DEBUG 39436 --- [           main] e.u.l.a.a.a.g.GitHubSprintRepository     : Processing event [GitHubIssueEvent(id=931447087, type=REFERENCED, createdAt=2017-01-20T23:17:05Z, body=null, commitId=52ea01c574b1ea007e02438a86210cdf70b1ad5a, actor=GitHubUser(login=davidmigloz))] of issue [Las imágenes no se posicionan correctamente en el pdf autogenerado]
2023-09-24 16:20:29.298 DEBUG 39436 --- [           main] e.u.l.a.a.a.g.GitHubSprintRepository     : Processing event [GitHubIssueEvent(id=931457637, type=CLOSED, createdAt=2017-01-20T23:30:02Z, body=null, commitId=null, actor=GitHubUser(login=davidmigloz))] of issue [Las imágenes no se posicionan correctamente en el pdf autogenerado]
2023-09-24 16:20:29.298 DEBUG 39436 --- [           main] e.u.l.a.a.a.g.GitHubSprintRepository     : Processing event [GitHubIssueEvent(id=null, type=CROSS_REFERENCED, createdAt=2021-03-13T10:35:18Z, body=null, commitId=null, actor=GitHubUser(login=MiriamSanchez11))] of issue [Las imágenes no se posicionan correctamente en el pdf autogenerado]
2023-09-24 16:20:29.298 DEBUG 39436 --- [           main] e.u.l.a.a.a.g.GitHubSprintRepository     : Processing event [GitHubIssueEvent(id=null, type=CROSS_REFERENCED, createdAt=2021-03-15T15:29:27Z, body=null, commitId=null, actor=GitHubUser(login=gonsanmames))] of issue [Las imágenes no se posicionan correctamente en el pdf autogenerado]
2023-09-24 16:20:29.298 DEBUG 39436 --- [           main] e.u.l.a.a.a.g.GitHubSprintRepository     : Processing event [GitHubIssueEvent(id=null, type=CROSS_REFERENCED, createdAt=2021-11-22T20:24:37Z, body=null, commitId=null, actor=GitHubUser(login=jesgararm))] of issue [Las imágenes no se posicionan correctamente en el pdf autogenerado]
2023-09-24 16:20:29.298 DEBUG 39436 --- [           main] e.u.l.a.a.a.g.GitHubSprintRepository     : Fetching issue [Las imágenes no se posicionan correctamente en el pdf autogenerado] comments
2023-09-24 16:20:29.299 DEBUG 39436 --- [           main] e.u.l.a.a.a.github.GitHubApmClient       : [GitHubApmClient#findCommentsByIssue] ---> GET https://api.github.com/repos/davidmigloz/go-bees/issues/164/comments HTTP/1.1
2023-09-24 16:20:29.594 DEBUG 39436 --- [           main] e.u.l.a.a.a.github.GitHubApmClient       : [GitHubApmClient#findCommentsByIssue] <--- HTTP/1.1 200 OK (295ms)
2023-09-24 16:20:29.596 DEBUG 39436 --- [           main] e.u.l.a.a.a.g.GitHubSprintRepository     : [1] comments fetched
2023-09-24 16:20:29.597 DEBUG 39436 --- [           main] e.u.l.a.a.a.g.GitHubSprintRepository     : Fetching issue [Implementar splash screen] events
2023-09-24 16:20:29.598 DEBUG 39436 --- [           main] e.u.l.a.a.a.github.GitHubApmClient       : [GitHubApmClient#findEventsByIssue] ---> GET https://api.github.com/repos/davidmigloz/go-bees/issues/163/timeline HTTP/1.1
2023-09-24 16:20:30.110 DEBUG 39436 --- [           main] e.u.l.a.a.a.github.GitHubApmClient       : [GitHubApmClient#findEventsByIssue] <--- HTTP/1.1 200 OK (511ms)
2023-09-24 16:20:30.115 DEBUG 39436 --- [           main] e.u.l.a.a.a.g.GitHubSprintRepository     : Fetched [7] events
2023-09-24 16:20:30.115 DEBUG 39436 --- [           main] e.u.l.a.a.a.g.GitHubSprintRepository     : Processing event [GitHubIssueEvent(id=928389287, type=LABELED, createdAt=2017-01-19T00:35:28Z, body=null, commitId=null, actor=GitHubUser(login=davidmigloz))] of issue [Implementar splash screen]
2023-09-24 16:20:30.115 DEBUG 39436 --- [           main] e.u.l.a.a.a.g.GitHubSprintRepository     : Processing event [GitHubIssueEvent(id=928389288, type=MILESTONED, createdAt=2017-01-19T00:35:28Z, body=null, commitId=null, actor=GitHubUser(login=davidmigloz))] of issue [Implementar splash screen]
2023-09-24 16:20:30.115 DEBUG 39436 --- [           main] e.u.l.a.a.a.g.GitHubSprintRepository     : Processing event [GitHubIssueEvent(id=928389289, type=ASSIGNED, createdAt=2017-01-19T00:35:28Z, body=null, commitId=null, actor=GitHubUser(login=davidmigloz))] of issue [Implementar splash screen]
2023-09-24 16:20:30.115 DEBUG 39436 --- [           main] e.u.l.a.a.a.g.GitHubSprintRepository     : Processing event [GitHubIssueEvent(id=928440478, type=REFERENCED, createdAt=2017-01-19T01:35:43Z, body=null, commitId=67aed85b8c96b5b37bd2c5b2fc90c4c60cc99c13, actor=GitHubUser(login=davidmigloz))] of issue [Implementar splash screen]
2023-09-24 16:20:30.115 DEBUG 39436 --- [           main] e.u.l.a.a.a.g.GitHubSprintRepository     : Processing event [GitHubIssueEvent(id=929227676, type=CLOSED, createdAt=2017-01-19T14:57:52Z, body=null, commitId=null, actor=GitHubUser(login=davidmigloz))] of issue [Implementar splash screen]
2023-09-24 16:20:30.115 DEBUG 39436 --- [           main] e.u.l.a.a.a.g.GitHubSprintRepository     : Processing event [GitHubIssueEvent(id=null, type=CROSS_REFERENCED, createdAt=2021-03-16T22:12:47Z, body=null, commitId=null, actor=GitHubUser(login=jaciperez))] of issue [Implementar splash screen]
2023-09-24 16:20:30.115 DEBUG 39436 --- [           main] e.u.l.a.a.a.g.GitHubSprintRepository     : Processing event [GitHubIssueEvent(id=null, type=CROSS_REFERENCED, createdAt=2021-11-22T20:19:07Z, body=null, commitId=null, actor=GitHubUser(login=jesgararm))] of issue [Implementar splash screen]
2023-09-24 16:20:30.115 DEBUG 39436 --- [           main] e.u.l.a.a.a.g.GitHubSprintRepository     : Fetching issue [Documentar Sprint 15] events
2023-09-24 16:20:30.116 DEBUG 39436 --- [           main] e.u.l.a.a.a.github.GitHubApmClient       : [GitHubApmClient#findEventsByIssue] ---> GET https://api.github.com/repos/davidmigloz/go-bees/issues/162/timeline HTTP/1.1
2023-09-24 16:20:30.623 DEBUG 39436 --- [           main] e.u.l.a.a.a.github.GitHubApmClient       : [GitHubApmClient#findEventsByIssue] <--- HTTP/1.1 200 OK (506ms)
2023-09-24 16:20:30.626 DEBUG 39436 --- [           main] e.u.l.a.a.a.g.GitHubSprintRepository     : Fetched [7] events
2023-09-24 16:20:30.626 DEBUG 39436 --- [           main] e.u.l.a.a.a.g.GitHubSprintRepository     : Processing event [GitHubIssueEvent(id=928335387, type=LABELED, createdAt=2017-01-18T23:34:38Z, body=null, commitId=null, actor=GitHubUser(login=davidmigloz))] of issue [Documentar Sprint 15]
2023-09-24 16:20:30.627 DEBUG 39436 --- [           main] e.u.l.a.a.a.g.GitHubSprintRepository     : Processing event [GitHubIssueEvent(id=928335389, type=MILESTONED, createdAt=2017-01-18T23:34:38Z, body=null, commitId=null, actor=GitHubUser(login=davidmigloz))] of issue [Documentar Sprint 15]
2023-09-24 16:20:30.627 DEBUG 39436 --- [           main] e.u.l.a.a.a.g.GitHubSprintRepository     : Processing event [GitHubIssueEvent(id=928335390, type=ASSIGNED, createdAt=2017-01-18T23:34:38Z, body=null, commitId=null, actor=GitHubUser(login=davidmigloz))] of issue [Documentar Sprint 15]
2023-09-24 16:20:30.627 DEBUG 39436 --- [           main] e.u.l.a.a.a.g.GitHubSprintRepository     : Processing event [GitHubIssueEvent(id=928336740, type=CLOSED, createdAt=2017-01-18T23:36:08Z, body=null, commitId=null, actor=GitHubUser(login=davidmigloz))] of issue [Documentar Sprint 15]
2023-09-24 16:20:30.627 DEBUG 39436 --- [           main] e.u.l.a.a.a.g.GitHubSprintRepository     : Processing event [GitHubIssueEvent(id=928440477, type=REFERENCED, createdAt=2017-01-19T01:35:43Z, body=null, commitId=7102f69b5bc2121c9a90fe37bebd1a61ab7854e6, actor=GitHubUser(login=davidmigloz))] of issue [Documentar Sprint 15]
2023-09-24 16:20:30.627 DEBUG 39436 --- [           main] e.u.l.a.a.a.g.GitHubSprintRepository     : Processing event [GitHubIssueEvent(id=null, type=CROSS_REFERENCED, createdAt=2021-03-16T22:14:41Z, body=null, commitId=null, actor=GitHubUser(login=jaciperez))] of issue [Documentar Sprint 15]
2023-09-24 16:20:30.627 DEBUG 39436 --- [           main] e.u.l.a.a.a.g.GitHubSprintRepository     : Processing event [GitHubIssueEvent(id=null, type=CROSS_REFERENCED, createdAt=2021-11-22T20:17:24Z, body=null, commitId=null, actor=GitHubUser(login=jesgararm))] of issue [Documentar Sprint 15]
2023-09-24 16:20:30.628 DEBUG 39436 --- [           main] e.u.l.a.a.a.g.GitHubSprintRepository     : Fetching issue [Añadir apks en las releases] events
2023-09-24 16:20:30.628 DEBUG 39436 --- [           main] e.u.l.a.a.a.github.GitHubApmClient       : [GitHubApmClient#findEventsByIssue] ---> GET https://api.github.com/repos/davidmigloz/go-bees/issues/161/timeline HTTP/1.1
2023-09-24 16:20:30.925 DEBUG 39436 --- [           main] e.u.l.a.a.a.github.GitHubApmClient       : [GitHubApmClient#findEventsByIssue] <--- HTTP/1.1 200 OK (296ms)
2023-09-24 16:20:30.928 DEBUG 39436 --- [           main] e.u.l.a.a.a.g.GitHubSprintRepository     : Fetched [4] events
2023-09-24 16:20:30.929 DEBUG 39436 --- [           main] e.u.l.a.a.a.g.GitHubSprintRepository     : Processing event [GitHubIssueEvent(id=927777913, type=LABELED, createdAt=2017-01-18T16:52:09Z, body=null, commitId=null, actor=GitHubUser(login=davidmigloz))] of issue [Añadir apks en las releases]
2023-09-24 16:20:30.930 DEBUG 39436 --- [           main] e.u.l.a.a.a.g.GitHubSprintRepository     : Processing event [GitHubIssueEvent(id=927777916, type=ASSIGNED, createdAt=2017-01-18T16:52:09Z, body=null, commitId=null, actor=GitHubUser(login=davidmigloz))] of issue [Añadir apks en las releases]
2023-09-24 16:20:30.930 DEBUG 39436 --- [           main] e.u.l.a.a.a.g.GitHubSprintRepository     : Processing event [GitHubIssueEvent(id=928202998, type=MILESTONED, createdAt=2017-01-18T21:44:47Z, body=null, commitId=null, actor=GitHubUser(login=davidmigloz))] of issue [Añadir apks en las releases]
2023-09-24 16:20:30.930 DEBUG 39436 --- [           main] e.u.l.a.a.a.g.GitHubSprintRepository     : Processing event [GitHubIssueEvent(id=928203488, type=CLOSED, createdAt=2017-01-18T21:45:08Z, body=null, commitId=null, actor=GitHubUser(login=davidmigloz))] of issue [Añadir apks en las releases]
2023-09-24 16:20:30.930 DEBUG 39436 --- [           main] e.u.l.a.a.a.g.GitHubSprintRepository     : Fetching issue [Integración de SonarQube ] events
2023-09-24 16:20:30.931 DEBUG 39436 --- [           main] e.u.l.a.a.a.github.GitHubApmClient       : [GitHubApmClient#findEventsByIssue] ---> GET https://api.github.com/repos/davidmigloz/go-bees/issues/155/timeline HTTP/1.1
2023-09-24 16:20:31.437 DEBUG 39436 --- [           main] e.u.l.a.a.a.github.GitHubApmClient       : [GitHubApmClient#findEventsByIssue] <--- HTTP/1.1 200 OK (506ms)
2023-09-24 16:20:31.443 DEBUG 39436 --- [           main] e.u.l.a.a.a.g.GitHubSprintRepository     : Fetched [18] events
2023-09-24 16:20:31.444 DEBUG 39436 --- [           main] e.u.l.a.a.a.g.GitHubSprintRepository     : Processing event [GitHubIssueEvent(id=921310304, type=LABELED, createdAt=2017-01-12T20:13:01Z, body=null, commitId=null, actor=GitHubUser(login=davidmigloz))] of issue [Integración de SonarQube ]
2023-09-24 16:20:31.444 DEBUG 39436 --- [           main] e.u.l.a.a.a.g.GitHubSprintRepository     : Processing event [GitHubIssueEvent(id=921310306, type=MILESTONED, createdAt=2017-01-12T20:13:01Z, body=null, commitId=null, actor=GitHubUser(login=davidmigloz))] of issue [Integración de SonarQube ]
2023-09-24 16:20:31.444 DEBUG 39436 --- [           main] e.u.l.a.a.a.g.GitHubSprintRepository     : Processing event [GitHubIssueEvent(id=921310307, type=ASSIGNED, createdAt=2017-01-12T20:13:01Z, body=null, commitId=null, actor=GitHubUser(login=davidmigloz))] of issue [Integración de SonarQube ]
2023-09-24 16:20:31.445 DEBUG 39436 --- [           main] e.u.l.a.a.a.g.GitHubSprintRepository     : Processing event [GitHubIssueEvent(id=927761985, type=null, createdAt=2017-01-18T16:42:46Z, body=null, commitId=null, actor=GitHubUser(login=davidmigloz))] of issue [Integración de SonarQube ]
2023-09-24 16:20:31.445 DEBUG 39436 --- [           main] e.u.l.a.a.a.g.GitHubSprintRepository     : Processing event [GitHubIssueEvent(id=927762809, type=REFERENCED, createdAt=2017-01-18T16:43:16Z, body=null, commitId=6c7b49614e012e8edb6340d2aad7ba171fe096dc, actor=GitHubUser(login=davidmigloz))] of issue [Integración de SonarQube ]
2023-09-24 16:20:31.445 DEBUG 39436 --- [           main] e.u.l.a.a.a.g.GitHubSprintRepository     : Processing event [GitHubIssueEvent(id=927809955, type=REFERENCED, createdAt=2017-01-18T17:12:32Z, body=null, commitId=249496d26dbf4b8ed2fb335898996932bc12ac2f, actor=GitHubUser(login=davidmigloz))] of issue [Integración de SonarQube ]
2023-09-24 16:20:31.445 DEBUG 39436 --- [           main] e.u.l.a.a.a.g.GitHubSprintRepository     : Processing event [GitHubIssueEvent(id=928295039, type=REFERENCED, createdAt=2017-01-18T22:56:56Z, body=null, commitId=e7b51c8bf3e1967b10571b241c0ccbdb3e1c279b, actor=GitHubUser(login=davidmigloz))] of issue [Integración de SonarQube ]
2023-09-24 16:20:31.445 DEBUG 39436 --- [           main] e.u.l.a.a.a.g.GitHubSprintRepository     : Processing event [GitHubIssueEvent(id=928311402, type=REFERENCED, createdAt=2017-01-18T23:11:01Z, body=null, commitId=890615215b85b8160bb5e5b76db8160fee9b1294, actor=GitHubUser(login=davidmigloz))] of issue [Integración de SonarQube ]
2023-09-24 16:20:31.445 DEBUG 39436 --- [           main] e.u.l.a.a.a.g.GitHubSprintRepository     : Processing event [GitHubIssueEvent(id=928322805, type=MILESTONED, createdAt=2017-01-18T23:21:37Z, body=null, commitId=null, actor=GitHubUser(login=davidmigloz))] of issue [Integración de SonarQube ]
2023-09-24 16:20:31.445 DEBUG 39436 --- [           main] e.u.l.a.a.a.g.GitHubSprintRepository     : Processing event [GitHubIssueEvent(id=928322806, type=null, createdAt=2017-01-18T23:21:37Z, body=null, commitId=null, actor=GitHubUser(login=davidmigloz))] of issue [Integración de SonarQube ]
2023-09-24 16:20:31.445 DEBUG 39436 --- [           main] e.u.l.a.a.a.g.GitHubSprintRepository     : Processing event [GitHubIssueEvent(id=928352175, type=REFERENCED, createdAt=2017-01-18T23:52:55Z, body=null, commitId=a9319af96999de073b618812727859ed0b9c6a57, actor=GitHubUser(login=davidmigloz))] of issue [Integración de SonarQube ]
2023-09-24 16:20:31.445 DEBUG 39436 --- [           main] e.u.l.a.a.a.g.GitHubSprintRepository     : Processing event [GitHubIssueEvent(id=929228220, type=CLOSED, createdAt=2017-01-19T14:58:12Z, body=null, commitId=null, actor=GitHubUser(login=davidmigloz))] of issue [Integración de SonarQube ]
2023-09-24 16:20:31.446 DEBUG 39436 --- [           main] e.u.l.a.a.a.g.GitHubSprintRepository     : Processing event [GitHubIssueEvent(id=931055712, type=REFERENCED, createdAt=2017-01-20T17:48:17Z, body=null, commitId=7fb5bedf949343be53877f0bf44dbfa3c63e0416, actor=GitHubUser(login=davidmigloz))] of issue [Integración de SonarQube ]
2023-09-24 16:20:31.446 DEBUG 39436 --- [           main] e.u.l.a.a.a.g.GitHubSprintRepository     : Processing event [GitHubIssueEvent(id=931080302, type=REFERENCED, createdAt=2017-01-20T18:08:29Z, body=null, commitId=053a87fd71d9f905e6ae8c4bcf5f19549cff2df8, actor=GitHubUser(login=davidmigloz))] of issue [Integración de SonarQube ]
2023-09-24 16:20:31.446 DEBUG 39436 --- [           main] e.u.l.a.a.a.g.GitHubSprintRepository     : Processing event [GitHubIssueEvent(id=931111780, type=REFERENCED, createdAt=2017-01-20T18:34:14Z, body=null, commitId=885259655886650d6f31d5c9285d4efa9f04563f, actor=GitHubUser(login=davidmigloz))] of issue [Integración de SonarQube ]
2023-09-24 16:20:31.446 DEBUG 39436 --- [           main] e.u.l.a.a.a.g.GitHubSprintRepository     : Processing event [GitHubIssueEvent(id=931135843, type=REFERENCED, createdAt=2017-01-20T18:53:11Z, body=null, commitId=f66e928286428e0aab52475630e36a1b0db687ac, actor=GitHubUser(login=davidmigloz))] of issue [Integración de SonarQube ]
2023-09-24 16:20:31.446 DEBUG 39436 --- [           main] e.u.l.a.a.a.g.GitHubSprintRepository     : Processing event [GitHubIssueEvent(id=null, type=CROSS_REFERENCED, createdAt=2021-03-16T21:59:14Z, body=null, commitId=null, actor=GitHubUser(login=jaciperez))] of issue [Integración de SonarQube ]
2023-09-24 16:20:31.447 DEBUG 39436 --- [           main] e.u.l.a.a.a.g.GitHubSprintRepository     : Processing event [GitHubIssueEvent(id=null, type=CROSS_REFERENCED, createdAt=2021-11-22T20:20:51Z, body=null, commitId=null, actor=GitHubUser(login=jesgararm))] of issue [Integración de SonarQube ]
2023-09-24 16:20:31.447 DEBUG 39436 --- [           main] e.u.l.a.a.a.g.GitHubSprintRepository     : Fetching issue [Diseño arquitectónico] events
2023-09-24 16:20:31.447 DEBUG 39436 --- [           main] e.u.l.a.a.a.github.GitHubApmClient       : [GitHubApmClient#findEventsByIssue] ---> GET https://api.github.com/repos/davidmigloz/go-bees/issues/150/timeline HTTP/1.1
2023-09-24 16:20:32.051 DEBUG 39436 --- [           main] e.u.l.a.a.a.github.GitHubApmClient       : [GitHubApmClient#findEventsByIssue] <--- HTTP/1.1 200 OK (603ms)
2023-09-24 16:20:32.056 DEBUG 39436 --- [           main] e.u.l.a.a.a.g.GitHubSprintRepository     : Fetched [11] events
2023-09-24 16:20:32.056 DEBUG 39436 --- [           main] e.u.l.a.a.a.g.GitHubSprintRepository     : Processing event [GitHubIssueEvent(id=915249782, type=LABELED, createdAt=2017-01-08T15:16:57Z, body=null, commitId=null, actor=GitHubUser(login=davidmigloz))] of issue [Diseño arquitectónico]
2023-09-24 16:20:32.057 DEBUG 39436 --- [           main] e.u.l.a.a.a.g.GitHubSprintRepository     : Processing event [GitHubIssueEvent(id=915249783, type=ASSIGNED, createdAt=2017-01-08T15:16:57Z, body=null, commitId=null, actor=GitHubUser(login=davidmigloz))] of issue [Diseño arquitectónico]
2023-09-24 16:20:32.057 DEBUG 39436 --- [           main] e.u.l.a.a.a.g.GitHubSprintRepository     : Processing event [GitHubIssueEvent(id=933104368, type=REFERENCED, createdAt=2017-01-23T16:37:56Z, body=null, commitId=c3dbf4c80fe6e0d13214ae1ea40dc87fc197a072, actor=GitHubUser(login=davidmigloz))] of issue [Diseño arquitectónico]
2023-09-24 16:20:32.057 DEBUG 39436 --- [           main] e.u.l.a.a.a.g.GitHubSprintRepository     : Processing event [GitHubIssueEvent(id=933104371, type=REFERENCED, createdAt=2017-01-23T16:37:56Z, body=null, commitId=7225b05a4fb9dbcd380f6cd654b34dfcb0cd8963, actor=GitHubUser(login=davidmigloz))] of issue [Diseño arquitectónico]
2023-09-24 16:20:32.057 DEBUG 39436 --- [           main] e.u.l.a.a.a.g.GitHubSprintRepository     : Processing event [GitHubIssueEvent(id=933834162, type=REFERENCED, createdAt=2017-01-24T02:02:33Z, body=null, commitId=7f1d2380f49f07ec9c7c0e92372ec904a521919d, actor=GitHubUser(login=davidmigloz))] of issue [Diseño arquitectónico]
2023-09-24 16:20:32.057 DEBUG 39436 --- [           main] e.u.l.a.a.a.g.GitHubSprintRepository     : Processing event [GitHubIssueEvent(id=933834289, type=CLOSED, createdAt=2017-01-24T02:02:42Z, body=null, commitId=null, actor=GitHubUser(login=davidmigloz))] of issue [Diseño arquitectónico]
2023-09-24 16:20:32.057 DEBUG 39436 --- [           main] e.u.l.a.a.a.g.GitHubSprintRepository     : Processing event [GitHubIssueEvent(id=933835015, type=MILESTONED, createdAt=2017-01-24T02:03:27Z, body=null, commitId=null, actor=GitHubUser(login=davidmigloz))] of issue [Diseño arquitectónico]
2023-09-24 16:20:32.057 DEBUG 39436 --- [           main] e.u.l.a.a.a.g.GitHubSprintRepository     : Processing event [GitHubIssueEvent(id=null, type=CROSS_REFERENCED, createdAt=2021-03-12T18:05:16Z, body=null, commitId=null, actor=GitHubUser(login=MiriamSanchez11))] of issue [Diseño arquitectónico]
2023-09-24 16:20:32.057 DEBUG 39436 --- [           main] e.u.l.a.a.a.g.GitHubSprintRepository     : Processing event [GitHubIssueEvent(id=null, type=CROSS_REFERENCED, createdAt=2021-03-15T11:19:30Z, body=null, commitId=null, actor=GitHubUser(login=FeliRad-sum))] of issue [Diseño arquitectónico]
2023-09-24 16:20:32.057 DEBUG 39436 --- [           main] e.u.l.a.a.a.g.GitHubSprintRepository     : Processing event [GitHubIssueEvent(id=null, type=CROSS_REFERENCED, createdAt=2021-03-17T10:59:35Z, body=null, commitId=null, actor=GitHubUser(login=gonsanmames))] of issue [Diseño arquitectónico]
2023-09-24 16:20:32.057 DEBUG 39436 --- [           main] e.u.l.a.a.a.g.GitHubSprintRepository     : Processing event [GitHubIssueEvent(id=null, type=CROSS_REFERENCED, createdAt=2021-11-22T20:31:37Z, body=null, commitId=null, actor=GitHubUser(login=jesgararm))] of issue [Diseño arquitectónico]
2023-09-24 16:20:32.057 DEBUG 39436 --- [           main] e.u.l.a.a.a.g.GitHubSprintRepository     : Fetching issue [Diseño procedimental] events
2023-09-24 16:20:32.058 DEBUG 39436 --- [           main] e.u.l.a.a.a.github.GitHubApmClient       : [GitHubApmClient#findEventsByIssue] ---> GET https://api.github.com/repos/davidmigloz/go-bees/issues/149/timeline HTTP/1.1
2023-09-24 16:20:32.666 DEBUG 39436 --- [           main] e.u.l.a.a.a.github.GitHubApmClient       : [GitHubApmClient#findEventsByIssue] <--- HTTP/1.1 200 OK (607ms)
2023-09-24 16:20:32.671 DEBUG 39436 --- [           main] e.u.l.a.a.a.g.GitHubSprintRepository     : Fetched [9] events
2023-09-24 16:20:32.672 DEBUG 39436 --- [           main] e.u.l.a.a.a.g.GitHubSprintRepository     : Processing event [GitHubIssueEvent(id=915249433, type=LABELED, createdAt=2017-01-08T15:15:28Z, body=null, commitId=null, actor=GitHubUser(login=davidmigloz))] of issue [Diseño procedimental]
2023-09-24 16:20:32.672 DEBUG 39436 --- [           main] e.u.l.a.a.a.g.GitHubSprintRepository     : Processing event [GitHubIssueEvent(id=915249434, type=ASSIGNED, createdAt=2017-01-08T15:15:28Z, body=null, commitId=null, actor=GitHubUser(login=davidmigloz))] of issue [Diseño procedimental]
2023-09-24 16:20:32.672 DEBUG 39436 --- [           main] e.u.l.a.a.a.g.GitHubSprintRepository     : Processing event [GitHubIssueEvent(id=933834163, type=REFERENCED, createdAt=2017-01-24T02:02:34Z, body=null, commitId=5be489333287b4a61feab3b887d2573d6db9b99d, actor=GitHubUser(login=davidmigloz))] of issue [Diseño procedimental]
2023-09-24 16:20:32.672 DEBUG 39436 --- [           main] e.u.l.a.a.a.g.GitHubSprintRepository     : Processing event [GitHubIssueEvent(id=933834503, type=CLOSED, createdAt=2017-01-24T02:02:56Z, body=null, commitId=null, actor=GitHubUser(login=davidmigloz))] of issue [Diseño procedimental]
2023-09-24 16:20:32.672 DEBUG 39436 --- [           main] e.u.l.a.a.a.g.GitHubSprintRepository     : Processing event [GitHubIssueEvent(id=933834915, type=MILESTONED, createdAt=2017-01-24T02:03:21Z, body=null, commitId=null, actor=GitHubUser(login=davidmigloz))] of issue [Diseño procedimental]
2023-09-24 16:20:32.672 DEBUG 39436 --- [           main] e.u.l.a.a.a.g.GitHubSprintRepository     : Processing event [GitHubIssueEvent(id=null, type=CROSS_REFERENCED, createdAt=2021-03-15T11:21:55Z, body=null, commitId=null, actor=GitHubUser(login=FeliRad-sum))] of issue [Diseño procedimental]
2023-09-24 16:20:32.672 DEBUG 39436 --- [           main] e.u.l.a.a.a.g.GitHubSprintRepository     : Processing event [GitHubIssueEvent(id=null, type=CROSS_REFERENCED, createdAt=2021-03-16T11:56:50Z, body=null, commitId=null, actor=GitHubUser(login=VictorBarcina01))] of issue [Diseño procedimental]
2023-09-24 16:20:32.672 DEBUG 39436 --- [           main] e.u.l.a.a.a.g.GitHubSprintRepository     : Processing event [GitHubIssueEvent(id=null, type=CROSS_REFERENCED, createdAt=2021-03-17T10:55:15Z, body=null, commitId=null, actor=GitHubUser(login=gonsanmames))] of issue [Diseño procedimental]
2023-09-24 16:20:32.672 DEBUG 39436 --- [           main] e.u.l.a.a.a.g.GitHubSprintRepository     : Processing event [GitHubIssueEvent(id=null, type=CROSS_REFERENCED, createdAt=2021-11-22T20:32:16Z, body=null, commitId=null, actor=GitHubUser(login=jesgararm))] of issue [Diseño procedimental]
2023-09-24 16:20:32.672 DEBUG 39436 --- [           main] e.u.l.a.a.a.g.GitHubSprintRepository     : Fetching issue [Diseño de datos] events
2023-09-24 16:20:32.672 DEBUG 39436 --- [           main] e.u.l.a.a.a.github.GitHubApmClient       : [GitHubApmClient#findEventsByIssue] ---> GET https://api.github.com/repos/davidmigloz/go-bees/issues/148/timeline HTTP/1.1
2023-09-24 16:20:33.179 DEBUG 39436 --- [           main] e.u.l.a.a.a.github.GitHubApmClient       : [GitHubApmClient#findEventsByIssue] <--- HTTP/1.1 200 OK (506ms)
2023-09-24 16:20:33.183 DEBUG 39436 --- [           main] e.u.l.a.a.a.g.GitHubSprintRepository     : Fetched [7] events
2023-09-24 16:20:33.183 DEBUG 39436 --- [           main] e.u.l.a.a.a.g.GitHubSprintRepository     : Processing event [GitHubIssueEvent(id=915248954, type=LABELED, createdAt=2017-01-08T15:13:19Z, body=null, commitId=null, actor=GitHubUser(login=davidmigloz))] of issue [Diseño de datos]
2023-09-24 16:20:33.183 DEBUG 39436 --- [           main] e.u.l.a.a.a.g.GitHubSprintRepository     : Processing event [GitHubIssueEvent(id=915248955, type=ASSIGNED, createdAt=2017-01-08T15:13:19Z, body=null, commitId=null, actor=GitHubUser(login=davidmigloz))] of issue [Diseño de datos]
2023-09-24 16:20:33.183 DEBUG 39436 --- [           main] e.u.l.a.a.a.g.GitHubSprintRepository     : Processing event [GitHubIssueEvent(id=931056027, type=MILESTONED, createdAt=2017-01-20T17:48:34Z, body=null, commitId=null, actor=GitHubUser(login=davidmigloz))] of issue [Diseño de datos]
2023-09-24 16:20:33.183 DEBUG 39436 --- [           main] e.u.l.a.a.a.g.GitHubSprintRepository     : Processing event [GitHubIssueEvent(id=931513530, type=REFERENCED, createdAt=2017-01-21T00:57:56Z, body=null, commitId=a01dfdd3032159d08cff72f0b669f3955a25aca5, actor=GitHubUser(login=davidmigloz))] of issue [Diseño de datos]
2023-09-24 16:20:33.183 DEBUG 39436 --- [           main] e.u.l.a.a.a.g.GitHubSprintRepository     : Processing event [GitHubIssueEvent(id=931513750, type=CLOSED, createdAt=2017-01-21T00:58:21Z, body=null, commitId=null, actor=GitHubUser(login=davidmigloz))] of issue [Diseño de datos]
2023-09-24 16:20:33.183 DEBUG 39436 --- [           main] e.u.l.a.a.a.g.GitHubSprintRepository     : Processing event [GitHubIssueEvent(id=null, type=CROSS_REFERENCED, createdAt=2021-03-17T11:30:29Z, body=null, commitId=null, actor=GitHubUser(login=gonsanmames))] of issue [Diseño de datos]
2023-09-24 16:20:33.184 DEBUG 39436 --- [           main] e.u.l.a.a.a.g.GitHubSprintRepository     : Processing event [GitHubIssueEvent(id=null, type=CROSS_REFERENCED, createdAt=2021-11-22T20:26:19Z, body=null, commitId=null, actor=GitHubUser(login=jesgararm))] of issue [Diseño de datos]
2023-09-24 16:20:33.184 DEBUG 39436 --- [           main] e.u.l.a.a.a.g.GitHubSprintRepository     : Fetching issue [Especificación de requisitos] events
2023-09-24 16:20:33.184 DEBUG 39436 --- [           main] e.u.l.a.a.a.github.GitHubApmClient       : [GitHubApmClient#findEventsByIssue] ---> GET https://api.github.com/repos/davidmigloz/go-bees/issues/147/timeline HTTP/1.1
2023-09-24 16:20:33.690 DEBUG 39436 --- [           main] e.u.l.a.a.a.github.GitHubApmClient       : [GitHubApmClient#findEventsByIssue] <--- HTTP/1.1 200 OK (505ms)
2023-09-24 16:20:33.695 DEBUG 39436 --- [           main] e.u.l.a.a.a.g.GitHubSprintRepository     : Fetched [9] events
2023-09-24 16:20:33.695 DEBUG 39436 --- [           main] e.u.l.a.a.a.g.GitHubSprintRepository     : Processing event [GitHubIssueEvent(id=915248361, type=LABELED, createdAt=2017-01-08T15:10:31Z, body=null, commitId=null, actor=GitHubUser(login=davidmigloz))] of issue [Especificación de requisitos]
2023-09-24 16:20:33.696 DEBUG 39436 --- [           main] e.u.l.a.a.a.g.GitHubSprintRepository     : Processing event [GitHubIssueEvent(id=915248362, type=ASSIGNED, createdAt=2017-01-08T15:10:31Z, body=null, commitId=null, actor=GitHubUser(login=davidmigloz))] of issue [Especificación de requisitos]
2023-09-24 16:20:33.696 DEBUG 39436 --- [           main] e.u.l.a.a.a.g.GitHubSprintRepository     : Processing event [GitHubIssueEvent(id=920704237, type=MILESTONED, createdAt=2017-01-12T13:23:13Z, body=null, commitId=null, actor=GitHubUser(login=davidmigloz))] of issue [Especificación de requisitos]
2023-09-24 16:20:33.696 DEBUG 39436 --- [           main] e.u.l.a.a.a.g.GitHubSprintRepository     : Processing event [GitHubIssueEvent(id=928337219, type=MILESTONED, createdAt=2017-01-18T23:36:36Z, body=null, commitId=null, actor=GitHubUser(login=davidmigloz))] of issue [Especificación de requisitos]
2023-09-24 16:20:33.696 DEBUG 39436 --- [           main] e.u.l.a.a.a.g.GitHubSprintRepository     : Processing event [GitHubIssueEvent(id=928337220, type=null, createdAt=2017-01-18T23:36:36Z, body=null, commitId=null, actor=GitHubUser(login=davidmigloz))] of issue [Especificación de requisitos]
2023-09-24 16:20:33.696 DEBUG 39436 --- [           main] e.u.l.a.a.a.g.GitHubSprintRepository     : Processing event [GitHubIssueEvent(id=930867461, type=REFERENCED, createdAt=2017-01-20T15:37Z, body=null, commitId=7482cfc8d884cc38651f310ae9bafdb72123847c, actor=GitHubUser(login=davidmigloz))] of issue [Especificación de requisitos]
2023-09-24 16:20:33.696 DEBUG 39436 --- [           main] e.u.l.a.a.a.g.GitHubSprintRepository     : Processing event [GitHubIssueEvent(id=930884729, type=CLOSED, createdAt=2017-01-20T15:48:14Z, body=null, commitId=null, actor=GitHubUser(login=davidmigloz))] of issue [Especificación de requisitos]
2023-09-24 16:20:33.696 DEBUG 39436 --- [           main] e.u.l.a.a.a.g.GitHubSprintRepository     : Processing event [GitHubIssueEvent(id=null, type=CROSS_REFERENCED, createdAt=2021-03-17T11:39:38Z, body=null, commitId=null, actor=GitHubUser(login=gonsanmames))] of issue [Especificación de requisitos]
2023-09-24 16:20:33.696 DEBUG 39436 --- [           main] e.u.l.a.a.a.g.GitHubSprintRepository     : Processing event [GitHubIssueEvent(id=null, type=CROSS_REFERENCED, createdAt=2021-11-22T20:22:58Z, body=null, commitId=null, actor=GitHubUser(login=jesgararm))] of issue [Especificación de requisitos]
2023-09-24 16:20:33.696 DEBUG 39436 --- [           main] e.u.l.a.a.a.g.GitHubSprintRepository     : Fetching issue [Estudio de viabilidad económica] events
2023-09-24 16:20:33.697 DEBUG 39436 --- [           main] e.u.l.a.a.a.github.GitHubApmClient       : [GitHubApmClient#findEventsByIssue] ---> GET https://api.github.com/repos/davidmigloz/go-bees/issues/146/timeline HTTP/1.1
2023-09-24 16:20:34.206 DEBUG 39436 --- [           main] e.u.l.a.a.a.github.GitHubApmClient       : [GitHubApmClient#findEventsByIssue] <--- HTTP/1.1 200 OK (509ms)
2023-09-24 16:20:34.212 DEBUG 39436 --- [           main] e.u.l.a.a.a.g.GitHubSprintRepository     : Fetched [9] events
2023-09-24 16:20:34.212 DEBUG 39436 --- [           main] e.u.l.a.a.a.g.GitHubSprintRepository     : Processing event [GitHubIssueEvent(id=915245544, type=LABELED, createdAt=2017-01-08T14:59:26Z, body=null, commitId=null, actor=GitHubUser(login=davidmigloz))] of issue [Estudio de viabilidad económica]
2023-09-24 16:20:34.213 DEBUG 39436 --- [           main] e.u.l.a.a.a.g.GitHubSprintRepository     : Processing event [GitHubIssueEvent(id=915245545, type=ASSIGNED, createdAt=2017-01-08T14:59:26Z, body=null, commitId=null, actor=GitHubUser(login=davidmigloz))] of issue [Estudio de viabilidad económica]
2023-09-24 16:20:34.213 DEBUG 39436 --- [           main] e.u.l.a.a.a.g.GitHubSprintRepository     : Processing event [GitHubIssueEvent(id=920704432, type=MILESTONED, createdAt=2017-01-12T13:23:22Z, body=null, commitId=null, actor=GitHubUser(login=davidmigloz))] of issue [Estudio de viabilidad económica]
2023-09-24 16:20:34.213 DEBUG 39436 --- [           main] e.u.l.a.a.a.g.GitHubSprintRepository     : Processing event [GitHubIssueEvent(id=928337303, type=MILESTONED, createdAt=2017-01-18T23:36:43Z, body=null, commitId=null, actor=GitHubUser(login=davidmigloz))] of issue [Estudio de viabilidad económica]
2023-09-24 16:20:34.213 DEBUG 39436 --- [           main] e.u.l.a.a.a.g.GitHubSprintRepository     : Processing event [GitHubIssueEvent(id=928337304, type=null, createdAt=2017-01-18T23:36:43Z, body=null, commitId=null, actor=GitHubUser(login=davidmigloz))] of issue [Estudio de viabilidad económica]
2023-09-24 16:20:34.213 DEBUG 39436 --- [           main] e.u.l.a.a.a.g.GitHubSprintRepository     : Processing event [GitHubIssueEvent(id=931298669, type=REFERENCED, createdAt=2017-01-20T21:01:54Z, body=null, commitId=e743026e1c37d8f76dc1872c946f6cea9b09a9e0, actor=GitHubUser(login=davidmigloz))] of issue [Estudio de viabilidad económica]
2023-09-24 16:20:34.214 DEBUG 39436 --- [           main] e.u.l.a.a.a.g.GitHubSprintRepository     : Processing event [GitHubIssueEvent(id=931380502, type=CLOSED, createdAt=2017-01-20T22:11:34Z, body=null, commitId=null, actor=GitHubUser(login=davidmigloz))] of issue [Estudio de viabilidad económica]
2023-09-24 16:20:34.214 DEBUG 39436 --- [           main] e.u.l.a.a.a.g.GitHubSprintRepository     : Processing event [GitHubIssueEvent(id=null, type=CROSS_REFERENCED, createdAt=2021-03-17T11:32:17Z, body=null, commitId=null, actor=GitHubUser(login=gonsanmames))] of issue [Estudio de viabilidad económica]
2023-09-24 16:20:34.214 DEBUG 39436 --- [           main] e.u.l.a.a.a.g.GitHubSprintRepository     : Processing event [GitHubIssueEvent(id=null, type=CROSS_REFERENCED, createdAt=2021-11-22T20:23:49Z, body=null, commitId=null, actor=GitHubUser(login=jesgararm))] of issue [Estudio de viabilidad económica]
  &amp#27;[32mWhen &amp#27;[0m&amp#27;[32mI import the sprint issues&amp#27;[0m                                    &amp#27;[90m# es.ubu.lsi.avrela.bdd.apm.SprintDataImportSteps.iTryToImportTheRepository()&amp#27;[0m
  &amp#27;[32mThen &amp#27;[0m&amp#27;[32mtotal issues should be &amp#27;[0m&amp#27;[32m&amp#27;[1m17&amp#27;[0m                                     &amp#27;[90m# es.ubu.lsi.avrela.bdd.apm.SprintDataImportSteps.totalIssuesShouldBe(java.lang.Long)&amp#27;[0m
  &amp#27;[32mAnd &amp#27;[0m&amp#27;[32mtotal issues labeled as documentation should be &amp#27;[0m&amp#27;[32m&amp#27;[1m7&amp#27;[0m              &amp#27;[90m# es.ubu.lsi.avrela.bdd.apm.SprintDataImportSteps.totalIssuesLabeledAsDocumentationShouldBe(java.lang.Long)&amp#27;[0m
  &amp#27;[32mAnd &amp#27;[0m&amp#27;[32mtotal issues labeled as feature should be &amp#27;[0m&amp#27;[32m&amp#27;[1m4&amp#27;[0m                    &amp#27;[90m# es.ubu.lsi.avrela.bdd.apm.SprintDataImportSteps.totalIssuesLabeledAsFeatureShouldBe(java.lang.Long)&amp#27;[0m
  &amp#27;[32mAnd &amp#27;[0m&amp#27;[32mtotal issues labeled as testing should be &amp#27;[0m&amp#27;[32m&amp#27;[1m2&amp#27;[0m                    &amp#27;[90m# es.ubu.lsi.avrela.bdd.apm.SprintDataImportSteps.totalIssuesLabeledAsTestingShouldBe(java.lang.Long)&amp#27;[0m
  &amp#27;[32mAnd &amp#27;[0m&amp#27;[32mtotal issues labeled as bug should be &amp#27;[0m&amp#27;[32m&amp#27;[1m4&amp#27;[0m                        &amp#27;[90m# es.ubu.lsi.avrela.bdd.apm.SprintDataImportSteps.totalIssuesLabeledAsBugShouldBe(java.lang.Long)&amp#27;[0m
  &amp#27;[32mAnd &amp#27;[0m&amp#27;[32mtotal issues with comments should be &amp#27;[0m&amp#27;[32m&amp#27;[1m2&amp#27;[0m                         &amp#27;[90m# es.ubu.lsi.avrela.bdd.apm.SprintDataImportSteps.totalIssuesWithCommentsShouldBe(java.lang.Long)&amp#27;[0m
  &amp#27;[32mAnd &amp#27;[0m&amp#27;[32mtotal issues with task list should be &amp#27;[0m&amp#27;[32m&amp#27;[1m0&amp#27;[0m                        &amp#27;[90m# es.ubu.lsi.avrela.bdd.apm.SprintDataImportSteps.totalIssuesWithTaskListShouldBe(java.lang.Long)&amp#27;[0m
  &amp#27;[32mAnd &amp#27;[0m&amp#27;[32mtotal closed issues should be &amp#27;[0m&amp#27;[32m&amp#27;[1m17&amp#27;[0m                               &amp#27;[90m# es.ubu.lsi.avrela.bdd.apm.SprintDataImportSteps.totalClosedIssuesShouldBe(java.lang.Long)&amp#27;[0m
]]></system-out>
  </testcase>
  <testcase name="Import sprint data - Sprint import successful - Examples - Example #2" classname="Import sprint data - Sprint import successful - Examples" time="6.337">
    <system-out><![CDATA[
Scenario Outline: Sprint import successful                           &amp#27;[90m# features/apm/SprintDataImport.feature:21&amp#27;[0m
  &amp#27;[32mGiven &amp#27;[0m&amp#27;[32ma repository owned by &amp#27;[0m&amp#27;[32m&amp#27;[1m"davidmigloz"&amp#27;[0m&amp#27;[32m named &amp#27;[0m&amp#27;[32m&amp#27;[1m"go-bees"&amp#27;[0m          &amp#27;[90m# es.ubu.lsi.avrela.bdd.apm.SprintDataImportSteps.aRepositoryOwnedByNamed(java.lang.String,java.lang.String)&amp#27;[0m
  &amp#27;[32mAnd &amp#27;[0m&amp#27;[32mthe sprint dates &amp#27;[0m&amp#27;[32m&amp#27;[1m2017-02-01T07:00:00Z&amp#27;[0m&amp#27;[32m and &amp#27;[0m&amp#27;[32m&amp#27;[1m2017-02-02T08:00:00Z&amp#27;[0m &amp#27;[90m# es.ubu.lsi.avrela.bdd.apm.SprintDataImportSteps.theDatesAnd(java.time.ZonedDateTime,java.time.ZonedDateTime)&amp#27;[0m
2023-09-24 16:20:34.270 DEBUG 39436 --- [           main] e.u.l.a.a.a.g.GitHubSprintRepository     : Using repository identified by owner [davidmigloz] and name [go-bees]
2023-09-24 16:20:34.270 DEBUG 39436 --- [           main] e.u.l.a.a.a.g.GitHubSprintRepository     : Fetching milestones between [2017-02-01T07:00Z] and [2017-02-02T08:00Z]
2023-09-24 16:20:34.271 DEBUG 39436 --- [           main] e.u.l.a.a.a.github.GitHubApmClient       : [GitHubApmClient#findMilestones] ---> GET https://api.github.com/repos/davidmigloz/go-bees/milestones?state=all&page=1&per_page=100 HTTP/1.1
2023-09-24 16:20:34.510 DEBUG 39436 --- [           main] e.u.l.a.a.a.github.GitHubApmClient       : [GitHubApmClient#findMilestones] <--- HTTP/1.1 200 OK (238ms)
2023-09-24 16:20:34.530 DEBUG 39436 --- [           main] e.u.l.a.a.a.g.GitHubSprintRepository     : [22] sprints fetched
2023-09-24 16:20:34.530 DEBUG 39436 --- [           main] e.u.l.a.a.a.g.GitHubSprintRepository     : [1] sprints filtered
2023-09-24 16:20:34.530 DEBUG 39436 --- [           main] e.u.l.a.a.a.g.GitHubSprintRepository     : Fetching milestone [Sprint 17] due on [2017-02-01T08:00Z] issues
2023-09-24 16:20:34.532 DEBUG 39436 --- [           main] e.u.l.a.a.a.github.GitHubApmClient       : [GitHubApmClient#findIssuesByMilestone] ---> GET https://api.github.com/repos/davidmigloz/go-bees/issues?milestone=18&state=all&page=1&per_page=100 HTTP/1.1
2023-09-24 16:20:34.817 DEBUG 39436 --- [           main] e.u.l.a.a.a.github.GitHubApmClient       : [GitHubApmClient#findIssuesByMilestone] <--- HTTP/1.1 200 OK (284ms)
2023-09-24 16:20:34.822 DEBUG 39436 --- [           main] e.u.l.a.a.a.g.GitHubSprintRepository     : [9] issues fetched
2023-09-24 16:20:34.822 DEBUG 39436 --- [           main] e.u.l.a.a.a.g.GitHubSprintRepository     : Fetching issue [Solapamiento con nombres largos en pantallas < 720px] events
2023-09-24 16:20:34.823 DEBUG 39436 --- [           main] e.u.l.a.a.a.github.GitHubApmClient       : [GitHubApmClient#findEventsByIssue] ---> GET https://api.github.com/repos/davidmigloz/go-bees/issues/183/timeline HTTP/1.1
2023-09-24 16:20:35.431 DEBUG 39436 --- [           main] e.u.l.a.a.a.github.GitHubApmClient       : [GitHubApmClient#findEventsByIssue] <--- HTTP/1.1 200 OK (607ms)
2023-09-24 16:20:35.438 DEBUG 39436 --- [           main] e.u.l.a.a.a.g.GitHubSprintRepository     : Fetched [9] events
2023-09-24 16:20:35.438 DEBUG 39436 --- [           main] e.u.l.a.a.a.g.GitHubSprintRepository     : Processing event [GitHubIssueEvent(id=940635231, type=LABELED, createdAt=2017-01-29T19:31:22Z, body=null, commitId=null, actor=GitHubUser(login=davidmigloz))] of issue [Solapamiento con nombres largos en pantallas < 720px]
2023-09-24 16:20:35.438 DEBUG 39436 --- [           main] e.u.l.a.a.a.g.GitHubSprintRepository     : Processing event [GitHubIssueEvent(id=940635232, type=MILESTONED, createdAt=2017-01-29T19:31:22Z, body=null, commitId=null, actor=GitHubUser(login=davidmigloz))] of issue [Solapamiento con nombres largos en pantallas < 720px]
2023-09-24 16:20:35.438 DEBUG 39436 --- [           main] e.u.l.a.a.a.g.GitHubSprintRepository     : Processing event [GitHubIssueEvent(id=940635233, type=ASSIGNED, createdAt=2017-01-29T19:31:22Z, body=null, commitId=null, actor=GitHubUser(login=davidmigloz))] of issue [Solapamiento con nombres largos en pantallas < 720px]
2023-09-24 16:20:35.438 DEBUG 39436 --- [           main] e.u.l.a.a.a.g.GitHubSprintRepository     : Processing event [GitHubIssueEvent(id=940635554, type=REFERENCED, createdAt=2017-01-29T19:32:17Z, body=null, commitId=3d10d345ad46f165e03b6897cb0171e540ba7e7f, actor=GitHubUser(login=davidmigloz))] of issue [Solapamiento con nombres largos en pantallas < 720px]
2023-09-24 16:20:35.438 DEBUG 39436 --- [           main] e.u.l.a.a.a.g.GitHubSprintRepository     : Processing event [GitHubIssueEvent(id=940635583, type=CLOSED, createdAt=2017-01-29T19:32:24Z, body=null, commitId=null, actor=GitHubUser(login=davidmigloz))] of issue [Solapamiento con nombres largos en pantallas < 720px]
2023-09-24 16:20:35.439 DEBUG 39436 --- [           main] e.u.l.a.a.a.g.GitHubSprintRepository     : Processing event [GitHubIssueEvent(id=null, type=CROSS_REFERENCED, createdAt=2021-03-14T22:05:31Z, body=null, commitId=null, actor=GitHubUser(login=ireneGamazo))] of issue [Solapamiento con nombres largos en pantallas < 720px]
2023-09-24 16:20:35.439 DEBUG 39436 --- [           main] e.u.l.a.a.a.g.GitHubSprintRepository     : Processing event [GitHubIssueEvent(id=null, type=CROSS_REFERENCED, createdAt=2021-03-15T11:46:24Z, body=null, commitId=null, actor=GitHubUser(login=FeliRad-sum))] of issue [Solapamiento con nombres largos en pantallas < 720px]
2023-09-24 16:20:35.439 DEBUG 39436 --- [           main] e.u.l.a.a.a.g.GitHubSprintRepository     : Processing event [GitHubIssueEvent(id=null, type=CROSS_REFERENCED, createdAt=2021-03-16T20:42:55Z, body=null, commitId=null, actor=GitHubUser(login=Guillehf01))] of issue [Solapamiento con nombres largos en pantallas < 720px]
2023-09-24 16:20:35.439 DEBUG 39436 --- [           main] e.u.l.a.a.a.g.GitHubSprintRepository     : Processing event [GitHubIssueEvent(id=null, type=CROSS_REFERENCED, createdAt=2021-11-22T20:51:02Z, body=null, commitId=null, actor=GitHubUser(login=Adripy))] of issue [Solapamiento con nombres largos en pantallas < 720px]
2023-09-24 16:20:35.439 DEBUG 39436 --- [           main] e.u.l.a.a.a.g.GitHubSprintRepository     : Fetching issue [Resources$NotFoundException con vectores en Android < 21] events
2023-09-24 16:20:35.439 DEBUG 39436 --- [           main] e.u.l.a.a.a.github.GitHubApmClient       : [GitHubApmClient#findEventsByIssue] ---> GET https://api.github.com/repos/davidmigloz/go-bees/issues/181/timeline HTTP/1.1
2023-09-24 16:20:36.148 DEBUG 39436 --- [           main] e.u.l.a.a.a.github.GitHubApmClient       : [GitHubApmClient#findEventsByIssue] <--- HTTP/1.1 200 OK (708ms)
2023-09-24 16:20:36.156 DEBUG 39436 --- [           main] e.u.l.a.a.a.g.GitHubSprintRepository     : Fetched [11] events
2023-09-24 16:20:36.156 DEBUG 39436 --- [           main] e.u.l.a.a.a.g.GitHubSprintRepository     : Processing event [GitHubIssueEvent(id=940520356, type=LABELED, createdAt=2017-01-29T11:52:15Z, body=null, commitId=null, actor=GitHubUser(login=davidmigloz))] of issue [Resources$NotFoundException con vectores en Android < 21]
2023-09-24 16:20:36.157 DEBUG 39436 --- [           main] e.u.l.a.a.a.g.GitHubSprintRepository     : Processing event [GitHubIssueEvent(id=940520357, type=MILESTONED, createdAt=2017-01-29T11:52:15Z, body=null, commitId=null, actor=GitHubUser(login=davidmigloz))] of issue [Resources$NotFoundException con vectores en Android < 21]
2023-09-24 16:20:36.157 DEBUG 39436 --- [           main] e.u.l.a.a.a.g.GitHubSprintRepository     : Processing event [GitHubIssueEvent(id=940520358, type=ASSIGNED, createdAt=2017-01-29T11:52:15Z, body=null, commitId=null, actor=GitHubUser(login=davidmigloz))] of issue [Resources$NotFoundException con vectores en Android < 21]
2023-09-24 16:20:36.157 DEBUG 39436 --- [           main] e.u.l.a.a.a.g.GitHubSprintRepository     : Processing event [GitHubIssueEvent(id=275909057, type=COMMENTED, createdAt=2017-01-29T11:53:08Z, body=![vector drawables](https://cloud.githubusercontent.com/assets/6546265/22403769/d292d962-e621-11e6-915a-a39387803ce0.png)
https://medium.com/@ferrand.d/can-you-and-should-you-use-vector-drawables-a-cheatsheet-32a2e1cc2ecf#.eoek6mlry, commitId=null, actor=GitHubUser(login=davidmigloz))] of issue [Resources$NotFoundException con vectores en Android < 21]
2023-09-24 16:20:36.157 DEBUG 39436 --- [           main] e.u.l.a.a.a.g.GitHubSprintRepository     : Processing event [GitHubIssueEvent(id=940635551, type=REFERENCED, createdAt=2017-01-29T19:32:17Z, body=null, commitId=ad9aebec669ddad347666772a53461777530478a, actor=GitHubUser(login=davidmigloz))] of issue [Resources$NotFoundException con vectores en Android < 21]
2023-09-24 16:20:36.157 DEBUG 39436 --- [           main] e.u.l.a.a.a.g.GitHubSprintRepository     : Processing event [GitHubIssueEvent(id=940635609, type=CLOSED, createdAt=2017-01-29T19:32:29Z, body=null, commitId=null, actor=GitHubUser(login=davidmigloz))] of issue [Resources$NotFoundException con vectores en Android < 21]
2023-09-24 16:20:36.157 DEBUG 39436 --- [           main] e.u.l.a.a.a.g.GitHubSprintRepository     : Processing event [GitHubIssueEvent(id=null, type=CROSS_REFERENCED, createdAt=2021-03-14T22:01:29Z, body=null, commitId=null, actor=GitHubUser(login=ireneGamazo))] of issue [Resources$NotFoundException con vectores en Android < 21]
2023-09-24 16:20:36.157 DEBUG 39436 --- [           main] e.u.l.a.a.a.g.GitHubSprintRepository     : Processing event [GitHubIssueEvent(id=null, type=CROSS_REFERENCED, createdAt=2021-03-15T12:40:46Z, body=null, commitId=null, actor=GitHubUser(login=Guillehf01))] of issue [Resources$NotFoundException con vectores en Android < 21]
2023-09-24 16:20:36.157 DEBUG 39436 --- [           main] e.u.l.a.a.a.g.GitHubSprintRepository     : Processing event [GitHubIssueEvent(id=null, type=CROSS_REFERENCED, createdAt=2021-11-21T16:13:34Z, body=null, commitId=null, actor=GitHubUser(login=cgc1007))] of issue [Resources$NotFoundException con vectores en Android < 21]
2023-09-24 16:20:36.157 DEBUG 39436 --- [           main] e.u.l.a.a.a.g.GitHubSprintRepository     : Processing event [GitHubIssueEvent(id=null, type=CROSS_REFERENCED, createdAt=2021-11-22T21:00:15Z, body=null, commitId=null, actor=GitHubUser(login=Adripy))] of issue [Resources$NotFoundException con vectores en Android < 21]
2023-09-24 16:20:36.157 DEBUG 39436 --- [           main] e.u.l.a.a.a.g.GitHubSprintRepository     : Processing event [GitHubIssueEvent(id=null, type=CROSS_REFERENCED, createdAt=2023-03-08T17:28:17Z, body=null, commitId=null, actor=GitHubUser(login=alc1020))] of issue [Resources$NotFoundException con vectores en Android < 21]
2023-09-24 16:20:36.158 DEBUG 39436 --- [           main] e.u.l.a.a.a.g.GitHubSprintRepository     : Fetching issue [Resources$NotFoundException con vectores en Android < 21] comments
2023-09-24 16:20:36.158 DEBUG 39436 --- [           main] e.u.l.a.a.a.github.GitHubApmClient       : [GitHubApmClient#findCommentsByIssue] ---> GET https://api.github.com/repos/davidmigloz/go-bees/issues/181/comments HTTP/1.1
2023-09-24 16:20:36.454 DEBUG 39436 --- [           main] e.u.l.a.a.a.github.GitHubApmClient       : [GitHubApmClient#findCommentsByIssue] <--- HTTP/1.1 200 OK (296ms)
2023-09-24 16:20:36.455 DEBUG 39436 --- [           main] e.u.l.a.a.a.g.GitHubSprintRepository     : [1] comments fetched
2023-09-24 16:20:36.456 DEBUG 39436 --- [           main] e.u.l.a.a.a.g.GitHubSprintRepository     : Fetching issue [Valores de los ejes incorrectos en los gráficos del tiempo] events
2023-09-24 16:20:36.456 DEBUG 39436 --- [           main] e.u.l.a.a.a.github.GitHubApmClient       : [GitHubApmClient#findEventsByIssue] ---> GET https://api.github.com/repos/davidmigloz/go-bees/issues/180/timeline HTTP/1.1
2023-09-24 16:20:36.966 DEBUG 39436 --- [           main] e.u.l.a.a.a.github.GitHubApmClient       : [GitHubApmClient#findEventsByIssue] <--- HTTP/1.1 200 OK (510ms)
2023-09-24 16:20:36.971 DEBUG 39436 --- [           main] e.u.l.a.a.a.g.GitHubSprintRepository     : Fetched [9] events
2023-09-24 16:20:36.971 DEBUG 39436 --- [           main] e.u.l.a.a.a.g.GitHubSprintRepository     : Processing event [GitHubIssueEvent(id=940399878, type=LABELED, createdAt=2017-01-28T22:55:54Z, body=null, commitId=null, actor=GitHubUser(login=davidmigloz))] of issue [Valores de los ejes incorrectos en los gráficos del tiempo]
2023-09-24 16:20:36.972 DEBUG 39436 --- [           main] e.u.l.a.a.a.g.GitHubSprintRepository     : Processing event [GitHubIssueEvent(id=940399879, type=MILESTONED, createdAt=2017-01-28T22:55:54Z, body=null, commitId=null, actor=GitHubUser(login=davidmigloz))] of issue [Valores de los ejes incorrectos en los gráficos del tiempo]
2023-09-24 16:20:36.972 DEBUG 39436 --- [           main] e.u.l.a.a.a.g.GitHubSprintRepository     : Processing event [GitHubIssueEvent(id=940399880, type=ASSIGNED, createdAt=2017-01-28T22:55:54Z, body=null, commitId=null, actor=GitHubUser(login=davidmigloz))] of issue [Valores de los ejes incorrectos en los gráficos del tiempo]
2023-09-24 16:20:36.972 DEBUG 39436 --- [           main] e.u.l.a.a.a.g.GitHubSprintRepository     : Processing event [GitHubIssueEvent(id=940400925, type=null, createdAt=2017-01-28T23:00:46Z, body=null, commitId=null, actor=GitHubUser(login=davidmigloz))] of issue [Valores de los ejes incorrectos en los gráficos del tiempo]
2023-09-24 16:20:36.972 DEBUG 39436 --- [           main] e.u.l.a.a.a.g.GitHubSprintRepository     : Processing event [GitHubIssueEvent(id=940635550, type=REFERENCED, createdAt=2017-01-29T19:32:17Z, body=null, commitId=0739dbca057a7eddf49d1339364149c40bb0e0c4, actor=GitHubUser(login=davidmigloz))] of issue [Valores de los ejes incorrectos en los gráficos del tiempo]
2023-09-24 16:20:36.972 DEBUG 39436 --- [           main] e.u.l.a.a.a.g.GitHubSprintRepository     : Processing event [GitHubIssueEvent(id=940635620, type=CLOSED, createdAt=2017-01-29T19:32:33Z, body=null, commitId=null, actor=GitHubUser(login=davidmigloz))] of issue [Valores de los ejes incorrectos en los gráficos del tiempo]
2023-09-24 16:20:36.972 DEBUG 39436 --- [           main] e.u.l.a.a.a.g.GitHubSprintRepository     : Processing event [GitHubIssueEvent(id=null, type=CROSS_REFERENCED, createdAt=2021-03-14T22:04:06Z, body=null, commitId=null, actor=GitHubUser(login=ireneGamazo))] of issue [Valores de los ejes incorrectos en los gráficos del tiempo]
2023-09-24 16:20:36.972 DEBUG 39436 --- [           main] e.u.l.a.a.a.g.GitHubSprintRepository     : Processing event [GitHubIssueEvent(id=null, type=CROSS_REFERENCED, createdAt=2021-03-16T20:40:22Z, body=null, commitId=null, actor=GitHubUser(login=Guillehf01))] of issue [Valores de los ejes incorrectos en los gráficos del tiempo]
2023-09-24 16:20:36.972 DEBUG 39436 --- [           main] e.u.l.a.a.a.g.GitHubSprintRepository     : Processing event [GitHubIssueEvent(id=null, type=CROSS_REFERENCED, createdAt=2021-11-22T21:02:41Z, body=null, commitId=null, actor=GitHubUser(login=Adripy))] of issue [Valores de los ejes incorrectos en los gráficos del tiempo]
2023-09-24 16:20:36.972 DEBUG 39436 --- [           main] e.u.l.a.a.a.g.GitHubSprintRepository     : Fetching issue [Gráfico incorrecto con grabación a 0] events
2023-09-24 16:20:36.973 DEBUG 39436 --- [           main] e.u.l.a.a.a.github.GitHubApmClient       : [GitHubApmClient#findEventsByIssue] ---> GET https://api.github.com/repos/davidmigloz/go-bees/issues/178/timeline HTTP/1.1
2023-09-24 16:20:37.273 DEBUG 39436 --- [           main] e.u.l.a.a.a.github.GitHubApmClient       : [GitHubApmClient#findEventsByIssue] <--- HTTP/1.1 200 OK (300ms)
2023-09-24 16:20:37.275 DEBUG 39436 --- [           main] e.u.l.a.a.a.g.GitHubSprintRepository     : Fetched [4] events
2023-09-24 16:20:37.276 DEBUG 39436 --- [           main] e.u.l.a.a.a.g.GitHubSprintRepository     : Processing event [GitHubIssueEvent(id=939236009, type=ASSIGNED, createdAt=2017-01-27T12:48:41Z, body=null, commitId=null, actor=GitHubUser(login=davidmigloz))] of issue [Gráfico incorrecto con grabación a 0]
2023-09-24 16:20:37.277 DEBUG 39436 --- [           main] e.u.l.a.a.a.g.GitHubSprintRepository     : Processing event [GitHubIssueEvent(id=939236054, type=LABELED, createdAt=2017-01-27T12:48:44Z, body=null, commitId=null, actor=GitHubUser(login=davidmigloz))] of issue [Gráfico incorrecto con grabación a 0]
2023-09-24 16:20:37.277 DEBUG 39436 --- [           main] e.u.l.a.a.a.g.GitHubSprintRepository     : Processing event [GitHubIssueEvent(id=939236171, type=MILESTONED, createdAt=2017-01-27T12:48:50Z, body=null, commitId=null, actor=GitHubUser(login=davidmigloz))] of issue [Gráfico incorrecto con grabación a 0]
2023-09-24 16:20:37.277 DEBUG 39436 --- [           main] e.u.l.a.a.a.g.GitHubSprintRepository     : Processing event [GitHubIssueEvent(id=939258451, type=CLOSED, createdAt=2017-01-27T13:09:29Z, body=null, commitId=null, actor=GitHubUser(login=davidmigloz))] of issue [Gráfico incorrecto con grabación a 0]
2023-09-24 16:20:37.277 DEBUG 39436 --- [           main] e.u.l.a.a.a.g.GitHubSprintRepository     : Fetching issue [Añadir UI tests] events
2023-09-24 16:20:37.278 DEBUG 39436 --- [           main] e.u.l.a.a.a.github.GitHubApmClient       : [GitHubApmClient#findEventsByIssue] ---> GET https://api.github.com/repos/davidmigloz/go-bees/issues/172/timeline HTTP/1.1
2023-09-24 16:20:37.786 DEBUG 39436 --- [           main] e.u.l.a.a.a.github.GitHubApmClient       : [GitHubApmClient#findEventsByIssue] <--- HTTP/1.1 200 OK (507ms)
2023-09-24 16:20:37.789 DEBUG 39436 --- [           main] e.u.l.a.a.a.g.GitHubSprintRepository     : Fetched [8] events
2023-09-24 16:20:37.790 DEBUG 39436 --- [           main] e.u.l.a.a.a.g.GitHubSprintRepository     : Processing event [GitHubIssueEvent(id=933073101, type=LABELED, createdAt=2017-01-23T16:20:24Z, body=null, commitId=null, actor=GitHubUser(login=davidmigloz))] of issue [Añadir UI tests]
2023-09-24 16:20:37.790 DEBUG 39436 --- [           main] e.u.l.a.a.a.g.GitHubSprintRepository     : Processing event [GitHubIssueEvent(id=933073103, type=ASSIGNED, createdAt=2017-01-23T16:20:24Z, body=null, commitId=null, actor=GitHubUser(login=davidmigloz))] of issue [Añadir UI tests]
2023-09-24 16:20:37.790 DEBUG 39436 --- [           main] e.u.l.a.a.a.g.GitHubSprintRepository     : Processing event [GitHubIssueEvent(id=941462249, type=REFERENCED, createdAt=2017-01-30T15:02:29Z, body=null, commitId=ecc4c1ec538edd4b15ba7dc0ea0bd4d7acd2148c, actor=GitHubUser(login=davidmigloz))] of issue [Añadir UI tests]
2023-09-24 16:20:37.790 DEBUG 39436 --- [           main] e.u.l.a.a.a.g.GitHubSprintRepository     : Processing event [GitHubIssueEvent(id=941619491, type=CLOSED, createdAt=2017-01-30T16:27:57Z, body=null, commitId=null, actor=GitHubUser(login=davidmigloz))] of issue [Añadir UI tests]
2023-09-24 16:20:37.790 DEBUG 39436 --- [           main] e.u.l.a.a.a.g.GitHubSprintRepository     : Processing event [GitHubIssueEvent(id=942268801, type=MILESTONED, createdAt=2017-01-30T23:32:23Z, body=null, commitId=null, actor=GitHubUser(login=davidmigloz))] of issue [Añadir UI tests]
2023-09-24 16:20:37.790 DEBUG 39436 --- [           main] e.u.l.a.a.a.g.GitHubSprintRepository     : Processing event [GitHubIssueEvent(id=null, type=CROSS_REFERENCED, createdAt=2021-03-15T12:01:40Z, body=null, commitId=null, actor=GitHubUser(login=FeliRad-sum))] of issue [Añadir UI tests]
2023-09-24 16:20:37.790 DEBUG 39436 --- [           main] e.u.l.a.a.a.g.GitHubSprintRepository     : Processing event [GitHubIssueEvent(id=null, type=CROSS_REFERENCED, createdAt=2021-03-16T20:31:10Z, body=null, commitId=null, actor=GitHubUser(login=Guillehf01))] of issue [Añadir UI tests]
2023-09-24 16:20:37.790 DEBUG 39436 --- [           main] e.u.l.a.a.a.g.GitHubSprintRepository     : Processing event [GitHubIssueEvent(id=null, type=CROSS_REFERENCED, createdAt=2021-11-22T21:05:49Z, body=null, commitId=null, actor=GitHubUser(login=Adripy))] of issue [Añadir UI tests]
2023-09-24 16:20:37.790 DEBUG 39436 --- [           main] e.u.l.a.a.a.g.GitHubSprintRepository     : Fetching issue [Manual de usuario] events
2023-09-24 16:20:37.790 DEBUG 39436 --- [           main] e.u.l.a.a.a.github.GitHubApmClient       : [GitHubApmClient#findEventsByIssue] ---> GET https://api.github.com/repos/davidmigloz/go-bees/issues/152/timeline HTTP/1.1
2023-09-24 16:20:38.318 DEBUG 39436 --- [           main] e.u.l.a.a.a.github.GitHubApmClient       : [GitHubApmClient#findEventsByIssue] <--- HTTP/1.1 200 OK (527ms)
2023-09-24 16:20:38.324 DEBUG 39436 --- [           main] e.u.l.a.a.a.g.GitHubSprintRepository     : Fetched [18] events
2023-09-24 16:20:38.324 DEBUG 39436 --- [           main] e.u.l.a.a.a.g.GitHubSprintRepository     : Processing event [GitHubIssueEvent(id=915250672, type=LABELED, createdAt=2017-01-08T15:20:50Z, body=null, commitId=null, actor=GitHubUser(login=davidmigloz))] of issue [Manual de usuario]
2023-09-24 16:20:38.324 DEBUG 39436 --- [           main] e.u.l.a.a.a.g.GitHubSprintRepository     : Processing event [GitHubIssueEvent(id=915250673, type=ASSIGNED, createdAt=2017-01-08T15:20:50Z, body=null, commitId=null, actor=GitHubUser(login=davidmigloz))] of issue [Manual de usuario]
2023-09-24 16:20:38.324 DEBUG 39436 --- [           main] e.u.l.a.a.a.g.GitHubSprintRepository     : Processing event [GitHubIssueEvent(id=943400229, type=MILESTONED, createdAt=2017-01-31T16:56:04Z, body=null, commitId=null, actor=GitHubUser(login=davidmigloz))] of issue [Manual de usuario]
2023-09-24 16:20:38.324 DEBUG 39436 --- [           main] e.u.l.a.a.a.g.GitHubSprintRepository     : Processing event [GitHubIssueEvent(id=944077391, type=REFERENCED, createdAt=2017-02-01T01:06:04Z, body=null, commitId=ea590a12c035e5a018bdfb47db44dab0c9aadb47, actor=GitHubUser(login=davidmigloz))] of issue [Manual de usuario]
2023-09-24 16:20:38.324 DEBUG 39436 --- [           main] e.u.l.a.a.a.g.GitHubSprintRepository     : Processing event [GitHubIssueEvent(id=944080060, type=CLOSED, createdAt=2017-02-01T01:07:54Z, body=null, commitId=3c4d88d733579bc27255c39cfe2f8406e17105df, actor=GitHubUser(login=davidmigloz))] of issue [Manual de usuario]
2023-09-24 16:20:38.324 DEBUG 39436 --- [           main] e.u.l.a.a.a.g.GitHubSprintRepository     : Processing event [GitHubIssueEvent(id=944710757, type=null, createdAt=2017-02-01T13:10:08Z, body=null, commitId=null, actor=GitHubUser(login=davidmigloz))] of issue [Manual de usuario]
2023-09-24 16:20:38.324 DEBUG 39436 --- [           main] e.u.l.a.a.a.g.GitHubSprintRepository     : Processing event [GitHubIssueEvent(id=944711234, type=REFERENCED, createdAt=2017-02-01T13:10:39Z, body=null, commitId=f466eff78292da1b2846a3688ed61e1d831af4b6, actor=GitHubUser(login=davidmigloz))] of issue [Manual de usuario]
2023-09-24 16:20:38.324 DEBUG 39436 --- [           main] e.u.l.a.a.a.g.GitHubSprintRepository     : Processing event [GitHubIssueEvent(id=944716310, type=CLOSED, createdAt=2017-02-01T13:15:06Z, body=null, commitId=e6f8b13797659e5c802d7b864dd548eb8c2996b5, actor=GitHubUser(login=davidmigloz))] of issue [Manual de usuario]
2023-09-24 16:20:38.324 DEBUG 39436 --- [           main] e.u.l.a.a.a.g.GitHubSprintRepository     : Processing event [GitHubIssueEvent(id=944769883, type=REFERENCED, createdAt=2017-02-01T13:55:11Z, body=null, commitId=62a032feb0623fb5e18ee260efcbc4e539f0dc7e, actor=GitHubUser(login=davidmigloz))] of issue [Manual de usuario]
2023-09-24 16:20:38.324 DEBUG 39436 --- [           main] e.u.l.a.a.a.g.GitHubSprintRepository     : Processing event [GitHubIssueEvent(id=944777963, type=REFERENCED, createdAt=2017-02-01T14:00:31Z, body=null, commitId=8a462b434027f191ab3cbfb3449e659f18e4668c, actor=GitHubUser(login=davidmigloz))] of issue [Manual de usuario]
2023-09-24 16:20:38.325 DEBUG 39436 --- [           main] e.u.l.a.a.a.g.GitHubSprintRepository     : Processing event [GitHubIssueEvent(id=944780291, type=REFERENCED, createdAt=2017-02-01T14:02:11Z, body=null, commitId=cffa887a03b01c113c93b4d2baf1f7b7d83e7844, actor=GitHubUser(login=davidmigloz))] of issue [Manual de usuario]
2023-09-24 16:20:38.325 DEBUG 39436 --- [           main] e.u.l.a.a.a.g.GitHubSprintRepository     : Processing event [GitHubIssueEvent(id=944811586, type=REFERENCED, createdAt=2017-02-01T14:23:19Z, body=null, commitId=0fe4a9c3c0dc764d721775ddc1bb7e7364248cc1, actor=GitHubUser(login=davidmigloz))] of issue [Manual de usuario]
2023-09-24 16:20:38.325 DEBUG 39436 --- [           main] e.u.l.a.a.a.g.GitHubSprintRepository     : Processing event [GitHubIssueEvent(id=949150701, type=REFERENCED, createdAt=2017-02-04T15:52:23Z, body=null, commitId=95f7efffeaacd0257718dd1726852f3a1c2ba62c, actor=GitHubUser(login=davidmigloz))] of issue [Manual de usuario]
2023-09-24 16:20:38.325 DEBUG 39436 --- [           main] e.u.l.a.a.a.g.GitHubSprintRepository     : Processing event [GitHubIssueEvent(id=949153984, type=REFERENCED, createdAt=2017-02-04T16:04:36Z, body=null, commitId=d33476d87c73afa0d96e5ed0d579480763617fa5, actor=GitHubUser(login=davidmigloz))] of issue [Manual de usuario]
2023-09-24 16:20:38.325 DEBUG 39436 --- [           main] e.u.l.a.a.a.g.GitHubSprintRepository     : Processing event [GitHubIssueEvent(id=null, type=CROSS_REFERENCED, createdAt=2021-03-12T17:53:16Z, body=null, commitId=null, actor=GitHubUser(login=imb1006))] of issue [Manual de usuario]
2023-09-24 16:20:38.325 DEBUG 39436 --- [           main] e.u.l.a.a.a.g.GitHubSprintRepository     : Processing event [GitHubIssueEvent(id=null, type=CROSS_REFERENCED, createdAt=2021-03-12T17:57:22Z, body=null, commitId=null, actor=GitHubUser(login=albamiguel))] of issue [Manual de usuario]
2023-09-24 16:20:38.325 DEBUG 39436 --- [           main] e.u.l.a.a.a.g.GitHubSprintRepository     : Processing event [GitHubIssueEvent(id=null, type=CROSS_REFERENCED, createdAt=2021-03-16T20:17:33Z, body=null, commitId=null, actor=GitHubUser(login=Guillehf01))] of issue [Manual de usuario]
2023-09-24 16:20:38.325 DEBUG 39436 --- [           main] e.u.l.a.a.a.g.GitHubSprintRepository     : Processing event [GitHubIssueEvent(id=null, type=CROSS_REFERENCED, createdAt=2021-11-22T21:10:54Z, body=null, commitId=null, actor=GitHubUser(login=Adripy))] of issue [Manual de usuario]
2023-09-24 16:20:38.325 DEBUG 39436 --- [           main] e.u.l.a.a.a.g.GitHubSprintRepository     : Fetching issue [Pasar memoria doc a latex] events
2023-09-24 16:20:38.325 DEBUG 39436 --- [           main] e.u.l.a.a.a.github.GitHubApmClient       : [GitHubApmClient#findEventsByIssue] ---> GET https://api.github.com/repos/davidmigloz/go-bees/issues/124/timeline HTTP/1.1
2023-09-24 16:20:39.016 DEBUG 39436 --- [           main] e.u.l.a.a.a.github.GitHubApmClient       : [GitHubApmClient#findEventsByIssue] <--- HTTP/1.1 200 OK (690ms)
2023-09-24 16:20:39.022 DEBUG 39436 --- [           main] e.u.l.a.a.a.g.GitHubSprintRepository     : Fetched [20] events
2023-09-24 16:20:39.022 DEBUG 39436 --- [           main] e.u.l.a.a.a.g.GitHubSprintRepository     : Processing event [GitHubIssueEvent(id=893523305, type=LABELED, createdAt=2016-12-14T12:11:53Z, body=null, commitId=null, actor=GitHubUser(login=davidmigloz))] of issue [Pasar memoria doc a latex]
2023-09-24 16:20:39.022 DEBUG 39436 --- [           main] e.u.l.a.a.a.g.GitHubSprintRepository     : Processing event [GitHubIssueEvent(id=893523306, type=ASSIGNED, createdAt=2016-12-14T12:11:53Z, body=null, commitId=null, actor=GitHubUser(login=davidmigloz))] of issue [Pasar memoria doc a latex]
2023-09-24 16:20:39.022 DEBUG 39436 --- [           main] e.u.l.a.a.a.g.GitHubSprintRepository     : Processing event [GitHubIssueEvent(id=275097528, type=COMMENTED, createdAt=2017-01-25T12:36:04Z, body=Expresión regular para corregir las referencias:
- Buscar: `(\{\[\})([\w:\\]+)(\{\]\}\\\_)`
- Reemplazar por: `\\citep{\2}`

Ej: `{[}art:campbell2005{]}\_` -> `\citep{art:campbell2005}`

------

Expresión regular para corregir las imágenes:
- Buscar: `(\\includegraphics{..\/..\/img\/)(\w*)(.\w*\})`
- Reemplazar por: `\\imagen{\2}{descripción...}`

Ej: `\includegraphics{../../img/s2.png}` -> `\imagen{s2}{descripción...}}`, commitId=null, actor=GitHubUser(login=davidmigloz))] of issue [Pasar memoria doc a latex]
2023-09-24 16:20:39.022 DEBUG 39436 --- [           main] e.u.l.a.a.a.g.GitHubSprintRepository     : Processing event [GitHubIssueEvent(id=275113625, type=COMMENTED, createdAt=2017-01-25T13:56:25Z, body=### Cheat-sheet plantilla

#### Rutas de ficheros / paquetes
```
\ruta{C:/Windows/System32}
```

#### Imágenes
Imagen en el sitio introducido:
``` 
\imagen{nombre-img}{Descripción...}
```

Imagen flotante:
```
\imagenflotante{nombre-img}{Descripción...}
```

> El nombre de la imagen sin extensión., commitId=null, actor=GitHubUser(login=davidmigloz))] of issue [Pasar memoria doc a latex]
2023-09-24 16:20:39.022 DEBUG 39436 --- [           main] e.u.l.a.a.a.g.GitHubSprintRepository     : Processing event [GitHubIssueEvent(id=936279304, type=REFERENCED, createdAt=2017-01-25T15:12:05Z, body=null, commitId=e34ee575fc16f309312fb5d927bda29c756b52f7, actor=GitHubUser(login=davidmigloz))] of issue [Pasar memoria doc a latex]
2023-09-24 16:20:39.022 DEBUG 39436 --- [           main] e.u.l.a.a.a.g.GitHubSprintRepository     : Processing event [GitHubIssueEvent(id=937093813, type=REFERENCED, createdAt=2017-01-26T01:10:55Z, body=null, commitId=a8f439db8c247e9fb6c8506732ffbed688bebfa7, actor=GitHubUser(login=davidmigloz))] of issue [Pasar memoria doc a latex]
2023-09-24 16:20:39.023 DEBUG 39436 --- [           main] e.u.l.a.a.a.g.GitHubSprintRepository     : Processing event [GitHubIssueEvent(id=938013205, type=null, createdAt=2017-01-26T16:19:11Z, body=null, commitId=null, actor=GitHubUser(login=davidmigloz))] of issue [Pasar memoria doc a latex]
2023-09-24 16:20:39.023 DEBUG 39436 --- [           main] e.u.l.a.a.a.g.GitHubSprintRepository     : Processing event [GitHubIssueEvent(id=938649429, type=REFERENCED, createdAt=2017-01-26T23:55:52Z, body=null, commitId=9e96b3cc1316702e295429576081ac054e994c48, actor=GitHubUser(login=davidmigloz))] of issue [Pasar memoria doc a latex]
2023-09-24 16:20:39.023 DEBUG 39436 --- [           main] e.u.l.a.a.a.g.GitHubSprintRepository     : Processing event [GitHubIssueEvent(id=940077317, type=REFERENCED, createdAt=2017-01-27T23:51:02Z, body=null, commitId=937d88847c3795b35fe5b62fdb860cf9f1c75f2b, actor=GitHubUser(login=davidmigloz))] of issue [Pasar memoria doc a latex]
2023-09-24 16:20:39.023 DEBUG 39436 --- [           main] e.u.l.a.a.a.g.GitHubSprintRepository     : Processing event [GitHubIssueEvent(id=940140250, type=REFERENCED, createdAt=2017-01-28T01:50:58Z, body=null, commitId=4fe15ad8f24552ab93fd13c383f2348c7ad09ca0, actor=GitHubUser(login=davidmigloz))] of issue [Pasar memoria doc a latex]
2023-09-24 16:20:39.023 DEBUG 39436 --- [           main] e.u.l.a.a.a.g.GitHubSprintRepository     : Processing event [GitHubIssueEvent(id=940355442, type=REFERENCED, createdAt=2017-01-28T19:43:52Z, body=null, commitId=1f185fd412a35a8fed4f08fa578bbdebbdea64ae, actor=GitHubUser(login=davidmigloz))] of issue [Pasar memoria doc a latex]
2023-09-24 16:20:39.023 DEBUG 39436 --- [           main] e.u.l.a.a.a.g.GitHubSprintRepository     : Processing event [GitHubIssueEvent(id=940355468, type=MILESTONED, createdAt=2017-01-28T19:43:58Z, body=null, commitId=null, actor=GitHubUser(login=davidmigloz))] of issue [Pasar memoria doc a latex]
2023-09-24 16:20:39.023 DEBUG 39436 --- [           main] e.u.l.a.a.a.g.GitHubSprintRepository     : Processing event [GitHubIssueEvent(id=940355480, type=CLOSED, createdAt=2017-01-28T19:44:04Z, body=null, commitId=null, actor=GitHubUser(login=davidmigloz))] of issue [Pasar memoria doc a latex]
2023-09-24 16:20:39.023 DEBUG 39436 --- [           main] e.u.l.a.a.a.g.GitHubSprintRepository     : Processing event [GitHubIssueEvent(id=940635553, type=REFERENCED, createdAt=2017-01-29T19:32:17Z, body=null, commitId=8f33e4557a4d5b48ab15104e6ea9f0756c93c165, actor=GitHubUser(login=davidmigloz))] of issue [Pasar memoria doc a latex]
2023-09-24 16:20:39.023 DEBUG 39436 --- [           main] e.u.l.a.a.a.g.GitHubSprintRepository     : Processing event [GitHubIssueEvent(id=null, type=CROSS_REFERENCED, createdAt=2021-03-10T21:50:21Z, body=null, commitId=null, actor=GitHubUser(login=Guillehf01))] of issue [Pasar memoria doc a latex]
2023-09-24 16:20:39.023 DEBUG 39436 --- [           main] e.u.l.a.a.a.g.GitHubSprintRepository     : Processing event [GitHubIssueEvent(id=null, type=CROSS_REFERENCED, createdAt=2021-03-12T22:43:29Z, body=null, commitId=null, actor=GitHubUser(login=SamuelLozanoJuarez))] of issue [Pasar memoria doc a latex]
2023-09-24 16:20:39.023 DEBUG 39436 --- [           main] e.u.l.a.a.a.g.GitHubSprintRepository     : Processing event [GitHubIssueEvent(id=null, type=CROSS_REFERENCED, createdAt=2021-03-13T21:57:09Z, body=null, commitId=null, actor=GitHubUser(login=abg0043abg0043))] of issue [Pasar memoria doc a latex]
2023-09-24 16:20:39.023 DEBUG 39436 --- [           main] e.u.l.a.a.a.g.GitHubSprintRepository     : Processing event [GitHubIssueEvent(id=null, type=CROSS_REFERENCED, createdAt=2021-03-14T22:06:48Z, body=null, commitId=null, actor=GitHubUser(login=ireneGamazo))] of issue [Pasar memoria doc a latex]
2023-09-24 16:20:39.023 DEBUG 39436 --- [           main] e.u.l.a.a.a.g.GitHubSprintRepository     : Processing event [GitHubIssueEvent(id=null, type=CROSS_REFERENCED, createdAt=2021-11-22T20:47:38Z, body=null, commitId=null, actor=GitHubUser(login=Adripy))] of issue [Pasar memoria doc a latex]
2023-09-24 16:20:39.023 DEBUG 39436 --- [           main] e.u.l.a.a.a.g.GitHubSprintRepository     : Processing event [GitHubIssueEvent(id=null, type=CROSS_REFERENCED, createdAt=2022-11-23T21:33:07Z, body=null, commitId=null, actor=GitHubUser(login=ecl1009))] of issue [Pasar memoria doc a latex]
2023-09-24 16:20:39.023 DEBUG 39436 --- [           main] e.u.l.a.a.a.g.GitHubSprintRepository     : Fetching issue [Pasar memoria doc a latex] comments
2023-09-24 16:20:39.024 DEBUG 39436 --- [           main] e.u.l.a.a.a.github.GitHubApmClient       : [GitHubApmClient#findCommentsByIssue] ---> GET https://api.github.com/repos/davidmigloz/go-bees/issues/124/comments HTTP/1.1
2023-09-24 16:20:39.321 DEBUG 39436 --- [           main] e.u.l.a.a.a.github.GitHubApmClient       : [GitHubApmClient#findCommentsByIssue] <--- HTTP/1.1 200 OK (297ms)
2023-09-24 16:20:39.323 DEBUG 39436 --- [           main] e.u.l.a.a.a.g.GitHubSprintRepository     : [2] comments fetched
2023-09-24 16:20:39.323 DEBUG 39436 --- [           main] e.u.l.a.a.a.g.GitHubSprintRepository     : Fetching issue [NullPointerException al pasar a landscape] events
2023-09-24 16:20:39.323 DEBUG 39436 --- [           main] e.u.l.a.a.a.github.GitHubApmClient       : [GitHubApmClient#findEventsByIssue] ---> GET https://api.github.com/repos/davidmigloz/go-bees/issues/117/timeline HTTP/1.1
2023-09-24 16:20:39.835 DEBUG 39436 --- [           main] e.u.l.a.a.a.github.GitHubApmClient       : [GitHubApmClient#findEventsByIssue] <--- HTTP/1.1 200 OK (511ms)
2023-09-24 16:20:39.839 DEBUG 39436 --- [           main] e.u.l.a.a.a.g.GitHubSprintRepository     : Fetched [8] events
2023-09-24 16:20:39.839 DEBUG 39436 --- [           main] e.u.l.a.a.a.g.GitHubSprintRepository     : Processing event [GitHubIssueEvent(id=887761391, type=LABELED, createdAt=2016-12-09T01:29:23Z, body=null, commitId=null, actor=GitHubUser(login=davidmigloz))] of issue [NullPointerException al pasar a landscape]
2023-09-24 16:20:39.839 DEBUG 39436 --- [           main] e.u.l.a.a.a.g.GitHubSprintRepository     : Processing event [GitHubIssueEvent(id=887761392, type=ASSIGNED, createdAt=2016-12-09T01:29:24Z, body=null, commitId=null, actor=GitHubUser(login=davidmigloz))] of issue [NullPointerException al pasar a landscape]
2023-09-24 16:20:39.839 DEBUG 39436 --- [           main] e.u.l.a.a.a.g.GitHubSprintRepository     : Processing event [GitHubIssueEvent(id=940635552, type=REFERENCED, createdAt=2017-01-29T19:32:17Z, body=null, commitId=712b07005cbf56defd3e22032757960afe846fed, actor=GitHubUser(login=davidmigloz))] of issue [NullPointerException al pasar a landscape]
2023-09-24 16:20:39.839 DEBUG 39436 --- [           main] e.u.l.a.a.a.g.GitHubSprintRepository     : Processing event [GitHubIssueEvent(id=940635647, type=CLOSED, createdAt=2017-01-29T19:32:36Z, body=null, commitId=null, actor=GitHubUser(login=davidmigloz))] of issue [NullPointerException al pasar a landscape]
2023-09-24 16:20:39.839 DEBUG 39436 --- [           main] e.u.l.a.a.a.g.GitHubSprintRepository     : Processing event [GitHubIssueEvent(id=942268892, type=MILESTONED, createdAt=2017-01-30T23:32:28Z, body=null, commitId=null, actor=GitHubUser(login=davidmigloz))] of issue [NullPointerException al pasar a landscape]
2023-09-24 16:20:39.839 DEBUG 39436 --- [           main] e.u.l.a.a.a.g.GitHubSprintRepository     : Processing event [GitHubIssueEvent(id=null, type=CROSS_REFERENCED, createdAt=2021-03-15T11:57:59Z, body=null, commitId=null, actor=GitHubUser(login=FeliRad-sum))] of issue [NullPointerException al pasar a landscape]
2023-09-24 16:20:39.839 DEBUG 39436 --- [           main] e.u.l.a.a.a.g.GitHubSprintRepository     : Processing event [GitHubIssueEvent(id=null, type=CROSS_REFERENCED, createdAt=2021-03-16T20:34:38Z, body=null, commitId=null, actor=GitHubUser(login=Guillehf01))] of issue [NullPointerException al pasar a landscape]
2023-09-24 16:20:39.839 DEBUG 39436 --- [           main] e.u.l.a.a.a.g.GitHubSprintRepository     : Processing event [GitHubIssueEvent(id=null, type=CROSS_REFERENCED, createdAt=2021-11-22T21:04:12Z, body=null, commitId=null, actor=GitHubUser(login=Adripy))] of issue [NullPointerException al pasar a landscape]
2023-09-24 16:20:39.840 DEBUG 39436 --- [           main] e.u.l.a.a.a.g.GitHubSprintRepository     : Fetching issue [Publicar en Google Play] events
2023-09-24 16:20:39.840 DEBUG 39436 --- [           main] e.u.l.a.a.a.github.GitHubApmClient       : [GitHubApmClient#findEventsByIssue] ---> GET https://api.github.com/repos/davidmigloz/go-bees/issues/101/timeline HTTP/1.1
2023-09-24 16:20:40.244 DEBUG 39436 --- [           main] e.u.l.a.a.a.github.GitHubApmClient       : [GitHubApmClient#findEventsByIssue] <--- HTTP/1.1 200 OK (404ms)
2023-09-24 16:20:40.248 DEBUG 39436 --- [           main] e.u.l.a.a.a.g.GitHubSprintRepository     : Fetched [7] events
2023-09-24 16:20:40.248 DEBUG 39436 --- [           main] e.u.l.a.a.a.g.GitHubSprintRepository     : Processing event [GitHubIssueEvent(id=878992570, type=LABELED, createdAt=2016-12-01T19:29:02Z, body=null, commitId=null, actor=GitHubUser(login=davidmigloz))] of issue [Publicar en Google Play]
2023-09-24 16:20:40.248 DEBUG 39436 --- [           main] e.u.l.a.a.a.g.GitHubSprintRepository     : Processing event [GitHubIssueEvent(id=878992572, type=ASSIGNED, createdAt=2016-12-01T19:29:02Z, body=null, commitId=null, actor=GitHubUser(login=davidmigloz))] of issue [Publicar en Google Play]
2023-09-24 16:20:40.248 DEBUG 39436 --- [           main] e.u.l.a.a.a.g.GitHubSprintRepository     : Processing event [GitHubIssueEvent(id=942269104, type=MILESTONED, createdAt=2017-01-30T23:32:43Z, body=null, commitId=null, actor=GitHubUser(login=davidmigloz))] of issue [Publicar en Google Play]
2023-09-24 16:20:40.248 DEBUG 39436 --- [           main] e.u.l.a.a.a.g.GitHubSprintRepository     : Processing event [GitHubIssueEvent(id=276226928, type=COMMENTED, createdAt=2017-01-30T23:35:12Z, body=![apiaries-management](https://cloud.githubusercontent.com/assets/6546265/22446417/d516b7cc-e74c-11e6-8cba-fbaf3b625cde.jpg)
![apiary-information](https://cloud.githubusercontent.com/assets/6546265/22446420/d51c4822-e74c-11e6-8824-8f740999d7a6.jpg)
![hives-management](https://cloud.githubusercontent.com/assets/6546265/22446421/d51cffec-e74c-11e6-8b8e-3d1a257863ca.jpg)
![hives-flight-activity-recordings](https://cloud.githubusercontent.com/assets/6546265/22446422/d51eeadc-e74c-11e6-8c9f-b4e07db90505.jpg)
![hive-flight-activity-recording](https://cloud.githubusercontent.com/assets/6546265/22446418/d516e42c-e74c-11e6-9572-0cd8f7839c07.jpg)
![hive-flight-activity-monitoring](https://cloud.githubusercontent.com/assets/6546265/22446419/d51733c8-e74c-11e6-9426-02d792871fca.jpg)
, commitId=null, actor=GitHubUser(login=davidmigloz))] of issue [Publicar en Google Play]
2023-09-24 16:20:40.248 DEBUG 39436 --- [           main] e.u.l.a.a.a.g.GitHubSprintRepository     : Processing event [GitHubIssueEvent(id=276341845, type=COMMENTED, createdAt=2017-01-31T11:39:20Z, body=https://play.google.com/store/apps/details?id=com.davidmiguel.gobees, commitId=null, actor=GitHubUser(login=davidmigloz))] of issue [Publicar en Google Play]
2023-09-24 16:20:40.248 DEBUG 39436 --- [           main] e.u.l.a.a.a.g.GitHubSprintRepository     : Processing event [GitHubIssueEvent(id=942898327, type=CLOSED, createdAt=2017-01-31T11:39:26Z, body=null, commitId=null, actor=GitHubUser(login=davidmigloz))] of issue [Publicar en Google Play]
2023-09-24 16:20:40.248 DEBUG 39436 --- [           main] e.u.l.a.a.a.g.GitHubSprintRepository     : Processing event [GitHubIssueEvent(id=null, type=CROSS_REFERENCED, createdAt=2021-03-15T20:09:21Z, body=null, commitId=null, actor=GitHubUser(login=Ineherte))] of issue [Publicar en Google Play]
2023-09-24 16:20:40.249 DEBUG 39436 --- [           main] e.u.l.a.a.a.g.GitHubSprintRepository     : Fetching issue [Publicar en Google Play] comments
2023-09-24 16:20:40.249 DEBUG 39436 --- [           main] e.u.l.a.a.a.github.GitHubApmClient       : [GitHubApmClient#findCommentsByIssue] ---> GET https://api.github.com/repos/davidmigloz/go-bees/issues/101/comments HTTP/1.1
2023-09-24 16:20:40.551 DEBUG 39436 --- [           main] e.u.l.a.a.a.github.GitHubApmClient       : [GitHubApmClient#findCommentsByIssue] <--- HTTP/1.1 200 OK (302ms)
2023-09-24 16:20:40.553 DEBUG 39436 --- [           main] e.u.l.a.a.a.g.GitHubSprintRepository     : [2] comments fetched
  &amp#27;[32mWhen &amp#27;[0m&amp#27;[32mI import the sprint issues&amp#27;[0m                                    &amp#27;[90m# es.ubu.lsi.avrela.bdd.apm.SprintDataImportSteps.iTryToImportTheRepository()&amp#27;[0m
  &amp#27;[32mThen &amp#27;[0m&amp#27;[32mtotal issues should be &amp#27;[0m&amp#27;[32m&amp#27;[1m9&amp#27;[0m                                      &amp#27;[90m# es.ubu.lsi.avrela.bdd.apm.SprintDataImportSteps.totalIssuesShouldBe(java.lang.Long)&amp#27;[0m
  &amp#27;[32mAnd &amp#27;[0m&amp#27;[32mtotal issues labeled as documentation should be &amp#27;[0m&amp#27;[32m&amp#27;[1m2&amp#27;[0m              &amp#27;[90m# es.ubu.lsi.avrela.bdd.apm.SprintDataImportSteps.totalIssuesLabeledAsDocumentationShouldBe(java.lang.Long)&amp#27;[0m
  &amp#27;[32mAnd &amp#27;[0m&amp#27;[32mtotal issues labeled as feature should be &amp#27;[0m&amp#27;[32m&amp#27;[1m1&amp#27;[0m                    &amp#27;[90m# es.ubu.lsi.avrela.bdd.apm.SprintDataImportSteps.totalIssuesLabeledAsFeatureShouldBe(java.lang.Long)&amp#27;[0m
  &amp#27;[32mAnd &amp#27;[0m&amp#27;[32mtotal issues labeled as testing should be &amp#27;[0m&amp#27;[32m&amp#27;[1m1&amp#27;[0m                    &amp#27;[90m# es.ubu.lsi.avrela.bdd.apm.SprintDataImportSteps.totalIssuesLabeledAsTestingShouldBe(java.lang.Long)&amp#27;[0m
  &amp#27;[32mAnd &amp#27;[0m&amp#27;[32mtotal issues labeled as bug should be &amp#27;[0m&amp#27;[32m&amp#27;[1m5&amp#27;[0m                        &amp#27;[90m# es.ubu.lsi.avrela.bdd.apm.SprintDataImportSteps.totalIssuesLabeledAsBugShouldBe(java.lang.Long)&amp#27;[0m
  &amp#27;[32mAnd &amp#27;[0m&amp#27;[32mtotal issues with comments should be &amp#27;[0m&amp#27;[32m&amp#27;[1m3&amp#27;[0m                         &amp#27;[90m# es.ubu.lsi.avrela.bdd.apm.SprintDataImportSteps.totalIssuesWithCommentsShouldBe(java.lang.Long)&amp#27;[0m
  &amp#27;[32mAnd &amp#27;[0m&amp#27;[32mtotal issues with task list should be &amp#27;[0m&amp#27;[32m&amp#27;[1m1&amp#27;[0m                        &amp#27;[90m# es.ubu.lsi.avrela.bdd.apm.SprintDataImportSteps.totalIssuesWithTaskListShouldBe(java.lang.Long)&amp#27;[0m
  &amp#27;[32mAnd &amp#27;[0m&amp#27;[32mtotal closed issues should be &amp#27;[0m&amp#27;[32m&amp#27;[1m9&amp#27;[0m                                &amp#27;[90m# es.ubu.lsi.avrela.bdd.apm.SprintDataImportSteps.totalClosedIssuesShouldBe(java.lang.Long)&amp#27;[0m
]]></system-out>
  </testcase>
  <testcase name="Import sprint data - Sprint import successful - Examples - Example #3" classname="Import sprint data - Sprint import successful - Examples" time="4.276">
    <system-out><![CDATA[
Scenario Outline: Sprint import successful                           &amp#27;[90m# features/apm/SprintDataImport.feature:22&amp#27;[0m
  &amp#27;[32mGiven &amp#27;[0m&amp#27;[32ma repository owned by &amp#27;[0m&amp#27;[32m&amp#27;[1m"davidmigloz"&amp#27;[0m&amp#27;[32m named &amp#27;[0m&amp#27;[32m&amp#27;[1m"go-bees"&amp#27;[0m          &amp#27;[90m# es.ubu.lsi.avrela.bdd.apm.SprintDataImportSteps.aRepositoryOwnedByNamed(java.lang.String,java.lang.String)&amp#27;[0m
  &amp#27;[32mAnd &amp#27;[0m&amp#27;[32mthe sprint dates &amp#27;[0m&amp#27;[32m&amp#27;[1m2017-02-07T07:00:00Z&amp#27;[0m&amp#27;[32m and &amp#27;[0m&amp#27;[32m&amp#27;[1m2017-02-08T08:00:00Z&amp#27;[0m &amp#27;[90m# es.ubu.lsi.avrela.bdd.apm.SprintDataImportSteps.theDatesAnd(java.time.ZonedDateTime,java.time.ZonedDateTime)&amp#27;[0m
2023-09-24 16:20:40.611 DEBUG 39436 --- [           main] e.u.l.a.a.a.g.GitHubSprintRepository     : Using repository identified by owner [davidmigloz] and name [go-bees]
2023-09-24 16:20:40.611 DEBUG 39436 --- [           main] e.u.l.a.a.a.g.GitHubSprintRepository     : Fetching milestones between [2017-02-07T07:00Z] and [2017-02-08T08:00Z]
2023-09-24 16:20:40.613 DEBUG 39436 --- [           main] e.u.l.a.a.a.github.GitHubApmClient       : [GitHubApmClient#findMilestones] ---> GET https://api.github.com/repos/davidmigloz/go-bees/milestones?state=all&page=1&per_page=100 HTTP/1.1
2023-09-24 16:20:40.858 DEBUG 39436 --- [           main] e.u.l.a.a.a.github.GitHubApmClient       : [GitHubApmClient#findMilestones] <--- HTTP/1.1 200 OK (243ms)
2023-09-24 16:20:40.870 DEBUG 39436 --- [           main] e.u.l.a.a.a.g.GitHubSprintRepository     : [22] sprints fetched
2023-09-24 16:20:40.870 DEBUG 39436 --- [           main] e.u.l.a.a.a.g.GitHubSprintRepository     : [1] sprints filtered
2023-09-24 16:20:40.870 DEBUG 39436 --- [           main] e.u.l.a.a.a.g.GitHubSprintRepository     : Fetching milestone [Sprint 18] due on [2017-02-07T08:00Z] issues
2023-09-24 16:20:40.871 DEBUG 39436 --- [           main] e.u.l.a.a.a.github.GitHubApmClient       : [GitHubApmClient#findIssuesByMilestone] ---> GET https://api.github.com/repos/davidmigloz/go-bees/issues?milestone=19&state=all&page=1&per_page=100 HTTP/1.1
2023-09-24 16:20:41.165 DEBUG 39436 --- [           main] e.u.l.a.a.a.github.GitHubApmClient       : [GitHubApmClient#findIssuesByMilestone] <--- HTTP/1.1 200 OK (294ms)
2023-09-24 16:20:41.171 DEBUG 39436 --- [           main] e.u.l.a.a.a.g.GitHubSprintRepository     : [7] issues fetched
2023-09-24 16:20:41.171 DEBUG 39436 --- [           main] e.u.l.a.a.a.g.GitHubSprintRepository     : Fetching issue [Cuenta atrás de la monitorización incoherente algunas veces] events
2023-09-24 16:20:41.171 DEBUG 39436 --- [           main] e.u.l.a.a.a.github.GitHubApmClient       : [GitHubApmClient#findEventsByIssue] ---> GET https://api.github.com/repos/davidmigloz/go-bees/issues/185/timeline HTTP/1.1
2023-09-24 16:20:41.677 DEBUG 39436 --- [           main] e.u.l.a.a.a.github.GitHubApmClient       : [GitHubApmClient#findEventsByIssue] <--- HTTP/1.1 200 OK (506ms)
2023-09-24 16:20:41.680 DEBUG 39436 --- [           main] e.u.l.a.a.a.g.GitHubSprintRepository     : Fetched [7] events
2023-09-24 16:20:41.680 DEBUG 39436 --- [           main] e.u.l.a.a.a.g.GitHubSprintRepository     : Processing event [GitHubIssueEvent(id=946808567, type=LABELED, createdAt=2017-02-02T17:25:13Z, body=null, commitId=null, actor=GitHubUser(login=davidmigloz))] of issue [Cuenta atrás de la monitorización incoherente algunas veces]
2023-09-24 16:20:41.680 DEBUG 39436 --- [           main] e.u.l.a.a.a.g.GitHubSprintRepository     : Processing event [GitHubIssueEvent(id=946808568, type=MILESTONED, createdAt=2017-02-02T17:25:13Z, body=null, commitId=null, actor=GitHubUser(login=davidmigloz))] of issue [Cuenta atrás de la monitorización incoherente algunas veces]
2023-09-24 16:20:41.680 DEBUG 39436 --- [           main] e.u.l.a.a.a.g.GitHubSprintRepository     : Processing event [GitHubIssueEvent(id=946808569, type=ASSIGNED, createdAt=2017-02-02T17:25:13Z, body=null, commitId=null, actor=GitHubUser(login=davidmigloz))] of issue [Cuenta atrás de la monitorización incoherente algunas veces]
2023-09-24 16:20:41.680 DEBUG 39436 --- [           main] e.u.l.a.a.a.g.GitHubSprintRepository     : Processing event [GitHubIssueEvent(id=946814685, type=REFERENCED, createdAt=2017-02-02T17:29:04Z, body=null, commitId=1c16b74a099769a17bd3d7f37e65ce871838e174, actor=GitHubUser(login=davidmigloz))] of issue [Cuenta atrás de la monitorización incoherente algunas veces]
2023-09-24 16:20:41.680 DEBUG 39436 --- [           main] e.u.l.a.a.a.g.GitHubSprintRepository     : Processing event [GitHubIssueEvent(id=946818476, type=CLOSED, createdAt=2017-02-02T17:31:40Z, body=null, commitId=null, actor=GitHubUser(login=davidmigloz))] of issue [Cuenta atrás de la monitorización incoherente algunas veces]
2023-09-24 16:20:41.680 DEBUG 39436 --- [           main] e.u.l.a.a.a.g.GitHubSprintRepository     : Processing event [GitHubIssueEvent(id=null, type=CROSS_REFERENCED, createdAt=2021-03-16T21:46:35Z, body=null, commitId=null, actor=GitHubUser(login=jaciperez))] of issue [Cuenta atrás de la monitorización incoherente algunas veces]
2023-09-24 16:20:41.680 DEBUG 39436 --- [           main] e.u.l.a.a.a.g.GitHubSprintRepository     : Processing event [GitHubIssueEvent(id=null, type=CROSS_REFERENCED, createdAt=2021-11-22T21:54:18Z, body=null, commitId=null, actor=GitHubUser(login=jesgararm))] of issue [Cuenta atrás de la monitorización incoherente algunas veces]
2023-09-24 16:20:41.680 DEBUG 39436 --- [           main] e.u.l.a.a.a.g.GitHubSprintRepository     : Fetching issue [Al eliminar colmenar se cruza el resumen meteorológico] events
2023-09-24 16:20:41.681 DEBUG 39436 --- [           main] e.u.l.a.a.a.github.GitHubApmClient       : [GitHubApmClient#findEventsByIssue] ---> GET https://api.github.com/repos/davidmigloz/go-bees/issues/184/timeline HTTP/1.1
2023-09-24 16:20:42.190 DEBUG 39436 --- [           main] e.u.l.a.a.a.github.GitHubApmClient       : [GitHubApmClient#findEventsByIssue] <--- HTTP/1.1 200 OK (508ms)
2023-09-24 16:20:42.193 DEBUG 39436 --- [           main] e.u.l.a.a.a.g.GitHubSprintRepository     : Fetched [7] events
2023-09-24 16:20:42.194 DEBUG 39436 --- [           main] e.u.l.a.a.a.g.GitHubSprintRepository     : Processing event [GitHubIssueEvent(id=946684798, type=LABELED, createdAt=2017-02-02T16:14Z, body=null, commitId=null, actor=GitHubUser(login=davidmigloz))] of issue [Al eliminar colmenar se cruza el resumen meteorológico]
2023-09-24 16:20:42.194 DEBUG 39436 --- [           main] e.u.l.a.a.a.g.GitHubSprintRepository     : Processing event [GitHubIssueEvent(id=946684804, type=MILESTONED, createdAt=2017-02-02T16:14Z, body=null, commitId=null, actor=GitHubUser(login=davidmigloz))] of issue [Al eliminar colmenar se cruza el resumen meteorológico]
2023-09-24 16:20:42.194 DEBUG 39436 --- [           main] e.u.l.a.a.a.g.GitHubSprintRepository     : Processing event [GitHubIssueEvent(id=946684805, type=ASSIGNED, createdAt=2017-02-02T16:14Z, body=null, commitId=null, actor=GitHubUser(login=davidmigloz))] of issue [Al eliminar colmenar se cruza el resumen meteorológico]
2023-09-24 16:20:42.194 DEBUG 39436 --- [           main] e.u.l.a.a.a.g.GitHubSprintRepository     : Processing event [GitHubIssueEvent(id=946714350, type=REFERENCED, createdAt=2017-02-02T16:30:16Z, body=null, commitId=262e8cd1221f5987e3e9e499104b1b94dbf87f0a, actor=GitHubUser(login=davidmigloz))] of issue [Al eliminar colmenar se cruza el resumen meteorológico]
2023-09-24 16:20:42.194 DEBUG 39436 --- [           main] e.u.l.a.a.a.g.GitHubSprintRepository     : Processing event [GitHubIssueEvent(id=946806607, type=CLOSED, createdAt=2017-02-02T17:23:59Z, body=null, commitId=null, actor=GitHubUser(login=davidmigloz))] of issue [Al eliminar colmenar se cruza el resumen meteorológico]
2023-09-24 16:20:42.194 DEBUG 39436 --- [           main] e.u.l.a.a.a.g.GitHubSprintRepository     : Processing event [GitHubIssueEvent(id=null, type=CROSS_REFERENCED, createdAt=2021-03-16T21:50:07Z, body=null, commitId=null, actor=GitHubUser(login=jaciperez))] of issue [Al eliminar colmenar se cruza el resumen meteorológico]
2023-09-24 16:20:42.194 DEBUG 39436 --- [           main] e.u.l.a.a.a.g.GitHubSprintRepository     : Processing event [GitHubIssueEvent(id=null, type=CROSS_REFERENCED, createdAt=2021-11-22T21:53:31Z, body=null, commitId=null, actor=GitHubUser(login=jesgararm))] of issue [Al eliminar colmenar se cruza el resumen meteorológico]
2023-09-24 16:20:42.195 DEBUG 39436 --- [           main] e.u.l.a.a.a.g.GitHubSprintRepository     : Fetching issue [Rematar memoria] events
2023-09-24 16:20:42.195 DEBUG 39436 --- [           main] e.u.l.a.a.a.github.GitHubApmClient       : [GitHubApmClient#findEventsByIssue] ---> GET https://api.github.com/repos/davidmigloz/go-bees/issues/182/timeline HTTP/1.1
2023-09-24 16:20:42.702 DEBUG 39436 --- [           main] e.u.l.a.a.a.github.GitHubApmClient       : [GitHubApmClient#findEventsByIssue] <--- HTTP/1.1 200 OK (506ms)
2023-09-24 16:20:42.705 DEBUG 39436 --- [           main] e.u.l.a.a.a.g.GitHubSprintRepository     : Fetched [8] events
2023-09-24 16:20:42.705 DEBUG 39436 --- [           main] e.u.l.a.a.a.g.GitHubSprintRepository     : Processing event [GitHubIssueEvent(id=940528161, type=LABELED, createdAt=2017-01-29T12:26:12Z, body=null, commitId=null, actor=GitHubUser(login=davidmigloz))] of issue [Rematar memoria]
2023-09-24 16:20:42.705 DEBUG 39436 --- [           main] e.u.l.a.a.a.g.GitHubSprintRepository     : Processing event [GitHubIssueEvent(id=940528162, type=ASSIGNED, createdAt=2017-01-29T12:26:12Z, body=null, commitId=null, actor=GitHubUser(login=davidmigloz))] of issue [Rematar memoria]
2023-09-24 16:20:42.705 DEBUG 39436 --- [           main] e.u.l.a.a.a.g.GitHubSprintRepository     : Processing event [GitHubIssueEvent(id=944609941, type=REFERENCED, createdAt=2017-02-01T11:41:23Z, body=null, commitId=c6af4abca3e563d6ebb45c04c5d57ea86116dbdf, actor=GitHubUser(login=davidmigloz))] of issue [Rematar memoria]
2023-09-24 16:20:42.705 DEBUG 39436 --- [           main] e.u.l.a.a.a.g.GitHubSprintRepository     : Processing event [GitHubIssueEvent(id=946818565, type=MILESTONED, createdAt=2017-02-02T17:31:44Z, body=null, commitId=null, actor=GitHubUser(login=davidmigloz))] of issue [Rematar memoria]
2023-09-24 16:20:42.705 DEBUG 39436 --- [           main] e.u.l.a.a.a.g.GitHubSprintRepository     : Processing event [GitHubIssueEvent(id=947438068, type=CLOSED, createdAt=2017-02-03T01:30:30Z, body=null, commitId=null, actor=GitHubUser(login=davidmigloz))] of issue [Rematar memoria]
2023-09-24 16:20:42.705 DEBUG 39436 --- [           main] e.u.l.a.a.a.g.GitHubSprintRepository     : Processing event [GitHubIssueEvent(id=null, type=CROSS_REFERENCED, createdAt=2021-03-15T14:51:32Z, body=null, commitId=null, actor=GitHubUser(login=jaciperez))] of issue [Rematar memoria]
2023-09-24 16:20:42.705 DEBUG 39436 --- [           main] e.u.l.a.a.a.g.GitHubSprintRepository     : Processing event [GitHubIssueEvent(id=null, type=CROSS_REFERENCED, createdAt=2021-03-16T16:40:22Z, body=null, commitId=null, actor=GitHubUser(login=ireneGamazo))] of issue [Rematar memoria]
2023-09-24 16:20:42.705 DEBUG 39436 --- [           main] e.u.l.a.a.a.g.GitHubSprintRepository     : Processing event [GitHubIssueEvent(id=null, type=CROSS_REFERENCED, createdAt=2021-11-22T21:55:27Z, body=null, commitId=null, actor=GitHubUser(login=jesgararm))] of issue [Rematar memoria]
2023-09-24 16:20:42.705 DEBUG 39436 --- [           main] e.u.l.a.a.a.g.GitHubSprintRepository     : Fetching issue [Pasar anexos a latex] events
2023-09-24 16:20:42.706 DEBUG 39436 --- [           main] e.u.l.a.a.a.github.GitHubApmClient       : [GitHubApmClient#findEventsByIssue] ---> GET https://api.github.com/repos/davidmigloz/go-bees/issues/179/timeline HTTP/1.1
2023-09-24 16:20:43.315 DEBUG 39436 --- [           main] e.u.l.a.a.a.github.GitHubApmClient       : [GitHubApmClient#findEventsByIssue] <--- HTTP/1.1 200 OK (609ms)
2023-09-24 16:20:43.322 DEBUG 39436 --- [           main] e.u.l.a.a.a.g.GitHubSprintRepository     : Fetched [12] events
2023-09-24 16:20:43.322 DEBUG 39436 --- [           main] e.u.l.a.a.a.g.GitHubSprintRepository     : Processing event [GitHubIssueEvent(id=940355134, type=LABELED, createdAt=2017-01-28T19:42:26Z, body=null, commitId=null, actor=GitHubUser(login=davidmigloz))] of issue [Pasar anexos a latex]
2023-09-24 16:20:43.322 DEBUG 39436 --- [           main] e.u.l.a.a.a.g.GitHubSprintRepository     : Processing event [GitHubIssueEvent(id=940355135, type=ASSIGNED, createdAt=2017-01-28T19:42:26Z, body=null, commitId=null, actor=GitHubUser(login=davidmigloz))] of issue [Pasar anexos a latex]
2023-09-24 16:20:43.322 DEBUG 39436 --- [           main] e.u.l.a.a.a.g.GitHubSprintRepository     : Processing event [GitHubIssueEvent(id=949624556, type=REFERENCED, createdAt=2017-02-06T00:55:57Z, body=null, commitId=922e3d0edc61fb90198e46ed5feee9c6e4c5643e, actor=GitHubUser(login=davidmigloz))] of issue [Pasar anexos a latex]
2023-09-24 16:20:43.322 DEBUG 39436 --- [           main] e.u.l.a.a.a.g.GitHubSprintRepository     : Processing event [GitHubIssueEvent(id=951160336, type=REFERENCED, createdAt=2017-02-06T22:36:42Z, body=null, commitId=6191452efdca08618b6f9bf7ea75a8416c686ed7, actor=GitHubUser(login=davidmigloz))] of issue [Pasar anexos a latex]
2023-09-24 16:20:43.322 DEBUG 39436 --- [           main] e.u.l.a.a.a.g.GitHubSprintRepository     : Processing event [GitHubIssueEvent(id=951278132, type=REFERENCED, createdAt=2017-02-07T00:28:17Z, body=null, commitId=613187d1c98664dc7a8dfff65ed727d71a6b92f2, actor=GitHubUser(login=davidmigloz))] of issue [Pasar anexos a latex]
2023-09-24 16:20:43.322 DEBUG 39436 --- [           main] e.u.l.a.a.a.g.GitHubSprintRepository     : Processing event [GitHubIssueEvent(id=952940694, type=MILESTONED, createdAt=2017-02-07T22:35:08Z, body=null, commitId=null, actor=GitHubUser(login=davidmigloz))] of issue [Pasar anexos a latex]
2023-09-24 16:20:43.322 DEBUG 39436 --- [           main] e.u.l.a.a.a.g.GitHubSprintRepository     : Processing event [GitHubIssueEvent(id=952954109, type=CLOSED, createdAt=2017-02-07T22:45:38Z, body=null, commitId=null, actor=GitHubUser(login=davidmigloz))] of issue [Pasar anexos a latex]
2023-09-24 16:20:43.322 DEBUG 39436 --- [           main] e.u.l.a.a.a.g.GitHubSprintRepository     : Processing event [GitHubIssueEvent(id=953074224, type=REFERENCED, createdAt=2017-02-08T00:38:35Z, body=null, commitId=d34aafacf17b2c9e9cf85e101e48c6991520371d, actor=GitHubUser(login=davidmigloz))] of issue [Pasar anexos a latex]
2023-09-24 16:20:43.322 DEBUG 39436 --- [           main] e.u.l.a.a.a.g.GitHubSprintRepository     : Processing event [GitHubIssueEvent(id=null, type=CROSS_REFERENCED, createdAt=2021-03-15T14:59:42Z, body=null, commitId=null, actor=GitHubUser(login=jaciperez))] of issue [Pasar anexos a latex]
2023-09-24 16:20:43.322 DEBUG 39436 --- [           main] e.u.l.a.a.a.g.GitHubSprintRepository     : Processing event [GitHubIssueEvent(id=null, type=CROSS_REFERENCED, createdAt=2021-03-16T12:07:35Z, body=null, commitId=null, actor=GitHubUser(login=ireneGamazo))] of issue [Pasar anexos a latex]
2023-09-24 16:20:43.322 DEBUG 39436 --- [           main] e.u.l.a.a.a.g.GitHubSprintRepository     : Processing event [GitHubIssueEvent(id=null, type=CROSS_REFERENCED, createdAt=2021-11-22T21:59:58Z, body=null, commitId=null, actor=GitHubUser(login=jesgararm))] of issue [Pasar anexos a latex]
2023-09-24 16:20:43.323 DEBUG 39436 --- [           main] e.u.l.a.a.a.g.GitHubSprintRepository     : Processing event [GitHubIssueEvent(id=null, type=CROSS_REFERENCED, createdAt=2023-03-13T16:52:35Z, body=null, commitId=null, actor=GitHubUser(login=LydiaOrtiz))] of issue [Pasar anexos a latex]
2023-09-24 16:20:43.323 DEBUG 39436 --- [           main] e.u.l.a.a.a.g.GitHubSprintRepository     : Fetching issue [Pasar SonarQube tribunal] events
2023-09-24 16:20:43.323 DEBUG 39436 --- [           main] e.u.l.a.a.a.github.GitHubApmClient       : [GitHubApmClient#findEventsByIssue] ---> GET https://api.github.com/repos/davidmigloz/go-bees/issues/176/timeline HTTP/1.1
2023-09-24 16:20:43.622 DEBUG 39436 --- [           main] e.u.l.a.a.a.github.GitHubApmClient       : [GitHubApmClient#findEventsByIssue] <--- HTTP/1.1 200 OK (298ms)
2023-09-24 16:20:43.625 DEBUG 39436 --- [           main] e.u.l.a.a.a.g.GitHubSprintRepository     : Fetched [5] events
2023-09-24 16:20:43.625 DEBUG 39436 --- [           main] e.u.l.a.a.a.g.GitHubSprintRepository     : Processing event [GitHubIssueEvent(id=936571209, type=LABELED, createdAt=2017-01-25T18:08:09Z, body=null, commitId=null, actor=GitHubUser(login=davidmigloz))] of issue [Pasar SonarQube tribunal]
2023-09-24 16:20:43.625 DEBUG 39436 --- [           main] e.u.l.a.a.a.g.GitHubSprintRepository     : Processing event [GitHubIssueEvent(id=936571210, type=ASSIGNED, createdAt=2017-01-25T18:08:10Z, body=null, commitId=null, actor=GitHubUser(login=davidmigloz))] of issue [Pasar SonarQube tribunal]
2023-09-24 16:20:43.625 DEBUG 39436 --- [           main] e.u.l.a.a.a.g.GitHubSprintRepository     : Processing event [GitHubIssueEvent(id=277316494, type=COMMENTED, createdAt=2017-02-03T17:57:21Z, body=`$ ./gradlew sonarqube        -Dsonar.host.url=http://prueba-ubugii.rhcloud.com/`, commitId=null, actor=GitHubUser(login=davidmigloz))] of issue [Pasar SonarQube tribunal]
2023-09-24 16:20:43.625 DEBUG 39436 --- [           main] e.u.l.a.a.a.g.GitHubSprintRepository     : Processing event [GitHubIssueEvent(id=949103396, type=CLOSED, createdAt=2017-02-04T12:30:04Z, body=null, commitId=null, actor=GitHubUser(login=davidmigloz))] of issue [Pasar SonarQube tribunal]
2023-09-24 16:20:43.625 DEBUG 39436 --- [           main] e.u.l.a.a.a.g.GitHubSprintRepository     : Processing event [GitHubIssueEvent(id=949103606, type=MILESTONED, createdAt=2017-02-04T12:30:43Z, body=null, commitId=null, actor=GitHubUser(login=davidmigloz))] of issue [Pasar SonarQube tribunal]
2023-09-24 16:20:43.625 DEBUG 39436 --- [           main] e.u.l.a.a.a.g.GitHubSprintRepository     : Fetching issue [Pasar SonarQube tribunal] comments
2023-09-24 16:20:43.626 DEBUG 39436 --- [           main] e.u.l.a.a.a.github.GitHubApmClient       : [GitHubApmClient#findCommentsByIssue] ---> GET https://api.github.com/repos/davidmigloz/go-bees/issues/176/comments HTTP/1.1
2023-09-24 16:20:43.929 DEBUG 39436 --- [           main] e.u.l.a.a.a.github.GitHubApmClient       : [GitHubApmClient#findCommentsByIssue] <--- HTTP/1.1 200 OK (303ms)
2023-09-24 16:20:43.930 DEBUG 39436 --- [           main] e.u.l.a.a.a.g.GitHubSprintRepository     : [1] comments fetched
2023-09-24 16:20:43.930 DEBUG 39436 --- [           main] e.u.l.a.a.a.g.GitHubSprintRepository     : Fetching issue [Imprimir memoria] events
2023-09-24 16:20:43.931 DEBUG 39436 --- [           main] e.u.l.a.a.a.github.GitHubApmClient       : [GitHubApmClient#findEventsByIssue] ---> GET https://api.github.com/repos/davidmigloz/go-bees/issues/166/timeline HTTP/1.1
2023-09-24 16:20:44.441 DEBUG 39436 --- [           main] e.u.l.a.a.a.github.GitHubApmClient       : [GitHubApmClient#findEventsByIssue] <--- HTTP/1.1 200 OK (510ms)
2023-09-24 16:20:44.444 DEBUG 39436 --- [           main] e.u.l.a.a.a.g.GitHubSprintRepository     : Fetched [7] events
2023-09-24 16:20:44.444 DEBUG 39436 --- [           main] e.u.l.a.a.a.g.GitHubSprintRepository     : Processing event [GitHubIssueEvent(id=932016909, type=LABELED, createdAt=2017-01-22T15:39:03Z, body=null, commitId=null, actor=GitHubUser(login=davidmigloz))] of issue [Imprimir memoria]
2023-09-24 16:20:44.444 DEBUG 39436 --- [           main] e.u.l.a.a.a.g.GitHubSprintRepository     : Processing event [GitHubIssueEvent(id=932016910, type=ASSIGNED, createdAt=2017-01-22T15:39:04Z, body=null, commitId=null, actor=GitHubUser(login=davidmigloz))] of issue [Imprimir memoria]
2023-09-24 16:20:44.445 DEBUG 39436 --- [           main] e.u.l.a.a.a.g.GitHubSprintRepository     : Processing event [GitHubIssueEvent(id=947437341, type=REFERENCED, createdAt=2017-02-03T01:29:32Z, body=null, commitId=bcc53af23527b7650fa9333205cb9fc9f9ef7cac, actor=GitHubUser(login=davidmigloz))] of issue [Imprimir memoria]
2023-09-24 16:20:44.445 DEBUG 39436 --- [           main] e.u.l.a.a.a.g.GitHubSprintRepository     : Processing event [GitHubIssueEvent(id=947985265, type=MILESTONED, createdAt=2017-02-03T12:37:17Z, body=null, commitId=null, actor=GitHubUser(login=davidmigloz))] of issue [Imprimir memoria]
2023-09-24 16:20:44.445 DEBUG 39436 --- [           main] e.u.l.a.a.a.g.GitHubSprintRepository     : Processing event [GitHubIssueEvent(id=947985784, type=CLOSED, createdAt=2017-02-03T12:37:51Z, body=null, commitId=null, actor=GitHubUser(login=davidmigloz))] of issue [Imprimir memoria]
2023-09-24 16:20:44.445 DEBUG 39436 --- [           main] e.u.l.a.a.a.g.GitHubSprintRepository     : Processing event [GitHubIssueEvent(id=null, type=CROSS_REFERENCED, createdAt=2021-03-16T21:43:10Z, body=null, commitId=null, actor=GitHubUser(login=jaciperez))] of issue [Imprimir memoria]
2023-09-24 16:20:44.445 DEBUG 39436 --- [           main] e.u.l.a.a.a.g.GitHubSprintRepository     : Processing event [GitHubIssueEvent(id=null, type=CROSS_REFERENCED, createdAt=2021-11-22T21:56:11Z, body=null, commitId=null, actor=GitHubUser(login=jesgararm))] of issue [Imprimir memoria]
2023-09-24 16:20:44.445 DEBUG 39436 --- [           main] e.u.l.a.a.a.g.GitHubSprintRepository     : Fetching issue [Manual del programador] events
2023-09-24 16:20:44.445 DEBUG 39436 --- [           main] e.u.l.a.a.a.github.GitHubApmClient       : [GitHubApmClient#findEventsByIssue] ---> GET https://api.github.com/repos/davidmigloz/go-bees/issues/151/timeline HTTP/1.1
2023-09-24 16:20:44.831 DEBUG 39436 --- [           main] e.u.l.a.a.a.github.GitHubApmClient       : [GitHubApmClient#findEventsByIssue] <--- HTTP/1.1 200 OK (385ms)
2023-09-24 16:20:44.833 DEBUG 39436 --- [           main] e.u.l.a.a.a.g.GitHubSprintRepository     : Fetched [9] events
2023-09-24 16:20:44.833 DEBUG 39436 --- [           main] e.u.l.a.a.a.g.GitHubSprintRepository     : Processing event [GitHubIssueEvent(id=915250076, type=LABELED, createdAt=2017-01-08T15:18:20Z, body=null, commitId=null, actor=GitHubUser(login=davidmigloz))] of issue [Manual del programador]
2023-09-24 16:20:44.833 DEBUG 39436 --- [           main] e.u.l.a.a.a.g.GitHubSprintRepository     : Processing event [GitHubIssueEvent(id=915250077, type=ASSIGNED, createdAt=2017-01-08T15:18:20Z, body=null, commitId=null, actor=GitHubUser(login=davidmigloz))] of issue [Manual del programador]
2023-09-24 16:20:44.833 DEBUG 39436 --- [           main] e.u.l.a.a.a.g.GitHubSprintRepository     : Processing event [GitHubIssueEvent(id=948144254, type=REFERENCED, createdAt=2017-02-03T14:42:33Z, body=null, commitId=674177f869d071c56047ff6656f16dab03cbf2d2, actor=GitHubUser(login=davidmigloz))] of issue [Manual del programador]
2023-09-24 16:20:44.833 DEBUG 39436 --- [           main] e.u.l.a.a.a.g.GitHubSprintRepository     : Processing event [GitHubIssueEvent(id=949103635, type=MILESTONED, createdAt=2017-02-04T12:30:52Z, body=null, commitId=null, actor=GitHubUser(login=davidmigloz))] of issue [Manual del programador]
2023-09-24 16:20:44.833 DEBUG 39436 --- [           main] e.u.l.a.a.a.g.GitHubSprintRepository     : Processing event [GitHubIssueEvent(id=949304874, type=REFERENCED, createdAt=2017-02-05T01:56:38Z, body=null, commitId=368ab1a32862ebfdbdd815ad8701fdb76bb3e487, actor=GitHubUser(login=davidmigloz))] of issue [Manual del programador]
2023-09-24 16:20:44.833 DEBUG 39436 --- [           main] e.u.l.a.a.a.g.GitHubSprintRepository     : Processing event [GitHubIssueEvent(id=949306330, type=CLOSED, createdAt=2017-02-05T02:05:45Z, body=null, commitId=null, actor=GitHubUser(login=davidmigloz))] of issue [Manual del programador]
2023-09-24 16:20:44.833 DEBUG 39436 --- [           main] e.u.l.a.a.a.g.GitHubSprintRepository     : Processing event [GitHubIssueEvent(id=951278131, type=REFERENCED, createdAt=2017-02-07T00:28:17Z, body=null, commitId=af309e0a79b91031c3e8286af3818350c7133726, actor=GitHubUser(login=davidmigloz))] of issue [Manual del programador]
2023-09-24 16:20:44.833 DEBUG 39436 --- [           main] e.u.l.a.a.a.g.GitHubSprintRepository     : Processing event [GitHubIssueEvent(id=null, type=CROSS_REFERENCED, createdAt=2021-03-16T21:36:21Z, body=null, commitId=null, actor=GitHubUser(login=jaciperez))] of issue [Manual del programador]
2023-09-24 16:20:44.833 DEBUG 39436 --- [           main] e.u.l.a.a.a.g.GitHubSprintRepository     : Processing event [GitHubIssueEvent(id=null, type=CROSS_REFERENCED, createdAt=2021-11-22T21:58:49Z, body=null, commitId=null, actor=GitHubUser(login=jesgararm))] of issue [Manual del programador]
  &amp#27;[32mWhen &amp#27;[0m&amp#27;[32mI import the sprint issues&amp#27;[0m                                    &amp#27;[90m# es.ubu.lsi.avrela.bdd.apm.SprintDataImportSteps.iTryToImportTheRepository()&amp#27;[0m
  &amp#27;[32mThen &amp#27;[0m&amp#27;[32mtotal issues should be &amp#27;[0m&amp#27;[32m&amp#27;[1m7&amp#27;[0m                                      &amp#27;[90m# es.ubu.lsi.avrela.bdd.apm.SprintDataImportSteps.totalIssuesShouldBe(java.lang.Long)&amp#27;[0m
  &amp#27;[32mAnd &amp#27;[0m&amp#27;[32mtotal issues labeled as documentation should be &amp#27;[0m&amp#27;[32m&amp#27;[1m4&amp#27;[0m              &amp#27;[90m# es.ubu.lsi.avrela.bdd.apm.SprintDataImportSteps.totalIssuesLabeledAsDocumentationShouldBe(java.lang.Long)&amp#27;[0m
  &amp#27;[32mAnd &amp#27;[0m&amp#27;[32mtotal issues labeled as feature should be &amp#27;[0m&amp#27;[32m&amp#27;[1m0&amp#27;[0m                    &amp#27;[90m# es.ubu.lsi.avrela.bdd.apm.SprintDataImportSteps.totalIssuesLabeledAsFeatureShouldBe(java.lang.Long)&amp#27;[0m
  &amp#27;[32mAnd &amp#27;[0m&amp#27;[32mtotal issues labeled as testing should be &amp#27;[0m&amp#27;[32m&amp#27;[1m1&amp#27;[0m                    &amp#27;[90m# es.ubu.lsi.avrela.bdd.apm.SprintDataImportSteps.totalIssuesLabeledAsTestingShouldBe(java.lang.Long)&amp#27;[0m
  &amp#27;[32mAnd &amp#27;[0m&amp#27;[32mtotal issues labeled as bug should be &amp#27;[0m&amp#27;[32m&amp#27;[1m2&amp#27;[0m                        &amp#27;[90m# es.ubu.lsi.avrela.bdd.apm.SprintDataImportSteps.totalIssuesLabeledAsBugShouldBe(java.lang.Long)&amp#27;[0m
  &amp#27;[32mAnd &amp#27;[0m&amp#27;[32mtotal issues with comments should be &amp#27;[0m&amp#27;[32m&amp#27;[1m1&amp#27;[0m                         &amp#27;[90m# es.ubu.lsi.avrela.bdd.apm.SprintDataImportSteps.totalIssuesWithCommentsShouldBe(java.lang.Long)&amp#27;[0m
  &amp#27;[32mAnd &amp#27;[0m&amp#27;[32mtotal issues with task list should be &amp#27;[0m&amp#27;[32m&amp#27;[1m2&amp#27;[0m                        &amp#27;[90m# es.ubu.lsi.avrela.bdd.apm.SprintDataImportSteps.totalIssuesWithTaskListShouldBe(java.lang.Long)&amp#27;[0m
  &amp#27;[32mAnd &amp#27;[0m&amp#27;[32mtotal closed issues should be &amp#27;[0m&amp#27;[32m&amp#27;[1m7&amp#27;[0m                                &amp#27;[90m# es.ubu.lsi.avrela.bdd.apm.SprintDataImportSteps.totalClosedIssuesShouldBe(java.lang.Long)&amp#27;[0m
]]></system-out>
  </testcase>
  <testcase name="Import sprint data - Sprint import successful - Examples - Example #4" classname="Import sprint data - Sprint import successful - Examples" time="3.807">
    <system-out><![CDATA[
Scenario Outline: Sprint import successful                           &amp#27;[90m# features/apm/SprintDataImport.feature:23&amp#27;[0m
  &amp#27;[32mGiven &amp#27;[0m&amp#27;[32ma repository owned by &amp#27;[0m&amp#27;[32m&amp#27;[1m"davidmigloz"&amp#27;[0m&amp#27;[32m named &amp#27;[0m&amp#27;[32m&amp#27;[1m"go-bees"&amp#27;[0m          &amp#27;[90m# es.ubu.lsi.avrela.bdd.apm.SprintDataImportSteps.aRepositoryOwnedByNamed(java.lang.String,java.lang.String)&amp#27;[0m
  &amp#27;[32mAnd &amp#27;[0m&amp#27;[32mthe sprint dates &amp#27;[0m&amp#27;[32m&amp#27;[1m2017-02-15T07:00:00Z&amp#27;[0m&amp#27;[32m and &amp#27;[0m&amp#27;[32m&amp#27;[1m2017-02-16T08:00:00Z&amp#27;[0m &amp#27;[90m# es.ubu.lsi.avrela.bdd.apm.SprintDataImportSteps.theDatesAnd(java.time.ZonedDateTime,java.time.ZonedDateTime)&amp#27;[0m
2023-09-24 16:20:44.869 DEBUG 39436 --- [           main] e.u.l.a.a.a.g.GitHubSprintRepository     : Using repository identified by owner [davidmigloz] and name [go-bees]
2023-09-24 16:20:44.869 DEBUG 39436 --- [           main] e.u.l.a.a.a.g.GitHubSprintRepository     : Fetching milestones between [2017-02-15T07:00Z] and [2017-02-16T08:00Z]
2023-09-24 16:20:44.870 DEBUG 39436 --- [           main] e.u.l.a.a.a.github.GitHubApmClient       : [GitHubApmClient#findMilestones] ---> GET https://api.github.com/repos/davidmigloz/go-bees/milestones?state=all&page=1&per_page=100 HTTP/1.1
2023-09-24 16:20:45.080 DEBUG 39436 --- [           main] e.u.l.a.a.a.github.GitHubApmClient       : [GitHubApmClient#findMilestones] <--- HTTP/1.1 200 OK (209ms)
2023-09-24 16:20:45.088 DEBUG 39436 --- [           main] e.u.l.a.a.a.g.GitHubSprintRepository     : [22] sprints fetched
2023-09-24 16:20:45.088 DEBUG 39436 --- [           main] e.u.l.a.a.a.g.GitHubSprintRepository     : [1] sprints filtered
2023-09-24 16:20:45.088 DEBUG 39436 --- [           main] e.u.l.a.a.a.g.GitHubSprintRepository     : Fetching milestone [Sprint 19] due on [2017-02-15T08:00Z] issues
2023-09-24 16:20:45.089 DEBUG 39436 --- [           main] e.u.l.a.a.a.github.GitHubApmClient       : [GitHubApmClient#findIssuesByMilestone] ---> GET https://api.github.com/repos/davidmigloz/go-bees/issues?milestone=20&state=all&page=1&per_page=100 HTTP/1.1
2023-09-24 16:20:45.328 DEBUG 39436 --- [           main] e.u.l.a.a.a.github.GitHubApmClient       : [GitHubApmClient#findIssuesByMilestone] <--- HTTP/1.1 200 OK (238ms)
2023-09-24 16:20:45.331 DEBUG 39436 --- [           main] e.u.l.a.a.a.g.GitHubSprintRepository     : [5] issues fetched
2023-09-24 16:20:45.331 DEBUG 39436 --- [           main] e.u.l.a.a.a.g.GitHubSprintRepository     : Fetching issue [Grabar discos] events
2023-09-24 16:20:45.331 DEBUG 39436 --- [           main] e.u.l.a.a.a.github.GitHubApmClient       : [GitHubApmClient#findEventsByIssue] ---> GET https://api.github.com/repos/davidmigloz/go-bees/issues/173/timeline HTTP/1.1
2023-09-24 16:20:45.775 DEBUG 39436 --- [           main] e.u.l.a.a.a.github.GitHubApmClient       : [GitHubApmClient#findEventsByIssue] <--- HTTP/1.1 200 OK (443ms)
2023-09-24 16:20:45.778 DEBUG 39436 --- [           main] e.u.l.a.a.a.g.GitHubSprintRepository     : Fetched [9] events
2023-09-24 16:20:45.778 DEBUG 39436 --- [           main] e.u.l.a.a.a.g.GitHubSprintRepository     : Processing event [GitHubIssueEvent(id=933591075, type=LABELED, createdAt=2017-01-23T22:03:45Z, body=null, commitId=null, actor=GitHubUser(login=davidmigloz))] of issue [Grabar discos]
2023-09-24 16:20:45.778 DEBUG 39436 --- [           main] e.u.l.a.a.a.g.GitHubSprintRepository     : Processing event [GitHubIssueEvent(id=933591076, type=ASSIGNED, createdAt=2017-01-23T22:03:45Z, body=null, commitId=null, actor=GitHubUser(login=davidmigloz))] of issue [Grabar discos]
2023-09-24 16:20:45.778 DEBUG 39436 --- [           main] e.u.l.a.a.a.g.GitHubSprintRepository     : Processing event [GitHubIssueEvent(id=944609938, type=REFERENCED, createdAt=2017-02-01T11:41:23Z, body=null, commitId=0d85bcab1200e43e15378314ffbeb205e47bd151, actor=GitHubUser(login=davidmigloz))] of issue [Grabar discos]
2023-09-24 16:20:45.778 DEBUG 39436 --- [           main] e.u.l.a.a.a.g.GitHubSprintRepository     : Processing event [GitHubIssueEvent(id=944609940, type=REFERENCED, createdAt=2017-02-01T11:41:23Z, body=null, commitId=417cb723ed991ef695fbfc07ff3364bb1d409842, actor=GitHubUser(login=davidmigloz))] of issue [Grabar discos]
2023-09-24 16:20:45.778 DEBUG 39436 --- [           main] e.u.l.a.a.a.g.GitHubSprintRepository     : Processing event [GitHubIssueEvent(id=956552513, type=CLOSED, createdAt=2017-02-10T00:15:52Z, body=null, commitId=null, actor=GitHubUser(login=davidmigloz))] of issue [Grabar discos]
2023-09-24 16:20:45.778 DEBUG 39436 --- [           main] e.u.l.a.a.a.g.GitHubSprintRepository     : Processing event [GitHubIssueEvent(id=956552657, type=MILESTONED, createdAt=2017-02-10T00:16:04Z, body=null, commitId=null, actor=GitHubUser(login=davidmigloz))] of issue [Grabar discos]
2023-09-24 16:20:45.778 DEBUG 39436 --- [           main] e.u.l.a.a.a.g.GitHubSprintRepository     : Processing event [GitHubIssueEvent(id=null, type=CROSS_REFERENCED, createdAt=2021-03-16T22:20:22Z, body=null, commitId=null, actor=GitHubUser(login=jaciperez))] of issue [Grabar discos]
2023-09-24 16:20:45.778 DEBUG 39436 --- [           main] e.u.l.a.a.a.g.GitHubSprintRepository     : Processing event [GitHubIssueEvent(id=null, type=CROSS_REFERENCED, createdAt=2021-11-23T10:03:33Z, body=null, commitId=null, actor=GitHubUser(login=Adripy))] of issue [Grabar discos]
2023-09-24 16:20:45.779 DEBUG 39436 --- [           main] e.u.l.a.a.a.g.GitHubSprintRepository     : Processing event [GitHubIssueEvent(id=null, type=CROSS_REFERENCED, createdAt=2022-03-11T18:11:21Z, body=null, commitId=null, actor=GitHubUser(login=avg1016))] of issue [Grabar discos]
2023-09-24 16:20:45.779 DEBUG 39436 --- [           main] e.u.l.a.a.a.g.GitHubSprintRepository     : Fetching issue [Imprimir cartel] events
2023-09-24 16:20:45.779 DEBUG 39436 --- [           main] e.u.l.a.a.a.github.GitHubApmClient       : [GitHubApmClient#findEventsByIssue] ---> GET https://api.github.com/repos/davidmigloz/go-bees/issues/167/timeline HTTP/1.1
2023-09-24 16:20:46.020 DEBUG 39436 --- [           main] e.u.l.a.a.a.github.GitHubApmClient       : [GitHubApmClient#findEventsByIssue] <--- HTTP/1.1 200 OK (240ms)
2023-09-24 16:20:46.020 DEBUG 39436 --- [           main] e.u.l.a.a.a.g.GitHubSprintRepository     : Fetched [4] events
2023-09-24 16:20:46.020 DEBUG 39436 --- [           main] e.u.l.a.a.a.g.GitHubSprintRepository     : Processing event [GitHubIssueEvent(id=932017344, type=LABELED, createdAt=2017-01-22T15:40:50Z, body=null, commitId=null, actor=GitHubUser(login=davidmigloz))] of issue [Imprimir cartel]
2023-09-24 16:20:46.020 DEBUG 39436 --- [           main] e.u.l.a.a.a.g.GitHubSprintRepository     : Processing event [GitHubIssueEvent(id=932017345, type=ASSIGNED, createdAt=2017-01-22T15:40:50Z, body=null, commitId=null, actor=GitHubUser(login=davidmigloz))] of issue [Imprimir cartel]
2023-09-24 16:20:46.020 DEBUG 39436 --- [           main] e.u.l.a.a.a.g.GitHubSprintRepository     : Processing event [GitHubIssueEvent(id=956553599, type=MILESTONED, createdAt=2017-02-10T00:17:06Z, body=null, commitId=null, actor=GitHubUser(login=davidmigloz))] of issue [Imprimir cartel]
2023-09-24 16:20:46.020 DEBUG 39436 --- [           main] e.u.l.a.a.a.g.GitHubSprintRepository     : Processing event [GitHubIssueEvent(id=962259979, type=CLOSED, createdAt=2017-02-14T23:10:20Z, body=null, commitId=null, actor=GitHubUser(login=davidmigloz))] of issue [Imprimir cartel]
2023-09-24 16:20:46.020 DEBUG 39436 --- [           main] e.u.l.a.a.a.g.GitHubSprintRepository     : Fetching issue [Entrega TFG] events
2023-09-24 16:20:46.021 DEBUG 39436 --- [           main] e.u.l.a.a.a.github.GitHubApmClient       : [GitHubApmClient#findEventsByIssue] ---> GET https://api.github.com/repos/davidmigloz/go-bees/issues/159/timeline HTTP/1.1
2023-09-24 16:20:46.411 DEBUG 39436 --- [           main] e.u.l.a.a.a.github.GitHubApmClient       : [GitHubApmClient#findEventsByIssue] <--- HTTP/1.1 200 OK (390ms)
2023-09-24 16:20:46.414 DEBUG 39436 --- [           main] e.u.l.a.a.a.g.GitHubSprintRepository     : Fetched [8] events
2023-09-24 16:20:46.414 DEBUG 39436 --- [           main] e.u.l.a.a.a.g.GitHubSprintRepository     : Processing event [GitHubIssueEvent(id=924304492, type=LABELED, createdAt=2017-01-16T13:22:59Z, body=null, commitId=null, actor=GitHubUser(login=davidmigloz))] of issue [Entrega TFG]
2023-09-24 16:20:46.414 DEBUG 39436 --- [           main] e.u.l.a.a.a.g.GitHubSprintRepository     : Processing event [GitHubIssueEvent(id=924304494, type=MILESTONED, createdAt=2017-01-16T13:22:59Z, body=null, commitId=null, actor=GitHubUser(login=davidmigloz))] of issue [Entrega TFG]
2023-09-24 16:20:46.414 DEBUG 39436 --- [           main] e.u.l.a.a.a.g.GitHubSprintRepository     : Processing event [GitHubIssueEvent(id=924304496, type=ASSIGNED, createdAt=2017-01-16T13:22:59Z, body=null, commitId=null, actor=GitHubUser(login=davidmigloz))] of issue [Entrega TFG]
2023-09-24 16:20:46.414 DEBUG 39436 --- [           main] e.u.l.a.a.a.g.GitHubSprintRepository     : Processing event [GitHubIssueEvent(id=928322139, type=null, createdAt=2017-01-18T23:20:58Z, body=null, commitId=null, actor=GitHubUser(login=davidmigloz))] of issue [Entrega TFG]
2023-09-24 16:20:46.414 DEBUG 39436 --- [           main] e.u.l.a.a.a.g.GitHubSprintRepository     : Processing event [GitHubIssueEvent(id=277245197, type=COMMENTED, createdAt=2017-02-03T13:21:42Z, body=### Impresos 
- [impreso_biblioteca.docx](https://github.com/davidmigloz/go-bees/files/750543/impreso_biblioteca.docx)
- [impreso_entrega_tfg.docx](https://github.com/davidmigloz/go-bees/files/750544/impreso_entrega_tfg.docx)
, commitId=null, actor=GitHubUser(login=davidmigloz))] of issue [Entrega TFG]
2023-09-24 16:20:46.414 DEBUG 39436 --- [           main] e.u.l.a.a.a.g.GitHubSprintRepository     : Processing event [GitHubIssueEvent(id=956553147, type=MILESTONED, createdAt=2017-02-10T00:16:36Z, body=null, commitId=null, actor=GitHubUser(login=davidmigloz))] of issue [Entrega TFG]
2023-09-24 16:20:46.414 DEBUG 39436 --- [           main] e.u.l.a.a.a.g.GitHubSprintRepository     : Processing event [GitHubIssueEvent(id=958107491, type=CLOSED, createdAt=2017-02-10T23:38:26Z, body=null, commitId=null, actor=GitHubUser(login=davidmigloz))] of issue [Entrega TFG]
2023-09-24 16:20:46.414 DEBUG 39436 --- [           main] e.u.l.a.a.a.g.GitHubSprintRepository     : Processing event [GitHubIssueEvent(id=null, type=CROSS_REFERENCED, createdAt=2021-11-22T19:21:52Z, body=null, commitId=null, actor=GitHubUser(login=jmr1006-ubu))] of issue [Entrega TFG]
2023-09-24 16:20:46.414 DEBUG 39436 --- [           main] e.u.l.a.a.a.g.GitHubSprintRepository     : Fetching issue [Entrega TFG] comments
2023-09-24 16:20:46.415 DEBUG 39436 --- [           main] e.u.l.a.a.a.github.GitHubApmClient       : [GitHubApmClient#findCommentsByIssue] ---> GET https://api.github.com/repos/davidmigloz/go-bees/issues/159/comments HTTP/1.1
2023-09-24 16:20:46.694 DEBUG 39436 --- [           main] e.u.l.a.a.a.github.GitHubApmClient       : [GitHubApmClient#findCommentsByIssue] <--- HTTP/1.1 200 OK (279ms)
2023-09-24 16:20:46.695 DEBUG 39436 --- [           main] e.u.l.a.a.a.g.GitHubSprintRepository     : [1] comments fetched
2023-09-24 16:20:46.695 DEBUG 39436 --- [           main] e.u.l.a.a.a.g.GitHubSprintRepository     : Fetching issue [Diseñar poster] events
2023-09-24 16:20:46.695 DEBUG 39436 --- [           main] e.u.l.a.a.a.github.GitHubApmClient       : [GitHubApmClient#findEventsByIssue] ---> GET https://api.github.com/repos/davidmigloz/go-bees/issues/157/timeline HTTP/1.1
2023-09-24 16:20:47.412 DEBUG 39436 --- [           main] e.u.l.a.a.a.github.GitHubApmClient       : [GitHubApmClient#findEventsByIssue] <--- HTTP/1.1 200 OK (716ms)
2023-09-24 16:20:47.416 DEBUG 39436 --- [           main] e.u.l.a.a.a.g.GitHubSprintRepository     : Fetched [12] events
2023-09-24 16:20:47.416 DEBUG 39436 --- [           main] e.u.l.a.a.a.g.GitHubSprintRepository     : Processing event [GitHubIssueEvent(id=923542743, type=LABELED, createdAt=2017-01-15T16:53:02Z, body=null, commitId=null, actor=GitHubUser(login=davidmigloz))] of issue [Diseñar poster]
2023-09-24 16:20:47.416 DEBUG 39436 --- [           main] e.u.l.a.a.a.g.GitHubSprintRepository     : Processing event [GitHubIssueEvent(id=923542744, type=ASSIGNED, createdAt=2017-01-15T16:53:02Z, body=null, commitId=null, actor=GitHubUser(login=davidmigloz))] of issue [Diseñar poster]
2023-09-24 16:20:47.416 DEBUG 39436 --- [           main] e.u.l.a.a.a.g.GitHubSprintRepository     : Processing event [GitHubIssueEvent(id=932017428, type=null, createdAt=2017-01-22T15:41:06Z, body=null, commitId=null, actor=GitHubUser(login=davidmigloz))] of issue [Diseñar poster]
2023-09-24 16:20:47.416 DEBUG 39436 --- [           main] e.u.l.a.a.a.g.GitHubSprintRepository     : Processing event [GitHubIssueEvent(id=958441936, type=MILESTONED, createdAt=2017-02-11T19:38:45Z, body=null, commitId=null, actor=GitHubUser(login=davidmigloz))] of issue [Diseñar poster]
2023-09-24 16:20:47.416 DEBUG 39436 --- [           main] e.u.l.a.a.a.g.GitHubSprintRepository     : Processing event [GitHubIssueEvent(id=960566808, type=REFERENCED, createdAt=2017-02-14T00:04:13Z, body=null, commitId=fb1b7041eb190ef2621ca5f639c571cb9ff929d2, actor=GitHubUser(login=davidmigloz))] of issue [Diseñar poster]
2023-09-24 16:20:47.417 DEBUG 39436 --- [           main] e.u.l.a.a.a.g.GitHubSprintRepository     : Processing event [GitHubIssueEvent(id=279568230, type=COMMENTED, createdAt=2017-02-14T00:26:12Z, body=https://raw.githubusercontent.com/davidmigloz/go-bees/master/docs/latex/cartel.jpg, commitId=null, actor=GitHubUser(login=davidmigloz))] of issue [Diseñar poster]
2023-09-24 16:20:47.417 DEBUG 39436 --- [           main] e.u.l.a.a.a.g.GitHubSprintRepository     : Processing event [GitHubIssueEvent(id=960586776, type=CLOSED, createdAt=2017-02-14T00:26:20Z, body=null, commitId=null, actor=GitHubUser(login=davidmigloz))] of issue [Diseñar poster]
2023-09-24 16:20:47.417 DEBUG 39436 --- [           main] e.u.l.a.a.a.g.GitHubSprintRepository     : Processing event [GitHubIssueEvent(id=965068379, type=REFERENCED, createdAt=2017-02-16T14:35:56Z, body=null, commitId=fc0cae60bc3ccfaf132b3bedea656ce440042dca, actor=GitHubUser(login=davidmigloz))] of issue [Diseñar poster]
2023-09-24 16:20:47.417 DEBUG 39436 --- [           main] e.u.l.a.a.a.g.GitHubSprintRepository     : Processing event [GitHubIssueEvent(id=null, type=CROSS_REFERENCED, createdAt=2021-03-13T11:05:12Z, body=null, commitId=null, actor=GitHubUser(login=MiriamSanchez11))] of issue [Diseñar poster]
2023-09-24 16:20:47.417 DEBUG 39436 --- [           main] e.u.l.a.a.a.g.GitHubSprintRepository     : Processing event [GitHubIssueEvent(id=null, type=CROSS_REFERENCED, createdAt=2021-03-15T12:51:06Z, body=null, commitId=null, actor=GitHubUser(login=Guillehf01))] of issue [Diseñar poster]
2023-09-24 16:20:47.417 DEBUG 39436 --- [           main] e.u.l.a.a.a.g.GitHubSprintRepository     : Processing event [GitHubIssueEvent(id=null, type=CROSS_REFERENCED, createdAt=2021-03-16T15:18:11Z, body=null, commitId=null, actor=GitHubUser(login=ireneGamazo))] of issue [Diseñar poster]
2023-09-24 16:20:47.417 DEBUG 39436 --- [           main] e.u.l.a.a.a.g.GitHubSprintRepository     : Processing event [GitHubIssueEvent(id=null, type=CROSS_REFERENCED, createdAt=2021-11-23T10:20:21Z, body=null, commitId=null, actor=GitHubUser(login=Adripy))] of issue [Diseñar poster]
2023-09-24 16:20:47.417 DEBUG 39436 --- [           main] e.u.l.a.a.a.g.GitHubSprintRepository     : Fetching issue [Diseñar poster] comments
2023-09-24 16:20:47.418 DEBUG 39436 --- [           main] e.u.l.a.a.a.github.GitHubApmClient       : [GitHubApmClient#findCommentsByIssue] ---> GET https://api.github.com/repos/davidmigloz/go-bees/issues/157/comments HTTP/1.1
2023-09-24 16:20:47.718 DEBUG 39436 --- [           main] e.u.l.a.a.a.github.GitHubApmClient       : [GitHubApmClient#findCommentsByIssue] <--- HTTP/1.1 200 OK (300ms)
2023-09-24 16:20:47.719 DEBUG 39436 --- [           main] e.u.l.a.a.a.g.GitHubSprintRepository     : [1] comments fetched
2023-09-24 16:20:47.719 DEBUG 39436 --- [           main] e.u.l.a.a.a.g.GitHubSprintRepository     : Fetching issue [Crear página web] events
2023-09-24 16:20:47.720 DEBUG 39436 --- [           main] e.u.l.a.a.a.github.GitHubApmClient       : [GitHubApmClient#findEventsByIssue] ---> GET https://api.github.com/repos/davidmigloz/go-bees/issues/96/timeline HTTP/1.1
2023-09-24 16:20:48.332 DEBUG 39436 --- [           main] e.u.l.a.a.a.github.GitHubApmClient       : [GitHubApmClient#findEventsByIssue] <--- HTTP/1.1 200 OK (612ms)
2023-09-24 16:20:48.339 DEBUG 39436 --- [           main] e.u.l.a.a.a.g.GitHubSprintRepository     : Fetched [16] events
2023-09-24 16:20:48.339 DEBUG 39436 --- [           main] e.u.l.a.a.a.g.GitHubSprintRepository     : Processing event [GitHubIssueEvent(id=872482218, type=LABELED, createdAt=2016-11-26T00:09:52Z, body=null, commitId=null, actor=GitHubUser(login=davidmigloz))] of issue [Crear página web]
2023-09-24 16:20:48.340 DEBUG 39436 --- [           main] e.u.l.a.a.a.g.GitHubSprintRepository     : Processing event [GitHubIssueEvent(id=872482219, type=ASSIGNED, createdAt=2016-11-26T00:09:52Z, body=null, commitId=null, actor=GitHubUser(login=davidmigloz))] of issue [Crear página web]
2023-09-24 16:20:48.340 DEBUG 39436 --- [           main] e.u.l.a.a.a.g.GitHubSprintRepository     : Processing event [GitHubIssueEvent(id=956553270, type=MILESTONED, createdAt=2017-02-10T00:16:46Z, body=null, commitId=null, actor=GitHubUser(login=davidmigloz))] of issue [Crear página web]
2023-09-24 16:20:48.340 DEBUG 39436 --- [           main] e.u.l.a.a.a.g.GitHubSprintRepository     : Processing event [GitHubIssueEvent(id=958154100, type=REFERENCED, createdAt=2017-02-11T00:39:43Z, body=null, commitId=5dfc67ae6470435977dc312f71a0f5db714b8523, actor=GitHubUser(login=davidmigloz))] of issue [Crear página web]
2023-09-24 16:20:48.340 DEBUG 39436 --- [           main] e.u.l.a.a.a.g.GitHubSprintRepository     : Processing event [GitHubIssueEvent(id=958154101, type=REFERENCED, createdAt=2017-02-11T00:39:43Z, body=null, commitId=bced5cf90dc7bc5643091fd764b250bd3608e833, actor=GitHubUser(login=davidmigloz))] of issue [Crear página web]
2023-09-24 16:20:48.340 DEBUG 39436 --- [           main] e.u.l.a.a.a.g.GitHubSprintRepository     : Processing event [GitHubIssueEvent(id=958410202, type=REFERENCED, createdAt=2017-02-11T17:46:02Z, body=null, commitId=d1416a50a7fa680231fb8d31cd0a44dd293354af, actor=GitHubUser(login=davidmigloz))] of issue [Crear página web]
2023-09-24 16:20:48.340 DEBUG 39436 --- [           main] e.u.l.a.a.a.g.GitHubSprintRepository     : Processing event [GitHubIssueEvent(id=958421411, type=REFERENCED, createdAt=2017-02-11T18:25:08Z, body=null, commitId=2f02db902e1bc149e88d8a2de6e3254b33ffb79a, actor=GitHubUser(login=davidmigloz))] of issue [Crear página web]
2023-09-24 16:20:48.340 DEBUG 39436 --- [           main] e.u.l.a.a.a.g.GitHubSprintRepository     : Processing event [GitHubIssueEvent(id=958422974, type=REFERENCED, createdAt=2017-02-11T18:30:27Z, body=null, commitId=270d4d4e862e9f0f5cd9fa18defe1af543f88c3c, actor=GitHubUser(login=davidmigloz))] of issue [Crear página web]
2023-09-24 16:20:48.340 DEBUG 39436 --- [           main] e.u.l.a.a.a.g.GitHubSprintRepository     : Processing event [GitHubIssueEvent(id=958437781, type=REFERENCED, createdAt=2017-02-11T19:23:22Z, body=null, commitId=d473fe0fa52a58680c0b5dd81d43c16085689647, actor=GitHubUser(login=davidmigloz))] of issue [Crear página web]
2023-09-24 16:20:48.340 DEBUG 39436 --- [           main] e.u.l.a.a.a.g.GitHubSprintRepository     : Processing event [GitHubIssueEvent(id=958438375, type=REFERENCED, createdAt=2017-02-11T19:25:24Z, body=null, commitId=07a31d8f5a07583ce012782b65e0b46816dedc68, actor=GitHubUser(login=davidmigloz))] of issue [Crear página web]
2023-09-24 16:20:48.340 DEBUG 39436 --- [           main] e.u.l.a.a.a.g.GitHubSprintRepository     : Processing event [GitHubIssueEvent(id=279170239, type=COMMENTED, createdAt=2017-02-11T19:37:42Z, body=http://gobees.io/, commitId=null, actor=GitHubUser(login=davidmigloz))] of issue [Crear página web]
2023-09-24 16:20:48.340 DEBUG 39436 --- [           main] e.u.l.a.a.a.g.GitHubSprintRepository     : Processing event [GitHubIssueEvent(id=958441683, type=CLOSED, createdAt=2017-02-11T19:37:51Z, body=null, commitId=null, actor=GitHubUser(login=davidmigloz))] of issue [Crear página web]
2023-09-24 16:20:48.340 DEBUG 39436 --- [           main] e.u.l.a.a.a.g.GitHubSprintRepository     : Processing event [GitHubIssueEvent(id=null, type=CROSS_REFERENCED, createdAt=2021-03-15T12:54:26Z, body=null, commitId=null, actor=GitHubUser(login=Guillehf01))] of issue [Crear página web]
2023-09-24 16:20:48.340 DEBUG 39436 --- [           main] e.u.l.a.a.a.g.GitHubSprintRepository     : Processing event [GitHubIssueEvent(id=null, type=CROSS_REFERENCED, createdAt=2021-03-16T15:21:08Z, body=null, commitId=null, actor=GitHubUser(login=ireneGamazo))] of issue [Crear página web]
2023-09-24 16:20:48.340 DEBUG 39436 --- [           main] e.u.l.a.a.a.g.GitHubSprintRepository     : Processing event [GitHubIssueEvent(id=null, type=CROSS_REFERENCED, createdAt=2021-11-23T10:18:30Z, body=null, commitId=null, actor=GitHubUser(login=Adripy))] of issue [Crear página web]
2023-09-24 16:20:48.340 DEBUG 39436 --- [           main] e.u.l.a.a.a.g.GitHubSprintRepository     : Processing event [GitHubIssueEvent(id=null, type=CROSS_REFERENCED, createdAt=2022-11-22T17:08:21Z, body=null, commitId=null, actor=GitHubUser(login=AdrianAlcaldeAlzaga))] of issue [Crear página web]
2023-09-24 16:20:48.340 DEBUG 39436 --- [           main] e.u.l.a.a.a.g.GitHubSprintRepository     : Fetching issue [Crear página web] comments
2023-09-24 16:20:48.340 DEBUG 39436 --- [           main] e.u.l.a.a.a.github.GitHubApmClient       : [GitHubApmClient#findCommentsByIssue] ---> GET https://api.github.com/repos/davidmigloz/go-bees/issues/96/comments HTTP/1.1
2023-09-24 16:20:48.639 DEBUG 39436 --- [           main] e.u.l.a.a.a.github.GitHubApmClient       : [GitHubApmClient#findCommentsByIssue] <--- HTTP/1.1 200 OK (299ms)
2023-09-24 16:20:48.640 DEBUG 39436 --- [           main] e.u.l.a.a.a.g.GitHubSprintRepository     : [1] comments fetched
  &amp#27;[32mWhen &amp#27;[0m&amp#27;[32mI import the sprint issues&amp#27;[0m                                    &amp#27;[90m# es.ubu.lsi.avrela.bdd.apm.SprintDataImportSteps.iTryToImportTheRepository()&amp#27;[0m
  &amp#27;[32mThen &amp#27;[0m&amp#27;[32mtotal issues should be &amp#27;[0m&amp#27;[32m&amp#27;[1m5&amp#27;[0m                                      &amp#27;[90m# es.ubu.lsi.avrela.bdd.apm.SprintDataImportSteps.totalIssuesShouldBe(java.lang.Long)&amp#27;[0m
  &amp#27;[32mAnd &amp#27;[0m&amp#27;[32mtotal issues labeled as documentation should be &amp#27;[0m&amp#27;[32m&amp#27;[1m4&amp#27;[0m              &amp#27;[90m# es.ubu.lsi.avrela.bdd.apm.SprintDataImportSteps.totalIssuesLabeledAsDocumentationShouldBe(java.lang.Long)&amp#27;[0m
  &amp#27;[32mAnd &amp#27;[0m&amp#27;[32mtotal issues labeled as feature should be &amp#27;[0m&amp#27;[32m&amp#27;[1m1&amp#27;[0m                    &amp#27;[90m# es.ubu.lsi.avrela.bdd.apm.SprintDataImportSteps.totalIssuesLabeledAsFeatureShouldBe(java.lang.Long)&amp#27;[0m
  &amp#27;[32mAnd &amp#27;[0m&amp#27;[32mtotal issues labeled as testing should be &amp#27;[0m&amp#27;[32m&amp#27;[1m0&amp#27;[0m                    &amp#27;[90m# es.ubu.lsi.avrela.bdd.apm.SprintDataImportSteps.totalIssuesLabeledAsTestingShouldBe(java.lang.Long)&amp#27;[0m
  &amp#27;[32mAnd &amp#27;[0m&amp#27;[32mtotal issues labeled as bug should be &amp#27;[0m&amp#27;[32m&amp#27;[1m0&amp#27;[0m                        &amp#27;[90m# es.ubu.lsi.avrela.bdd.apm.SprintDataImportSteps.totalIssuesLabeledAsBugShouldBe(java.lang.Long)&amp#27;[0m
  &amp#27;[32mAnd &amp#27;[0m&amp#27;[32mtotal issues with comments should be &amp#27;[0m&amp#27;[32m&amp#27;[1m3&amp#27;[0m                         &amp#27;[90m# es.ubu.lsi.avrela.bdd.apm.SprintDataImportSteps.totalIssuesWithCommentsShouldBe(java.lang.Long)&amp#27;[0m
  &amp#27;[32mAnd &amp#27;[0m&amp#27;[32mtotal issues with task list should be &amp#27;[0m&amp#27;[32m&amp#27;[1m1&amp#27;[0m                        &amp#27;[90m# es.ubu.lsi.avrela.bdd.apm.SprintDataImportSteps.totalIssuesWithTaskListShouldBe(java.lang.Long)&amp#27;[0m
  &amp#27;[32mAnd &amp#27;[0m&amp#27;[32mtotal closed issues should be &amp#27;[0m&amp#27;[32m&amp#27;[1m5&amp#27;[0m                                &amp#27;[90m# es.ubu.lsi.avrela.bdd.apm.SprintDataImportSteps.totalClosedIssuesShouldBe(java.lang.Long)&amp#27;[0m
]]></system-out>
  </testcase>
  <testcase name="Agile project management simulation case study evaluation - Successful evaluation" classname="Agile project management simulation case study evaluation" time="20.486">
    <system-out><![CDATA[
Scenario: Successful evaluation                                                                                                              &amp#27;[90m# features/css/ApmCaseStudySimulationEvaluation.feature:8&amp#27;[0m
2023-09-24 16:20:48.709 DEBUG 39436 --- [           main] e.u.l.a.a.a.g.GitHubSprintRepository     : Using repository identified by owner [davidmigloz] and name [go-bees]
2023-09-24 16:20:48.709 DEBUG 39436 --- [           main] e.u.l.a.a.a.g.GitHubSprintRepository     : Fetching milestones between [2017-01-25T00:00Z] and [2017-01-25T23:59:59Z]
2023-09-24 16:20:48.711 DEBUG 39436 --- [           main] e.u.l.a.a.a.github.GitHubApmClient       : [GitHubApmClient#findMilestones] ---> GET https://api.github.com/repos/davidmigloz/go-bees/milestones?state=all&page=1&per_page=100 HTTP/1.1
2023-09-24 16:20:48.947 DEBUG 39436 --- [           main] e.u.l.a.a.a.github.GitHubApmClient       : [GitHubApmClient#findMilestones] <--- HTTP/1.1 200 OK (235ms)
2023-09-24 16:20:48.953 DEBUG 39436 --- [           main] e.u.l.a.a.a.g.GitHubSprintRepository     : [22] sprints fetched
2023-09-24 16:20:48.954 DEBUG 39436 --- [           main] e.u.l.a.a.a.g.GitHubSprintRepository     : [1] sprints filtered
2023-09-24 16:20:48.954 DEBUG 39436 --- [           main] e.u.l.a.a.a.g.GitHubSprintRepository     : Fetching milestone [Sprint 16] due on [2017-01-25T08:00Z] issues
2023-09-24 16:20:48.954 DEBUG 39436 --- [           main] e.u.l.a.a.a.github.GitHubApmClient       : [GitHubApmClient#findIssuesByMilestone] ---> GET https://api.github.com/repos/davidmigloz/go-bees/issues?milestone=17&state=all&page=1&per_page=100 HTTP/1.1
2023-09-24 16:20:49.358 DEBUG 39436 --- [           main] e.u.l.a.a.a.github.GitHubApmClient       : [GitHubApmClient#findIssuesByMilestone] <--- HTTP/1.1 200 OK (403ms)
2023-09-24 16:20:49.365 DEBUG 39436 --- [           main] e.u.l.a.a.a.g.GitHubSprintRepository     : [17] issues fetched
2023-09-24 16:20:49.366 DEBUG 39436 --- [           main] e.u.l.a.a.a.g.GitHubSprintRepository     : Fetching issue [Añadir coordenadas manualmente] events
2023-09-24 16:20:49.366 DEBUG 39436 --- [           main] e.u.l.a.a.a.github.GitHubApmClient       : [GitHubApmClient#findEventsByIssue] ---> GET https://api.github.com/repos/davidmigloz/go-bees/issues/175/timeline HTTP/1.1
2023-09-24 16:20:50.074 DEBUG 39436 --- [           main] e.u.l.a.a.a.github.GitHubApmClient       : [GitHubApmClient#findEventsByIssue] <--- HTTP/1.1 200 OK (707ms)
2023-09-24 16:20:50.080 DEBUG 39436 --- [           main] e.u.l.a.a.a.g.GitHubSprintRepository     : Fetched [11] events
2023-09-24 16:20:50.080 DEBUG 39436 --- [           main] e.u.l.a.a.a.g.GitHubSprintRepository     : Processing event [GitHubIssueEvent(id=935403479, type=LABELED, createdAt=2017-01-24T23:53:27Z, body=null, commitId=null, actor=GitHubUser(login=davidmigloz))] of issue [Añadir coordenadas manualmente]
2023-09-24 16:20:50.080 DEBUG 39436 --- [           main] e.u.l.a.a.a.g.GitHubSprintRepository     : Processing event [GitHubIssueEvent(id=935403480, type=MILESTONED, createdAt=2017-01-24T23:53:27Z, body=null, commitId=null, actor=GitHubUser(login=davidmigloz))] of issue [Añadir coordenadas manualmente]
2023-09-24 16:20:50.080 DEBUG 39436 --- [           main] e.u.l.a.a.a.g.GitHubSprintRepository     : Processing event [GitHubIssueEvent(id=935403481, type=ASSIGNED, createdAt=2017-01-24T23:53:27Z, body=null, commitId=null, actor=GitHubUser(login=davidmigloz))] of issue [Añadir coordenadas manualmente]
2023-09-24 16:20:50.080 DEBUG 39436 --- [           main] e.u.l.a.a.a.g.GitHubSprintRepository     : Processing event [GitHubIssueEvent(id=935406869, type=REFERENCED, createdAt=2017-01-24T23:57:03Z, body=null, commitId=b15f3e86c3007d75a41ac3cb53db77ec9e79816b, actor=GitHubUser(login=davidmigloz))] of issue [Añadir coordenadas manualmente]
2023-09-24 16:20:50.081 DEBUG 39436 --- [           main] e.u.l.a.a.a.g.GitHubSprintRepository     : Processing event [GitHubIssueEvent(id=935410092, type=CLOSED, createdAt=2017-01-25T00:00:34Z, body=null, commitId=null, actor=GitHubUser(login=davidmigloz))] of issue [Añadir coordenadas manualmente]
2023-09-24 16:20:50.081 DEBUG 39436 --- [           main] e.u.l.a.a.a.g.GitHubSprintRepository     : Processing event [GitHubIssueEvent(id=null, type=CROSS_REFERENCED, createdAt=2021-03-12T17:54:29Z, body=null, commitId=null, actor=GitHubUser(login=NaiaraGadea))] of issue [Añadir coordenadas manualmente]
2023-09-24 16:20:50.081 DEBUG 39436 --- [           main] e.u.l.a.a.a.g.GitHubSprintRepository     : Processing event [GitHubIssueEvent(id=null, type=CROSS_REFERENCED, createdAt=2021-03-15T11:35:28Z, body=null, commitId=null, actor=GitHubUser(login=FeliRad-sum))] of issue [Añadir coordenadas manualmente]
2023-09-24 16:20:50.081 DEBUG 39436 --- [           main] e.u.l.a.a.a.g.GitHubSprintRepository     : Processing event [GitHubIssueEvent(id=null, type=CROSS_REFERENCED, createdAt=2021-03-16T11:37:56Z, body=null, commitId=null, actor=GitHubUser(login=VictorBarcina01))] of issue [Añadir coordenadas manualmente]
2023-09-24 16:20:50.081 DEBUG 39436 --- [           main] e.u.l.a.a.a.g.GitHubSprintRepository     : Processing event [GitHubIssueEvent(id=null, type=CROSS_REFERENCED, createdAt=2021-03-17T10:48:13Z, body=null, commitId=null, actor=GitHubUser(login=gonsanmames))] of issue [Añadir coordenadas manualmente]
2023-09-24 16:20:50.081 DEBUG 39436 --- [           main] e.u.l.a.a.a.g.GitHubSprintRepository     : Processing event [GitHubIssueEvent(id=null, type=CROSS_REFERENCED, createdAt=2021-11-22T20:33:35Z, body=null, commitId=null, actor=GitHubUser(login=jesgararm))] of issue [Añadir coordenadas manualmente]
2023-09-24 16:20:50.081 DEBUG 39436 --- [           main] e.u.l.a.a.a.g.GitHubSprintRepository     : Processing event [GitHubIssueEvent(id=null, type=CROSS_REFERENCED, createdAt=2023-05-08T11:18:42Z, body=null, commitId=null, actor=GitHubUser(login=clopezno))] of issue [Añadir coordenadas manualmente]
2023-09-24 16:20:50.081 DEBUG 39436 --- [           main] e.u.l.a.a.a.g.GitHubSprintRepository     : Fetching issue [Diseño de interfaces] events
2023-09-24 16:20:50.081 DEBUG 39436 --- [           main] e.u.l.a.a.a.github.GitHubApmClient       : [GitHubApmClient#findEventsByIssue] ---> GET https://api.github.com/repos/davidmigloz/go-bees/issues/174/timeline HTTP/1.1
2023-09-24 16:20:50.688 DEBUG 39436 --- [           main] e.u.l.a.a.a.github.GitHubApmClient       : [GitHubApmClient#findEventsByIssue] <--- HTTP/1.1 200 OK (606ms)
2023-09-24 16:20:50.693 DEBUG 39436 --- [           main] e.u.l.a.a.a.g.GitHubSprintRepository     : Fetched [11] events
2023-09-24 16:20:50.694 DEBUG 39436 --- [           main] e.u.l.a.a.a.g.GitHubSprintRepository     : Processing event [GitHubIssueEvent(id=933831694, type=LABELED, createdAt=2017-01-24T01:59:36Z, body=null, commitId=null, actor=GitHubUser(login=davidmigloz))] of issue [Diseño de interfaces]
2023-09-24 16:20:50.694 DEBUG 39436 --- [           main] e.u.l.a.a.a.g.GitHubSprintRepository     : Processing event [GitHubIssueEvent(id=933831695, type=MILESTONED, createdAt=2017-01-24T01:59:36Z, body=null, commitId=null, actor=GitHubUser(login=davidmigloz))] of issue [Diseño de interfaces]
2023-09-24 16:20:50.694 DEBUG 39436 --- [           main] e.u.l.a.a.a.g.GitHubSprintRepository     : Processing event [GitHubIssueEvent(id=933831696, type=ASSIGNED, createdAt=2017-01-24T01:59:36Z, body=null, commitId=null, actor=GitHubUser(login=davidmigloz))] of issue [Diseño de interfaces]
2023-09-24 16:20:50.694 DEBUG 39436 --- [           main] e.u.l.a.a.a.g.GitHubSprintRepository     : Processing event [GitHubIssueEvent(id=933834164, type=REFERENCED, createdAt=2017-01-24T02:02:34Z, body=null, commitId=ac7374fb9bdc9c6a4ac4c2c814a40b584de53d70, actor=GitHubUser(login=davidmigloz))] of issue [Diseño de interfaces]
2023-09-24 16:20:50.694 DEBUG 39436 --- [           main] e.u.l.a.a.a.g.GitHubSprintRepository     : Processing event [GitHubIssueEvent(id=933834711, type=CLOSED, createdAt=2017-01-24T02:03:10Z, body=null, commitId=null, actor=GitHubUser(login=davidmigloz))] of issue [Diseño de interfaces]
2023-09-24 16:20:50.694 DEBUG 39436 --- [           main] e.u.l.a.a.a.g.GitHubSprintRepository     : Processing event [GitHubIssueEvent(id=933840090, type=REFERENCED, createdAt=2017-01-24T02:09:15Z, body=null, commitId=a388d08d6a4d014782f21553a593d92524812c16, actor=GitHubUser(login=davidmigloz))] of issue [Diseño de interfaces]
2023-09-24 16:20:50.694 DEBUG 39436 --- [           main] e.u.l.a.a.a.g.GitHubSprintRepository     : Processing event [GitHubIssueEvent(id=null, type=CROSS_REFERENCED, createdAt=2021-03-12T18:01:58Z, body=null, commitId=null, actor=GitHubUser(login=NaiaraGadea))] of issue [Diseño de interfaces]
2023-09-24 16:20:50.694 DEBUG 39436 --- [           main] e.u.l.a.a.a.g.GitHubSprintRepository     : Processing event [GitHubIssueEvent(id=null, type=CROSS_REFERENCED, createdAt=2021-03-15T11:31:51Z, body=null, commitId=null, actor=GitHubUser(login=FeliRad-sum))] of issue [Diseño de interfaces]
2023-09-24 16:20:50.694 DEBUG 39436 --- [           main] e.u.l.a.a.a.g.GitHubSprintRepository     : Processing event [GitHubIssueEvent(id=null, type=CROSS_REFERENCED, createdAt=2021-03-16T11:54:12Z, body=null, commitId=null, actor=GitHubUser(login=VictorBarcina01))] of issue [Diseño de interfaces]
2023-09-24 16:20:50.694 DEBUG 39436 --- [           main] e.u.l.a.a.a.g.GitHubSprintRepository     : Processing event [GitHubIssueEvent(id=null, type=CROSS_REFERENCED, createdAt=2021-03-17T10:52:12Z, body=null, commitId=null, actor=GitHubUser(login=gonsanmames))] of issue [Diseño de interfaces]
2023-09-24 16:20:50.694 DEBUG 39436 --- [           main] e.u.l.a.a.a.g.GitHubSprintRepository     : Processing event [GitHubIssueEvent(id=null, type=CROSS_REFERENCED, createdAt=2021-11-22T20:32:55Z, body=null, commitId=null, actor=GitHubUser(login=jesgararm))] of issue [Diseño de interfaces]
2023-09-24 16:20:50.694 DEBUG 39436 --- [           main] e.u.l.a.a.a.g.GitHubSprintRepository     : Fetching issue [Incrementar la cobertura en las clases de utilidad] events
2023-09-24 16:20:50.694 DEBUG 39436 --- [           main] e.u.l.a.a.a.github.GitHubApmClient       : [GitHubApmClient#findEventsByIssue] ---> GET https://api.github.com/repos/davidmigloz/go-bees/issues/171/timeline HTTP/1.1
2023-09-24 16:20:51.302 DEBUG 39436 --- [           main] e.u.l.a.a.a.github.GitHubApmClient       : [GitHubApmClient#findEventsByIssue] <--- HTTP/1.1 200 OK (607ms)
2023-09-24 16:20:51.305 DEBUG 39436 --- [           main] e.u.l.a.a.a.g.GitHubSprintRepository     : Fetched [9] events
2023-09-24 16:20:51.305 DEBUG 39436 --- [           main] e.u.l.a.a.a.g.GitHubSprintRepository     : Processing event [GitHubIssueEvent(id=932825110, type=LABELED, createdAt=2017-01-23T13:48:48Z, body=null, commitId=null, actor=GitHubUser(login=davidmigloz))] of issue [Incrementar la cobertura en las clases de utilidad]
2023-09-24 16:20:51.305 DEBUG 39436 --- [           main] e.u.l.a.a.a.g.GitHubSprintRepository     : Processing event [GitHubIssueEvent(id=932825113, type=MILESTONED, createdAt=2017-01-23T13:48:48Z, body=null, commitId=null, actor=GitHubUser(login=davidmigloz))] of issue [Incrementar la cobertura en las clases de utilidad]
2023-09-24 16:20:51.305 DEBUG 39436 --- [           main] e.u.l.a.a.a.g.GitHubSprintRepository     : Processing event [GitHubIssueEvent(id=932825114, type=ASSIGNED, createdAt=2017-01-23T13:48:48Z, body=null, commitId=null, actor=GitHubUser(login=davidmigloz))] of issue [Incrementar la cobertura en las clases de utilidad]
2023-09-24 16:20:51.305 DEBUG 39436 --- [           main] e.u.l.a.a.a.g.GitHubSprintRepository     : Processing event [GitHubIssueEvent(id=932826785, type=REFERENCED, createdAt=2017-01-23T13:50:01Z, body=null, commitId=8600afb35ccb8fec085a430112deba17330b95a9, actor=GitHubUser(login=davidmigloz))] of issue [Incrementar la cobertura en las clases de utilidad]
2023-09-24 16:20:51.305 DEBUG 39436 --- [           main] e.u.l.a.a.a.g.GitHubSprintRepository     : Processing event [GitHubIssueEvent(id=932828474, type=CLOSED, createdAt=2017-01-23T13:51:23Z, body=null, commitId=null, actor=GitHubUser(login=davidmigloz))] of issue [Incrementar la cobertura en las clases de utilidad]
2023-09-24 16:20:51.305 DEBUG 39436 --- [           main] e.u.l.a.a.a.g.GitHubSprintRepository     : Processing event [GitHubIssueEvent(id=936372418, type=null, createdAt=2017-01-25T16:04:59Z, body=null, commitId=null, actor=GitHubUser(login=davidmigloz))] of issue [Incrementar la cobertura en las clases de utilidad]
2023-09-24 16:20:51.305 DEBUG 39436 --- [           main] e.u.l.a.a.a.g.GitHubSprintRepository     : Processing event [GitHubIssueEvent(id=null, type=CROSS_REFERENCED, createdAt=2021-03-15T11:14:33Z, body=null, commitId=null, actor=GitHubUser(login=FeliRad-sum))] of issue [Incrementar la cobertura en las clases de utilidad]
2023-09-24 16:20:51.305 DEBUG 39436 --- [           main] e.u.l.a.a.a.g.GitHubSprintRepository     : Processing event [GitHubIssueEvent(id=null, type=CROSS_REFERENCED, createdAt=2021-03-17T11:09:32Z, body=null, commitId=null, actor=GitHubUser(login=gonsanmames))] of issue [Incrementar la cobertura en las clases de utilidad]
2023-09-24 16:20:51.305 DEBUG 39436 --- [           main] e.u.l.a.a.a.g.GitHubSprintRepository     : Processing event [GitHubIssueEvent(id=null, type=CROSS_REFERENCED, createdAt=2021-11-22T20:30:40Z, body=null, commitId=null, actor=GitHubUser(login=jesgararm))] of issue [Incrementar la cobertura en las clases de utilidad]
2023-09-24 16:20:51.305 DEBUG 39436 --- [           main] e.u.l.a.a.a.g.GitHubSprintRepository     : Fetching issue [Solapamiento con condiciones meteorológicas largas] events
2023-09-24 16:20:51.306 DEBUG 39436 --- [           main] e.u.l.a.a.a.github.GitHubApmClient       : [GitHubApmClient#findEventsByIssue] ---> GET https://api.github.com/repos/davidmigloz/go-bees/issues/170/timeline HTTP/1.1
2023-09-24 16:20:51.712 DEBUG 39436 --- [           main] e.u.l.a.a.a.github.GitHubApmClient       : [GitHubApmClient#findEventsByIssue] <--- HTTP/1.1 200 OK (406ms)
2023-09-24 16:20:51.716 DEBUG 39436 --- [           main] e.u.l.a.a.a.g.GitHubSprintRepository     : Fetched [7] events
2023-09-24 16:20:51.716 DEBUG 39436 --- [           main] e.u.l.a.a.a.g.GitHubSprintRepository     : Processing event [GitHubIssueEvent(id=932044159, type=LABELED, createdAt=2017-01-22T17:19Z, body=null, commitId=null, actor=GitHubUser(login=davidmigloz))] of issue [Solapamiento con condiciones meteorológicas largas]
2023-09-24 16:20:51.716 DEBUG 39436 --- [           main] e.u.l.a.a.a.g.GitHubSprintRepository     : Processing event [GitHubIssueEvent(id=932044160, type=MILESTONED, createdAt=2017-01-22T17:19Z, body=null, commitId=null, actor=GitHubUser(login=davidmigloz))] of issue [Solapamiento con condiciones meteorológicas largas]
2023-09-24 16:20:51.716 DEBUG 39436 --- [           main] e.u.l.a.a.a.g.GitHubSprintRepository     : Processing event [GitHubIssueEvent(id=932044161, type=ASSIGNED, createdAt=2017-01-22T17:19Z, body=null, commitId=null, actor=GitHubUser(login=davidmigloz))] of issue [Solapamiento con condiciones meteorológicas largas]
2023-09-24 16:20:51.716 DEBUG 39436 --- [           main] e.u.l.a.a.a.g.GitHubSprintRepository     : Processing event [GitHubIssueEvent(id=932046274, type=REFERENCED, createdAt=2017-01-22T17:27:52Z, body=null, commitId=c90948ef1d7cbf0dadf0d4f0b45d4c43dc7ac826, actor=GitHubUser(login=davidmigloz))] of issue [Solapamiento con condiciones meteorológicas largas]
2023-09-24 16:20:51.716 DEBUG 39436 --- [           main] e.u.l.a.a.a.g.GitHubSprintRepository     : Processing event [GitHubIssueEvent(id=932046451, type=CLOSED, createdAt=2017-01-22T17:28:25Z, body=null, commitId=null, actor=GitHubUser(login=davidmigloz))] of issue [Solapamiento con condiciones meteorológicas largas]
2023-09-24 16:20:51.716 DEBUG 39436 --- [           main] e.u.l.a.a.a.g.GitHubSprintRepository     : Processing event [GitHubIssueEvent(id=null, type=CROSS_REFERENCED, createdAt=2021-03-17T11:16:10Z, body=null, commitId=null, actor=GitHubUser(login=gonsanmames))] of issue [Solapamiento con condiciones meteorológicas largas]
2023-09-24 16:20:51.716 DEBUG 39436 --- [           main] e.u.l.a.a.a.g.GitHubSprintRepository     : Processing event [GitHubIssueEvent(id=null, type=CROSS_REFERENCED, createdAt=2021-11-22T20:29:55Z, body=null, commitId=null, actor=GitHubUser(login=jesgararm))] of issue [Solapamiento con condiciones meteorológicas largas]
2023-09-24 16:20:51.716 DEBUG 39436 --- [           main] e.u.l.a.a.a.g.GitHubSprintRepository     : Fetching issue [Permitir notas multilinea] events
2023-09-24 16:20:51.717 DEBUG 39436 --- [           main] e.u.l.a.a.a.github.GitHubApmClient       : [GitHubApmClient#findEventsByIssue] ---> GET https://api.github.com/repos/davidmigloz/go-bees/issues/169/timeline HTTP/1.1
2023-09-24 16:20:52.224 DEBUG 39436 --- [           main] e.u.l.a.a.a.github.GitHubApmClient       : [GitHubApmClient#findEventsByIssue] <--- HTTP/1.1 200 OK (506ms)
2023-09-24 16:20:52.228 DEBUG 39436 --- [           main] e.u.l.a.a.a.g.GitHubSprintRepository     : Fetched [8] events
2023-09-24 16:20:52.228 DEBUG 39436 --- [           main] e.u.l.a.a.a.g.GitHubSprintRepository     : Processing event [GitHubIssueEvent(id=932037647, type=LABELED, createdAt=2017-01-22T16:55:26Z, body=null, commitId=null, actor=GitHubUser(login=davidmigloz))] of issue [Permitir notas multilinea]
2023-09-24 16:20:52.228 DEBUG 39436 --- [           main] e.u.l.a.a.a.g.GitHubSprintRepository     : Processing event [GitHubIssueEvent(id=932037648, type=MILESTONED, createdAt=2017-01-22T16:55:26Z, body=null, commitId=null, actor=GitHubUser(login=davidmigloz))] of issue [Permitir notas multilinea]
2023-09-24 16:20:52.228 DEBUG 39436 --- [           main] e.u.l.a.a.a.g.GitHubSprintRepository     : Processing event [GitHubIssueEvent(id=932037649, type=ASSIGNED, createdAt=2017-01-22T16:55:26Z, body=null, commitId=null, actor=GitHubUser(login=davidmigloz))] of issue [Permitir notas multilinea]
2023-09-24 16:20:52.228 DEBUG 39436 --- [           main] e.u.l.a.a.a.g.GitHubSprintRepository     : Processing event [GitHubIssueEvent(id=932044018, type=CLOSED, createdAt=2017-01-22T17:18:12Z, body=null, commitId=null, actor=GitHubUser(login=davidmigloz))] of issue [Permitir notas multilinea]
2023-09-24 16:20:52.228 DEBUG 39436 --- [           main] e.u.l.a.a.a.g.GitHubSprintRepository     : Processing event [GitHubIssueEvent(id=932046273, type=REFERENCED, createdAt=2017-01-22T17:27:52Z, body=null, commitId=2da3c6ad6d9cfaed956e7277091c8467fefa9ab7, actor=GitHubUser(login=davidmigloz))] of issue [Permitir notas multilinea]
2023-09-24 16:20:52.235 DEBUG 39436 --- [           main] e.u.l.a.a.a.g.GitHubSprintRepository     : Processing event [GitHubIssueEvent(id=null, type=CROSS_REFERENCED, createdAt=2021-03-17T11:24:36Z, body=null, commitId=null, actor=GitHubUser(login=gonsanmames))] of issue [Permitir notas multilinea]
2023-09-24 16:20:52.235 DEBUG 39436 --- [           main] e.u.l.a.a.a.g.GitHubSprintRepository     : Processing event [GitHubIssueEvent(id=null, type=CROSS_REFERENCED, createdAt=2021-11-22T20:29:21Z, body=null, commitId=null, actor=GitHubUser(login=jesgararm))] of issue [Permitir notas multilinea]
2023-09-24 16:20:52.235 DEBUG 39436 --- [           main] e.u.l.a.a.a.g.GitHubSprintRepository     : Processing event [GitHubIssueEvent(id=null, type=CROSS_REFERENCED, createdAt=2022-11-22T15:37:52Z, body=null, commitId=null, actor=GitHubUser(login=Mno0004ubu))] of issue [Permitir notas multilinea]
2023-09-24 16:20:52.236 DEBUG 39436 --- [           main] e.u.l.a.a.a.g.GitHubSprintRepository     : Fetching issue [Borrar anterior registro al actualizar el tiempo actual] events
2023-09-24 16:20:52.236 DEBUG 39436 --- [           main] e.u.l.a.a.a.github.GitHubApmClient       : [GitHubApmClient#findEventsByIssue] ---> GET https://api.github.com/repos/davidmigloz/go-bees/issues/168/timeline HTTP/1.1
2023-09-24 16:20:52.838 DEBUG 39436 --- [           main] e.u.l.a.a.a.github.GitHubApmClient       : [GitHubApmClient#findEventsByIssue] <--- HTTP/1.1 200 OK (602ms)
2023-09-24 16:20:52.843 DEBUG 39436 --- [           main] e.u.l.a.a.a.g.GitHubSprintRepository     : Fetched [10] events
2023-09-24 16:20:52.843 DEBUG 39436 --- [           main] e.u.l.a.a.a.g.GitHubSprintRepository     : Processing event [GitHubIssueEvent(id=932035781, type=LABELED, createdAt=2017-01-22T16:48:02Z, body=null, commitId=null, actor=GitHubUser(login=davidmigloz))] of issue [Borrar anterior registro al actualizar el tiempo actual]
2023-09-24 16:20:52.843 DEBUG 39436 --- [           main] e.u.l.a.a.a.g.GitHubSprintRepository     : Processing event [GitHubIssueEvent(id=932035782, type=MILESTONED, createdAt=2017-01-22T16:48:02Z, body=null, commitId=null, actor=GitHubUser(login=davidmigloz))] of issue [Borrar anterior registro al actualizar el tiempo actual]
2023-09-24 16:20:52.843 DEBUG 39436 --- [           main] e.u.l.a.a.a.g.GitHubSprintRepository     : Processing event [GitHubIssueEvent(id=932035783, type=ASSIGNED, createdAt=2017-01-22T16:48:02Z, body=null, commitId=null, actor=GitHubUser(login=davidmigloz))] of issue [Borrar anterior registro al actualizar el tiempo actual]
2023-09-24 16:20:52.844 DEBUG 39436 --- [           main] e.u.l.a.a.a.g.GitHubSprintRepository     : Processing event [GitHubIssueEvent(id=932037432, type=CLOSED, createdAt=2017-01-22T16:54:36Z, body=null, commitId=null, actor=GitHubUser(login=davidmigloz))] of issue [Borrar anterior registro al actualizar el tiempo actual]
2023-09-24 16:20:52.844 DEBUG 39436 --- [           main] e.u.l.a.a.a.g.GitHubSprintRepository     : Processing event [GitHubIssueEvent(id=932046272, type=REFERENCED, createdAt=2017-01-22T17:27:52Z, body=null, commitId=422e78dc2257f50ff4dd35b49ec7fc21d39d5eba, actor=GitHubUser(login=davidmigloz))] of issue [Borrar anterior registro al actualizar el tiempo actual]
2023-09-24 16:20:52.844 DEBUG 39436 --- [           main] e.u.l.a.a.a.g.GitHubSprintRepository     : Processing event [GitHubIssueEvent(id=936373814, type=null, createdAt=2017-01-25T16:05:44Z, body=null, commitId=null, actor=GitHubUser(login=davidmigloz))] of issue [Borrar anterior registro al actualizar el tiempo actual]
2023-09-24 16:20:52.844 DEBUG 39436 --- [           main] e.u.l.a.a.a.g.GitHubSprintRepository     : Processing event [GitHubIssueEvent(id=null, type=CROSS_REFERENCED, createdAt=2021-03-15T11:04:04Z, body=null, commitId=null, actor=GitHubUser(login=FeliRad-sum))] of issue [Borrar anterior registro al actualizar el tiempo actual]
2023-09-24 16:20:52.844 DEBUG 39436 --- [           main] e.u.l.a.a.a.g.GitHubSprintRepository     : Processing event [GitHubIssueEvent(id=null, type=CROSS_REFERENCED, createdAt=2021-03-17T11:26:25Z, body=null, commitId=null, actor=GitHubUser(login=gonsanmames))] of issue [Borrar anterior registro al actualizar el tiempo actual]
2023-09-24 16:20:52.844 DEBUG 39436 --- [           main] e.u.l.a.a.a.g.GitHubSprintRepository     : Processing event [GitHubIssueEvent(id=null, type=CROSS_REFERENCED, createdAt=2021-11-22T20:28:14Z, body=null, commitId=null, actor=GitHubUser(login=jesgararm))] of issue [Borrar anterior registro al actualizar el tiempo actual]
2023-09-24 16:20:52.844 DEBUG 39436 --- [           main] e.u.l.a.a.a.g.GitHubSprintRepository     : Processing event [GitHubIssueEvent(id=null, type=CROSS_REFERENCED, createdAt=2022-11-22T15:29:27Z, body=null, commitId=null, actor=GitHubUser(login=Mno0004ubu))] of issue [Borrar anterior registro al actualizar el tiempo actual]
2023-09-24 16:20:52.844 DEBUG 39436 --- [           main] e.u.l.a.a.a.g.GitHubSprintRepository     : Fetching issue [Opción generar colmenar de muestra] events
2023-09-24 16:20:52.844 DEBUG 39436 --- [           main] e.u.l.a.a.a.github.GitHubApmClient       : [GitHubApmClient#findEventsByIssue] ---> GET https://api.github.com/repos/davidmigloz/go-bees/issues/165/timeline HTTP/1.1
2023-09-24 16:20:53.453 DEBUG 39436 --- [           main] e.u.l.a.a.a.github.GitHubApmClient       : [GitHubApmClient#findEventsByIssue] <--- HTTP/1.1 200 OK (608ms)
2023-09-24 16:20:53.493 DEBUG 39436 --- [           main] e.u.l.a.a.a.g.GitHubSprintRepository     : Fetched [12] events
2023-09-24 16:20:53.494 DEBUG 39436 --- [           main] e.u.l.a.a.a.g.GitHubSprintRepository     : Processing event [GitHubIssueEvent(id=931850814, type=LABELED, createdAt=2017-01-22T01:24:39Z, body=null, commitId=null, actor=GitHubUser(login=davidmigloz))] of issue [Opción generar colmenar de muestra]
2023-09-24 16:20:53.494 DEBUG 39436 --- [           main] e.u.l.a.a.a.g.GitHubSprintRepository     : Processing event [GitHubIssueEvent(id=931850815, type=MILESTONED, createdAt=2017-01-22T01:24:39Z, body=null, commitId=null, actor=GitHubUser(login=davidmigloz))] of issue [Opción generar colmenar de muestra]
2023-09-24 16:20:53.494 DEBUG 39436 --- [           main] e.u.l.a.a.a.g.GitHubSprintRepository     : Processing event [GitHubIssueEvent(id=931850816, type=ASSIGNED, createdAt=2017-01-22T01:24:39Z, body=null, commitId=null, actor=GitHubUser(login=davidmigloz))] of issue [Opción generar colmenar de muestra]
2023-09-24 16:20:53.494 DEBUG 39436 --- [           main] e.u.l.a.a.a.g.GitHubSprintRepository     : Processing event [GitHubIssueEvent(id=931851014, type=REFERENCED, createdAt=2017-01-22T01:25:38Z, body=null, commitId=58331458dfc2f8642a41360530d9ace70c424094, actor=GitHubUser(login=davidmigloz))] of issue [Opción generar colmenar de muestra]
2023-09-24 16:20:53.494 DEBUG 39436 --- [           main] e.u.l.a.a.a.g.GitHubSprintRepository     : Processing event [GitHubIssueEvent(id=931851034, type=CLOSED, createdAt=2017-01-22T01:25:46Z, body=null, commitId=null, actor=GitHubUser(login=davidmigloz))] of issue [Opción generar colmenar de muestra]
2023-09-24 16:20:53.494 DEBUG 39436 --- [           main] e.u.l.a.a.a.g.GitHubSprintRepository     : Processing event [GitHubIssueEvent(id=799324150, type=COMMENTED, createdAt=2021-03-15T10:57:32Z, body=@davidmigloz
Implement generate sample data #165, commitId=null, actor=GitHubUser(login=FeliRad-sum))] of issue [Opción generar colmenar de muestra]
2023-09-24 16:20:53.494 DEBUG 39436 --- [           main] e.u.l.a.a.a.g.GitHubSprintRepository     : Processing event [GitHubIssueEvent(id=4457977847, type=null, createdAt=2021-03-15T10:57:33Z, body=null, commitId=null, actor=GitHubUser(login=davidmigloz))] of issue [Opción generar colmenar de muestra]
2023-09-24 16:20:53.494 DEBUG 39436 --- [           main] e.u.l.a.a.a.g.GitHubSprintRepository     : Processing event [GitHubIssueEvent(id=4457977853, type=null, createdAt=2021-03-15T10:57:33Z, body=null, commitId=null, actor=GitHubUser(login=davidmigloz))] of issue [Opción generar colmenar de muestra]
2023-09-24 16:20:53.494 DEBUG 39436 --- [           main] e.u.l.a.a.a.g.GitHubSprintRepository     : Processing event [GitHubIssueEvent(id=null, type=CROSS_REFERENCED, createdAt=2021-03-17T11:28:28Z, body=null, commitId=null, actor=GitHubUser(login=gonsanmames))] of issue [Opción generar colmenar de muestra]
2023-09-24 16:20:53.494 DEBUG 39436 --- [           main] e.u.l.a.a.a.g.GitHubSprintRepository     : Processing event [GitHubIssueEvent(id=null, type=CROSS_REFERENCED, createdAt=2021-11-22T20:27:24Z, body=null, commitId=null, actor=GitHubUser(login=jesgararm))] of issue [Opción generar colmenar de muestra]
2023-09-24 16:20:53.494 DEBUG 39436 --- [           main] e.u.l.a.a.a.g.GitHubSprintRepository     : Processing event [GitHubIssueEvent(id=null, type=CROSS_REFERENCED, createdAt=2022-11-20T14:48:30Z, body=null, commitId=null, actor=GitHubUser(login=rll1004))] of issue [Opción generar colmenar de muestra]
2023-09-24 16:20:53.494 DEBUG 39436 --- [           main] e.u.l.a.a.a.g.GitHubSprintRepository     : Processing event [GitHubIssueEvent(id=null, type=CROSS_REFERENCED, createdAt=2023-03-14T16:12:54Z, body=null, commitId=null, actor=GitHubUser(login=lng1008))] of issue [Opción generar colmenar de muestra]
2023-09-24 16:20:53.494 DEBUG 39436 --- [           main] e.u.l.a.a.a.g.GitHubSprintRepository     : Fetching issue [Opción generar colmenar de muestra] comments
2023-09-24 16:20:53.495 DEBUG 39436 --- [           main] e.u.l.a.a.a.github.GitHubApmClient       : [GitHubApmClient#findCommentsByIssue] ---> GET https://api.github.com/repos/davidmigloz/go-bees/issues/165/comments HTTP/1.1
2023-09-24 16:20:53.760 DEBUG 39436 --- [           main] e.u.l.a.a.a.github.GitHubApmClient       : [GitHubApmClient#findCommentsByIssue] <--- HTTP/1.1 200 OK (265ms)
2023-09-24 16:20:53.761 DEBUG 39436 --- [           main] e.u.l.a.a.a.g.GitHubSprintRepository     : [1] comments fetched
2023-09-24 16:20:53.761 DEBUG 39436 --- [           main] e.u.l.a.a.a.g.GitHubSprintRepository     : Fetching issue [Las imágenes no se posicionan correctamente en el pdf autogenerado] events
2023-09-24 16:20:53.762 DEBUG 39436 --- [           main] e.u.l.a.a.a.github.GitHubApmClient       : [GitHubApmClient#findEventsByIssue] ---> GET https://api.github.com/repos/davidmigloz/go-bees/issues/164/timeline HTTP/1.1
2023-09-24 16:20:54.271 DEBUG 39436 --- [           main] e.u.l.a.a.a.github.GitHubApmClient       : [GitHubApmClient#findEventsByIssue] <--- HTTP/1.1 200 OK (509ms)
2023-09-24 16:20:54.276 DEBUG 39436 --- [           main] e.u.l.a.a.a.g.GitHubSprintRepository     : Fetched [16] events
2023-09-24 16:20:54.277 DEBUG 39436 --- [           main] e.u.l.a.a.a.g.GitHubSprintRepository     : Processing event [GitHubIssueEvent(id=931378233, type=LABELED, createdAt=2017-01-20T22:09:19Z, body=null, commitId=null, actor=GitHubUser(login=davidmigloz))] of issue [Las imágenes no se posicionan correctamente en el pdf autogenerado]
2023-09-24 16:20:54.277 DEBUG 39436 --- [           main] e.u.l.a.a.a.g.GitHubSprintRepository     : Processing event [GitHubIssueEvent(id=931378235, type=MILESTONED, createdAt=2017-01-20T22:09:19Z, body=null, commitId=null, actor=GitHubUser(login=davidmigloz))] of issue [Las imágenes no se posicionan correctamente en el pdf autogenerado]
2023-09-24 16:20:54.277 DEBUG 39436 --- [           main] e.u.l.a.a.a.g.GitHubSprintRepository     : Processing event [GitHubIssueEvent(id=931378236, type=ASSIGNED, createdAt=2017-01-20T22:09:19Z, body=null, commitId=null, actor=GitHubUser(login=davidmigloz))] of issue [Las imágenes no se posicionan correctamente en el pdf autogenerado]
2023-09-24 16:20:54.277 DEBUG 39436 --- [           main] e.u.l.a.a.a.g.GitHubSprintRepository     : Processing event [GitHubIssueEvent(id=274193258, type=COMMENTED, createdAt=2017-01-20T22:09:25Z, body=http://stackoverflow.com/questions/24285445/sphinx-to-latex-figure-placement, commitId=null, actor=GitHubUser(login=davidmigloz))] of issue [Las imágenes no se posicionan correctamente en el pdf autogenerado]
2023-09-24 16:20:54.277 DEBUG 39436 --- [           main] e.u.l.a.a.a.g.GitHubSprintRepository     : Processing event [GitHubIssueEvent(id=931379709, type=REFERENCED, createdAt=2017-01-20T22:10:42Z, body=null, commitId=b5d991f79ade4a15414533466e1f0695eb381aca, actor=GitHubUser(login=davidmigloz))] of issue [Las imágenes no se posicionan correctamente en el pdf autogenerado]
2023-09-24 16:20:54.277 DEBUG 39436 --- [           main] e.u.l.a.a.a.g.GitHubSprintRepository     : Processing event [GitHubIssueEvent(id=931404466, type=REFERENCED, createdAt=2017-01-20T22:32:41Z, body=null, commitId=271284b37d1c4fbcf8abe6121fbd7e1f03017aca, actor=GitHubUser(login=davidmigloz))] of issue [Las imágenes no se posicionan correctamente en el pdf autogenerado]
2023-09-24 16:20:54.277 DEBUG 39436 --- [           main] e.u.l.a.a.a.g.GitHubSprintRepository     : Processing event [GitHubIssueEvent(id=931412299, type=REFERENCED, createdAt=2017-01-20T22:40:13Z, body=null, commitId=844ae5227dd5be359470b35e4b8aaf231d47a907, actor=GitHubUser(login=davidmigloz))] of issue [Las imágenes no se posicionan correctamente en el pdf autogenerado]
2023-09-24 16:20:54.277 DEBUG 39436 --- [           main] e.u.l.a.a.a.g.GitHubSprintRepository     : Processing event [GitHubIssueEvent(id=931420822, type=REFERENCED, createdAt=2017-01-20T22:49:10Z, body=null, commitId=5255bc844c912768627b695ff6055bfeb289225c, actor=GitHubUser(login=davidmigloz))] of issue [Las imágenes no se posicionan correctamente en el pdf autogenerado]
2023-09-24 16:20:54.277 DEBUG 39436 --- [           main] e.u.l.a.a.a.g.GitHubSprintRepository     : Processing event [GitHubIssueEvent(id=931425657, type=REFERENCED, createdAt=2017-01-20T22:54:32Z, body=null, commitId=683e2a463a40f3572e1b044e012e3445ca040d6b, actor=GitHubUser(login=davidmigloz))] of issue [Las imágenes no se posicionan correctamente en el pdf autogenerado]
2023-09-24 16:20:54.277 DEBUG 39436 --- [           main] e.u.l.a.a.a.g.GitHubSprintRepository     : Processing event [GitHubIssueEvent(id=931433023, type=REFERENCED, createdAt=2017-01-20T23:01:25Z, body=null, commitId=42db24a12ca36f8dc67eeb8ef026da60d8836e28, actor=GitHubUser(login=davidmigloz))] of issue [Las imágenes no se posicionan correctamente en el pdf autogenerado]
2023-09-24 16:20:54.277 DEBUG 39436 --- [           main] e.u.l.a.a.a.g.GitHubSprintRepository     : Processing event [GitHubIssueEvent(id=931435504, type=REFERENCED, createdAt=2017-01-20T23:04:24Z, body=null, commitId=5209017cf579e6eb1c1b52c1b2402a52ca14e67c, actor=GitHubUser(login=davidmigloz))] of issue [Las imágenes no se posicionan correctamente en el pdf autogenerado]
2023-09-24 16:20:54.277 DEBUG 39436 --- [           main] e.u.l.a.a.a.g.GitHubSprintRepository     : Processing event [GitHubIssueEvent(id=931447087, type=REFERENCED, createdAt=2017-01-20T23:17:05Z, body=null, commitId=52ea01c574b1ea007e02438a86210cdf70b1ad5a, actor=GitHubUser(login=davidmigloz))] of issue [Las imágenes no se posicionan correctamente en el pdf autogenerado]
2023-09-24 16:20:54.277 DEBUG 39436 --- [           main] e.u.l.a.a.a.g.GitHubSprintRepository     : Processing event [GitHubIssueEvent(id=931457637, type=CLOSED, createdAt=2017-01-20T23:30:02Z, body=null, commitId=null, actor=GitHubUser(login=davidmigloz))] of issue [Las imágenes no se posicionan correctamente en el pdf autogenerado]
2023-09-24 16:20:54.277 DEBUG 39436 --- [           main] e.u.l.a.a.a.g.GitHubSprintRepository     : Processing event [GitHubIssueEvent(id=null, type=CROSS_REFERENCED, createdAt=2021-03-13T10:35:18Z, body=null, commitId=null, actor=GitHubUser(login=MiriamSanchez11))] of issue [Las imágenes no se posicionan correctamente en el pdf autogenerado]
2023-09-24 16:20:54.277 DEBUG 39436 --- [           main] e.u.l.a.a.a.g.GitHubSprintRepository     : Processing event [GitHubIssueEvent(id=null, type=CROSS_REFERENCED, createdAt=2021-03-15T15:29:27Z, body=null, commitId=null, actor=GitHubUser(login=gonsanmames))] of issue [Las imágenes no se posicionan correctamente en el pdf autogenerado]
2023-09-24 16:20:54.277 DEBUG 39436 --- [           main] e.u.l.a.a.a.g.GitHubSprintRepository     : Processing event [GitHubIssueEvent(id=null, type=CROSS_REFERENCED, createdAt=2021-11-22T20:24:37Z, body=null, commitId=null, actor=GitHubUser(login=jesgararm))] of issue [Las imágenes no se posicionan correctamente en el pdf autogenerado]
2023-09-24 16:20:54.277 DEBUG 39436 --- [           main] e.u.l.a.a.a.g.GitHubSprintRepository     : Fetching issue [Las imágenes no se posicionan correctamente en el pdf autogenerado] comments
2023-09-24 16:20:54.278 DEBUG 39436 --- [           main] e.u.l.a.a.a.github.GitHubApmClient       : [GitHubApmClient#findCommentsByIssue] ---> GET https://api.github.com/repos/davidmigloz/go-bees/issues/164/comments HTTP/1.1
2023-09-24 16:20:54.579 DEBUG 39436 --- [           main] e.u.l.a.a.a.github.GitHubApmClient       : [GitHubApmClient#findCommentsByIssue] <--- HTTP/1.1 200 OK (300ms)
2023-09-24 16:20:54.579 DEBUG 39436 --- [           main] e.u.l.a.a.a.g.GitHubSprintRepository     : [1] comments fetched
2023-09-24 16:20:54.579 DEBUG 39436 --- [           main] e.u.l.a.a.a.g.GitHubSprintRepository     : Fetching issue [Implementar splash screen] events
2023-09-24 16:20:54.580 DEBUG 39436 --- [           main] e.u.l.a.a.a.github.GitHubApmClient       : [GitHubApmClient#findEventsByIssue] ---> GET https://api.github.com/repos/davidmigloz/go-bees/issues/163/timeline HTTP/1.1
2023-09-24 16:20:55.093 DEBUG 39436 --- [           main] e.u.l.a.a.a.github.GitHubApmClient       : [GitHubApmClient#findEventsByIssue] <--- HTTP/1.1 200 OK (512ms)
2023-09-24 16:20:55.094 DEBUG 39436 --- [           main] e.u.l.a.a.a.g.GitHubSprintRepository     : Fetched [7] events
2023-09-24 16:20:55.094 DEBUG 39436 --- [           main] e.u.l.a.a.a.g.GitHubSprintRepository     : Processing event [GitHubIssueEvent(id=928389287, type=LABELED, createdAt=2017-01-19T00:35:28Z, body=null, commitId=null, actor=GitHubUser(login=davidmigloz))] of issue [Implementar splash screen]
2023-09-24 16:20:55.095 DEBUG 39436 --- [           main] e.u.l.a.a.a.g.GitHubSprintRepository     : Processing event [GitHubIssueEvent(id=928389288, type=MILESTONED, createdAt=2017-01-19T00:35:28Z, body=null, commitId=null, actor=GitHubUser(login=davidmigloz))] of issue [Implementar splash screen]
2023-09-24 16:20:55.095 DEBUG 39436 --- [           main] e.u.l.a.a.a.g.GitHubSprintRepository     : Processing event [GitHubIssueEvent(id=928389289, type=ASSIGNED, createdAt=2017-01-19T00:35:28Z, body=null, commitId=null, actor=GitHubUser(login=davidmigloz))] of issue [Implementar splash screen]
2023-09-24 16:20:55.095 DEBUG 39436 --- [           main] e.u.l.a.a.a.g.GitHubSprintRepository     : Processing event [GitHubIssueEvent(id=928440478, type=REFERENCED, createdAt=2017-01-19T01:35:43Z, body=null, commitId=67aed85b8c96b5b37bd2c5b2fc90c4c60cc99c13, actor=GitHubUser(login=davidmigloz))] of issue [Implementar splash screen]
2023-09-24 16:20:55.095 DEBUG 39436 --- [           main] e.u.l.a.a.a.g.GitHubSprintRepository     : Processing event [GitHubIssueEvent(id=929227676, type=CLOSED, createdAt=2017-01-19T14:57:52Z, body=null, commitId=null, actor=GitHubUser(login=davidmigloz))] of issue [Implementar splash screen]
2023-09-24 16:20:55.095 DEBUG 39436 --- [           main] e.u.l.a.a.a.g.GitHubSprintRepository     : Processing event [GitHubIssueEvent(id=null, type=CROSS_REFERENCED, createdAt=2021-03-16T22:12:47Z, body=null, commitId=null, actor=GitHubUser(login=jaciperez))] of issue [Implementar splash screen]
2023-09-24 16:20:55.095 DEBUG 39436 --- [           main] e.u.l.a.a.a.g.GitHubSprintRepository     : Processing event [GitHubIssueEvent(id=null, type=CROSS_REFERENCED, createdAt=2021-11-22T20:19:07Z, body=null, commitId=null, actor=GitHubUser(login=jesgararm))] of issue [Implementar splash screen]
2023-09-24 16:20:55.095 DEBUG 39436 --- [           main] e.u.l.a.a.a.g.GitHubSprintRepository     : Fetching issue [Documentar Sprint 15] events
2023-09-24 16:20:55.095 DEBUG 39436 --- [           main] e.u.l.a.a.a.github.GitHubApmClient       : [GitHubApmClient#findEventsByIssue] ---> GET https://api.github.com/repos/davidmigloz/go-bees/issues/162/timeline HTTP/1.1
2023-09-24 16:20:55.603 DEBUG 39436 --- [           main] e.u.l.a.a.a.github.GitHubApmClient       : [GitHubApmClient#findEventsByIssue] <--- HTTP/1.1 200 OK (507ms)
2023-09-24 16:20:55.609 DEBUG 39436 --- [           main] e.u.l.a.a.a.g.GitHubSprintRepository     : Fetched [7] events
2023-09-24 16:20:55.609 DEBUG 39436 --- [           main] e.u.l.a.a.a.g.GitHubSprintRepository     : Processing event [GitHubIssueEvent(id=928335387, type=LABELED, createdAt=2017-01-18T23:34:38Z, body=null, commitId=null, actor=GitHubUser(login=davidmigloz))] of issue [Documentar Sprint 15]
2023-09-24 16:20:55.609 DEBUG 39436 --- [           main] e.u.l.a.a.a.g.GitHubSprintRepository     : Processing event [GitHubIssueEvent(id=928335389, type=MILESTONED, createdAt=2017-01-18T23:34:38Z, body=null, commitId=null, actor=GitHubUser(login=davidmigloz))] of issue [Documentar Sprint 15]
2023-09-24 16:20:55.609 DEBUG 39436 --- [           main] e.u.l.a.a.a.g.GitHubSprintRepository     : Processing event [GitHubIssueEvent(id=928335390, type=ASSIGNED, createdAt=2017-01-18T23:34:38Z, body=null, commitId=null, actor=GitHubUser(login=davidmigloz))] of issue [Documentar Sprint 15]
2023-09-24 16:20:55.609 DEBUG 39436 --- [           main] e.u.l.a.a.a.g.GitHubSprintRepository     : Processing event [GitHubIssueEvent(id=928336740, type=CLOSED, createdAt=2017-01-18T23:36:08Z, body=null, commitId=null, actor=GitHubUser(login=davidmigloz))] of issue [Documentar Sprint 15]
2023-09-24 16:20:55.609 DEBUG 39436 --- [           main] e.u.l.a.a.a.g.GitHubSprintRepository     : Processing event [GitHubIssueEvent(id=928440477, type=REFERENCED, createdAt=2017-01-19T01:35:43Z, body=null, commitId=7102f69b5bc2121c9a90fe37bebd1a61ab7854e6, actor=GitHubUser(login=davidmigloz))] of issue [Documentar Sprint 15]
2023-09-24 16:20:55.609 DEBUG 39436 --- [           main] e.u.l.a.a.a.g.GitHubSprintRepository     : Processing event [GitHubIssueEvent(id=null, type=CROSS_REFERENCED, createdAt=2021-03-16T22:14:41Z, body=null, commitId=null, actor=GitHubUser(login=jaciperez))] of issue [Documentar Sprint 15]
2023-09-24 16:20:55.609 DEBUG 39436 --- [           main] e.u.l.a.a.a.g.GitHubSprintRepository     : Processing event [GitHubIssueEvent(id=null, type=CROSS_REFERENCED, createdAt=2021-11-22T20:17:24Z, body=null, commitId=null, actor=GitHubUser(login=jesgararm))] of issue [Documentar Sprint 15]
2023-09-24 16:20:55.611 DEBUG 39436 --- [           main] e.u.l.a.a.a.g.GitHubSprintRepository     : Fetching issue [Añadir apks en las releases] events
2023-09-24 16:20:55.611 DEBUG 39436 --- [           main] e.u.l.a.a.a.github.GitHubApmClient       : [GitHubApmClient#findEventsByIssue] ---> GET https://api.github.com/repos/davidmigloz/go-bees/issues/161/timeline HTTP/1.1
2023-09-24 16:20:55.910 DEBUG 39436 --- [           main] e.u.l.a.a.a.github.GitHubApmClient       : [GitHubApmClient#findEventsByIssue] <--- HTTP/1.1 200 OK (298ms)
2023-09-24 16:20:55.913 DEBUG 39436 --- [           main] e.u.l.a.a.a.g.GitHubSprintRepository     : Fetched [4] events
2023-09-24 16:20:55.914 DEBUG 39436 --- [           main] e.u.l.a.a.a.g.GitHubSprintRepository     : Processing event [GitHubIssueEvent(id=927777913, type=LABELED, createdAt=2017-01-18T16:52:09Z, body=null, commitId=null, actor=GitHubUser(login=davidmigloz))] of issue [Añadir apks en las releases]
2023-09-24 16:20:55.914 DEBUG 39436 --- [           main] e.u.l.a.a.a.g.GitHubSprintRepository     : Processing event [GitHubIssueEvent(id=927777916, type=ASSIGNED, createdAt=2017-01-18T16:52:09Z, body=null, commitId=null, actor=GitHubUser(login=davidmigloz))] of issue [Añadir apks en las releases]
2023-09-24 16:20:55.914 DEBUG 39436 --- [           main] e.u.l.a.a.a.g.GitHubSprintRepository     : Processing event [GitHubIssueEvent(id=928202998, type=MILESTONED, createdAt=2017-01-18T21:44:47Z, body=null, commitId=null, actor=GitHubUser(login=davidmigloz))] of issue [Añadir apks en las releases]
2023-09-24 16:20:55.914 DEBUG 39436 --- [           main] e.u.l.a.a.a.g.GitHubSprintRepository     : Processing event [GitHubIssueEvent(id=928203488, type=CLOSED, createdAt=2017-01-18T21:45:08Z, body=null, commitId=null, actor=GitHubUser(login=davidmigloz))] of issue [Añadir apks en las releases]
2023-09-24 16:20:55.914 DEBUG 39436 --- [           main] e.u.l.a.a.a.g.GitHubSprintRepository     : Fetching issue [Integración de SonarQube ] events
2023-09-24 16:20:55.915 DEBUG 39436 --- [           main] e.u.l.a.a.a.github.GitHubApmClient       : [GitHubApmClient#findEventsByIssue] ---> GET https://api.github.com/repos/davidmigloz/go-bees/issues/155/timeline HTTP/1.1
2023-09-24 16:20:56.422 DEBUG 39436 --- [           main] e.u.l.a.a.a.github.GitHubApmClient       : [GitHubApmClient#findEventsByIssue] <--- HTTP/1.1 200 OK (507ms)
2023-09-24 16:20:56.427 DEBUG 39436 --- [           main] e.u.l.a.a.a.g.GitHubSprintRepository     : Fetched [18] events
2023-09-24 16:20:56.427 DEBUG 39436 --- [           main] e.u.l.a.a.a.g.GitHubSprintRepository     : Processing event [GitHubIssueEvent(id=921310304, type=LABELED, createdAt=2017-01-12T20:13:01Z, body=null, commitId=null, actor=GitHubUser(login=davidmigloz))] of issue [Integración de SonarQube ]
2023-09-24 16:20:56.427 DEBUG 39436 --- [           main] e.u.l.a.a.a.g.GitHubSprintRepository     : Processing event [GitHubIssueEvent(id=921310306, type=MILESTONED, createdAt=2017-01-12T20:13:01Z, body=null, commitId=null, actor=GitHubUser(login=davidmigloz))] of issue [Integración de SonarQube ]
2023-09-24 16:20:56.428 DEBUG 39436 --- [           main] e.u.l.a.a.a.g.GitHubSprintRepository     : Processing event [GitHubIssueEvent(id=921310307, type=ASSIGNED, createdAt=2017-01-12T20:13:01Z, body=null, commitId=null, actor=GitHubUser(login=davidmigloz))] of issue [Integración de SonarQube ]
2023-09-24 16:20:56.428 DEBUG 39436 --- [           main] e.u.l.a.a.a.g.GitHubSprintRepository     : Processing event [GitHubIssueEvent(id=927761985, type=null, createdAt=2017-01-18T16:42:46Z, body=null, commitId=null, actor=GitHubUser(login=davidmigloz))] of issue [Integración de SonarQube ]
2023-09-24 16:20:56.428 DEBUG 39436 --- [           main] e.u.l.a.a.a.g.GitHubSprintRepository     : Processing event [GitHubIssueEvent(id=927762809, type=REFERENCED, createdAt=2017-01-18T16:43:16Z, body=null, commitId=6c7b49614e012e8edb6340d2aad7ba171fe096dc, actor=GitHubUser(login=davidmigloz))] of issue [Integración de SonarQube ]
2023-09-24 16:20:56.428 DEBUG 39436 --- [           main] e.u.l.a.a.a.g.GitHubSprintRepository     : Processing event [GitHubIssueEvent(id=927809955, type=REFERENCED, createdAt=2017-01-18T17:12:32Z, body=null, commitId=249496d26dbf4b8ed2fb335898996932bc12ac2f, actor=GitHubUser(login=davidmigloz))] of issue [Integración de SonarQube ]
2023-09-24 16:20:56.428 DEBUG 39436 --- [           main] e.u.l.a.a.a.g.GitHubSprintRepository     : Processing event [GitHubIssueEvent(id=928295039, type=REFERENCED, createdAt=2017-01-18T22:56:56Z, body=null, commitId=e7b51c8bf3e1967b10571b241c0ccbdb3e1c279b, actor=GitHubUser(login=davidmigloz))] of issue [Integración de SonarQube ]
2023-09-24 16:20:56.428 DEBUG 39436 --- [           main] e.u.l.a.a.a.g.GitHubSprintRepository     : Processing event [GitHubIssueEvent(id=928311402, type=REFERENCED, createdAt=2017-01-18T23:11:01Z, body=null, commitId=890615215b85b8160bb5e5b76db8160fee9b1294, actor=GitHubUser(login=davidmigloz))] of issue [Integración de SonarQube ]
2023-09-24 16:20:56.428 DEBUG 39436 --- [           main] e.u.l.a.a.a.g.GitHubSprintRepository     : Processing event [GitHubIssueEvent(id=928322805, type=MILESTONED, createdAt=2017-01-18T23:21:37Z, body=null, commitId=null, actor=GitHubUser(login=davidmigloz))] of issue [Integración de SonarQube ]
2023-09-24 16:20:56.428 DEBUG 39436 --- [           main] e.u.l.a.a.a.g.GitHubSprintRepository     : Processing event [GitHubIssueEvent(id=928322806, type=null, createdAt=2017-01-18T23:21:37Z, body=null, commitId=null, actor=GitHubUser(login=davidmigloz))] of issue [Integración de SonarQube ]
2023-09-24 16:20:56.428 DEBUG 39436 --- [           main] e.u.l.a.a.a.g.GitHubSprintRepository     : Processing event [GitHubIssueEvent(id=928352175, type=REFERENCED, createdAt=2017-01-18T23:52:55Z, body=null, commitId=a9319af96999de073b618812727859ed0b9c6a57, actor=GitHubUser(login=davidmigloz))] of issue [Integración de SonarQube ]
2023-09-24 16:20:56.428 DEBUG 39436 --- [           main] e.u.l.a.a.a.g.GitHubSprintRepository     : Processing event [GitHubIssueEvent(id=929228220, type=CLOSED, createdAt=2017-01-19T14:58:12Z, body=null, commitId=null, actor=GitHubUser(login=davidmigloz))] of issue [Integración de SonarQube ]
2023-09-24 16:20:56.428 DEBUG 39436 --- [           main] e.u.l.a.a.a.g.GitHubSprintRepository     : Processing event [GitHubIssueEvent(id=931055712, type=REFERENCED, createdAt=2017-01-20T17:48:17Z, body=null, commitId=7fb5bedf949343be53877f0bf44dbfa3c63e0416, actor=GitHubUser(login=davidmigloz))] of issue [Integración de SonarQube ]
2023-09-24 16:20:56.428 DEBUG 39436 --- [           main] e.u.l.a.a.a.g.GitHubSprintRepository     : Processing event [GitHubIssueEvent(id=931080302, type=REFERENCED, createdAt=2017-01-20T18:08:29Z, body=null, commitId=053a87fd71d9f905e6ae8c4bcf5f19549cff2df8, actor=GitHubUser(login=davidmigloz))] of issue [Integración de SonarQube ]
2023-09-24 16:20:56.428 DEBUG 39436 --- [           main] e.u.l.a.a.a.g.GitHubSprintRepository     : Processing event [GitHubIssueEvent(id=931111780, type=REFERENCED, createdAt=2017-01-20T18:34:14Z, body=null, commitId=885259655886650d6f31d5c9285d4efa9f04563f, actor=GitHubUser(login=davidmigloz))] of issue [Integración de SonarQube ]
2023-09-24 16:20:56.428 DEBUG 39436 --- [           main] e.u.l.a.a.a.g.GitHubSprintRepository     : Processing event [GitHubIssueEvent(id=931135843, type=REFERENCED, createdAt=2017-01-20T18:53:11Z, body=null, commitId=f66e928286428e0aab52475630e36a1b0db687ac, actor=GitHubUser(login=davidmigloz))] of issue [Integración de SonarQube ]
2023-09-24 16:20:56.428 DEBUG 39436 --- [           main] e.u.l.a.a.a.g.GitHubSprintRepository     : Processing event [GitHubIssueEvent(id=null, type=CROSS_REFERENCED, createdAt=2021-03-16T21:59:14Z, body=null, commitId=null, actor=GitHubUser(login=jaciperez))] of issue [Integración de SonarQube ]
2023-09-24 16:20:56.428 DEBUG 39436 --- [           main] e.u.l.a.a.a.g.GitHubSprintRepository     : Processing event [GitHubIssueEvent(id=null, type=CROSS_REFERENCED, createdAt=2021-11-22T20:20:51Z, body=null, commitId=null, actor=GitHubUser(login=jesgararm))] of issue [Integración de SonarQube ]
2023-09-24 16:20:56.428 DEBUG 39436 --- [           main] e.u.l.a.a.a.g.GitHubSprintRepository     : Fetching issue [Diseño arquitectónico] events
2023-09-24 16:20:56.429 DEBUG 39436 --- [           main] e.u.l.a.a.a.github.GitHubApmClient       : [GitHubApmClient#findEventsByIssue] ---> GET https://api.github.com/repos/davidmigloz/go-bees/issues/150/timeline HTTP/1.1
2023-09-24 16:20:56.935 DEBUG 39436 --- [           main] e.u.l.a.a.a.github.GitHubApmClient       : [GitHubApmClient#findEventsByIssue] <--- HTTP/1.1 200 OK (506ms)
2023-09-24 16:20:56.938 DEBUG 39436 --- [           main] e.u.l.a.a.a.g.GitHubSprintRepository     : Fetched [11] events
2023-09-24 16:20:56.938 DEBUG 39436 --- [           main] e.u.l.a.a.a.g.GitHubSprintRepository     : Processing event [GitHubIssueEvent(id=915249782, type=LABELED, createdAt=2017-01-08T15:16:57Z, body=null, commitId=null, actor=GitHubUser(login=davidmigloz))] of issue [Diseño arquitectónico]
2023-09-24 16:20:56.938 DEBUG 39436 --- [           main] e.u.l.a.a.a.g.GitHubSprintRepository     : Processing event [GitHubIssueEvent(id=915249783, type=ASSIGNED, createdAt=2017-01-08T15:16:57Z, body=null, commitId=null, actor=GitHubUser(login=davidmigloz))] of issue [Diseño arquitectónico]
2023-09-24 16:20:56.939 DEBUG 39436 --- [           main] e.u.l.a.a.a.g.GitHubSprintRepository     : Processing event [GitHubIssueEvent(id=933104368, type=REFERENCED, createdAt=2017-01-23T16:37:56Z, body=null, commitId=c3dbf4c80fe6e0d13214ae1ea40dc87fc197a072, actor=GitHubUser(login=davidmigloz))] of issue [Diseño arquitectónico]
2023-09-24 16:20:56.939 DEBUG 39436 --- [           main] e.u.l.a.a.a.g.GitHubSprintRepository     : Processing event [GitHubIssueEvent(id=933104371, type=REFERENCED, createdAt=2017-01-23T16:37:56Z, body=null, commitId=7225b05a4fb9dbcd380f6cd654b34dfcb0cd8963, actor=GitHubUser(login=davidmigloz))] of issue [Diseño arquitectónico]
2023-09-24 16:20:56.939 DEBUG 39436 --- [           main] e.u.l.a.a.a.g.GitHubSprintRepository     : Processing event [GitHubIssueEvent(id=933834162, type=REFERENCED, createdAt=2017-01-24T02:02:33Z, body=null, commitId=7f1d2380f49f07ec9c7c0e92372ec904a521919d, actor=GitHubUser(login=davidmigloz))] of issue [Diseño arquitectónico]
2023-09-24 16:20:56.939 DEBUG 39436 --- [           main] e.u.l.a.a.a.g.GitHubSprintRepository     : Processing event [GitHubIssueEvent(id=933834289, type=CLOSED, createdAt=2017-01-24T02:02:42Z, body=null, commitId=null, actor=GitHubUser(login=davidmigloz))] of issue [Diseño arquitectónico]
2023-09-24 16:20:56.939 DEBUG 39436 --- [           main] e.u.l.a.a.a.g.GitHubSprintRepository     : Processing event [GitHubIssueEvent(id=933835015, type=MILESTONED, createdAt=2017-01-24T02:03:27Z, body=null, commitId=null, actor=GitHubUser(login=davidmigloz))] of issue [Diseño arquitectónico]
2023-09-24 16:20:56.939 DEBUG 39436 --- [           main] e.u.l.a.a.a.g.GitHubSprintRepository     : Processing event [GitHubIssueEvent(id=null, type=CROSS_REFERENCED, createdAt=2021-03-12T18:05:16Z, body=null, commitId=null, actor=GitHubUser(login=MiriamSanchez11))] of issue [Diseño arquitectónico]
2023-09-24 16:20:56.939 DEBUG 39436 --- [           main] e.u.l.a.a.a.g.GitHubSprintRepository     : Processing event [GitHubIssueEvent(id=null, type=CROSS_REFERENCED, createdAt=2021-03-15T11:19:30Z, body=null, commitId=null, actor=GitHubUser(login=FeliRad-sum))] of issue [Diseño arquitectónico]
2023-09-24 16:20:56.939 DEBUG 39436 --- [           main] e.u.l.a.a.a.g.GitHubSprintRepository     : Processing event [GitHubIssueEvent(id=null, type=CROSS_REFERENCED, createdAt=2021-03-17T10:59:35Z, body=null, commitId=null, actor=GitHubUser(login=gonsanmames))] of issue [Diseño arquitectónico]
2023-09-24 16:20:56.939 DEBUG 39436 --- [           main] e.u.l.a.a.a.g.GitHubSprintRepository     : Processing event [GitHubIssueEvent(id=null, type=CROSS_REFERENCED, createdAt=2021-11-22T20:31:37Z, body=null, commitId=null, actor=GitHubUser(login=jesgararm))] of issue [Diseño arquitectónico]
2023-09-24 16:20:56.939 DEBUG 39436 --- [           main] e.u.l.a.a.a.g.GitHubSprintRepository     : Fetching issue [Diseño procedimental] events
2023-09-24 16:20:56.939 DEBUG 39436 --- [           main] e.u.l.a.a.a.github.GitHubApmClient       : [GitHubApmClient#findEventsByIssue] ---> GET https://api.github.com/repos/davidmigloz/go-bees/issues/149/timeline HTTP/1.1
2023-09-24 16:20:57.550 DEBUG 39436 --- [           main] e.u.l.a.a.a.github.GitHubApmClient       : [GitHubApmClient#findEventsByIssue] <--- HTTP/1.1 200 OK (610ms)
2023-09-24 16:20:57.553 DEBUG 39436 --- [           main] e.u.l.a.a.a.g.GitHubSprintRepository     : Fetched [9] events
2023-09-24 16:20:57.553 DEBUG 39436 --- [           main] e.u.l.a.a.a.g.GitHubSprintRepository     : Processing event [GitHubIssueEvent(id=915249433, type=LABELED, createdAt=2017-01-08T15:15:28Z, body=null, commitId=null, actor=GitHubUser(login=davidmigloz))] of issue [Diseño procedimental]
2023-09-24 16:20:57.554 DEBUG 39436 --- [           main] e.u.l.a.a.a.g.GitHubSprintRepository     : Processing event [GitHubIssueEvent(id=915249434, type=ASSIGNED, createdAt=2017-01-08T15:15:28Z, body=null, commitId=null, actor=GitHubUser(login=davidmigloz))] of issue [Diseño procedimental]
2023-09-24 16:20:57.554 DEBUG 39436 --- [           main] e.u.l.a.a.a.g.GitHubSprintRepository     : Processing event [GitHubIssueEvent(id=933834163, type=REFERENCED, createdAt=2017-01-24T02:02:34Z, body=null, commitId=5be489333287b4a61feab3b887d2573d6db9b99d, actor=GitHubUser(login=davidmigloz))] of issue [Diseño procedimental]
2023-09-24 16:20:57.554 DEBUG 39436 --- [           main] e.u.l.a.a.a.g.GitHubSprintRepository     : Processing event [GitHubIssueEvent(id=933834503, type=CLOSED, createdAt=2017-01-24T02:02:56Z, body=null, commitId=null, actor=GitHubUser(login=davidmigloz))] of issue [Diseño procedimental]
2023-09-24 16:20:57.554 DEBUG 39436 --- [           main] e.u.l.a.a.a.g.GitHubSprintRepository     : Processing event [GitHubIssueEvent(id=933834915, type=MILESTONED, createdAt=2017-01-24T02:03:21Z, body=null, commitId=null, actor=GitHubUser(login=davidmigloz))] of issue [Diseño procedimental]
2023-09-24 16:20:57.554 DEBUG 39436 --- [           main] e.u.l.a.a.a.g.GitHubSprintRepository     : Processing event [GitHubIssueEvent(id=null, type=CROSS_REFERENCED, createdAt=2021-03-15T11:21:55Z, body=null, commitId=null, actor=GitHubUser(login=FeliRad-sum))] of issue [Diseño procedimental]
2023-09-24 16:20:57.554 DEBUG 39436 --- [           main] e.u.l.a.a.a.g.GitHubSprintRepository     : Processing event [GitHubIssueEvent(id=null, type=CROSS_REFERENCED, createdAt=2021-03-16T11:56:50Z, body=null, commitId=null, actor=GitHubUser(login=VictorBarcina01))] of issue [Diseño procedimental]
2023-09-24 16:20:57.554 DEBUG 39436 --- [           main] e.u.l.a.a.a.g.GitHubSprintRepository     : Processing event [GitHubIssueEvent(id=null, type=CROSS_REFERENCED, createdAt=2021-03-17T10:55:15Z, body=null, commitId=null, actor=GitHubUser(login=gonsanmames))] of issue [Diseño procedimental]
2023-09-24 16:20:57.554 DEBUG 39436 --- [           main] e.u.l.a.a.a.g.GitHubSprintRepository     : Processing event [GitHubIssueEvent(id=null, type=CROSS_REFERENCED, createdAt=2021-11-22T20:32:16Z, body=null, commitId=null, actor=GitHubUser(login=jesgararm))] of issue [Diseño procedimental]
2023-09-24 16:20:57.554 DEBUG 39436 --- [           main] e.u.l.a.a.a.g.GitHubSprintRepository     : Fetching issue [Diseño de datos] events
2023-09-24 16:20:57.554 DEBUG 39436 --- [           main] e.u.l.a.a.a.github.GitHubApmClient       : [GitHubApmClient#findEventsByIssue] ---> GET https://api.github.com/repos/davidmigloz/go-bees/issues/148/timeline HTTP/1.1
2023-09-24 16:20:57.989 DEBUG 39436 --- [           main] e.u.l.a.a.a.github.GitHubApmClient       : [GitHubApmClient#findEventsByIssue] <--- HTTP/1.1 200 OK (434ms)
2023-09-24 16:20:57.991 DEBUG 39436 --- [           main] e.u.l.a.a.a.g.GitHubSprintRepository     : Fetched [7] events
2023-09-24 16:20:57.991 DEBUG 39436 --- [           main] e.u.l.a.a.a.g.GitHubSprintRepository     : Processing event [GitHubIssueEvent(id=915248954, type=LABELED, createdAt=2017-01-08T15:13:19Z, body=null, commitId=null, actor=GitHubUser(login=davidmigloz))] of issue [Diseño de datos]
2023-09-24 16:20:57.991 DEBUG 39436 --- [           main] e.u.l.a.a.a.g.GitHubSprintRepository     : Processing event [GitHubIssueEvent(id=915248955, type=ASSIGNED, createdAt=2017-01-08T15:13:19Z, body=null, commitId=null, actor=GitHubUser(login=davidmigloz))] of issue [Diseño de datos]
2023-09-24 16:20:57.991 DEBUG 39436 --- [           main] e.u.l.a.a.a.g.GitHubSprintRepository     : Processing event [GitHubIssueEvent(id=931056027, type=MILESTONED, createdAt=2017-01-20T17:48:34Z, body=null, commitId=null, actor=GitHubUser(login=davidmigloz))] of issue [Diseño de datos]
2023-09-24 16:20:57.991 DEBUG 39436 --- [           main] e.u.l.a.a.a.g.GitHubSprintRepository     : Processing event [GitHubIssueEvent(id=931513530, type=REFERENCED, createdAt=2017-01-21T00:57:56Z, body=null, commitId=a01dfdd3032159d08cff72f0b669f3955a25aca5, actor=GitHubUser(login=davidmigloz))] of issue [Diseño de datos]
2023-09-24 16:20:57.991 DEBUG 39436 --- [           main] e.u.l.a.a.a.g.GitHubSprintRepository     : Processing event [GitHubIssueEvent(id=931513750, type=CLOSED, createdAt=2017-01-21T00:58:21Z, body=null, commitId=null, actor=GitHubUser(login=davidmigloz))] of issue [Diseño de datos]
2023-09-24 16:20:57.991 DEBUG 39436 --- [           main] e.u.l.a.a.a.g.GitHubSprintRepository     : Processing event [GitHubIssueEvent(id=null, type=CROSS_REFERENCED, createdAt=2021-03-17T11:30:29Z, body=null, commitId=null, actor=GitHubUser(login=gonsanmames))] of issue [Diseño de datos]
2023-09-24 16:20:57.991 DEBUG 39436 --- [           main] e.u.l.a.a.a.g.GitHubSprintRepository     : Processing event [GitHubIssueEvent(id=null, type=CROSS_REFERENCED, createdAt=2021-11-22T20:26:19Z, body=null, commitId=null, actor=GitHubUser(login=jesgararm))] of issue [Diseño de datos]
2023-09-24 16:20:57.991 DEBUG 39436 --- [           main] e.u.l.a.a.a.g.GitHubSprintRepository     : Fetching issue [Especificación de requisitos] events
2023-09-24 16:20:57.992 DEBUG 39436 --- [           main] e.u.l.a.a.a.github.GitHubApmClient       : [GitHubApmClient#findEventsByIssue] ---> GET https://api.github.com/repos/davidmigloz/go-bees/issues/147/timeline HTTP/1.1
2023-09-24 16:20:58.497 DEBUG 39436 --- [           main] e.u.l.a.a.a.github.GitHubApmClient       : [GitHubApmClient#findEventsByIssue] <--- HTTP/1.1 200 OK (504ms)
2023-09-24 16:20:58.498 DEBUG 39436 --- [           main] e.u.l.a.a.a.g.GitHubSprintRepository     : Fetched [9] events
2023-09-24 16:20:58.498 DEBUG 39436 --- [           main] e.u.l.a.a.a.g.GitHubSprintRepository     : Processing event [GitHubIssueEvent(id=915248361, type=LABELED, createdAt=2017-01-08T15:10:31Z, body=null, commitId=null, actor=GitHubUser(login=davidmigloz))] of issue [Especificación de requisitos]
2023-09-24 16:20:58.498 DEBUG 39436 --- [           main] e.u.l.a.a.a.g.GitHubSprintRepository     : Processing event [GitHubIssueEvent(id=915248362, type=ASSIGNED, createdAt=2017-01-08T15:10:31Z, body=null, commitId=null, actor=GitHubUser(login=davidmigloz))] of issue [Especificación de requisitos]
2023-09-24 16:20:58.498 DEBUG 39436 --- [           main] e.u.l.a.a.a.g.GitHubSprintRepository     : Processing event [GitHubIssueEvent(id=920704237, type=MILESTONED, createdAt=2017-01-12T13:23:13Z, body=null, commitId=null, actor=GitHubUser(login=davidmigloz))] of issue [Especificación de requisitos]
2023-09-24 16:20:58.498 DEBUG 39436 --- [           main] e.u.l.a.a.a.g.GitHubSprintRepository     : Processing event [GitHubIssueEvent(id=928337219, type=MILESTONED, createdAt=2017-01-18T23:36:36Z, body=null, commitId=null, actor=GitHubUser(login=davidmigloz))] of issue [Especificación de requisitos]
2023-09-24 16:20:58.498 DEBUG 39436 --- [           main] e.u.l.a.a.a.g.GitHubSprintRepository     : Processing event [GitHubIssueEvent(id=928337220, type=null, createdAt=2017-01-18T23:36:36Z, body=null, commitId=null, actor=GitHubUser(login=davidmigloz))] of issue [Especificación de requisitos]
2023-09-24 16:20:58.498 DEBUG 39436 --- [           main] e.u.l.a.a.a.g.GitHubSprintRepository     : Processing event [GitHubIssueEvent(id=930867461, type=REFERENCED, createdAt=2017-01-20T15:37Z, body=null, commitId=7482cfc8d884cc38651f310ae9bafdb72123847c, actor=GitHubUser(login=davidmigloz))] of issue [Especificación de requisitos]
2023-09-24 16:20:58.498 DEBUG 39436 --- [           main] e.u.l.a.a.a.g.GitHubSprintRepository     : Processing event [GitHubIssueEvent(id=930884729, type=CLOSED, createdAt=2017-01-20T15:48:14Z, body=null, commitId=null, actor=GitHubUser(login=davidmigloz))] of issue [Especificación de requisitos]
2023-09-24 16:20:58.498 DEBUG 39436 --- [           main] e.u.l.a.a.a.g.GitHubSprintRepository     : Processing event [GitHubIssueEvent(id=null, type=CROSS_REFERENCED, createdAt=2021-03-17T11:39:38Z, body=null, commitId=null, actor=GitHubUser(login=gonsanmames))] of issue [Especificación de requisitos]
2023-09-24 16:20:58.498 DEBUG 39436 --- [           main] e.u.l.a.a.a.g.GitHubSprintRepository     : Processing event [GitHubIssueEvent(id=null, type=CROSS_REFERENCED, createdAt=2021-11-22T20:22:58Z, body=null, commitId=null, actor=GitHubUser(login=jesgararm))] of issue [Especificación de requisitos]
2023-09-24 16:20:58.498 DEBUG 39436 --- [           main] e.u.l.a.a.a.g.GitHubSprintRepository     : Fetching issue [Estudio de viabilidad económica] events
2023-09-24 16:20:58.499 DEBUG 39436 --- [           main] e.u.l.a.a.a.github.GitHubApmClient       : [GitHubApmClient#findEventsByIssue] ---> GET https://api.github.com/repos/davidmigloz/go-bees/issues/146/timeline HTTP/1.1
2023-09-24 16:20:58.983 DEBUG 39436 --- [           main] e.u.l.a.a.a.github.GitHubApmClient       : [GitHubApmClient#findEventsByIssue] <--- HTTP/1.1 200 OK (483ms)
2023-09-24 16:20:58.984 DEBUG 39436 --- [           main] e.u.l.a.a.a.g.GitHubSprintRepository     : Fetched [9] events
2023-09-24 16:20:58.984 DEBUG 39436 --- [           main] e.u.l.a.a.a.g.GitHubSprintRepository     : Processing event [GitHubIssueEvent(id=915245544, type=LABELED, createdAt=2017-01-08T14:59:26Z, body=null, commitId=null, actor=GitHubUser(login=davidmigloz))] of issue [Estudio de viabilidad económica]
2023-09-24 16:20:58.984 DEBUG 39436 --- [           main] e.u.l.a.a.a.g.GitHubSprintRepository     : Processing event [GitHubIssueEvent(id=915245545, type=ASSIGNED, createdAt=2017-01-08T14:59:26Z, body=null, commitId=null, actor=GitHubUser(login=davidmigloz))] of issue [Estudio de viabilidad económica]
2023-09-24 16:20:58.984 DEBUG 39436 --- [           main] e.u.l.a.a.a.g.GitHubSprintRepository     : Processing event [GitHubIssueEvent(id=920704432, type=MILESTONED, createdAt=2017-01-12T13:23:22Z, body=null, commitId=null, actor=GitHubUser(login=davidmigloz))] of issue [Estudio de viabilidad económica]
2023-09-24 16:20:58.984 DEBUG 39436 --- [           main] e.u.l.a.a.a.g.GitHubSprintRepository     : Processing event [GitHubIssueEvent(id=928337303, type=MILESTONED, createdAt=2017-01-18T23:36:43Z, body=null, commitId=null, actor=GitHubUser(login=davidmigloz))] of issue [Estudio de viabilidad económica]
2023-09-24 16:20:58.985 DEBUG 39436 --- [           main] e.u.l.a.a.a.g.GitHubSprintRepository     : Processing event [GitHubIssueEvent(id=928337304, type=null, createdAt=2017-01-18T23:36:43Z, body=null, commitId=null, actor=GitHubUser(login=davidmigloz))] of issue [Estudio de viabilidad económica]
2023-09-24 16:20:58.985 DEBUG 39436 --- [           main] e.u.l.a.a.a.g.GitHubSprintRepository     : Processing event [GitHubIssueEvent(id=931298669, type=REFERENCED, createdAt=2017-01-20T21:01:54Z, body=null, commitId=e743026e1c37d8f76dc1872c946f6cea9b09a9e0, actor=GitHubUser(login=davidmigloz))] of issue [Estudio de viabilidad económica]
2023-09-24 16:20:58.985 DEBUG 39436 --- [           main] e.u.l.a.a.a.g.GitHubSprintRepository     : Processing event [GitHubIssueEvent(id=931380502, type=CLOSED, createdAt=2017-01-20T22:11:34Z, body=null, commitId=null, actor=GitHubUser(login=davidmigloz))] of issue [Estudio de viabilidad económica]
2023-09-24 16:20:58.985 DEBUG 39436 --- [           main] e.u.l.a.a.a.g.GitHubSprintRepository     : Processing event [GitHubIssueEvent(id=null, type=CROSS_REFERENCED, createdAt=2021-03-17T11:32:17Z, body=null, commitId=null, actor=GitHubUser(login=gonsanmames))] of issue [Estudio de viabilidad económica]
2023-09-24 16:20:58.985 DEBUG 39436 --- [           main] e.u.l.a.a.a.g.GitHubSprintRepository     : Processing event [GitHubIssueEvent(id=null, type=CROSS_REFERENCED, createdAt=2021-11-22T20:23:49Z, body=null, commitId=null, actor=GitHubUser(login=jesgararm))] of issue [Estudio de viabilidad económica]
  &amp#27;[32mGiven &amp#27;[0m&amp#27;[32ma case study with repo owner &amp#27;[0m&amp#27;[32m&amp#27;[1m"davidmigloz"&amp#27;[0m&amp#27;[32m, name &amp#27;[0m&amp#27;[32m&amp#27;[1m"go-bees"&amp#27;[0m&amp#27;[32m and time period &amp#27;[0m&amp#27;[32m&amp#27;[1m2017-01-25T00:00:00Z&amp#27;[0m&amp#27;[32m &amp#27;[0m&amp#27;[32m&amp#27;[1m2017-01-25T23:59:59Z&amp#27;[0m                 &amp#27;[90m# es.ubu.lsi.avrela.bdd.css.ApmCaseStudySimulationEvaluationSteps.aCaseStudyWithRepoOwnerNameAndTimePeriod(java.lang.String,java.lang.String,java.time.ZonedDateTime,java.time.ZonedDateTime)&amp#27;[0m
2023-09-24 16:20:58.987 DEBUG 39436 --- [           main] e.u.l.a.a.a.g.GitHubSprintRepository     : Using repository identified by owner [davidmigloz] and name [go-bees]
2023-09-24 16:20:58.987 DEBUG 39436 --- [           main] e.u.l.a.a.a.g.GitHubSprintRepository     : Fetching milestones between [2017-01-25T00:00Z] and [2017-01-25T23:59:59Z]
2023-09-24 16:20:58.987 DEBUG 39436 --- [           main] e.u.l.a.a.a.github.GitHubApmClient       : [GitHubApmClient#findMilestones] ---> GET https://api.github.com/repos/davidmigloz/go-bees/milestones?state=all&page=1&per_page=100 HTTP/1.1
2023-09-24 16:20:59.289 DEBUG 39436 --- [           main] e.u.l.a.a.a.github.GitHubApmClient       : [GitHubApmClient#findMilestones] <--- HTTP/1.1 200 OK (301ms)
2023-09-24 16:20:59.293 DEBUG 39436 --- [           main] e.u.l.a.a.a.g.GitHubSprintRepository     : [22] sprints fetched
2023-09-24 16:20:59.293 DEBUG 39436 --- [           main] e.u.l.a.a.a.g.GitHubSprintRepository     : [1] sprints filtered
2023-09-24 16:20:59.293 DEBUG 39436 --- [           main] e.u.l.a.a.a.g.GitHubSprintRepository     : Fetching milestone [Sprint 16] due on [2017-01-25T08:00Z] issues
2023-09-24 16:20:59.294 DEBUG 39436 --- [           main] e.u.l.a.a.a.github.GitHubApmClient       : [GitHubApmClient#findIssuesByMilestone] ---> GET https://api.github.com/repos/davidmigloz/go-bees/issues?milestone=17&state=all&page=1&per_page=100 HTTP/1.1
2023-09-24 16:20:59.598 DEBUG 39436 --- [           main] e.u.l.a.a.a.github.GitHubApmClient       : [GitHubApmClient#findIssuesByMilestone] <--- HTTP/1.1 200 OK (302ms)
2023-09-24 16:20:59.602 DEBUG 39436 --- [           main] e.u.l.a.a.a.g.GitHubSprintRepository     : [17] issues fetched
2023-09-24 16:20:59.602 DEBUG 39436 --- [           main] e.u.l.a.a.a.g.GitHubSprintRepository     : Fetching issue [Añadir coordenadas manualmente] events
2023-09-24 16:20:59.603 DEBUG 39436 --- [           main] e.u.l.a.a.a.github.GitHubApmClient       : [GitHubApmClient#findEventsByIssue] ---> GET https://api.github.com/repos/davidmigloz/go-bees/issues/175/timeline HTTP/1.1
2023-09-24 16:21:00.314 DEBUG 39436 --- [           main] e.u.l.a.a.a.github.GitHubApmClient       : [GitHubApmClient#findEventsByIssue] <--- HTTP/1.1 200 OK (711ms)
2023-09-24 16:21:00.320 DEBUG 39436 --- [           main] e.u.l.a.a.a.g.GitHubSprintRepository     : Fetched [11] events
2023-09-24 16:21:00.320 DEBUG 39436 --- [           main] e.u.l.a.a.a.g.GitHubSprintRepository     : Processing event [GitHubIssueEvent(id=935403479, type=LABELED, createdAt=2017-01-24T23:53:27Z, body=null, commitId=null, actor=GitHubUser(login=davidmigloz))] of issue [Añadir coordenadas manualmente]
2023-09-24 16:21:00.320 DEBUG 39436 --- [           main] e.u.l.a.a.a.g.GitHubSprintRepository     : Processing event [GitHubIssueEvent(id=935403480, type=MILESTONED, createdAt=2017-01-24T23:53:27Z, body=null, commitId=null, actor=GitHubUser(login=davidmigloz))] of issue [Añadir coordenadas manualmente]
2023-09-24 16:21:00.320 DEBUG 39436 --- [           main] e.u.l.a.a.a.g.GitHubSprintRepository     : Processing event [GitHubIssueEvent(id=935403481, type=ASSIGNED, createdAt=2017-01-24T23:53:27Z, body=null, commitId=null, actor=GitHubUser(login=davidmigloz))] of issue [Añadir coordenadas manualmente]
2023-09-24 16:21:00.320 DEBUG 39436 --- [           main] e.u.l.a.a.a.g.GitHubSprintRepository     : Processing event [GitHubIssueEvent(id=935406869, type=REFERENCED, createdAt=2017-01-24T23:57:03Z, body=null, commitId=b15f3e86c3007d75a41ac3cb53db77ec9e79816b, actor=GitHubUser(login=davidmigloz))] of issue [Añadir coordenadas manualmente]
2023-09-24 16:21:00.320 DEBUG 39436 --- [           main] e.u.l.a.a.a.g.GitHubSprintRepository     : Processing event [GitHubIssueEvent(id=935410092, type=CLOSED, createdAt=2017-01-25T00:00:34Z, body=null, commitId=null, actor=GitHubUser(login=davidmigloz))] of issue [Añadir coordenadas manualmente]
2023-09-24 16:21:00.320 DEBUG 39436 --- [           main] e.u.l.a.a.a.g.GitHubSprintRepository     : Processing event [GitHubIssueEvent(id=null, type=CROSS_REFERENCED, createdAt=2021-03-12T17:54:29Z, body=null, commitId=null, actor=GitHubUser(login=NaiaraGadea))] of issue [Añadir coordenadas manualmente]
2023-09-24 16:21:00.320 DEBUG 39436 --- [           main] e.u.l.a.a.a.g.GitHubSprintRepository     : Processing event [GitHubIssueEvent(id=null, type=CROSS_REFERENCED, createdAt=2021-03-15T11:35:28Z, body=null, commitId=null, actor=GitHubUser(login=FeliRad-sum))] of issue [Añadir coordenadas manualmente]
2023-09-24 16:21:00.320 DEBUG 39436 --- [           main] e.u.l.a.a.a.g.GitHubSprintRepository     : Processing event [GitHubIssueEvent(id=null, type=CROSS_REFERENCED, createdAt=2021-03-16T11:37:56Z, body=null, commitId=null, actor=GitHubUser(login=VictorBarcina01))] of issue [Añadir coordenadas manualmente]
2023-09-24 16:21:00.320 DEBUG 39436 --- [           main] e.u.l.a.a.a.g.GitHubSprintRepository     : Processing event [GitHubIssueEvent(id=null, type=CROSS_REFERENCED, createdAt=2021-03-17T10:48:13Z, body=null, commitId=null, actor=GitHubUser(login=gonsanmames))] of issue [Añadir coordenadas manualmente]
2023-09-24 16:21:00.320 DEBUG 39436 --- [           main] e.u.l.a.a.a.g.GitHubSprintRepository     : Processing event [GitHubIssueEvent(id=null, type=CROSS_REFERENCED, createdAt=2021-11-22T20:33:35Z, body=null, commitId=null, actor=GitHubUser(login=jesgararm))] of issue [Añadir coordenadas manualmente]
2023-09-24 16:21:00.320 DEBUG 39436 --- [           main] e.u.l.a.a.a.g.GitHubSprintRepository     : Processing event [GitHubIssueEvent(id=null, type=CROSS_REFERENCED, createdAt=2023-05-08T11:18:42Z, body=null, commitId=null, actor=GitHubUser(login=clopezno))] of issue [Añadir coordenadas manualmente]
2023-09-24 16:21:00.320 DEBUG 39436 --- [           main] e.u.l.a.a.a.g.GitHubSprintRepository     : Fetching issue [Diseño de interfaces] events
2023-09-24 16:21:00.320 DEBUG 39436 --- [           main] e.u.l.a.a.a.github.GitHubApmClient       : [GitHubApmClient#findEventsByIssue] ---> GET https://api.github.com/repos/davidmigloz/go-bees/issues/174/timeline HTTP/1.1
2023-09-24 16:21:01.133 DEBUG 39436 --- [           main] e.u.l.a.a.a.github.GitHubApmClient       : [GitHubApmClient#findEventsByIssue] <--- HTTP/1.1 200 OK (812ms)
2023-09-24 16:21:01.136 DEBUG 39436 --- [           main] e.u.l.a.a.a.g.GitHubSprintRepository     : Fetched [11] events
2023-09-24 16:21:01.136 DEBUG 39436 --- [           main] e.u.l.a.a.a.g.GitHubSprintRepository     : Processing event [GitHubIssueEvent(id=933831694, type=LABELED, createdAt=2017-01-24T01:59:36Z, body=null, commitId=null, actor=GitHubUser(login=davidmigloz))] of issue [Diseño de interfaces]
2023-09-24 16:21:01.136 DEBUG 39436 --- [           main] e.u.l.a.a.a.g.GitHubSprintRepository     : Processing event [GitHubIssueEvent(id=933831695, type=MILESTONED, createdAt=2017-01-24T01:59:36Z, body=null, commitId=null, actor=GitHubUser(login=davidmigloz))] of issue [Diseño de interfaces]
2023-09-24 16:21:01.136 DEBUG 39436 --- [           main] e.u.l.a.a.a.g.GitHubSprintRepository     : Processing event [GitHubIssueEvent(id=933831696, type=ASSIGNED, createdAt=2017-01-24T01:59:36Z, body=null, commitId=null, actor=GitHubUser(login=davidmigloz))] of issue [Diseño de interfaces]
2023-09-24 16:21:01.136 DEBUG 39436 --- [           main] e.u.l.a.a.a.g.GitHubSprintRepository     : Processing event [GitHubIssueEvent(id=933834164, type=REFERENCED, createdAt=2017-01-24T02:02:34Z, body=null, commitId=ac7374fb9bdc9c6a4ac4c2c814a40b584de53d70, actor=GitHubUser(login=davidmigloz))] of issue [Diseño de interfaces]
2023-09-24 16:21:01.136 DEBUG 39436 --- [           main] e.u.l.a.a.a.g.GitHubSprintRepository     : Processing event [GitHubIssueEvent(id=933834711, type=CLOSED, createdAt=2017-01-24T02:03:10Z, body=null, commitId=null, actor=GitHubUser(login=davidmigloz))] of issue [Diseño de interfaces]
2023-09-24 16:21:01.136 DEBUG 39436 --- [           main] e.u.l.a.a.a.g.GitHubSprintRepository     : Processing event [GitHubIssueEvent(id=933840090, type=REFERENCED, createdAt=2017-01-24T02:09:15Z, body=null, commitId=a388d08d6a4d014782f21553a593d92524812c16, actor=GitHubUser(login=davidmigloz))] of issue [Diseño de interfaces]
2023-09-24 16:21:01.136 DEBUG 39436 --- [           main] e.u.l.a.a.a.g.GitHubSprintRepository     : Processing event [GitHubIssueEvent(id=null, type=CROSS_REFERENCED, createdAt=2021-03-12T18:01:58Z, body=null, commitId=null, actor=GitHubUser(login=NaiaraGadea))] of issue [Diseño de interfaces]
2023-09-24 16:21:01.136 DEBUG 39436 --- [           main] e.u.l.a.a.a.g.GitHubSprintRepository     : Processing event [GitHubIssueEvent(id=null, type=CROSS_REFERENCED, createdAt=2021-03-15T11:31:51Z, body=null, commitId=null, actor=GitHubUser(login=FeliRad-sum))] of issue [Diseño de interfaces]
2023-09-24 16:21:01.136 DEBUG 39436 --- [           main] e.u.l.a.a.a.g.GitHubSprintRepository     : Processing event [GitHubIssueEvent(id=null, type=CROSS_REFERENCED, createdAt=2021-03-16T11:54:12Z, body=null, commitId=null, actor=GitHubUser(login=VictorBarcina01))] of issue [Diseño de interfaces]
2023-09-24 16:21:01.136 DEBUG 39436 --- [           main] e.u.l.a.a.a.g.GitHubSprintRepository     : Processing event [GitHubIssueEvent(id=null, type=CROSS_REFERENCED, createdAt=2021-03-17T10:52:12Z, body=null, commitId=null, actor=GitHubUser(login=gonsanmames))] of issue [Diseño de interfaces]
2023-09-24 16:21:01.136 DEBUG 39436 --- [           main] e.u.l.a.a.a.g.GitHubSprintRepository     : Processing event [GitHubIssueEvent(id=null, type=CROSS_REFERENCED, createdAt=2021-11-22T20:32:55Z, body=null, commitId=null, actor=GitHubUser(login=jesgararm))] of issue [Diseño de interfaces]
2023-09-24 16:21:01.136 DEBUG 39436 --- [           main] e.u.l.a.a.a.g.GitHubSprintRepository     : Fetching issue [Incrementar la cobertura en las clases de utilidad] events
2023-09-24 16:21:01.137 DEBUG 39436 --- [           main] e.u.l.a.a.a.github.GitHubApmClient       : [GitHubApmClient#findEventsByIssue] ---> GET https://api.github.com/repos/davidmigloz/go-bees/issues/171/timeline HTTP/1.1
2023-09-24 16:21:01.645 DEBUG 39436 --- [           main] e.u.l.a.a.a.github.GitHubApmClient       : [GitHubApmClient#findEventsByIssue] <--- HTTP/1.1 200 OK (507ms)
2023-09-24 16:21:01.649 DEBUG 39436 --- [           main] e.u.l.a.a.a.g.GitHubSprintRepository     : Fetched [9] events
2023-09-24 16:21:01.649 DEBUG 39436 --- [           main] e.u.l.a.a.a.g.GitHubSprintRepository     : Processing event [GitHubIssueEvent(id=932825110, type=LABELED, createdAt=2017-01-23T13:48:48Z, body=null, commitId=null, actor=GitHubUser(login=davidmigloz))] of issue [Incrementar la cobertura en las clases de utilidad]
2023-09-24 16:21:01.649 DEBUG 39436 --- [           main] e.u.l.a.a.a.g.GitHubSprintRepository     : Processing event [GitHubIssueEvent(id=932825113, type=MILESTONED, createdAt=2017-01-23T13:48:48Z, body=null, commitId=null, actor=GitHubUser(login=davidmigloz))] of issue [Incrementar la cobertura en las clases de utilidad]
2023-09-24 16:21:01.649 DEBUG 39436 --- [           main] e.u.l.a.a.a.g.GitHubSprintRepository     : Processing event [GitHubIssueEvent(id=932825114, type=ASSIGNED, createdAt=2017-01-23T13:48:48Z, body=null, commitId=null, actor=GitHubUser(login=davidmigloz))] of issue [Incrementar la cobertura en las clases de utilidad]
2023-09-24 16:21:01.649 DEBUG 39436 --- [           main] e.u.l.a.a.a.g.GitHubSprintRepository     : Processing event [GitHubIssueEvent(id=932826785, type=REFERENCED, createdAt=2017-01-23T13:50:01Z, body=null, commitId=8600afb35ccb8fec085a430112deba17330b95a9, actor=GitHubUser(login=davidmigloz))] of issue [Incrementar la cobertura en las clases de utilidad]
2023-09-24 16:21:01.649 DEBUG 39436 --- [           main] e.u.l.a.a.a.g.GitHubSprintRepository     : Processing event [GitHubIssueEvent(id=932828474, type=CLOSED, createdAt=2017-01-23T13:51:23Z, body=null, commitId=null, actor=GitHubUser(login=davidmigloz))] of issue [Incrementar la cobertura en las clases de utilidad]
2023-09-24 16:21:01.649 DEBUG 39436 --- [           main] e.u.l.a.a.a.g.GitHubSprintRepository     : Processing event [GitHubIssueEvent(id=936372418, type=null, createdAt=2017-01-25T16:04:59Z, body=null, commitId=null, actor=GitHubUser(login=davidmigloz))] of issue [Incrementar la cobertura en las clases de utilidad]
2023-09-24 16:21:01.649 DEBUG 39436 --- [           main] e.u.l.a.a.a.g.GitHubSprintRepository     : Processing event [GitHubIssueEvent(id=null, type=CROSS_REFERENCED, createdAt=2021-03-15T11:14:33Z, body=null, commitId=null, actor=GitHubUser(login=FeliRad-sum))] of issue [Incrementar la cobertura en las clases de utilidad]
2023-09-24 16:21:01.649 DEBUG 39436 --- [           main] e.u.l.a.a.a.g.GitHubSprintRepository     : Processing event [GitHubIssueEvent(id=null, type=CROSS_REFERENCED, createdAt=2021-03-17T11:09:32Z, body=null, commitId=null, actor=GitHubUser(login=gonsanmames))] of issue [Incrementar la cobertura en las clases de utilidad]
2023-09-24 16:21:01.650 DEBUG 39436 --- [           main] e.u.l.a.a.a.g.GitHubSprintRepository     : Processing event [GitHubIssueEvent(id=null, type=CROSS_REFERENCED, createdAt=2021-11-22T20:30:40Z, body=null, commitId=null, actor=GitHubUser(login=jesgararm))] of issue [Incrementar la cobertura en las clases de utilidad]
2023-09-24 16:21:01.650 DEBUG 39436 --- [           main] e.u.l.a.a.a.g.GitHubSprintRepository     : Fetching issue [Solapamiento con condiciones meteorológicas largas] events
2023-09-24 16:21:01.650 DEBUG 39436 --- [           main] e.u.l.a.a.a.github.GitHubApmClient       : [GitHubApmClient#findEventsByIssue] ---> GET https://api.github.com/repos/davidmigloz/go-bees/issues/170/timeline HTTP/1.1
2023-09-24 16:21:02.055 DEBUG 39436 --- [           main] e.u.l.a.a.a.github.GitHubApmClient       : [GitHubApmClient#findEventsByIssue] <--- HTTP/1.1 200 OK (404ms)
2023-09-24 16:21:02.056 DEBUG 39436 --- [           main] e.u.l.a.a.a.g.GitHubSprintRepository     : Fetched [7] events
2023-09-24 16:21:02.056 DEBUG 39436 --- [           main] e.u.l.a.a.a.g.GitHubSprintRepository     : Processing event [GitHubIssueEvent(id=932044159, type=LABELED, createdAt=2017-01-22T17:19Z, body=null, commitId=null, actor=GitHubUser(login=davidmigloz))] of issue [Solapamiento con condiciones meteorológicas largas]
2023-09-24 16:21:02.057 DEBUG 39436 --- [           main] e.u.l.a.a.a.g.GitHubSprintRepository     : Processing event [GitHubIssueEvent(id=932044160, type=MILESTONED, createdAt=2017-01-22T17:19Z, body=null, commitId=null, actor=GitHubUser(login=davidmigloz))] of issue [Solapamiento con condiciones meteorológicas largas]
2023-09-24 16:21:02.057 DEBUG 39436 --- [           main] e.u.l.a.a.a.g.GitHubSprintRepository     : Processing event [GitHubIssueEvent(id=932044161, type=ASSIGNED, createdAt=2017-01-22T17:19Z, body=null, commitId=null, actor=GitHubUser(login=davidmigloz))] of issue [Solapamiento con condiciones meteorológicas largas]
2023-09-24 16:21:02.057 DEBUG 39436 --- [           main] e.u.l.a.a.a.g.GitHubSprintRepository     : Processing event [GitHubIssueEvent(id=932046274, type=REFERENCED, createdAt=2017-01-22T17:27:52Z, body=null, commitId=c90948ef1d7cbf0dadf0d4f0b45d4c43dc7ac826, actor=GitHubUser(login=davidmigloz))] of issue [Solapamiento con condiciones meteorológicas largas]
2023-09-24 16:21:02.057 DEBUG 39436 --- [           main] e.u.l.a.a.a.g.GitHubSprintRepository     : Processing event [GitHubIssueEvent(id=932046451, type=CLOSED, createdAt=2017-01-22T17:28:25Z, body=null, commitId=null, actor=GitHubUser(login=davidmigloz))] of issue [Solapamiento con condiciones meteorológicas largas]
2023-09-24 16:21:02.057 DEBUG 39436 --- [           main] e.u.l.a.a.a.g.GitHubSprintRepository     : Processing event [GitHubIssueEvent(id=null, type=CROSS_REFERENCED, createdAt=2021-03-17T11:16:10Z, body=null, commitId=null, actor=GitHubUser(login=gonsanmames))] of issue [Solapamiento con condiciones meteorológicas largas]
2023-09-24 16:21:02.057 DEBUG 39436 --- [           main] e.u.l.a.a.a.g.GitHubSprintRepository     : Processing event [GitHubIssueEvent(id=null, type=CROSS_REFERENCED, createdAt=2021-11-22T20:29:55Z, body=null, commitId=null, actor=GitHubUser(login=jesgararm))] of issue [Solapamiento con condiciones meteorológicas largas]
2023-09-24 16:21:02.057 DEBUG 39436 --- [           main] e.u.l.a.a.a.g.GitHubSprintRepository     : Fetching issue [Permitir notas multilinea] events
2023-09-24 16:21:02.058 DEBUG 39436 --- [           main] e.u.l.a.a.a.github.GitHubApmClient       : [GitHubApmClient#findEventsByIssue] ---> GET https://api.github.com/repos/davidmigloz/go-bees/issues/169/timeline HTTP/1.1
2023-09-24 16:21:02.668 DEBUG 39436 --- [           main] e.u.l.a.a.a.github.GitHubApmClient       : [GitHubApmClient#findEventsByIssue] <--- HTTP/1.1 200 OK (610ms)
2023-09-24 16:21:02.672 DEBUG 39436 --- [           main] e.u.l.a.a.a.g.GitHubSprintRepository     : Fetched [8] events
2023-09-24 16:21:02.672 DEBUG 39436 --- [           main] e.u.l.a.a.a.g.GitHubSprintRepository     : Processing event [GitHubIssueEvent(id=932037647, type=LABELED, createdAt=2017-01-22T16:55:26Z, body=null, commitId=null, actor=GitHubUser(login=davidmigloz))] of issue [Permitir notas multilinea]
2023-09-24 16:21:02.672 DEBUG 39436 --- [           main] e.u.l.a.a.a.g.GitHubSprintRepository     : Processing event [GitHubIssueEvent(id=932037648, type=MILESTONED, createdAt=2017-01-22T16:55:26Z, body=null, commitId=null, actor=GitHubUser(login=davidmigloz))] of issue [Permitir notas multilinea]
2023-09-24 16:21:02.673 DEBUG 39436 --- [           main] e.u.l.a.a.a.g.GitHubSprintRepository     : Processing event [GitHubIssueEvent(id=932037649, type=ASSIGNED, createdAt=2017-01-22T16:55:26Z, body=null, commitId=null, actor=GitHubUser(login=davidmigloz))] of issue [Permitir notas multilinea]
2023-09-24 16:21:02.673 DEBUG 39436 --- [           main] e.u.l.a.a.a.g.GitHubSprintRepository     : Processing event [GitHubIssueEvent(id=932044018, type=CLOSED, createdAt=2017-01-22T17:18:12Z, body=null, commitId=null, actor=GitHubUser(login=davidmigloz))] of issue [Permitir notas multilinea]
2023-09-24 16:21:02.673 DEBUG 39436 --- [           main] e.u.l.a.a.a.g.GitHubSprintRepository     : Processing event [GitHubIssueEvent(id=932046273, type=REFERENCED, createdAt=2017-01-22T17:27:52Z, body=null, commitId=2da3c6ad6d9cfaed956e7277091c8467fefa9ab7, actor=GitHubUser(login=davidmigloz))] of issue [Permitir notas multilinea]
2023-09-24 16:21:02.673 DEBUG 39436 --- [           main] e.u.l.a.a.a.g.GitHubSprintRepository     : Processing event [GitHubIssueEvent(id=null, type=CROSS_REFERENCED, createdAt=2021-03-17T11:24:36Z, body=null, commitId=null, actor=GitHubUser(login=gonsanmames))] of issue [Permitir notas multilinea]
2023-09-24 16:21:02.673 DEBUG 39436 --- [           main] e.u.l.a.a.a.g.GitHubSprintRepository     : Processing event [GitHubIssueEvent(id=null, type=CROSS_REFERENCED, createdAt=2021-11-22T20:29:21Z, body=null, commitId=null, actor=GitHubUser(login=jesgararm))] of issue [Permitir notas multilinea]
2023-09-24 16:21:02.673 DEBUG 39436 --- [           main] e.u.l.a.a.a.g.GitHubSprintRepository     : Processing event [GitHubIssueEvent(id=null, type=CROSS_REFERENCED, createdAt=2022-11-22T15:37:52Z, body=null, commitId=null, actor=GitHubUser(login=Mno0004ubu))] of issue [Permitir notas multilinea]
2023-09-24 16:21:02.673 DEBUG 39436 --- [           main] e.u.l.a.a.a.g.GitHubSprintRepository     : Fetching issue [Borrar anterior registro al actualizar el tiempo actual] events
2023-09-24 16:21:02.673 DEBUG 39436 --- [           main] e.u.l.a.a.a.github.GitHubApmClient       : [GitHubApmClient#findEventsByIssue] ---> GET https://api.github.com/repos/davidmigloz/go-bees/issues/168/timeline HTTP/1.1
2023-09-24 16:21:03.288 DEBUG 39436 --- [           main] e.u.l.a.a.a.github.GitHubApmClient       : [GitHubApmClient#findEventsByIssue] <--- HTTP/1.1 200 OK (614ms)
2023-09-24 16:21:03.290 DEBUG 39436 --- [           main] e.u.l.a.a.a.g.GitHubSprintRepository     : Fetched [10] events
2023-09-24 16:21:03.290 DEBUG 39436 --- [           main] e.u.l.a.a.a.g.GitHubSprintRepository     : Processing event [GitHubIssueEvent(id=932035781, type=LABELED, createdAt=2017-01-22T16:48:02Z, body=null, commitId=null, actor=GitHubUser(login=davidmigloz))] of issue [Borrar anterior registro al actualizar el tiempo actual]
2023-09-24 16:21:03.290 DEBUG 39436 --- [           main] e.u.l.a.a.a.g.GitHubSprintRepository     : Processing event [GitHubIssueEvent(id=932035782, type=MILESTONED, createdAt=2017-01-22T16:48:02Z, body=null, commitId=null, actor=GitHubUser(login=davidmigloz))] of issue [Borrar anterior registro al actualizar el tiempo actual]
2023-09-24 16:21:03.290 DEBUG 39436 --- [           main] e.u.l.a.a.a.g.GitHubSprintRepository     : Processing event [GitHubIssueEvent(id=932035783, type=ASSIGNED, createdAt=2017-01-22T16:48:02Z, body=null, commitId=null, actor=GitHubUser(login=davidmigloz))] of issue [Borrar anterior registro al actualizar el tiempo actual]
2023-09-24 16:21:03.290 DEBUG 39436 --- [           main] e.u.l.a.a.a.g.GitHubSprintRepository     : Processing event [GitHubIssueEvent(id=932037432, type=CLOSED, createdAt=2017-01-22T16:54:36Z, body=null, commitId=null, actor=GitHubUser(login=davidmigloz))] of issue [Borrar anterior registro al actualizar el tiempo actual]
2023-09-24 16:21:03.290 DEBUG 39436 --- [           main] e.u.l.a.a.a.g.GitHubSprintRepository     : Processing event [GitHubIssueEvent(id=932046272, type=REFERENCED, createdAt=2017-01-22T17:27:52Z, body=null, commitId=422e78dc2257f50ff4dd35b49ec7fc21d39d5eba, actor=GitHubUser(login=davidmigloz))] of issue [Borrar anterior registro al actualizar el tiempo actual]
2023-09-24 16:21:03.290 DEBUG 39436 --- [           main] e.u.l.a.a.a.g.GitHubSprintRepository     : Processing event [GitHubIssueEvent(id=936373814, type=null, createdAt=2017-01-25T16:05:44Z, body=null, commitId=null, actor=GitHubUser(login=davidmigloz))] of issue [Borrar anterior registro al actualizar el tiempo actual]
2023-09-24 16:21:03.290 DEBUG 39436 --- [           main] e.u.l.a.a.a.g.GitHubSprintRepository     : Processing event [GitHubIssueEvent(id=null, type=CROSS_REFERENCED, createdAt=2021-03-15T11:04:04Z, body=null, commitId=null, actor=GitHubUser(login=FeliRad-sum))] of issue [Borrar anterior registro al actualizar el tiempo actual]
2023-09-24 16:21:03.290 DEBUG 39436 --- [           main] e.u.l.a.a.a.g.GitHubSprintRepository     : Processing event [GitHubIssueEvent(id=null, type=CROSS_REFERENCED, createdAt=2021-03-17T11:26:25Z, body=null, commitId=null, actor=GitHubUser(login=gonsanmames))] of issue [Borrar anterior registro al actualizar el tiempo actual]
2023-09-24 16:21:03.290 DEBUG 39436 --- [           main] e.u.l.a.a.a.g.GitHubSprintRepository     : Processing event [GitHubIssueEvent(id=null, type=CROSS_REFERENCED, createdAt=2021-11-22T20:28:14Z, body=null, commitId=null, actor=GitHubUser(login=jesgararm))] of issue [Borrar anterior registro al actualizar el tiempo actual]
2023-09-24 16:21:03.290 DEBUG 39436 --- [           main] e.u.l.a.a.a.g.GitHubSprintRepository     : Processing event [GitHubIssueEvent(id=null, type=CROSS_REFERENCED, createdAt=2022-11-22T15:29:27Z, body=null, commitId=null, actor=GitHubUser(login=Mno0004ubu))] of issue [Borrar anterior registro al actualizar el tiempo actual]
2023-09-24 16:21:03.290 DEBUG 39436 --- [           main] e.u.l.a.a.a.g.GitHubSprintRepository     : Fetching issue [Opción generar colmenar de muestra] events
2023-09-24 16:21:03.291 DEBUG 39436 --- [           main] e.u.l.a.a.a.github.GitHubApmClient       : [GitHubApmClient#findEventsByIssue] ---> GET https://api.github.com/repos/davidmigloz/go-bees/issues/165/timeline HTTP/1.1
2023-09-24 16:21:03.898 DEBUG 39436 --- [           main] e.u.l.a.a.a.github.GitHubApmClient       : [GitHubApmClient#findEventsByIssue] <--- HTTP/1.1 200 OK (606ms)
2023-09-24 16:21:03.901 DEBUG 39436 --- [           main] e.u.l.a.a.a.g.GitHubSprintRepository     : Fetched [12] events
2023-09-24 16:21:03.901 DEBUG 39436 --- [           main] e.u.l.a.a.a.g.GitHubSprintRepository     : Processing event [GitHubIssueEvent(id=931850814, type=LABELED, createdAt=2017-01-22T01:24:39Z, body=null, commitId=null, actor=GitHubUser(login=davidmigloz))] of issue [Opción generar colmenar de muestra]
2023-09-24 16:21:03.902 DEBUG 39436 --- [           main] e.u.l.a.a.a.g.GitHubSprintRepository     : Processing event [GitHubIssueEvent(id=931850815, type=MILESTONED, createdAt=2017-01-22T01:24:39Z, body=null, commitId=null, actor=GitHubUser(login=davidmigloz))] of issue [Opción generar colmenar de muestra]
2023-09-24 16:21:03.902 DEBUG 39436 --- [           main] e.u.l.a.a.a.g.GitHubSprintRepository     : Processing event [GitHubIssueEvent(id=931850816, type=ASSIGNED, createdAt=2017-01-22T01:24:39Z, body=null, commitId=null, actor=GitHubUser(login=davidmigloz))] of issue [Opción generar colmenar de muestra]
2023-09-24 16:21:03.902 DEBUG 39436 --- [           main] e.u.l.a.a.a.g.GitHubSprintRepository     : Processing event [GitHubIssueEvent(id=931851014, type=REFERENCED, createdAt=2017-01-22T01:25:38Z, body=null, commitId=58331458dfc2f8642a41360530d9ace70c424094, actor=GitHubUser(login=davidmigloz))] of issue [Opción generar colmenar de muestra]
2023-09-24 16:21:03.902 DEBUG 39436 --- [           main] e.u.l.a.a.a.g.GitHubSprintRepository     : Processing event [GitHubIssueEvent(id=931851034, type=CLOSED, createdAt=2017-01-22T01:25:46Z, body=null, commitId=null, actor=GitHubUser(login=davidmigloz))] of issue [Opción generar colmenar de muestra]
2023-09-24 16:21:03.902 DEBUG 39436 --- [           main] e.u.l.a.a.a.g.GitHubSprintRepository     : Processing event [GitHubIssueEvent(id=799324150, type=COMMENTED, createdAt=2021-03-15T10:57:32Z, body=@davidmigloz
Implement generate sample data #165, commitId=null, actor=GitHubUser(login=FeliRad-sum))] of issue [Opción generar colmenar de muestra]
2023-09-24 16:21:03.902 DEBUG 39436 --- [           main] e.u.l.a.a.a.g.GitHubSprintRepository     : Processing event [GitHubIssueEvent(id=4457977847, type=null, createdAt=2021-03-15T10:57:33Z, body=null, commitId=null, actor=GitHubUser(login=davidmigloz))] of issue [Opción generar colmenar de muestra]
2023-09-24 16:21:03.902 DEBUG 39436 --- [           main] e.u.l.a.a.a.g.GitHubSprintRepository     : Processing event [GitHubIssueEvent(id=4457977853, type=null, createdAt=2021-03-15T10:57:33Z, body=null, commitId=null, actor=GitHubUser(login=davidmigloz))] of issue [Opción generar colmenar de muestra]
2023-09-24 16:21:03.902 DEBUG 39436 --- [           main] e.u.l.a.a.a.g.GitHubSprintRepository     : Processing event [GitHubIssueEvent(id=null, type=CROSS_REFERENCED, createdAt=2021-03-17T11:28:28Z, body=null, commitId=null, actor=GitHubUser(login=gonsanmames))] of issue [Opción generar colmenar de muestra]
2023-09-24 16:21:03.902 DEBUG 39436 --- [           main] e.u.l.a.a.a.g.GitHubSprintRepository     : Processing event [GitHubIssueEvent(id=null, type=CROSS_REFERENCED, createdAt=2021-11-22T20:27:24Z, body=null, commitId=null, actor=GitHubUser(login=jesgararm))] of issue [Opción generar colmenar de muestra]
2023-09-24 16:21:03.902 DEBUG 39436 --- [           main] e.u.l.a.a.a.g.GitHubSprintRepository     : Processing event [GitHubIssueEvent(id=null, type=CROSS_REFERENCED, createdAt=2022-11-20T14:48:30Z, body=null, commitId=null, actor=GitHubUser(login=rll1004))] of issue [Opción generar colmenar de muestra]
2023-09-24 16:21:03.902 DEBUG 39436 --- [           main] e.u.l.a.a.a.g.GitHubSprintRepository     : Processing event [GitHubIssueEvent(id=null, type=CROSS_REFERENCED, createdAt=2023-03-14T16:12:54Z, body=null, commitId=null, actor=GitHubUser(login=lng1008))] of issue [Opción generar colmenar de muestra]
2023-09-24 16:21:03.902 DEBUG 39436 --- [           main] e.u.l.a.a.a.g.GitHubSprintRepository     : Fetching issue [Opción generar colmenar de muestra] comments
2023-09-24 16:21:03.902 DEBUG 39436 --- [           main] e.u.l.a.a.a.github.GitHubApmClient       : [GitHubApmClient#findCommentsByIssue] ---> GET https://api.github.com/repos/davidmigloz/go-bees/issues/165/comments HTTP/1.1
2023-09-24 16:21:04.204 DEBUG 39436 --- [           main] e.u.l.a.a.a.github.GitHubApmClient       : [GitHubApmClient#findCommentsByIssue] <--- HTTP/1.1 200 OK (302ms)
2023-09-24 16:21:04.205 DEBUG 39436 --- [           main] e.u.l.a.a.a.g.GitHubSprintRepository     : [1] comments fetched
2023-09-24 16:21:04.205 DEBUG 39436 --- [           main] e.u.l.a.a.a.g.GitHubSprintRepository     : Fetching issue [Las imágenes no se posicionan correctamente en el pdf autogenerado] events
2023-09-24 16:21:04.205 DEBUG 39436 --- [           main] e.u.l.a.a.a.github.GitHubApmClient       : [GitHubApmClient#findEventsByIssue] ---> GET https://api.github.com/repos/davidmigloz/go-bees/issues/164/timeline HTTP/1.1
2023-09-24 16:21:04.819 DEBUG 39436 --- [           main] e.u.l.a.a.a.github.GitHubApmClient       : [GitHubApmClient#findEventsByIssue] <--- HTTP/1.1 200 OK (613ms)
2023-09-24 16:21:04.821 DEBUG 39436 --- [           main] e.u.l.a.a.a.g.GitHubSprintRepository     : Fetched [16] events
2023-09-24 16:21:04.821 DEBUG 39436 --- [           main] e.u.l.a.a.a.g.GitHubSprintRepository     : Processing event [GitHubIssueEvent(id=931378233, type=LABELED, createdAt=2017-01-20T22:09:19Z, body=null, commitId=null, actor=GitHubUser(login=davidmigloz))] of issue [Las imágenes no se posicionan correctamente en el pdf autogenerado]
2023-09-24 16:21:04.821 DEBUG 39436 --- [           main] e.u.l.a.a.a.g.GitHubSprintRepository     : Processing event [GitHubIssueEvent(id=931378235, type=MILESTONED, createdAt=2017-01-20T22:09:19Z, body=null, commitId=null, actor=GitHubUser(login=davidmigloz))] of issue [Las imágenes no se posicionan correctamente en el pdf autogenerado]
2023-09-24 16:21:04.821 DEBUG 39436 --- [           main] e.u.l.a.a.a.g.GitHubSprintRepository     : Processing event [GitHubIssueEvent(id=931378236, type=ASSIGNED, createdAt=2017-01-20T22:09:19Z, body=null, commitId=null, actor=GitHubUser(login=davidmigloz))] of issue [Las imágenes no se posicionan correctamente en el pdf autogenerado]
2023-09-24 16:21:04.821 DEBUG 39436 --- [           main] e.u.l.a.a.a.g.GitHubSprintRepository     : Processing event [GitHubIssueEvent(id=274193258, type=COMMENTED, createdAt=2017-01-20T22:09:25Z, body=http://stackoverflow.com/questions/24285445/sphinx-to-latex-figure-placement, commitId=null, actor=GitHubUser(login=davidmigloz))] of issue [Las imágenes no se posicionan correctamente en el pdf autogenerado]
2023-09-24 16:21:04.821 DEBUG 39436 --- [           main] e.u.l.a.a.a.g.GitHubSprintRepository     : Processing event [GitHubIssueEvent(id=931379709, type=REFERENCED, createdAt=2017-01-20T22:10:42Z, body=null, commitId=b5d991f79ade4a15414533466e1f0695eb381aca, actor=GitHubUser(login=davidmigloz))] of issue [Las imágenes no se posicionan correctamente en el pdf autogenerado]
2023-09-24 16:21:04.822 DEBUG 39436 --- [           main] e.u.l.a.a.a.g.GitHubSprintRepository     : Processing event [GitHubIssueEvent(id=931404466, type=REFERENCED, createdAt=2017-01-20T22:32:41Z, body=null, commitId=271284b37d1c4fbcf8abe6121fbd7e1f03017aca, actor=GitHubUser(login=davidmigloz))] of issue [Las imágenes no se posicionan correctamente en el pdf autogenerado]
2023-09-24 16:21:04.822 DEBUG 39436 --- [           main] e.u.l.a.a.a.g.GitHubSprintRepository     : Processing event [GitHubIssueEvent(id=931412299, type=REFERENCED, createdAt=2017-01-20T22:40:13Z, body=null, commitId=844ae5227dd5be359470b35e4b8aaf231d47a907, actor=GitHubUser(login=davidmigloz))] of issue [Las imágenes no se posicionan correctamente en el pdf autogenerado]
2023-09-24 16:21:04.822 DEBUG 39436 --- [           main] e.u.l.a.a.a.g.GitHubSprintRepository     : Processing event [GitHubIssueEvent(id=931420822, type=REFERENCED, createdAt=2017-01-20T22:49:10Z, body=null, commitId=5255bc844c912768627b695ff6055bfeb289225c, actor=GitHubUser(login=davidmigloz))] of issue [Las imágenes no se posicionan correctamente en el pdf autogenerado]
2023-09-24 16:21:04.822 DEBUG 39436 --- [           main] e.u.l.a.a.a.g.GitHubSprintRepository     : Processing event [GitHubIssueEvent(id=931425657, type=REFERENCED, createdAt=2017-01-20T22:54:32Z, body=null, commitId=683e2a463a40f3572e1b044e012e3445ca040d6b, actor=GitHubUser(login=davidmigloz))] of issue [Las imágenes no se posicionan correctamente en el pdf autogenerado]
2023-09-24 16:21:04.822 DEBUG 39436 --- [           main] e.u.l.a.a.a.g.GitHubSprintRepository     : Processing event [GitHubIssueEvent(id=931433023, type=REFERENCED, createdAt=2017-01-20T23:01:25Z, body=null, commitId=42db24a12ca36f8dc67eeb8ef026da60d8836e28, actor=GitHubUser(login=davidmigloz))] of issue [Las imágenes no se posicionan correctamente en el pdf autogenerado]
2023-09-24 16:21:04.822 DEBUG 39436 --- [           main] e.u.l.a.a.a.g.GitHubSprintRepository     : Processing event [GitHubIssueEvent(id=931435504, type=REFERENCED, createdAt=2017-01-20T23:04:24Z, body=null, commitId=5209017cf579e6eb1c1b52c1b2402a52ca14e67c, actor=GitHubUser(login=davidmigloz))] of issue [Las imágenes no se posicionan correctamente en el pdf autogenerado]
2023-09-24 16:21:04.822 DEBUG 39436 --- [           main] e.u.l.a.a.a.g.GitHubSprintRepository     : Processing event [GitHubIssueEvent(id=931447087, type=REFERENCED, createdAt=2017-01-20T23:17:05Z, body=null, commitId=52ea01c574b1ea007e02438a86210cdf70b1ad5a, actor=GitHubUser(login=davidmigloz))] of issue [Las imágenes no se posicionan correctamente en el pdf autogenerado]
2023-09-24 16:21:04.822 DEBUG 39436 --- [           main] e.u.l.a.a.a.g.GitHubSprintRepository     : Processing event [GitHubIssueEvent(id=931457637, type=CLOSED, createdAt=2017-01-20T23:30:02Z, body=null, commitId=null, actor=GitHubUser(login=davidmigloz))] of issue [Las imágenes no se posicionan correctamente en el pdf autogenerado]
2023-09-24 16:21:04.822 DEBUG 39436 --- [           main] e.u.l.a.a.a.g.GitHubSprintRepository     : Processing event [GitHubIssueEvent(id=null, type=CROSS_REFERENCED, createdAt=2021-03-13T10:35:18Z, body=null, commitId=null, actor=GitHubUser(login=MiriamSanchez11))] of issue [Las imágenes no se posicionan correctamente en el pdf autogenerado]
2023-09-24 16:21:04.822 DEBUG 39436 --- [           main] e.u.l.a.a.a.g.GitHubSprintRepository     : Processing event [GitHubIssueEvent(id=null, type=CROSS_REFERENCED, createdAt=2021-03-15T15:29:27Z, body=null, commitId=null, actor=GitHubUser(login=gonsanmames))] of issue [Las imágenes no se posicionan correctamente en el pdf autogenerado]
2023-09-24 16:21:04.822 DEBUG 39436 --- [           main] e.u.l.a.a.a.g.GitHubSprintRepository     : Processing event [GitHubIssueEvent(id=null, type=CROSS_REFERENCED, createdAt=2021-11-22T20:24:37Z, body=null, commitId=null, actor=GitHubUser(login=jesgararm))] of issue [Las imágenes no se posicionan correctamente en el pdf autogenerado]
2023-09-24 16:21:04.822 DEBUG 39436 --- [           main] e.u.l.a.a.a.g.GitHubSprintRepository     : Fetching issue [Las imágenes no se posicionan correctamente en el pdf autogenerado] comments
2023-09-24 16:21:04.823 DEBUG 39436 --- [           main] e.u.l.a.a.a.github.GitHubApmClient       : [GitHubApmClient#findCommentsByIssue] ---> GET https://api.github.com/repos/davidmigloz/go-bees/issues/164/comments HTTP/1.1
2023-09-24 16:21:05.026 DEBUG 39436 --- [           main] e.u.l.a.a.a.github.GitHubApmClient       : [GitHubApmClient#findCommentsByIssue] <--- HTTP/1.1 200 OK (203ms)
2023-09-24 16:21:05.027 DEBUG 39436 --- [           main] e.u.l.a.a.a.g.GitHubSprintRepository     : [1] comments fetched
2023-09-24 16:21:05.027 DEBUG 39436 --- [           main] e.u.l.a.a.a.g.GitHubSprintRepository     : Fetching issue [Implementar splash screen] events
2023-09-24 16:21:05.027 DEBUG 39436 --- [           main] e.u.l.a.a.a.github.GitHubApmClient       : [GitHubApmClient#findEventsByIssue] ---> GET https://api.github.com/repos/davidmigloz/go-bees/issues/163/timeline HTTP/1.1
2023-09-24 16:21:05.434 DEBUG 39436 --- [           main] e.u.l.a.a.a.github.GitHubApmClient       : [GitHubApmClient#findEventsByIssue] <--- HTTP/1.1 200 OK (406ms)
2023-09-24 16:21:05.437 DEBUG 39436 --- [           main] e.u.l.a.a.a.g.GitHubSprintRepository     : Fetched [7] events
2023-09-24 16:21:05.437 DEBUG 39436 --- [           main] e.u.l.a.a.a.g.GitHubSprintRepository     : Processing event [GitHubIssueEvent(id=928389287, type=LABELED, createdAt=2017-01-19T00:35:28Z, body=null, commitId=null, actor=GitHubUser(login=davidmigloz))] of issue [Implementar splash screen]
2023-09-24 16:21:05.437 DEBUG 39436 --- [           main] e.u.l.a.a.a.g.GitHubSprintRepository     : Processing event [GitHubIssueEvent(id=928389288, type=MILESTONED, createdAt=2017-01-19T00:35:28Z, body=null, commitId=null, actor=GitHubUser(login=davidmigloz))] of issue [Implementar splash screen]
2023-09-24 16:21:05.437 DEBUG 39436 --- [           main] e.u.l.a.a.a.g.GitHubSprintRepository     : Processing event [GitHubIssueEvent(id=928389289, type=ASSIGNED, createdAt=2017-01-19T00:35:28Z, body=null, commitId=null, actor=GitHubUser(login=davidmigloz))] of issue [Implementar splash screen]
2023-09-24 16:21:05.437 DEBUG 39436 --- [           main] e.u.l.a.a.a.g.GitHubSprintRepository     : Processing event [GitHubIssueEvent(id=928440478, type=REFERENCED, createdAt=2017-01-19T01:35:43Z, body=null, commitId=67aed85b8c96b5b37bd2c5b2fc90c4c60cc99c13, actor=GitHubUser(login=davidmigloz))] of issue [Implementar splash screen]
2023-09-24 16:21:05.437 DEBUG 39436 --- [           main] e.u.l.a.a.a.g.GitHubSprintRepository     : Processing event [GitHubIssueEvent(id=929227676, type=CLOSED, createdAt=2017-01-19T14:57:52Z, body=null, commitId=null, actor=GitHubUser(login=davidmigloz))] of issue [Implementar splash screen]
2023-09-24 16:21:05.437 DEBUG 39436 --- [           main] e.u.l.a.a.a.g.GitHubSprintRepository     : Processing event [GitHubIssueEvent(id=null, type=CROSS_REFERENCED, createdAt=2021-03-16T22:12:47Z, body=null, commitId=null, actor=GitHubUser(login=jaciperez))] of issue [Implementar splash screen]
2023-09-24 16:21:05.437 DEBUG 39436 --- [           main] e.u.l.a.a.a.g.GitHubSprintRepository     : Processing event [GitHubIssueEvent(id=null, type=CROSS_REFERENCED, createdAt=2021-11-22T20:19:07Z, body=null, commitId=null, actor=GitHubUser(login=jesgararm))] of issue [Implementar splash screen]
2023-09-24 16:21:05.437 DEBUG 39436 --- [           main] e.u.l.a.a.a.g.GitHubSprintRepository     : Fetching issue [Documentar Sprint 15] events
2023-09-24 16:21:05.437 DEBUG 39436 --- [           main] e.u.l.a.a.a.github.GitHubApmClient       : [GitHubApmClient#findEventsByIssue] ---> GET https://api.github.com/repos/davidmigloz/go-bees/issues/162/timeline HTTP/1.1
2023-09-24 16:21:05.883 DEBUG 39436 --- [           main] e.u.l.a.a.a.github.GitHubApmClient       : [GitHubApmClient#findEventsByIssue] <--- HTTP/1.1 200 OK (445ms)
2023-09-24 16:21:05.886 DEBUG 39436 --- [           main] e.u.l.a.a.a.g.GitHubSprintRepository     : Fetched [7] events
2023-09-24 16:21:05.886 DEBUG 39436 --- [           main] e.u.l.a.a.a.g.GitHubSprintRepository     : Processing event [GitHubIssueEvent(id=928335387, type=LABELED, createdAt=2017-01-18T23:34:38Z, body=null, commitId=null, actor=GitHubUser(login=davidmigloz))] of issue [Documentar Sprint 15]
2023-09-24 16:21:05.886 DEBUG 39436 --- [           main] e.u.l.a.a.a.g.GitHubSprintRepository     : Processing event [GitHubIssueEvent(id=928335389, type=MILESTONED, createdAt=2017-01-18T23:34:38Z, body=null, commitId=null, actor=GitHubUser(login=davidmigloz))] of issue [Documentar Sprint 15]
2023-09-24 16:21:05.886 DEBUG 39436 --- [           main] e.u.l.a.a.a.g.GitHubSprintRepository     : Processing event [GitHubIssueEvent(id=928335390, type=ASSIGNED, createdAt=2017-01-18T23:34:38Z, body=null, commitId=null, actor=GitHubUser(login=davidmigloz))] of issue [Documentar Sprint 15]
2023-09-24 16:21:05.886 DEBUG 39436 --- [           main] e.u.l.a.a.a.g.GitHubSprintRepository     : Processing event [GitHubIssueEvent(id=928336740, type=CLOSED, createdAt=2017-01-18T23:36:08Z, body=null, commitId=null, actor=GitHubUser(login=davidmigloz))] of issue [Documentar Sprint 15]
2023-09-24 16:21:05.886 DEBUG 39436 --- [           main] e.u.l.a.a.a.g.GitHubSprintRepository     : Processing event [GitHubIssueEvent(id=928440477, type=REFERENCED, createdAt=2017-01-19T01:35:43Z, body=null, commitId=7102f69b5bc2121c9a90fe37bebd1a61ab7854e6, actor=GitHubUser(login=davidmigloz))] of issue [Documentar Sprint 15]
2023-09-24 16:21:05.886 DEBUG 39436 --- [           main] e.u.l.a.a.a.g.GitHubSprintRepository     : Processing event [GitHubIssueEvent(id=null, type=CROSS_REFERENCED, createdAt=2021-03-16T22:14:41Z, body=null, commitId=null, actor=GitHubUser(login=jaciperez))] of issue [Documentar Sprint 15]
2023-09-24 16:21:05.886 DEBUG 39436 --- [           main] e.u.l.a.a.a.g.GitHubSprintRepository     : Processing event [GitHubIssueEvent(id=null, type=CROSS_REFERENCED, createdAt=2021-11-22T20:17:24Z, body=null, commitId=null, actor=GitHubUser(login=jesgararm))] of issue [Documentar Sprint 15]
2023-09-24 16:21:05.886 DEBUG 39436 --- [           main] e.u.l.a.a.a.g.GitHubSprintRepository     : Fetching issue [Añadir apks en las releases] events
2023-09-24 16:21:05.887 DEBUG 39436 --- [           main] e.u.l.a.a.a.github.GitHubApmClient       : [GitHubApmClient#findEventsByIssue] ---> GET https://api.github.com/repos/davidmigloz/go-bees/issues/161/timeline HTTP/1.1
2023-09-24 16:21:06.143 DEBUG 39436 --- [           main] e.u.l.a.a.a.github.GitHubApmClient       : [GitHubApmClient#findEventsByIssue] <--- HTTP/1.1 200 OK (256ms)
2023-09-24 16:21:06.144 DEBUG 39436 --- [           main] e.u.l.a.a.a.g.GitHubSprintRepository     : Fetched [4] events
2023-09-24 16:21:06.145 DEBUG 39436 --- [           main] e.u.l.a.a.a.g.GitHubSprintRepository     : Processing event [GitHubIssueEvent(id=927777913, type=LABELED, createdAt=2017-01-18T16:52:09Z, body=null, commitId=null, actor=GitHubUser(login=davidmigloz))] of issue [Añadir apks en las releases]
2023-09-24 16:21:06.145 DEBUG 39436 --- [           main] e.u.l.a.a.a.g.GitHubSprintRepository     : Processing event [GitHubIssueEvent(id=927777916, type=ASSIGNED, createdAt=2017-01-18T16:52:09Z, body=null, commitId=null, actor=GitHubUser(login=davidmigloz))] of issue [Añadir apks en las releases]
2023-09-24 16:21:06.145 DEBUG 39436 --- [           main] e.u.l.a.a.a.g.GitHubSprintRepository     : Processing event [GitHubIssueEvent(id=928202998, type=MILESTONED, createdAt=2017-01-18T21:44:47Z, body=null, commitId=null, actor=GitHubUser(login=davidmigloz))] of issue [Añadir apks en las releases]
2023-09-24 16:21:06.145 DEBUG 39436 --- [           main] e.u.l.a.a.a.g.GitHubSprintRepository     : Processing event [GitHubIssueEvent(id=928203488, type=CLOSED, createdAt=2017-01-18T21:45:08Z, body=null, commitId=null, actor=GitHubUser(login=davidmigloz))] of issue [Añadir apks en las releases]
2023-09-24 16:21:06.145 DEBUG 39436 --- [           main] e.u.l.a.a.a.g.GitHubSprintRepository     : Fetching issue [Integración de SonarQube ] events
2023-09-24 16:21:06.145 DEBUG 39436 --- [           main] e.u.l.a.a.a.github.GitHubApmClient       : [GitHubApmClient#findEventsByIssue] ---> GET https://api.github.com/repos/davidmigloz/go-bees/issues/155/timeline HTTP/1.1
2023-09-24 16:21:06.554 DEBUG 39436 --- [           main] e.u.l.a.a.a.github.GitHubApmClient       : [GitHubApmClient#findEventsByIssue] <--- HTTP/1.1 200 OK (408ms)
2023-09-24 16:21:06.556 DEBUG 39436 --- [           main] e.u.l.a.a.a.g.GitHubSprintRepository     : Fetched [18] events
2023-09-24 16:21:06.556 DEBUG 39436 --- [           main] e.u.l.a.a.a.g.GitHubSprintRepository     : Processing event [GitHubIssueEvent(id=921310304, type=LABELED, createdAt=2017-01-12T20:13:01Z, body=null, commitId=null, actor=GitHubUser(login=davidmigloz))] of issue [Integración de SonarQube ]
2023-09-24 16:21:06.556 DEBUG 39436 --- [           main] e.u.l.a.a.a.g.GitHubSprintRepository     : Processing event [GitHubIssueEvent(id=921310306, type=MILESTONED, createdAt=2017-01-12T20:13:01Z, body=null, commitId=null, actor=GitHubUser(login=davidmigloz))] of issue [Integración de SonarQube ]
2023-09-24 16:21:06.556 DEBUG 39436 --- [           main] e.u.l.a.a.a.g.GitHubSprintRepository     : Processing event [GitHubIssueEvent(id=921310307, type=ASSIGNED, createdAt=2017-01-12T20:13:01Z, body=null, commitId=null, actor=GitHubUser(login=davidmigloz))] of issue [Integración de SonarQube ]
2023-09-24 16:21:06.556 DEBUG 39436 --- [           main] e.u.l.a.a.a.g.GitHubSprintRepository     : Processing event [GitHubIssueEvent(id=927761985, type=null, createdAt=2017-01-18T16:42:46Z, body=null, commitId=null, actor=GitHubUser(login=davidmigloz))] of issue [Integración de SonarQube ]
2023-09-24 16:21:06.556 DEBUG 39436 --- [           main] e.u.l.a.a.a.g.GitHubSprintRepository     : Processing event [GitHubIssueEvent(id=927762809, type=REFERENCED, createdAt=2017-01-18T16:43:16Z, body=null, commitId=6c7b49614e012e8edb6340d2aad7ba171fe096dc, actor=GitHubUser(login=davidmigloz))] of issue [Integración de SonarQube ]
2023-09-24 16:21:06.556 DEBUG 39436 --- [           main] e.u.l.a.a.a.g.GitHubSprintRepository     : Processing event [GitHubIssueEvent(id=927809955, type=REFERENCED, createdAt=2017-01-18T17:12:32Z, body=null, commitId=249496d26dbf4b8ed2fb335898996932bc12ac2f, actor=GitHubUser(login=davidmigloz))] of issue [Integración de SonarQube ]
2023-09-24 16:21:06.556 DEBUG 39436 --- [           main] e.u.l.a.a.a.g.GitHubSprintRepository     : Processing event [GitHubIssueEvent(id=928295039, type=REFERENCED, createdAt=2017-01-18T22:56:56Z, body=null, commitId=e7b51c8bf3e1967b10571b241c0ccbdb3e1c279b, actor=GitHubUser(login=davidmigloz))] of issue [Integración de SonarQube ]
2023-09-24 16:21:06.556 DEBUG 39436 --- [           main] e.u.l.a.a.a.g.GitHubSprintRepository     : Processing event [GitHubIssueEvent(id=928311402, type=REFERENCED, createdAt=2017-01-18T23:11:01Z, body=null, commitId=890615215b85b8160bb5e5b76db8160fee9b1294, actor=GitHubUser(login=davidmigloz))] of issue [Integración de SonarQube ]
2023-09-24 16:21:06.557 DEBUG 39436 --- [           main] e.u.l.a.a.a.g.GitHubSprintRepository     : Processing event [GitHubIssueEvent(id=928322805, type=MILESTONED, createdAt=2017-01-18T23:21:37Z, body=null, commitId=null, actor=GitHubUser(login=davidmigloz))] of issue [Integración de SonarQube ]
2023-09-24 16:21:06.557 DEBUG 39436 --- [           main] e.u.l.a.a.a.g.GitHubSprintRepository     : Processing event [GitHubIssueEvent(id=928322806, type=null, createdAt=2017-01-18T23:21:37Z, body=null, commitId=null, actor=GitHubUser(login=davidmigloz))] of issue [Integración de SonarQube ]
2023-09-24 16:21:06.557 DEBUG 39436 --- [           main] e.u.l.a.a.a.g.GitHubSprintRepository     : Processing event [GitHubIssueEvent(id=928352175, type=REFERENCED, createdAt=2017-01-18T23:52:55Z, body=null, commitId=a9319af96999de073b618812727859ed0b9c6a57, actor=GitHubUser(login=davidmigloz))] of issue [Integración de SonarQube ]
2023-09-24 16:21:06.557 DEBUG 39436 --- [           main] e.u.l.a.a.a.g.GitHubSprintRepository     : Processing event [GitHubIssueEvent(id=929228220, type=CLOSED, createdAt=2017-01-19T14:58:12Z, body=null, commitId=null, actor=GitHubUser(login=davidmigloz))] of issue [Integración de SonarQube ]
2023-09-24 16:21:06.557 DEBUG 39436 --- [           main] e.u.l.a.a.a.g.GitHubSprintRepository     : Processing event [GitHubIssueEvent(id=931055712, type=REFERENCED, createdAt=2017-01-20T17:48:17Z, body=null, commitId=7fb5bedf949343be53877f0bf44dbfa3c63e0416, actor=GitHubUser(login=davidmigloz))] of issue [Integración de SonarQube ]
2023-09-24 16:21:06.557 DEBUG 39436 --- [           main] e.u.l.a.a.a.g.GitHubSprintRepository     : Processing event [GitHubIssueEvent(id=931080302, type=REFERENCED, createdAt=2017-01-20T18:08:29Z, body=null, commitId=053a87fd71d9f905e6ae8c4bcf5f19549cff2df8, actor=GitHubUser(login=davidmigloz))] of issue [Integración de SonarQube ]
2023-09-24 16:21:06.557 DEBUG 39436 --- [           main] e.u.l.a.a.a.g.GitHubSprintRepository     : Processing event [GitHubIssueEvent(id=931111780, type=REFERENCED, createdAt=2017-01-20T18:34:14Z, body=null, commitId=885259655886650d6f31d5c9285d4efa9f04563f, actor=GitHubUser(login=davidmigloz))] of issue [Integración de SonarQube ]
2023-09-24 16:21:06.557 DEBUG 39436 --- [           main] e.u.l.a.a.a.g.GitHubSprintRepository     : Processing event [GitHubIssueEvent(id=931135843, type=REFERENCED, createdAt=2017-01-20T18:53:11Z, body=null, commitId=f66e928286428e0aab52475630e36a1b0db687ac, actor=GitHubUser(login=davidmigloz))] of issue [Integración de SonarQube ]
2023-09-24 16:21:06.557 DEBUG 39436 --- [           main] e.u.l.a.a.a.g.GitHubSprintRepository     : Processing event [GitHubIssueEvent(id=null, type=CROSS_REFERENCED, createdAt=2021-03-16T21:59:14Z, body=null, commitId=null, actor=GitHubUser(login=jaciperez))] of issue [Integración de SonarQube ]
2023-09-24 16:21:06.557 DEBUG 39436 --- [           main] e.u.l.a.a.a.g.GitHubSprintRepository     : Processing event [GitHubIssueEvent(id=null, type=CROSS_REFERENCED, createdAt=2021-11-22T20:20:51Z, body=null, commitId=null, actor=GitHubUser(login=jesgararm))] of issue [Integración de SonarQube ]
2023-09-24 16:21:06.557 DEBUG 39436 --- [           main] e.u.l.a.a.a.g.GitHubSprintRepository     : Fetching issue [Diseño arquitectónico] events
2023-09-24 16:21:06.557 DEBUG 39436 --- [           main] e.u.l.a.a.a.github.GitHubApmClient       : [GitHubApmClient#findEventsByIssue] ---> GET https://api.github.com/repos/davidmigloz/go-bees/issues/150/timeline HTTP/1.1
2023-09-24 16:21:07.095 DEBUG 39436 --- [           main] e.u.l.a.a.a.github.GitHubApmClient       : [GitHubApmClient#findEventsByIssue] <--- HTTP/1.1 200 OK (537ms)
2023-09-24 16:21:07.099 DEBUG 39436 --- [           main] e.u.l.a.a.a.g.GitHubSprintRepository     : Fetched [11] events
2023-09-24 16:21:07.099 DEBUG 39436 --- [           main] e.u.l.a.a.a.g.GitHubSprintRepository     : Processing event [GitHubIssueEvent(id=915249782, type=LABELED, createdAt=2017-01-08T15:16:57Z, body=null, commitId=null, actor=GitHubUser(login=davidmigloz))] of issue [Diseño arquitectónico]
2023-09-24 16:21:07.099 DEBUG 39436 --- [           main] e.u.l.a.a.a.g.GitHubSprintRepository     : Processing event [GitHubIssueEvent(id=915249783, type=ASSIGNED, createdAt=2017-01-08T15:16:57Z, body=null, commitId=null, actor=GitHubUser(login=davidmigloz))] of issue [Diseño arquitectónico]
2023-09-24 16:21:07.099 DEBUG 39436 --- [           main] e.u.l.a.a.a.g.GitHubSprintRepository     : Processing event [GitHubIssueEvent(id=933104368, type=REFERENCED, createdAt=2017-01-23T16:37:56Z, body=null, commitId=c3dbf4c80fe6e0d13214ae1ea40dc87fc197a072, actor=GitHubUser(login=davidmigloz))] of issue [Diseño arquitectónico]
2023-09-24 16:21:07.099 DEBUG 39436 --- [           main] e.u.l.a.a.a.g.GitHubSprintRepository     : Processing event [GitHubIssueEvent(id=933104371, type=REFERENCED, createdAt=2017-01-23T16:37:56Z, body=null, commitId=7225b05a4fb9dbcd380f6cd654b34dfcb0cd8963, actor=GitHubUser(login=davidmigloz))] of issue [Diseño arquitectónico]
2023-09-24 16:21:07.099 DEBUG 39436 --- [           main] e.u.l.a.a.a.g.GitHubSprintRepository     : Processing event [GitHubIssueEvent(id=933834162, type=REFERENCED, createdAt=2017-01-24T02:02:33Z, body=null, commitId=7f1d2380f49f07ec9c7c0e92372ec904a521919d, actor=GitHubUser(login=davidmigloz))] of issue [Diseño arquitectónico]
2023-09-24 16:21:07.099 DEBUG 39436 --- [           main] e.u.l.a.a.a.g.GitHubSprintRepository     : Processing event [GitHubIssueEvent(id=933834289, type=CLOSED, createdAt=2017-01-24T02:02:42Z, body=null, commitId=null, actor=GitHubUser(login=davidmigloz))] of issue [Diseño arquitectónico]
2023-09-24 16:21:07.100 DEBUG 39436 --- [           main] e.u.l.a.a.a.g.GitHubSprintRepository     : Processing event [GitHubIssueEvent(id=933835015, type=MILESTONED, createdAt=2017-01-24T02:03:27Z, body=null, commitId=null, actor=GitHubUser(login=davidmigloz))] of issue [Diseño arquitectónico]
2023-09-24 16:21:07.100 DEBUG 39436 --- [           main] e.u.l.a.a.a.g.GitHubSprintRepository     : Processing event [GitHubIssueEvent(id=null, type=CROSS_REFERENCED, createdAt=2021-03-12T18:05:16Z, body=null, commitId=null, actor=GitHubUser(login=MiriamSanchez11))] of issue [Diseño arquitectónico]
2023-09-24 16:21:07.100 DEBUG 39436 --- [           main] e.u.l.a.a.a.g.GitHubSprintRepository     : Processing event [GitHubIssueEvent(id=null, type=CROSS_REFERENCED, createdAt=2021-03-15T11:19:30Z, body=null, commitId=null, actor=GitHubUser(login=FeliRad-sum))] of issue [Diseño arquitectónico]
2023-09-24 16:21:07.100 DEBUG 39436 --- [           main] e.u.l.a.a.a.g.GitHubSprintRepository     : Processing event [GitHubIssueEvent(id=null, type=CROSS_REFERENCED, createdAt=2021-03-17T10:59:35Z, body=null, commitId=null, actor=GitHubUser(login=gonsanmames))] of issue [Diseño arquitectónico]
2023-09-24 16:21:07.100 DEBUG 39436 --- [           main] e.u.l.a.a.a.g.GitHubSprintRepository     : Processing event [GitHubIssueEvent(id=null, type=CROSS_REFERENCED, createdAt=2021-11-22T20:31:37Z, body=null, commitId=null, actor=GitHubUser(login=jesgararm))] of issue [Diseño arquitectónico]
2023-09-24 16:21:07.100 DEBUG 39436 --- [           main] e.u.l.a.a.a.g.GitHubSprintRepository     : Fetching issue [Diseño procedimental] events
2023-09-24 16:21:07.100 DEBUG 39436 --- [           main] e.u.l.a.a.a.github.GitHubApmClient       : [GitHubApmClient#findEventsByIssue] ---> GET https://api.github.com/repos/davidmigloz/go-bees/issues/149/timeline HTTP/1.1
2023-09-24 16:21:07.688 DEBUG 39436 --- [           main] e.u.l.a.a.a.github.GitHubApmClient       : [GitHubApmClient#findEventsByIssue] <--- HTTP/1.1 200 OK (588ms)
2023-09-24 16:21:07.690 DEBUG 39436 --- [           main] e.u.l.a.a.a.g.GitHubSprintRepository     : Fetched [9] events
2023-09-24 16:21:07.690 DEBUG 39436 --- [           main] e.u.l.a.a.a.g.GitHubSprintRepository     : Processing event [GitHubIssueEvent(id=915249433, type=LABELED, createdAt=2017-01-08T15:15:28Z, body=null, commitId=null, actor=GitHubUser(login=davidmigloz))] of issue [Diseño procedimental]
2023-09-24 16:21:07.690 DEBUG 39436 --- [           main] e.u.l.a.a.a.g.GitHubSprintRepository     : Processing event [GitHubIssueEvent(id=915249434, type=ASSIGNED, createdAt=2017-01-08T15:15:28Z, body=null, commitId=null, actor=GitHubUser(login=davidmigloz))] of issue [Diseño procedimental]
2023-09-24 16:21:07.690 DEBUG 39436 --- [           main] e.u.l.a.a.a.g.GitHubSprintRepository     : Processing event [GitHubIssueEvent(id=933834163, type=REFERENCED, createdAt=2017-01-24T02:02:34Z, body=null, commitId=5be489333287b4a61feab3b887d2573d6db9b99d, actor=GitHubUser(login=davidmigloz))] of issue [Diseño procedimental]
2023-09-24 16:21:07.690 DEBUG 39436 --- [           main] e.u.l.a.a.a.g.GitHubSprintRepository     : Processing event [GitHubIssueEvent(id=933834503, type=CLOSED, createdAt=2017-01-24T02:02:56Z, body=null, commitId=null, actor=GitHubUser(login=davidmigloz))] of issue [Diseño procedimental]
2023-09-24 16:21:07.690 DEBUG 39436 --- [           main] e.u.l.a.a.a.g.GitHubSprintRepository     : Processing event [GitHubIssueEvent(id=933834915, type=MILESTONED, createdAt=2017-01-24T02:03:21Z, body=null, commitId=null, actor=GitHubUser(login=davidmigloz))] of issue [Diseño procedimental]
2023-09-24 16:21:07.690 DEBUG 39436 --- [           main] e.u.l.a.a.a.g.GitHubSprintRepository     : Processing event [GitHubIssueEvent(id=null, type=CROSS_REFERENCED, createdAt=2021-03-15T11:21:55Z, body=null, commitId=null, actor=GitHubUser(login=FeliRad-sum))] of issue [Diseño procedimental]
2023-09-24 16:21:07.690 DEBUG 39436 --- [           main] e.u.l.a.a.a.g.GitHubSprintRepository     : Processing event [GitHubIssueEvent(id=null, type=CROSS_REFERENCED, createdAt=2021-03-16T11:56:50Z, body=null, commitId=null, actor=GitHubUser(login=VictorBarcina01))] of issue [Diseño procedimental]
2023-09-24 16:21:07.690 DEBUG 39436 --- [           main] e.u.l.a.a.a.g.GitHubSprintRepository     : Processing event [GitHubIssueEvent(id=null, type=CROSS_REFERENCED, createdAt=2021-03-17T10:55:15Z, body=null, commitId=null, actor=GitHubUser(login=gonsanmames))] of issue [Diseño procedimental]
2023-09-24 16:21:07.690 DEBUG 39436 --- [           main] e.u.l.a.a.a.g.GitHubSprintRepository     : Processing event [GitHubIssueEvent(id=null, type=CROSS_REFERENCED, createdAt=2021-11-22T20:32:16Z, body=null, commitId=null, actor=GitHubUser(login=jesgararm))] of issue [Diseño procedimental]
2023-09-24 16:21:07.690 DEBUG 39436 --- [           main] e.u.l.a.a.a.g.GitHubSprintRepository     : Fetching issue [Diseño de datos] events
2023-09-24 16:21:07.691 DEBUG 39436 --- [           main] e.u.l.a.a.a.github.GitHubApmClient       : [GitHubApmClient#findEventsByIssue] ---> GET https://api.github.com/repos/davidmigloz/go-bees/issues/148/timeline HTTP/1.1
2023-09-24 16:21:08.096 DEBUG 39436 --- [           main] e.u.l.a.a.a.github.GitHubApmClient       : [GitHubApmClient#findEventsByIssue] <--- HTTP/1.1 200 OK (405ms)
2023-09-24 16:21:08.099 DEBUG 39436 --- [           main] e.u.l.a.a.a.g.GitHubSprintRepository     : Fetched [7] events
2023-09-24 16:21:08.099 DEBUG 39436 --- [           main] e.u.l.a.a.a.g.GitHubSprintRepository     : Processing event [GitHubIssueEvent(id=915248954, type=LABELED, createdAt=2017-01-08T15:13:19Z, body=null, commitId=null, actor=GitHubUser(login=davidmigloz))] of issue [Diseño de datos]
2023-09-24 16:21:08.099 DEBUG 39436 --- [           main] e.u.l.a.a.a.g.GitHubSprintRepository     : Processing event [GitHubIssueEvent(id=915248955, type=ASSIGNED, createdAt=2017-01-08T15:13:19Z, body=null, commitId=null, actor=GitHubUser(login=davidmigloz))] of issue [Diseño de datos]
2023-09-24 16:21:08.099 DEBUG 39436 --- [           main] e.u.l.a.a.a.g.GitHubSprintRepository     : Processing event [GitHubIssueEvent(id=931056027, type=MILESTONED, createdAt=2017-01-20T17:48:34Z, body=null, commitId=null, actor=GitHubUser(login=davidmigloz))] of issue [Diseño de datos]
2023-09-24 16:21:08.099 DEBUG 39436 --- [           main] e.u.l.a.a.a.g.GitHubSprintRepository     : Processing event [GitHubIssueEvent(id=931513530, type=REFERENCED, createdAt=2017-01-21T00:57:56Z, body=null, commitId=a01dfdd3032159d08cff72f0b669f3955a25aca5, actor=GitHubUser(login=davidmigloz))] of issue [Diseño de datos]
2023-09-24 16:21:08.100 DEBUG 39436 --- [           main] e.u.l.a.a.a.g.GitHubSprintRepository     : Processing event [GitHubIssueEvent(id=931513750, type=CLOSED, createdAt=2017-01-21T00:58:21Z, body=null, commitId=null, actor=GitHubUser(login=davidmigloz))] of issue [Diseño de datos]
2023-09-24 16:21:08.100 DEBUG 39436 --- [           main] e.u.l.a.a.a.g.GitHubSprintRepository     : Processing event [GitHubIssueEvent(id=null, type=CROSS_REFERENCED, createdAt=2021-03-17T11:30:29Z, body=null, commitId=null, actor=GitHubUser(login=gonsanmames))] of issue [Diseño de datos]
2023-09-24 16:21:08.100 DEBUG 39436 --- [           main] e.u.l.a.a.a.g.GitHubSprintRepository     : Processing event [GitHubIssueEvent(id=null, type=CROSS_REFERENCED, createdAt=2021-11-22T20:26:19Z, body=null, commitId=null, actor=GitHubUser(login=jesgararm))] of issue [Diseño de datos]
2023-09-24 16:21:08.100 DEBUG 39436 --- [           main] e.u.l.a.a.a.g.GitHubSprintRepository     : Fetching issue [Especificación de requisitos] events
2023-09-24 16:21:08.101 DEBUG 39436 --- [           main] e.u.l.a.a.a.github.GitHubApmClient       : [GitHubApmClient#findEventsByIssue] ---> GET https://api.github.com/repos/davidmigloz/go-bees/issues/147/timeline HTTP/1.1
2023-09-24 16:21:08.609 DEBUG 39436 --- [           main] e.u.l.a.a.a.github.GitHubApmClient       : [GitHubApmClient#findEventsByIssue] <--- HTTP/1.1 200 OK (507ms)
2023-09-24 16:21:08.611 DEBUG 39436 --- [           main] e.u.l.a.a.a.g.GitHubSprintRepository     : Fetched [9] events
2023-09-24 16:21:08.611 DEBUG 39436 --- [           main] e.u.l.a.a.a.g.GitHubSprintRepository     : Processing event [GitHubIssueEvent(id=915248361, type=LABELED, createdAt=2017-01-08T15:10:31Z, body=null, commitId=null, actor=GitHubUser(login=davidmigloz))] of issue [Especificación de requisitos]
2023-09-24 16:21:08.611 DEBUG 39436 --- [           main] e.u.l.a.a.a.g.GitHubSprintRepository     : Processing event [GitHubIssueEvent(id=915248362, type=ASSIGNED, createdAt=2017-01-08T15:10:31Z, body=null, commitId=null, actor=GitHubUser(login=davidmigloz))] of issue [Especificación de requisitos]
2023-09-24 16:21:08.611 DEBUG 39436 --- [           main] e.u.l.a.a.a.g.GitHubSprintRepository     : Processing event [GitHubIssueEvent(id=920704237, type=MILESTONED, createdAt=2017-01-12T13:23:13Z, body=null, commitId=null, actor=GitHubUser(login=davidmigloz))] of issue [Especificación de requisitos]
2023-09-24 16:21:08.611 DEBUG 39436 --- [           main] e.u.l.a.a.a.g.GitHubSprintRepository     : Processing event [GitHubIssueEvent(id=928337219, type=MILESTONED, createdAt=2017-01-18T23:36:36Z, body=null, commitId=null, actor=GitHubUser(login=davidmigloz))] of issue [Especificación de requisitos]
2023-09-24 16:21:08.611 DEBUG 39436 --- [           main] e.u.l.a.a.a.g.GitHubSprintRepository     : Processing event [GitHubIssueEvent(id=928337220, type=null, createdAt=2017-01-18T23:36:36Z, body=null, commitId=null, actor=GitHubUser(login=davidmigloz))] of issue [Especificación de requisitos]
2023-09-24 16:21:08.611 DEBUG 39436 --- [           main] e.u.l.a.a.a.g.GitHubSprintRepository     : Processing event [GitHubIssueEvent(id=930867461, type=REFERENCED, createdAt=2017-01-20T15:37Z, body=null, commitId=7482cfc8d884cc38651f310ae9bafdb72123847c, actor=GitHubUser(login=davidmigloz))] of issue [Especificación de requisitos]
2023-09-24 16:21:08.611 DEBUG 39436 --- [           main] e.u.l.a.a.a.g.GitHubSprintRepository     : Processing event [GitHubIssueEvent(id=930884729, type=CLOSED, createdAt=2017-01-20T15:48:14Z, body=null, commitId=null, actor=GitHubUser(login=davidmigloz))] of issue [Especificación de requisitos]
2023-09-24 16:21:08.611 DEBUG 39436 --- [           main] e.u.l.a.a.a.g.GitHubSprintRepository     : Processing event [GitHubIssueEvent(id=null, type=CROSS_REFERENCED, createdAt=2021-03-17T11:39:38Z, body=null, commitId=null, actor=GitHubUser(login=gonsanmames))] of issue [Especificación de requisitos]
2023-09-24 16:21:08.611 DEBUG 39436 --- [           main] e.u.l.a.a.a.g.GitHubSprintRepository     : Processing event [GitHubIssueEvent(id=null, type=CROSS_REFERENCED, createdAt=2021-11-22T20:22:58Z, body=null, commitId=null, actor=GitHubUser(login=jesgararm))] of issue [Especificación de requisitos]
2023-09-24 16:21:08.611 DEBUG 39436 --- [           main] e.u.l.a.a.a.g.GitHubSprintRepository     : Fetching issue [Estudio de viabilidad económica] events
2023-09-24 16:21:08.612 DEBUG 39436 --- [           main] e.u.l.a.a.a.github.GitHubApmClient       : [GitHubApmClient#findEventsByIssue] ---> GET https://api.github.com/repos/davidmigloz/go-bees/issues/146/timeline HTTP/1.1
2023-09-24 16:21:09.119 DEBUG 39436 --- [           main] e.u.l.a.a.a.github.GitHubApmClient       : [GitHubApmClient#findEventsByIssue] <--- HTTP/1.1 200 OK (507ms)
2023-09-24 16:21:09.122 DEBUG 39436 --- [           main] e.u.l.a.a.a.g.GitHubSprintRepository     : Fetched [9] events
2023-09-24 16:21:09.122 DEBUG 39436 --- [           main] e.u.l.a.a.a.g.GitHubSprintRepository     : Processing event [GitHubIssueEvent(id=915245544, type=LABELED, createdAt=2017-01-08T14:59:26Z, body=null, commitId=null, actor=GitHubUser(login=davidmigloz))] of issue [Estudio de viabilidad económica]
2023-09-24 16:21:09.122 DEBUG 39436 --- [           main] e.u.l.a.a.a.g.GitHubSprintRepository     : Processing event [GitHubIssueEvent(id=915245545, type=ASSIGNED, createdAt=2017-01-08T14:59:26Z, body=null, commitId=null, actor=GitHubUser(login=davidmigloz))] of issue [Estudio de viabilidad económica]
2023-09-24 16:21:09.122 DEBUG 39436 --- [           main] e.u.l.a.a.a.g.GitHubSprintRepository     : Processing event [GitHubIssueEvent(id=920704432, type=MILESTONED, createdAt=2017-01-12T13:23:22Z, body=null, commitId=null, actor=GitHubUser(login=davidmigloz))] of issue [Estudio de viabilidad económica]
2023-09-24 16:21:09.122 DEBUG 39436 --- [           main] e.u.l.a.a.a.g.GitHubSprintRepository     : Processing event [GitHubIssueEvent(id=928337303, type=MILESTONED, createdAt=2017-01-18T23:36:43Z, body=null, commitId=null, actor=GitHubUser(login=davidmigloz))] of issue [Estudio de viabilidad económica]
2023-09-24 16:21:09.122 DEBUG 39436 --- [           main] e.u.l.a.a.a.g.GitHubSprintRepository     : Processing event [GitHubIssueEvent(id=928337304, type=null, createdAt=2017-01-18T23:36:43Z, body=null, commitId=null, actor=GitHubUser(login=davidmigloz))] of issue [Estudio de viabilidad económica]
2023-09-24 16:21:09.122 DEBUG 39436 --- [           main] e.u.l.a.a.a.g.GitHubSprintRepository     : Processing event [GitHubIssueEvent(id=931298669, type=REFERENCED, createdAt=2017-01-20T21:01:54Z, body=null, commitId=e743026e1c37d8f76dc1872c946f6cea9b09a9e0, actor=GitHubUser(login=davidmigloz))] of issue [Estudio de viabilidad económica]
2023-09-24 16:21:09.122 DEBUG 39436 --- [           main] e.u.l.a.a.a.g.GitHubSprintRepository     : Processing event [GitHubIssueEvent(id=931380502, type=CLOSED, createdAt=2017-01-20T22:11:34Z, body=null, commitId=null, actor=GitHubUser(login=davidmigloz))] of issue [Estudio de viabilidad económica]
2023-09-24 16:21:09.122 DEBUG 39436 --- [           main] e.u.l.a.a.a.g.GitHubSprintRepository     : Processing event [GitHubIssueEvent(id=null, type=CROSS_REFERENCED, createdAt=2021-03-17T11:32:17Z, body=null, commitId=null, actor=GitHubUser(login=gonsanmames))] of issue [Estudio de viabilidad económica]
2023-09-24 16:21:09.122 DEBUG 39436 --- [           main] e.u.l.a.a.a.g.GitHubSprintRepository     : Processing event [GitHubIssueEvent(id=null, type=CROSS_REFERENCED, createdAt=2021-11-22T20:23:49Z, body=null, commitId=null, actor=GitHubUser(login=jesgararm))] of issue [Estudio de viabilidad económica]
  &amp#27;[32mAnd &amp#27;[0m&amp#27;[32ma simulation with repo owner &amp#27;[0m&amp#27;[32m&amp#27;[1m"davidmigloz"&amp#27;[0m&amp#27;[32m, name &amp#27;[0m&amp#27;[32m&amp#27;[1m"go-bees"&amp#27;[0m&amp#27;[32m, time period &amp#27;[0m&amp#27;[32m&amp#27;[1m2017-01-25T00:00:00Z&amp#27;[0m&amp#27;[32m &amp#27;[0m&amp#27;[32m&amp#27;[1m2017-01-25T23:59:59Z&amp#27;[0m&amp#27;[32m and &amp#27;[0m&amp#27;[32m&amp#27;[1m1&amp#27;[0m&amp#27;[32m participant(s)&amp#27;[0m &amp#27;[90m# es.ubu.lsi.avrela.bdd.css.ApmCaseStudySimulationEvaluationSteps.aSimulationWithRepoOwnerNameAndTimePeriod(java.lang.String,java.lang.String,java.time.ZonedDateTime,java.time.ZonedDateTime,java.lang.Integer)&amp#27;[0m
  &amp#27;[32mAnd &amp#27;[0m&amp#27;[32ma rubric&amp#27;[0m                                                                                                                               &amp#27;[90m# es.ubu.lsi.avrela.bdd.css.ApmCaseStudySimulationEvaluationSteps.aRubric(io.cucumber.datatable.DataTable)&amp#27;[0m
    | Criteria                                   | 0  | 1    | 2    |
    | Teamwork                                   | 50 | None | 100  |
    | TaskManagementToolLearning  - Description  | 0  | 100  | None |
    | TaskManagementToolLearning  - Organization | 0  | 100  | None |
2023-09-24 16:21:09.138 DEBUG 39436 --- [           main] .c.ApmCaseStudySimulationEvaluationSteps : Calculated pos for [100.0] value is [2]
  &amp#27;[32mWhen &amp#27;[0m&amp#27;[32mI apply the rubric&amp#27;[0m                                                                                                                    &amp#27;[90m# es.ubu.lsi.avrela.bdd.css.ApmCaseStudySimulationEvaluationSteps.iApplyTheRubric()&amp#27;[0m
  &amp#27;[32mThen &amp#27;[0m&amp#27;[32mrubric score should be&amp#27;[0m                                                                                                                &amp#27;[90m# es.ubu.lsi.avrela.bdd.css.ApmCaseStudySimulationEvaluationSteps.rubricScoreShouldBe(io.cucumber.datatable.DataTable)&amp#27;[0m
    | Criteria                                  | 0    | 1    | 2    |
    | Teamwork                                  | None | None | X    |
    | TaskManagementToolLearning - Description  | None | X    | None |
    | TaskManagementToolLearning - Organization | None | X    | None |
]]></system-out>
  </testcase>
  <testcase name="Source Control Management simulation case study evaluation - SCM successful evaluation" classname="Source Control Management simulation case study evaluation" time="1.337">
    <system-out><![CDATA[
Scenario: SCM successful evaluation                                                                                                                                     &amp#27;[90m# features/css/ScmCaseStudySimulationEvaluation.feature:8&amp#27;[0m
2023-09-24 16:21:09.182 DEBUG 39436 --- [           main] e.u.l.a.s.a.github.GitHubScmClient       : [GitHubScmClient#findCommits] ---> GET https://api.github.com/repos/davidmigloz/go-bees/commits?sha=master&since=2017-01-25T00%3A00Z&until=2017-01-25T23%3A59%3A59Z HTTP/1.1
2023-09-24 16:21:09.182 DEBUG 39436 --- [           main] e.u.l.a.s.a.github.GitHubScmClient       : [GitHubScmClient#findCommits] Authorization: Bearer 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
2023-09-24 16:21:09.182 DEBUG 39436 --- [           main] e.u.l.a.s.a.github.GitHubScmClient       : [GitHubScmClient#findCommits] ---> END HTTP (0-byte body)
2023-09-24 16:21:09.427 DEBUG 39436 --- [           main] e.u.l.a.s.a.github.GitHubScmClient       : [GitHubScmClient#findCommits] <--- HTTP/1.1 200 OK (244ms)
2023-09-24 16:21:09.427 DEBUG 39436 --- [           main] e.u.l.a.s.a.github.GitHubScmClient       : [GitHubScmClient#findCommits] access-control-allow-origin: *
2023-09-24 16:21:09.427 DEBUG 39436 --- [           main] e.u.l.a.s.a.github.GitHubScmClient       : [GitHubScmClient#findCommits] access-control-expose-headers: ETag, Link, Location, Retry-After, X-GitHub-OTP, X-RateLimit-Limit, X-RateLimit-Remaining, X-RateLimit-Used, X-RateLimit-Resource, X-RateLimit-Reset, X-OAuth-Scopes, X-Accepted-OAuth-Scopes, X-Poll-Interval, X-GitHub-Media-Type, X-GitHub-SSO, X-GitHub-Request-Id, Deprecation, Sunset
2023-09-24 16:21:09.427 DEBUG 39436 --- [           main] e.u.l.a.s.a.github.GitHubScmClient       : [GitHubScmClient#findCommits] cache-control: private, max-age=60, s-maxage=60
2023-09-24 16:21:09.427 DEBUG 39436 --- [           main] e.u.l.a.s.a.github.GitHubScmClient       : [GitHubScmClient#findCommits] content-length: 6522
2023-09-24 16:21:09.427 DEBUG 39436 --- [           main] e.u.l.a.s.a.github.GitHubScmClient       : [GitHubScmClient#findCommits] content-security-policy: default-src 'none'
2023-09-24 16:21:09.427 DEBUG 39436 --- [           main] e.u.l.a.s.a.github.GitHubScmClient       : [GitHubScmClient#findCommits] content-type: application/json; charset=utf-8
2023-09-24 16:21:09.427 DEBUG 39436 --- [           main] e.u.l.a.s.a.github.GitHubScmClient       : [GitHubScmClient#findCommits] date: Sun, 24 Sep 2023 14:21:09 GMT
2023-09-24 16:21:09.427 DEBUG 39436 --- [           main] e.u.l.a.s.a.github.GitHubScmClient       : [GitHubScmClient#findCommits] etag: "654b56e76324c68ac38bc01e544cc3885f7ea2bea7eca2e38882b2c4615ba6d5"
2023-09-24 16:21:09.427 DEBUG 39436 --- [           main] e.u.l.a.s.a.github.GitHubScmClient       : [GitHubScmClient#findCommits] last-modified: Wed, 25 Jan 2017 17:48:59 GMT
2023-09-24 16:21:09.427 DEBUG 39436 --- [           main] e.u.l.a.s.a.github.GitHubScmClient       : [GitHubScmClient#findCommits] referrer-policy: origin-when-cross-origin, strict-origin-when-cross-origin
2023-09-24 16:21:09.427 DEBUG 39436 --- [           main] e.u.l.a.s.a.github.GitHubScmClient       : [GitHubScmClient#findCommits] server: GitHub.com
2023-09-24 16:21:09.427 DEBUG 39436 --- [           main] e.u.l.a.s.a.github.GitHubScmClient       : [GitHubScmClient#findCommits] strict-transport-security: max-age=31536000; includeSubdomains; preload
2023-09-24 16:21:09.427 DEBUG 39436 --- [           main] e.u.l.a.s.a.github.GitHubScmClient       : [GitHubScmClient#findCommits] vary: Accept-Encoding, Accept, X-Requested-With
2023-09-24 16:21:09.427 DEBUG 39436 --- [           main] e.u.l.a.s.a.github.GitHubScmClient       : [GitHubScmClient#findCommits] vary: Accept, Authorization, Cookie, X-GitHub-OTP
2023-09-24 16:21:09.427 DEBUG 39436 --- [           main] e.u.l.a.s.a.github.GitHubScmClient       : [GitHubScmClient#findCommits] x-accepted-oauth-scopes: 
2023-09-24 16:21:09.428 DEBUG 39436 --- [           main] e.u.l.a.s.a.github.GitHubScmClient       : [GitHubScmClient#findCommits] x-content-type-options: nosniff
2023-09-24 16:21:09.428 DEBUG 39436 --- [           main] e.u.l.a.s.a.github.GitHubScmClient       : [GitHubScmClient#findCommits] x-frame-options: deny
2023-09-24 16:21:09.428 DEBUG 39436 --- [           main] e.u.l.a.s.a.github.GitHubScmClient       : [GitHubScmClient#findCommits] x-github-api-version-selected: 2022-11-28
2023-09-24 16:21:09.428 DEBUG 39436 --- [           main] e.u.l.a.s.a.github.GitHubScmClient       : [GitHubScmClient#findCommits] x-github-media-type: github.v3; format=json
2023-09-24 16:21:09.428 DEBUG 39436 --- [           main] e.u.l.a.s.a.github.GitHubScmClient       : [GitHubScmClient#findCommits] x-github-request-id: E4B5:5059:2AE31D9:2B7A294:651045D5
2023-09-24 16:21:09.428 DEBUG 39436 --- [           main] e.u.l.a.s.a.github.GitHubScmClient       : [GitHubScmClient#findCommits] x-oauth-scopes: gist, notifications, project, repo
2023-09-24 16:21:09.428 DEBUG 39436 --- [           main] e.u.l.a.s.a.github.GitHubScmClient       : [GitHubScmClient#findCommits] x-ratelimit-limit: 5000
2023-09-24 16:21:09.428 DEBUG 39436 --- [           main] e.u.l.a.s.a.github.GitHubScmClient       : [GitHubScmClient#findCommits] x-ratelimit-remaining: 4882
2023-09-24 16:21:09.428 DEBUG 39436 --- [           main] e.u.l.a.s.a.github.GitHubScmClient       : [GitHubScmClient#findCommits] x-ratelimit-reset: 1695568813
2023-09-24 16:21:09.428 DEBUG 39436 --- [           main] e.u.l.a.s.a.github.GitHubScmClient       : [GitHubScmClient#findCommits] x-ratelimit-resource: core
2023-09-24 16:21:09.428 DEBUG 39436 --- [           main] e.u.l.a.s.a.github.GitHubScmClient       : [GitHubScmClient#findCommits] x-ratelimit-used: 118
2023-09-24 16:21:09.428 DEBUG 39436 --- [           main] e.u.l.a.s.a.github.GitHubScmClient       : [GitHubScmClient#findCommits] x-xss-protection: 0
2023-09-24 16:21:09.428 DEBUG 39436 --- [           main] e.u.l.a.s.a.github.GitHubScmClient       : [GitHubScmClient#findCommits] 
2023-09-24 16:21:09.429 DEBUG 39436 --- [           main] e.u.l.a.s.a.github.GitHubScmClient       : [GitHubScmClient#findCommits] [{"sha":"2a566da8f17696130e8b7c28b642bc36139826ee","node_id":"MDY6Q29tbWl0NjU5Mjc2Nzg6MmE1NjZkYThmMTc2OTYxMzBlOGI3YzI4YjY0MmJjMzYxMzk4MjZlZQ==","commit":{"author":{"name":"davidmigloz","email":"me@davidmiguel.com","date":"2017-01-25T17:48:59Z"},"committer":{"name":"davidmigloz","email":"me@davidmiguel.com","date":"2017-01-25T17:48:59Z"},"message":"Minor fixes","tree":{"sha":"11b77b407188dc1608ccde7e3a7207e48f417660","url":"https://api.github.com/repos/davidmigloz/go-bees/git/trees/11b77b407188dc1608ccde7e3a7207e48f417660"},"url":"https://api.github.com/repos/davidmigloz/go-bees/git/commits/2a566da8f17696130e8b7c28b642bc36139826ee","comment_count":0,"verification":{"verified":false,"reason":"unsigned","signature":null,"payload":null}},"url":"https://api.github.com/repos/davidmigloz/go-bees/commits/2a566da8f17696130e8b7c28b642bc36139826ee","html_url":"https://github.com/davidmigloz/go-bees/commit/2a566da8f17696130e8b7c28b642bc36139826ee","comments_url":"https://api.github.com/repos/davidmigloz/go-bees/commits/2a566da8f17696130e8b7c28b642bc36139826ee/comments","author":{"login":"davidmigloz","id":6546265,"node_id":"MDQ6VXNlcjY1NDYyNjU=","avatar_url":"https://avatars.githubusercontent.com/u/6546265?v=4","gravatar_id":"","url":"https://api.github.com/users/davidmigloz","html_url":"https://github.com/davidmigloz","followers_url":"https://api.github.com/users/davidmigloz/followers","following_url":"https://api.github.com/users/davidmigloz/following{/other_user}","gists_url":"https://api.github.com/users/davidmigloz/gists{/gist_id}","starred_url":"https://api.github.com/users/davidmigloz/starred{/owner}{/repo}","subscriptions_url":"https://api.github.com/users/davidmigloz/subscriptions","organizations_url":"https://api.github.com/users/davidmigloz/orgs","repos_url":"https://api.github.com/users/davidmigloz/repos","events_url":"https://api.github.com/users/davidmigloz/events{/privacy}","received_events_url":"https://api.github.com/users/davidmigloz/received_events","type":"User","site_admin":false},"committer":{"login":"davidmigloz","id":6546265,"node_id":"MDQ6VXNlcjY1NDYyNjU=","avatar_url":"https://avatars.githubusercontent.com/u/6546265?v=4","gravatar_id":"","url":"https://api.github.com/users/davidmigloz","html_url":"https://github.com/davidmigloz","followers_url":"https://api.github.com/users/davidmigloz/followers","following_url":"https://api.github.com/users/davidmigloz/following{/other_user}","gists_url":"https://api.github.com/users/davidmigloz/gists{/gist_id}","starred_url":"https://api.github.com/users/davidmigloz/starred{/owner}{/repo}","subscriptions_url":"https://api.github.com/users/davidmigloz/subscriptions","organizations_url":"https://api.github.com/users/davidmigloz/orgs","repos_url":"https://api.github.com/users/davidmigloz/repos","events_url":"https://api.github.com/users/davidmigloz/events{/privacy}","received_events_url":"https://api.github.com/users/davidmigloz/received_events","type":"User","site_admin":false},"parents":[{"sha":"e34ee575fc16f309312fb5d927bda29c756b52f7","url":"https://api.github.com/repos/davidmigloz/go-bees/commits/e34ee575fc16f309312fb5d927bda29c756b52f7","html_url":"https://github.com/davidmigloz/go-bees/commit/e34ee575fc16f309312fb5d927bda29c756b52f7"}]},{"sha":"e34ee575fc16f309312fb5d927bda29c756b52f7","node_id":"MDY6Q29tbWl0NjU5Mjc2Nzg6ZTM0ZWU1NzVmYzE2ZjMwOTMxMmZiNWQ5MjdiZGEyOWM3NTZiNTJmNw==","commit":{"author":{"name":"davidmigloz","email":"me@davidmiguel.com","date":"2017-01-25T15:11:49Z"},"committer":{"name":"davidmigloz","email":"me@davidmiguel.com","date":"2017-01-25T15:11:49Z"},"message":"Convert to latex points 1 and 2 #124","tree":{"sha":"f7ede40a3c3798f804efa0a54dc9a42ce76d4076","url":"https://api.github.com/repos/davidmigloz/go-bees/git/trees/f7ede40a3c3798f804efa0a54dc9a42ce76d4076"},"url":"https://api.github.com/repos/davidmigloz/go-bees/git/commits/e34ee575fc16f309312fb5d927bda29c756b52f7","comment_count":0,"verification":{"verified":false,"reason":"unsigned","signature":null,"payload":null}},"url":"https://api.github.com/repos/davidmigloz/go-bees/commits/e34ee575fc16f309312fb5d927bda29c756b52f7","html_url":"https://github.com/davidmigloz/go-bees/commit/e34ee575fc16f309312fb5d927bda29c756b52f7","comments_url":"https://api.github.com/repos/davidmigloz/go-bees/commits/e34ee575fc16f309312fb5d927bda29c756b52f7/comments","author":{"login":"davidmigloz","id":6546265,"node_id":"MDQ6VXNlcjY1NDYyNjU=","avatar_url":"https://avatars.githubusercontent.com/u/6546265?v=4","gravatar_id":"","url":"https://api.github.com/users/davidmigloz","html_url":"https://github.com/davidmigloz","followers_url":"https://api.github.com/users/davidmigloz/followers","following_url":"https://api.github.com/users/davidmigloz/following{/other_user}","gists_url":"https://api.github.com/users/davidmigloz/gists{/gist_id}","starred_url":"https://api.github.com/users/davidmigloz/starred{/owner}{/repo}","subscriptions_url":"https://api.github.com/users/davidmigloz/subscriptions","organizations_url":"https://api.github.com/users/davidmigloz/orgs","repos_url":"https://api.github.com/users/davidmigloz/repos","events_url":"https://api.github.com/users/davidmigloz/events{/privacy}","received_events_url":"https://api.github.com/users/davidmigloz/received_events","type":"User","site_admin":false},"committer":{"login":"davidmigloz","id":6546265,"node_id":"MDQ6VXNlcjY1NDYyNjU=","avatar_url":"https://avatars.githubusercontent.com/u/6546265?v=4","gravatar_id":"","url":"https://api.github.com/users/davidmigloz","html_url":"https://github.com/davidmigloz","followers_url":"https://api.github.com/users/davidmigloz/followers","following_url":"https://api.github.com/users/davidmigloz/following{/other_user}","gists_url":"https://api.github.com/users/davidmigloz/gists{/gist_id}","starred_url":"https://api.github.com/users/davidmigloz/starred{/owner}{/repo}","subscriptions_url":"https://api.github.com/users/davidmigloz/subscriptions","organizations_url":"https://api.github.com/users/davidmigloz/orgs","repos_url":"https://api.github.com/users/davidmigloz/repos","events_url":"https://api.github.com/users/davidmigloz/events{/privacy}","received_events_url":"https://api.github.com/users/davidmigloz/received_events","type":"User","site_admin":false},"parents":[{"sha":"b15f3e86c3007d75a41ac3cb53db77ec9e79816b","url":"https://api.github.com/repos/davidmigloz/go-bees/commits/b15f3e86c3007d75a41ac3cb53db77ec9e79816b","html_url":"https://github.com/davidmigloz/go-bees/commit/b15f3e86c3007d75a41ac3cb53db77ec9e79816b"}]}]
2023-09-24 16:21:09.429 DEBUG 39436 --- [           main] e.u.l.a.s.a.github.GitHubScmClient       : [GitHubScmClient#findCommits] <--- END HTTP (6522-byte body)
2023-09-24 16:21:09.431 DEBUG 39436 --- [           main] e.u.l.a.s.a.github.GitHubScmClient       : [GitHubScmClient#findCommit] ---> GET https://api.github.com/repos/davidmigloz/go-bees/commits/2a566da8f17696130e8b7c28b642bc36139826ee HTTP/1.1
2023-09-24 16:21:09.432 DEBUG 39436 --- [           main] e.u.l.a.s.a.github.GitHubScmClient       : [GitHubScmClient#findCommit] Authorization: Bearer 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
2023-09-24 16:21:09.432 DEBUG 39436 --- [           main] e.u.l.a.s.a.github.GitHubScmClient       : [GitHubScmClient#findCommit] ---> END HTTP (0-byte body)
2023-09-24 16:21:09.837 DEBUG 39436 --- [           main] e.u.l.a.s.a.github.GitHubScmClient       : [GitHubScmClient#findCommit] <--- HTTP/1.1 200 OK (404ms)
2023-09-24 16:21:09.837 DEBUG 39436 --- [           main] e.u.l.a.s.a.github.GitHubScmClient       : [GitHubScmClient#findCommit] access-control-allow-origin: *
2023-09-24 16:21:09.837 DEBUG 39436 --- [           main] e.u.l.a.s.a.github.GitHubScmClient       : [GitHubScmClient#findCommit] access-control-expose-headers: ETag, Link, Location, Retry-After, X-GitHub-OTP, X-RateLimit-Limit, X-RateLimit-Remaining, X-RateLimit-Used, X-RateLimit-Resource, X-RateLimit-Reset, X-OAuth-Scopes, X-Accepted-OAuth-Scopes, X-Poll-Interval, X-GitHub-Media-Type, X-GitHub-SSO, X-GitHub-Request-Id, Deprecation, Sunset
2023-09-24 16:21:09.837 DEBUG 39436 --- [           main] e.u.l.a.s.a.github.GitHubScmClient       : [GitHubScmClient#findCommit] cache-control: private, max-age=60, s-maxage=60
2023-09-24 16:21:09.837 DEBUG 39436 --- [           main] e.u.l.a.s.a.github.GitHubScmClient       : [GitHubScmClient#findCommit] content-length: 43327
2023-09-24 16:21:09.837 DEBUG 39436 --- [           main] e.u.l.a.s.a.github.GitHubScmClient       : [GitHubScmClient#findCommit] content-security-policy: default-src 'none'
2023-09-24 16:21:09.837 DEBUG 39436 --- [           main] e.u.l.a.s.a.github.GitHubScmClient       : [GitHubScmClient#findCommit] content-type: application/json; charset=utf-8
2023-09-24 16:21:09.837 DEBUG 39436 --- [           main] e.u.l.a.s.a.github.GitHubScmClient       : [GitHubScmClient#findCommit] date: Sun, 24 Sep 2023 14:21:09 GMT
2023-09-24 16:21:09.837 DEBUG 39436 --- [           main] e.u.l.a.s.a.github.GitHubScmClient       : [GitHubScmClient#findCommit] etag: "6b8370be9c2f1b1fbefee013ddb6d7914c36b8667b75fdcb693bcf5b310ad4b4"
2023-09-24 16:21:09.837 DEBUG 39436 --- [           main] e.u.l.a.s.a.github.GitHubScmClient       : [GitHubScmClient#findCommit] last-modified: Wed, 25 Jan 2017 17:48:59 GMT
2023-09-24 16:21:09.837 DEBUG 39436 --- [           main] e.u.l.a.s.a.github.GitHubScmClient       : [GitHubScmClient#findCommit] referrer-policy: origin-when-cross-origin, strict-origin-when-cross-origin
2023-09-24 16:21:09.838 DEBUG 39436 --- [           main] e.u.l.a.s.a.github.GitHubScmClient       : [GitHubScmClient#findCommit] server: GitHub.com
2023-09-24 16:21:09.838 DEBUG 39436 --- [           main] e.u.l.a.s.a.github.GitHubScmClient       : [GitHubScmClient#findCommit] strict-transport-security: max-age=31536000; includeSubdomains; preload
2023-09-24 16:21:09.838 DEBUG 39436 --- [           main] e.u.l.a.s.a.github.GitHubScmClient       : [GitHubScmClient#findCommit] vary: Accept-Encoding, Accept, X-Requested-With
2023-09-24 16:21:09.838 DEBUG 39436 --- [           main] e.u.l.a.s.a.github.GitHubScmClient       : [GitHubScmClient#findCommit] vary: Accept, Authorization, Cookie, X-GitHub-OTP
2023-09-24 16:21:09.838 DEBUG 39436 --- [           main] e.u.l.a.s.a.github.GitHubScmClient       : [GitHubScmClient#findCommit] x-accepted-oauth-scopes: 
2023-09-24 16:21:09.838 DEBUG 39436 --- [           main] e.u.l.a.s.a.github.GitHubScmClient       : [GitHubScmClient#findCommit] x-content-type-options: nosniff
2023-09-24 16:21:09.838 DEBUG 39436 --- [           main] e.u.l.a.s.a.github.GitHubScmClient       : [GitHubScmClient#findCommit] x-frame-options: deny
2023-09-24 16:21:09.838 DEBUG 39436 --- [           main] e.u.l.a.s.a.github.GitHubScmClient       : [GitHubScmClient#findCommit] x-github-api-version-selected: 2022-11-28
2023-09-24 16:21:09.838 DEBUG 39436 --- [           main] e.u.l.a.s.a.github.GitHubScmClient       : [GitHubScmClient#findCommit] x-github-media-type: github.v3; format=json
2023-09-24 16:21:09.838 DEBUG 39436 --- [           main] e.u.l.a.s.a.github.GitHubScmClient       : [GitHubScmClient#findCommit] x-github-request-id: E4B5:5059:2AE3298:2B7A357:651045D5
2023-09-24 16:21:09.838 DEBUG 39436 --- [           main] e.u.l.a.s.a.github.GitHubScmClient       : [GitHubScmClient#findCommit] x-oauth-scopes: gist, notifications, project, repo
2023-09-24 16:21:09.838 DEBUG 39436 --- [           main] e.u.l.a.s.a.github.GitHubScmClient       : [GitHubScmClient#findCommit] x-ratelimit-limit: 5000
2023-09-24 16:21:09.838 DEBUG 39436 --- [           main] e.u.l.a.s.a.github.GitHubScmClient       : [GitHubScmClient#findCommit] x-ratelimit-remaining: 4881
2023-09-24 16:21:09.838 DEBUG 39436 --- [           main] e.u.l.a.s.a.github.GitHubScmClient       : [GitHubScmClient#findCommit] x-ratelimit-reset: 1695568813
2023-09-24 16:21:09.838 DEBUG 39436 --- [           main] e.u.l.a.s.a.github.GitHubScmClient       : [GitHubScmClient#findCommit] x-ratelimit-resource: core
2023-09-24 16:21:09.838 DEBUG 39436 --- [           main] e.u.l.a.s.a.github.GitHubScmClient       : [GitHubScmClient#findCommit] x-ratelimit-used: 119
2023-09-24 16:21:09.838 DEBUG 39436 --- [           main] e.u.l.a.s.a.github.GitHubScmClient       : [GitHubScmClient#findCommit] x-xss-protection: 0
2023-09-24 16:21:09.838 DEBUG 39436 --- [           main] e.u.l.a.s.a.github.GitHubScmClient       : [GitHubScmClient#findCommit] 
2023-09-24 16:21:09.840 DEBUG 39436 --- [           main] e.u.l.a.s.a.github.GitHubScmClient       : [GitHubScmClient#findCommit] {"sha":"2a566da8f17696130e8b7c28b642bc36139826ee","node_id":"MDY6Q29tbWl0NjU5Mjc2Nzg6MmE1NjZkYThmMTc2OTYxMzBlOGI3YzI4YjY0MmJjMzYxMzk4MjZlZQ==","commit":{"author":{"name":"davidmigloz","email":"me@davidmiguel.com","date":"2017-01-25T17:48:59Z"},"committer":{"name":"davidmigloz","email":"me@davidmiguel.com","date":"2017-01-25T17:48:59Z"},"message":"Minor fixes","tree":{"sha":"11b77b407188dc1608ccde7e3a7207e48f417660","url":"https://api.github.com/repos/davidmigloz/go-bees/git/trees/11b77b407188dc1608ccde7e3a7207e48f417660"},"url":"https://api.github.com/repos/davidmigloz/go-bees/git/commits/2a566da8f17696130e8b7c28b642bc36139826ee","comment_count":0,"verification":{"verified":false,"reason":"unsigned","signature":null,"payload":null}},"url":"https://api.github.com/repos/davidmigloz/go-bees/commits/2a566da8f17696130e8b7c28b642bc36139826ee","html_url":"https://github.com/davidmigloz/go-bees/commit/2a566da8f17696130e8b7c28b642bc36139826ee","comments_url":"https://api.github.com/repos/davidmigloz/go-bees/commits/2a566da8f17696130e8b7c28b642bc36139826ee/comments","author":{"login":"davidmigloz","id":6546265,"node_id":"MDQ6VXNlcjY1NDYyNjU=","avatar_url":"https://avatars.githubusercontent.com/u/6546265?v=4","gravatar_id":"","url":"https://api.github.com/users/davidmigloz","html_url":"https://github.com/davidmigloz","followers_url":"https://api.github.com/users/davidmigloz/followers","following_url":"https://api.github.com/users/davidmigloz/following{/other_user}","gists_url":"https://api.github.com/users/davidmigloz/gists{/gist_id}","starred_url":"https://api.github.com/users/davidmigloz/starred{/owner}{/repo}","subscriptions_url":"https://api.github.com/users/davidmigloz/subscriptions","organizations_url":"https://api.github.com/users/davidmigloz/orgs","repos_url":"https://api.github.com/users/davidmigloz/repos","events_url":"https://api.github.com/users/davidmigloz/events{/privacy}","received_events_url":"https://api.github.com/users/davidmigloz/received_events","type":"User","site_admin":false},"committer":{"login":"davidmigloz","id":6546265,"node_id":"MDQ6VXNlcjY1NDYyNjU=","avatar_url":"https://avatars.githubusercontent.com/u/6546265?v=4","gravatar_id":"","url":"https://api.github.com/users/davidmigloz","html_url":"https://github.com/davidmigloz","followers_url":"https://api.github.com/users/davidmigloz/followers","following_url":"https://api.github.com/users/davidmigloz/following{/other_user}","gists_url":"https://api.github.com/users/davidmigloz/gists{/gist_id}","starred_url":"https://api.github.com/users/davidmigloz/starred{/owner}{/repo}","subscriptions_url":"https://api.github.com/users/davidmigloz/subscriptions","organizations_url":"https://api.github.com/users/davidmigloz/orgs","repos_url":"https://api.github.com/users/davidmigloz/repos","events_url":"https://api.github.com/users/davidmigloz/events{/privacy}","received_events_url":"https://api.github.com/users/davidmigloz/received_events","type":"User","site_admin":false},"parents":[{"sha":"e34ee575fc16f309312fb5d927bda29c756b52f7","url":"https://api.github.com/repos/davidmigloz/go-bees/commits/e34ee575fc16f309312fb5d927bda29c756b52f7","html_url":"https://github.com/davidmigloz/go-bees/commit/e34ee575fc16f309312fb5d927bda29c756b52f7"}],"stats":{"total":223,"additions":134,"deletions":89},"files":[{"sha":"c60a76a3269dc19e3ce206ee3adce50bf84dc612","filename":"app/src/main/java/com/davidmiguel/gobees/about/AboutFragment.java","status":"modified","additions":6,"deletions":5,"changes":11,"blob_url":"https://github.com/davidmigloz/go-bees/blob/2a566da8f17696130e8b7c28b642bc36139826ee/app%2Fsrc%2Fmain%2Fjava%2Fcom%2Fdavidmiguel%2Fgobees%2Fabout%2FAboutFragment.java","raw_url":"https://github.com/davidmigloz/go-bees/raw/2a566da8f17696130e8b7c28b642bc36139826ee/app%2Fsrc%2Fmain%2Fjava%2Fcom%2Fdavidmiguel%2Fgobees%2Fabout%2FAboutFragment.java","contents_url":"https://api.github.com/repos/davidmigloz/go-bees/contents/app%2Fsrc%2Fmain%2Fjava%2Fcom%2Fdavidmiguel%2Fgobees%2Fabout%2FAboutFragment.java?ref=2a566da8f17696130e8b7c28b642bc36139826ee","patch":"@@ -46,10 +46,10 @@\n  * Display about GoBees info and open source licenses.\r\n  */\r\n public class AboutFragment extends Fragment\r\n-        implements AboutContract.View, LibsAdapter.LibItemListener {\r\n+        implements AboutContract.View, LibrariesAdapter.LibItemListener {\r\n \r\n     private AboutContract.Presenter presenter;\r\n-    private LibsAdapter libsAdapter;\r\n+    private LibrariesAdapter librariesAdapter;\r\n \r\n     private TextView versionTv;\r\n \r\n@@ -96,7 +96,7 @@ public void onClick(View view) {\n         // Set libs list\r\n         LinearLayoutManager llm = new LinearLayoutManager(getActivity());\r\n         recyclerView.setLayoutManager(llm);\r\n-        recyclerView.setAdapter(libsAdapter);\r\n+        recyclerView.setAdapter(librariesAdapter);\r\n \r\n \r\n         return root;\r\n@@ -105,7 +105,7 @@ public void onClick(View view) {\n     @Override\r\n     public void onCreate(@Nullable Bundle savedInstanceState) {\r\n         super.onCreate(savedInstanceState);\r\n-        libsAdapter = new LibsAdapter(new ArrayList<Library>(0), this);\r\n+        librariesAdapter = new LibrariesAdapter(new ArrayList<Library>(0), this);\r\n     }\r\n \r\n     @Override\r\n@@ -148,7 +148,7 @@ public void openLicence(String title, int license) {\n \r\n     @Override\r\n     public void showLibraries(List<Library> libraries) {\r\n-        libsAdapter.replaceData(libraries);\r\n+        librariesAdapter.replaceData(libraries);\r\n     }\r\n \r\n     /**\r\n@@ -163,6 +163,7 @@ private void showDialog(String title, String body) {\n         alertDialog.setMessage(AndroidUtils.fromHtml(body));\r\n         alertDialog.setButton(AlertDialog.BUTTON_NEUTRAL, getString(R.string.close_btn),\r\n                 new DialogInterface.OnClickListener() {\r\n+                    @Override\r\n                     public void onClick(DialogInterface dialog, int which) {\r\n                         dialog.dismiss();\r\n                     }\r"},{"sha":"f0d5b2e7dff541e5bafa5212c6fac7b6dc96bbdb","filename":"app/src/main/java/com/davidmiguel/gobees/about/LibrariesAdapter.java","status":"renamed","additions":3,"deletions":2,"changes":5,"blob_url":"https://github.com/davidmigloz/go-bees/blob/2a566da8f17696130e8b7c28b642bc36139826ee/app%2Fsrc%2Fmain%2Fjava%2Fcom%2Fdavidmiguel%2Fgobees%2Fabout%2FLibrariesAdapter.java","raw_url":"https://github.com/davidmigloz/go-bees/raw/2a566da8f17696130e8b7c28b642bc36139826ee/app%2Fsrc%2Fmain%2Fjava%2Fcom%2Fdavidmiguel%2Fgobees%2Fabout%2FLibrariesAdapter.java","contents_url":"https://api.github.com/repos/davidmigloz/go-bees/contents/app%2Fsrc%2Fmain%2Fjava%2Fcom%2Fdavidmiguel%2Fgobees%2Fabout%2FLibrariesAdapter.java?ref=2a566da8f17696130e8b7c28b642bc36139826ee","patch":"@@ -36,12 +36,12 @@\n /**\r\n  * Libraries list adapter.\r\n  */\r\n-class LibsAdapter extends RecyclerView.Adapter<LibsAdapter.ViewHolder> {\r\n+class LibrariesAdapter extends RecyclerView.Adapter<LibrariesAdapter.ViewHolder> {\r\n \r\n     private List<Library> libraries;\r\n     private LibItemListener listener;\r\n \r\n-    LibsAdapter(List<Library> libraries, LibItemListener listener) {\r\n+    LibrariesAdapter(List<Library> libraries, LibItemListener listener) {\r\n         this.libraries = checkNotNull(libraries);\r\n         this.listener = listener;\r\n     }\r\n@@ -89,6 +89,7 @@ class ViewHolder extends RecyclerView.ViewHolder\n             license.setOnClickListener(this);\r\n         }\r\n \r\n+        @Override\r\n         public void bind(@NonNull Library library) {\r\n             // Set library name\r\n             libraryTv.setText(library.getName());\r","previous_filename":"app/src/main/java/com/davidmiguel/gobees/about/LibsAdapter.java"},{"sha":"98442ed34b7eae93ddbdef884fc0c9cd388083d9","filename":"app/src/main/java/com/davidmiguel/gobees/about/Library.java","status":"modified","additions":1,"deletions":0,"changes":1,"blob_url":"https://github.com/davidmigloz/go-bees/blob/2a566da8f17696130e8b7c28b642bc36139826ee/app%2Fsrc%2Fmain%2Fjava%2Fcom%2Fdavidmiguel%2Fgobees%2Fabout%2FLibrary.java","raw_url":"https://github.com/davidmigloz/go-bees/raw/2a566da8f17696130e8b7c28b642bc36139826ee/app%2Fsrc%2Fmain%2Fjava%2Fcom%2Fdavidmiguel%2Fgobees%2Fabout%2FLibrary.java","contents_url":"https://api.github.com/repos/davidmigloz/go-bees/contents/app%2Fsrc%2Fmain%2Fjava%2Fcom%2Fdavidmiguel%2Fgobees%2Fabout%2FLibrary.java?ref=2a566da8f17696130e8b7c28b642bc36139826ee","patch":"@@ -52,6 +52,7 @@ public enum License {\n             name = s;\r\n         }\r\n \r\n+        @Override\r\n         public String toString() {\r\n             return this.name;\r\n         }\r"},{"sha":"1d7bc1adf696f33c435bbd94eecffa90147ebc95","filename":"app/src/main/java/com/davidmiguel/gobees/addeditapiary/AddEditApiaryContract.java","status":"modified","additions":0,"deletions":1,"changes":1,"blob_url":"https://github.com/davidmigloz/go-bees/blob/2a566da8f17696130e8b7c28b642bc36139826ee/app%2Fsrc%2Fmain%2Fjava%2Fcom%2Fdavidmiguel%2Fgobees%2Faddeditapiary%2FAddEditApiaryContract.java","raw_url":"https://github.com/davidmigloz/go-bees/raw/2a566da8f17696130e8b7c28b642bc36139826ee/app%2Fsrc%2Fmain%2Fjava%2Fcom%2Fdavidmiguel%2Fgobees%2Faddeditapiary%2FAddEditApiaryContract.java","contents_url":"https://api.github.com/repos/davidmigloz/go-bees/contents/app%2Fsrc%2Fmain%2Fjava%2Fcom%2Fdavidmiguel%2Fgobees%2Faddeditapiary%2FAddEditApiaryContract.java?ref=2a566da8f17696130e8b7c28b642bc36139826ee","patch":"@@ -18,7 +18,6 @@\n \r\n package com.davidmiguel.gobees.addeditapiary;\r\n \r\n-import android.content.Context;\r\n import android.location.Location;\r\n \r\n import com.davidmiguel.gobees.utils.BasePresenter;\r"},{"sha":"c41dd9492cfe8fe1ac353b62497841312d5d697c","filename":"app/src/main/java/com/davidmiguel/gobees/apiaries/ApiariesActivity.java","status":"modified","additions":65,"deletions":34,"changes":99,"blob_url":"https://github.com/davidmigloz/go-bees/blob/2a566da8f17696130e8b7c28b642bc36139826ee/app%2Fsrc%2Fmain%2Fjava%2Fcom%2Fdavidmiguel%2Fgobees%2Fapiaries%2FApiariesActivity.java","raw_url":"https://github.com/davidmigloz/go-bees/raw/2a566da8f17696130e8b7c28b642bc36139826ee/app%2Fsrc%2Fmain%2Fjava%2Fcom%2Fdavidmiguel%2Fgobees%2Fapiaries%2FApiariesActivity.java","contents_url":"https://api.github.com/repos/davidmigloz/go-bees/contents/app%2Fsrc%2Fmain%2Fjava%2Fcom%2Fdavidmiguel%2Fgobees%2Fapiaries%2FApiariesActivity.java?ref=2a566da8f17696130e8b7c28b642bc36139826ee","patch":"@@ -18,7 +18,6 @@\n \r\n package com.davidmiguel.gobees.apiaries;\r\n \r\n-import android.content.Context;\r\n import android.content.Intent;\r\n import android.net.Uri;\r\n import android.os.Bundle;\r\n@@ -60,7 +59,7 @@ protected void onCreate(Bundle savedInstanceState) {\n         drawerLayout.setStatusBarBackground(R.color.colorPrimaryDark);\r\n         NavigationView navigationView = (NavigationView) findViewById(R.id.nav_view);\r\n         if (navigationView != null) {\r\n-            setupDrawerContent(navigationView, this);\r\n+            setupDrawerContent(navigationView);\r\n         }\r\n \r\n         // Add fragment to the activity\r\n@@ -93,63 +92,42 @@ protected void onDestroy() {\n \r\n     @Override\r\n     public boolean onOptionsItemSelected(MenuItem item) {\r\n-        switch (item.getItemId()) {\r\n-            case android.R.id.home:\r\n-                // Open the navigation drawer when the home icon is selected from the toolbar\r\n-                drawerLayout.openDrawer(GravityCompat.START);\r\n-                return true;\r\n-            default:\r\n-                return super.onOptionsItemSelected(item);\r\n+        if (item.getItemId() == android.R.id.home) {\r\n+            // Open the navigation drawer when the home icon is selected from the toolbar\r\n+            drawerLayout.openDrawer(GravityCompat.START);\r\n+            return true;\r\n         }\r\n+        return super.onOptionsItemSelected(item);\r\n     }\r\n \r\n     /**\r\n      * Set the actions to be carried out from the drawerLayout.\r\n      */\r\n-    private void setupDrawerContent(NavigationView navigationView, final Context context) {\r\n+    private void setupDrawerContent(NavigationView navigationView) {\r\n         navigationView.setNavigationItemSelectedListener(\r\n                 new NavigationView.OnNavigationItemSelectedListener() {\r\n                     @Override\r\n                     public boolean onNavigationItemSelected(@NonNull MenuItem menuItem) {\r\n                         switch (menuItem.getItemId()) {\r\n                             case R.id.settings_navigation_menu_item:\r\n                                 // Settings\r\n-                                Intent intent = new Intent(context, SettingsActivity.class);\r\n-                                startActivity(intent);\r\n+                                openSettings();\r\n                                 break;\r\n                             case R.id.help_navigation_menu_item:\r\n                                 // Help\r\n-                                Intent helpIntent =\r\n-                                        new Intent(ApiariesActivity.this, HelpActivity.class);\r\n-                                startActivity(helpIntent);\r\n+                                openHelp();\r\n                                 break;\r\n                             case R.id.feedback_navigation_menu_item:\r\n                                 // Feedback\r\n-                                Intent emailIntent = new Intent(Intent.ACTION_SENDTO,\r\n-                                        Uri.parse(\"mailto:\" + getString(R.string.gobees_email)));\r\n-                                emailIntent.putExtra(Intent.EXTRA_SUBJECT,\r\n-                                        getString(R.string.gobees_email_subject));\r\n-                                emailIntent.putExtra(Intent.EXTRA_TEXT,\r\n-                                        getString(R.string.gobees_email_body));\r\n-                                startActivity(Intent.createChooser(\r\n-                                        emailIntent, getString(R.string.feedback_title)));\r\n+                                openSendFeedback();\r\n                                 break;\r\n                             case R.id.share_app_navigation_menu_item:\r\n                                 // Share app\r\n-                                Intent sendIntent = new Intent();\r\n-                                sendIntent.setAction(Intent.ACTION_SEND);\r\n-                                sendIntent.putExtra(Intent.EXTRA_TEXT,\r\n-                                        getString(R.string.share_app_text) +\r\n-                                                Uri.parse(getString(R.string.share_app_url)));\r\n-                                sendIntent.setType(\"text/plain\");\r\n-                                startActivity(Intent.createChooser(\r\n-                                        sendIntent, getString(R.string.share_app_title)));\r\n+                                openShareApp();\r\n                                 break;\r\n                             case R.id.about_navigation_menu_item:\r\n                                 // About\r\n-                                Intent aboutIntent =\r\n-                                        new Intent(ApiariesActivity.this, AboutActivity.class);\r\n-                                startActivity(aboutIntent);\r\n+                                openAbout();\r\n                                 break;\r\n                             default:\r\n                                 break;\r\n@@ -161,4 +139,57 @@ public boolean onNavigationItemSelected(@NonNull MenuItem menuItem) {\n                     }\r\n                 });\r\n     }\r\n+\r\n+    /**\r\n+     * Opens settings section.\r\n+     */\r\n+    private void openSettings() {\r\n+        Intent intent = new Intent(this, SettingsActivity.class);\r\n+        startActivity(intent);\r\n+    }\r\n+\r\n+    /**\r\n+     * Opens help section.\r\n+     */\r\n+    private void openHelp() {\r\n+        Intent helpIntent =\r\n+                new Intent(ApiariesActivity.this, HelpActivity.class);\r\n+        startActivity(helpIntent);\r\n+    }\r\n+    /**\r\n+     * Opens send feedback option.\r\n+     */\r\n+    private void openSendFeedback() {\r\n+        Intent emailIntent = new Intent(Intent.ACTION_SENDTO,\r\n+                Uri.parse(\"mailto:\" + getString(R.string.gobees_email)));\r\n+        emailIntent.putExtra(Intent.EXTRA_SUBJECT,\r\n+                getString(R.string.gobees_email_subject));\r\n+        emailIntent.putExtra(Intent.EXTRA_TEXT,\r\n+                getString(R.string.gobees_email_body));\r\n+        startActivity(Intent.createChooser(\r\n+                emailIntent, getString(R.string.feedback_title)));\r\n+    }\r\n+\r\n+    /**\r\n+     * Opens share app option.\r\n+     */\r\n+    private void openShareApp() {\r\n+        Intent sendIntent = new Intent();\r\n+        sendIntent.setAction(Intent.ACTION_SEND);\r\n+        sendIntent.putExtra(Intent.EXTRA_TEXT,\r\n+                getString(R.string.share_app_text) +\r\n+                        Uri.parse(getString(R.string.share_app_url)));\r\n+        sendIntent.setType(\"text/plain\");\r\n+        startActivity(Intent.createChooser(\r\n+                sendIntent, getString(R.string.share_app_title)));\r\n+    }\r\n+\r\n+    /**\r\n+     * Opens about section.\r\n+     */\r\n+    private void openAbout() {\r\n+        Intent aboutIntent =\r\n+                new Intent(ApiariesActivity.this, AboutActivity.class);\r\n+        startActivity(aboutIntent);\r\n+    }\r\n }\r"},{"sha":"0ccdfff2feefa2c648a8fccfcafa0b243ed46b92","filename":"app/src/main/java/com/davidmiguel/gobees/apiaries/ApiariesAdapter.java","status":"modified","additions":7,"deletions":6,"changes":13,"blob_url":"https://github.com/davidmigloz/go-bees/blob/2a566da8f17696130e8b7c28b642bc36139826ee/app%2Fsrc%2Fmain%2Fjava%2Fcom%2Fdavidmiguel%2Fgobees%2Fapiaries%2FApiariesAdapter.java","raw_url":"https://github.com/davidmigloz/go-bees/raw/2a566da8f17696130e8b7c28b642bc36139826ee/app%2Fsrc%2Fmain%2Fjava%2Fcom%2Fdavidmiguel%2Fgobees%2Fapiaries%2FApiariesAdapter.java","contents_url":"https://api.github.com/repos/davidmigloz/go-bees/contents/app%2Fsrc%2Fmain%2Fjava%2Fcom%2Fdavidmiguel%2Fgobees%2Fapiaries%2FApiariesAdapter.java?ref=2a566da8f17696130e8b7c28b642bc36139826ee","patch":"@@ -46,7 +46,7 @@\n /**\r\n  * Apiaries list adapter.\r\n  */\r\n-class ApiariesAdapter extends RecyclerView.Adapter<ApiariesAdapter.ViewHolder> {\r\n+class ApiariesAdapter extends RecyclerView.Adapter<ApiariesAdapter.ApiaryViewHolder> {\r\n \r\n     private final Context context;\r\n     private MenuInflater menuInflater;\r\n@@ -62,14 +62,14 @@ class ApiariesAdapter extends RecyclerView.Adapter<ApiariesAdapter.ViewHolder> {\n     }\r\n \r\n     @Override\r\n-    public ViewHolder onCreateViewHolder(ViewGroup parent, int viewType) {\r\n+    public ApiaryViewHolder onCreateViewHolder(ViewGroup parent, int viewType) {\r\n         View view = LayoutInflater.from(parent.getContext())\r\n                 .inflate(R.layout.apiaries_list_item, parent, false);\r\n-        return new ViewHolder(view);\r\n+        return new ApiaryViewHolder(view);\r\n     }\r\n \r\n     @Override\r\n-    public void onBindViewHolder(ViewHolder holder, int position) {\r\n+    public void onBindViewHolder(ApiaryViewHolder holder, int position) {\r\n         holder.bind(apiaries.get(position));\r\n     }\r\n \r\n@@ -93,7 +93,7 @@ interface ApiaryItemListener {\n         void onOpenMenuClick(View view);\r\n     }\r\n \r\n-    class ViewHolder extends RecyclerView.ViewHolder\r\n+    class ApiaryViewHolder extends RecyclerView.ViewHolder\r\n             implements BaseViewHolder<Apiary>, View.OnClickListener,\r\n             View.OnCreateContextMenuListener, MenuItem.OnMenuItemClickListener,\r\n             ItemTouchHelperViewHolder {\r\n@@ -108,7 +108,7 @@ class ViewHolder extends RecyclerView.ViewHolder\n \r\n         private Drawable background;\r\n \r\n-        ViewHolder(View itemView) {\r\n+        ApiaryViewHolder(View itemView) {\r\n             super(itemView);\r\n \r\n             // Get views\r\n@@ -134,6 +134,7 @@ public void onClick(View view) {\n             background = card.getBackground();\r\n         }\r\n \r\n+        @Override\r\n         public void bind(@NonNull Apiary apiary) {\r\n             // Set apiary name\r\n             apiaryName.setText(apiary.getName());\r"},{"sha":"30002673c178631f8cdd3f757da99e6bd22680e7","filename":"app/src/main/java/com/davidmiguel/gobees/apiaries/ApiariesPresenter.java","status":"modified","additions":0,"deletions":3,"changes":3,"blob_url":"https://github.com/davidmigloz/go-bees/blob/2a566da8f17696130e8b7c28b642bc36139826ee/app%2Fsrc%2Fmain%2Fjava%2Fcom%2Fdavidmiguel%2Fgobees%2Fapiaries%2FApiariesPresenter.java","raw_url":"https://github.com/davidmigloz/go-bees/raw/2a566da8f17696130e8b7c28b642bc36139826ee/app%2Fsrc%2Fmain%2Fjava%2Fcom%2Fdavidmiguel%2Fgobees%2Fapiaries%2FApiariesPresenter.java","contents_url":"https://api.github.com/repos/davidmigloz/go-bees/contents/app%2Fsrc%2Fmain%2Fjava%2Fcom%2Fdavidmiguel%2Fgobees%2Fapiaries%2FApiariesPresenter.java?ref=2a566da8f17696130e8b7c28b642bc36139826ee","patch":"@@ -72,7 +72,6 @@ public void loadData(boolean forceUpdate) {\n         }\r\n         // Get apiaries\r\n         goBeesRepository.getApiaries(new GoBeesDataSource.GetApiariesCallback() {\r\n-\r\n             @Override\r\n             public void onApiariesLoaded(List<Apiary> apiaries) {\r\n                 // The view may not be able to handle UI updates anymore\r\n@@ -83,7 +82,6 @@ public void onApiariesLoaded(List<Apiary> apiaries) {\n                 view.setLoadingIndicator(false);\r\n                 // Process apiaries\r\n                 if (apiaries.isEmpty()) {\r\n-                    // Show a message indicating there are no apiaries\r\n                     view.showNoApiaries();\r\n                 } else {\r\n                     // Show the list of apiaries\r\n@@ -173,7 +171,6 @@ private void checkCurrentWeather(List<Apiary> apiaries) {\n                 } else {\r\n                     apiariesToUpdate.add(apiary);\r\n                 }\r\n-\r\n             }\r\n         }\r\n         // Update weather if needed\r"},{"sha":"85871a2965a999fafbb2f56d50df12314c0437a3","filename":"app/src/main/java/com/davidmiguel/gobees/apiary/HivesAdapter.java","status":"modified","additions":7,"deletions":6,"changes":13,"blob_url":"https://github.com/davidmigloz/go-bees/blob/2a566da8f17696130e8b7c28b642bc36139826ee/app%2Fsrc%2Fmain%2Fjava%2Fcom%2Fdavidmiguel%2Fgobees%2Fapiary%2FHivesAdapter.java","raw_url":"https://github.com/davidmigloz/go-bees/raw/2a566da8f17696130e8b7c28b642bc36139826ee/app%2Fsrc%2Fmain%2Fjava%2Fcom%2Fdavidmiguel%2Fgobees%2Fapiary%2FHivesAdapter.java","contents_url":"https://api.github.com/repos/davidmigloz/go-bees/contents/app%2Fsrc%2Fmain%2Fjava%2Fcom%2Fdavidmiguel%2Fgobees%2Fapiary%2FHivesAdapter.java?ref=2a566da8f17696130e8b7c28b642bc36139826ee","patch":"@@ -46,7 +46,7 @@\n /**\r\n  * Hives list adapter.\r\n  */\r\n-class HivesAdapter extends RecyclerView.Adapter<HivesAdapter.ViewHolder> {\r\n+class HivesAdapter extends RecyclerView.Adapter<HivesAdapter.HivesViewHolder> {\r\n \r\n     private MenuInflater menuInflater;\r\n     private List<Hive> hives;\r\n@@ -60,14 +60,14 @@ class HivesAdapter extends RecyclerView.Adapter<HivesAdapter.ViewHolder> {\n     }\r\n \r\n     @Override\r\n-    public ViewHolder onCreateViewHolder(ViewGroup parent, int viewType) {\r\n+    public HivesViewHolder onCreateViewHolder(ViewGroup parent, int viewType) {\r\n         View view = LayoutInflater.from(parent.getContext())\r\n                 .inflate(R.layout.apiary_hives_list_item, parent, false);\r\n-        return new HivesAdapter.ViewHolder(view);\r\n+        return new HivesViewHolder(view);\r\n     }\r\n \r\n     @Override\r\n-    public void onBindViewHolder(ViewHolder holder, int position) {\r\n+    public void onBindViewHolder(HivesViewHolder holder, int position) {\r\n         holder.bind(hives.get(position));\r\n     }\r\n \r\n@@ -91,7 +91,7 @@ interface HiveItemListener {\n         void onOpenMenuClick(View view);\r\n     }\r\n \r\n-    class ViewHolder extends RecyclerView.ViewHolder\r\n+    class HivesViewHolder extends RecyclerView.ViewHolder\r\n             implements BaseViewHolder<Hive>, View.OnClickListener,\r\n             View.OnCreateContextMenuListener, MenuItem.OnMenuItemClickListener,\r\n             ItemTouchHelperViewHolder {\r\n@@ -104,7 +104,7 @@ class ViewHolder extends RecyclerView.ViewHolder\n \r\n         private Drawable background;\r\n \r\n-        ViewHolder(View itemView) {\r\n+        HivesViewHolder(View itemView) {\r\n             super(itemView);\r\n \r\n             // Get views\r\n@@ -128,6 +128,7 @@ public void onClick(View view) {\n             background = card.getBackground();\r\n         }\r\n \r\n+        @Override\r\n         public void bind(@NonNull Hive hive) {\r\n             hiveName.setText(hive.getName());\r\n             lastRevision.setText(\r"},{"sha":"6f75a53386c82499d1c3984def9e3395b9a9d0d6","filename":"app/src/main/java/com/davidmiguel/gobees/data/model/Apiary.java","status":"modified","additions":0,"deletions":2,"changes":2,"blob_url":"https://github.com/davidmigloz/go-bees/blob/2a566da8f17696130e8b7c28b642bc36139826ee/app%2Fsrc%2Fmain%2Fjava%2Fcom%2Fdavidmiguel%2Fgobees%2Fdata%2Fmodel%2FApiary.java","raw_url":"https://github.com/davidmigloz/go-bees/raw/2a566da8f17696130e8b7c28b642bc36139826ee/app%2Fsrc%2Fmain%2Fjava%2Fcom%2Fdavidmiguel%2Fgobees%2Fdata%2Fmodel%2FApiary.java","contents_url":"https://api.github.com/repos/davidmigloz/go-bees/contents/app%2Fsrc%2Fmain%2Fjava%2Fcom%2Fdavidmiguel%2Fgobees%2Fdata%2Fmodel%2FApiary.java?ref=2a566da8f17696130e8b7c28b642bc36139826ee","patch":"@@ -21,8 +21,6 @@\n import android.support.annotation.NonNull;\r\n import android.support.annotation.Nullable;\r\n \r\n-import com.google.common.base.Strings;\r\n-\r\n import java.util.List;\r\n \r\n import io.realm.RealmList;\r"},{"sha":"26a7172996348f31474531175787d893c104367d","filename":"app/src/main/java/com/davidmiguel/gobees/data/model/Record.java","status":"modified","additions":6,"deletions":2,"changes":8,"blob_url":"https://github.com/davidmigloz/go-bees/blob/2a566da8f17696130e8b7c28b642bc36139826ee/app%2Fsrc%2Fmain%2Fjava%2Fcom%2Fdavidmiguel%2Fgobees%2Fdata%2Fmodel%2FRecord.java","raw_url":"https://github.com/davidmigloz/go-bees/raw/2a566da8f17696130e8b7c28b642bc36139826ee/app%2Fsrc%2Fmain%2Fjava%2Fcom%2Fdavidmiguel%2Fgobees%2Fdata%2Fmodel%2FRecord.java","contents_url":"https://api.github.com/repos/davidmigloz/go-bees/contents/app%2Fsrc%2Fmain%2Fjava%2Fcom%2Fdavidmiguel%2Fgobees%2Fdata%2Fmodel%2FRecord.java?ref=2a566da8f17696130e8b7c28b642bc36139826ee","patch":"@@ -89,8 +89,12 @@ public int compareTo(@NonNull Record r) {\n \r\n     @Override\r\n     public boolean equals(Object obj) {\r\n-        if (this == obj) return true;\r\n-        if (obj == null || getClass() != obj.getClass()) return false;\r\n+        if (this == obj) {\r\n+            return true;\r\n+        }\r\n+        if (obj == null || getClass() != obj.getClass()) {\r\n+            return false;\r\n+        }\r\n         Record record = (Record) obj;\r\n         return id == record.id;\r\n     }\r"},{"sha":"9ac5a8f060815cf28376d9fef5ce899b37d12fb0","filename":"app/src/main/java/com/davidmiguel/gobees/data/model/Recording.java","status":"modified","additions":6,"deletions":2,"changes":8,"blob_url":"https://github.com/davidmigloz/go-bees/blob/2a566da8f17696130e8b7c28b642bc36139826ee/app%2Fsrc%2Fmain%2Fjava%2Fcom%2Fdavidmiguel%2Fgobees%2Fdata%2Fmodel%2FRecording.java","raw_url":"https://github.com/davidmigloz/go-bees/raw/2a566da8f17696130e8b7c28b642bc36139826ee/app%2Fsrc%2Fmain%2Fjava%2Fcom%2Fdavidmiguel%2Fgobees%2Fdata%2Fmodel%2FRecording.java","contents_url":"https://api.github.com/repos/davidmigloz/go-bees/contents/app%2Fsrc%2Fmain%2Fjava%2Fcom%2Fdavidmiguel%2Fgobees%2Fdata%2Fmodel%2FRecording.java?ref=2a566da8f17696130e8b7c28b642bc36139826ee","patch":"@@ -71,8 +71,12 @@ public List<MeteoRecord> getMeteo() {\n \r\n     @Override\r\n     public boolean equals(Object obj) {\r\n-        if (this == obj) return true;\r\n-        if (obj == null || getClass() != obj.getClass()) return false;\r\n+        if (this == obj) {\r\n+            return true;\r\n+        }\r\n+        if (obj == null || getClass() != obj.getClass()) {\r\n+            return false;\r\n+        }\r\n         Recording recording = (Recording) obj;\r\n         return Objects.equal(date, recording.date);\r\n     }\r"},{"sha":"0dbd4a2a5dc3099714e7aeeb8e38c1f5e2ca025b","filename":"app/src/main/java/com/davidmiguel/gobees/data/source/local/DataGenerator.java","status":"modified","additions":3,"deletions":1,"changes":4,"blob_url":"https://github.com/davidmigloz/go-bees/blob/2a566da8f17696130e8b7c28b642bc36139826ee/app%2Fsrc%2Fmain%2Fjava%2Fcom%2Fdavidmiguel%2Fgobees%2Fdata%2Fsource%2Flocal%2FDataGenerator.java","raw_url":"https://github.com/davidmigloz/go-bees/raw/2a566da8f17696130e8b7c28b642bc36139826ee/app%2Fsrc%2Fmain%2Fjava%2Fcom%2Fdavidmiguel%2Fgobees%2Fdata%2Fsource%2Flocal%2FDataGenerator.java","contents_url":"https://api.github.com/repos/davidmigloz/go-bees/contents/app%2Fsrc%2Fmain%2Fjava%2Fcom%2Fdavidmiguel%2Fgobees%2Fdata%2Fsource%2Flocal%2FDataGenerator.java?ref=2a566da8f17696130e8b7c28b642bc36139826ee","patch":"@@ -273,14 +273,16 @@ private Location getRandomNearLocation(double latitude, double longitude) {\n \r\n     @Override\r\n     public void onSuccess() {\r\n+        // Nothing to do\r\n     }\r\n \r\n     @Override\r\n     public void onFailure() {\r\n+        // Nothing to do\r\n     }\r\n \r\n     @Override\r\n     public void onRecordingTooShort() {\r\n-\r\n+        // Nothing to do\r\n     }\r\n }\r"},{"sha":"0bb1410db602f547f1b45fdd15644a3ef34a71f0","filename":"app/src/main/java/com/davidmiguel/gobees/data/source/local/GoBeesLocalDataSource.java","status":"modified","additions":2,"deletions":1,"changes":3,"blob_url":"https://github.com/davidmigloz/go-bees/blob/2a566da8f17696130e8b7c28b642bc36139826ee/app%2Fsrc%2Fmain%2Fjava%2Fcom%2Fdavidmiguel%2Fgobees%2Fdata%2Fsource%2Flocal%2FGoBeesLocalDataSource.java","raw_url":"https://github.com/davidmigloz/go-bees/raw/2a566da8f17696130e8b7c28b642bc36139826ee/app%2Fsrc%2Fmain%2Fjava%2Fcom%2Fdavidmiguel%2Fgobees%2Fdata%2Fsource%2Flocal%2FGoBeesLocalDataSource.java","contents_url":"https://api.github.com/repos/davidmigloz/go-bees/contents/app%2Fsrc%2Fmain%2Fjava%2Fcom%2Fdavidmiguel%2Fgobees%2Fdata%2Fsource%2Flocal%2FGoBeesLocalDataSource.java?ref=2a566da8f17696130e8b7c28b642bc36139826ee","patch":"@@ -48,6 +48,7 @@ public class GoBeesLocalDataSource implements GoBeesDataSource {\n \r\n \r\n     private GoBeesLocalDataSource() {\r\n+        // Singleton\r\n     }\r\n \r\n     /**\r\n@@ -546,7 +547,7 @@ public void saveMeteoRecords(final long apiaryId, @NonNull final List<MeteoRecor\n             public void execute(Realm realm) {\r\n                 // Get next id\r\n                 Number n = realm.where(MeteoRecord.class).max(\"id\");\r\n-                long nextId = (n != null ? n.longValue() + 1 : 0);\r\n+                long nextId = n != null ? n.longValue() + 1 : 0;\r\n                 // Save meteo records\r\n                 for (MeteoRecord meteoRecord : meteoRecords) {\r\n                     meteoRecord.setId(nextId++);\r"},{"sha":"054e7d09eb77e4a0beb6027ae15ac5b43e108734","filename":"app/src/main/java/com/davidmiguel/gobees/help/HelpFragment.java","status":"modified","additions":1,"deletions":0,"changes":1,"blob_url":"https://github.com/davidmigloz/go-bees/blob/2a566da8f17696130e8b7c28b642bc36139826ee/app%2Fsrc%2Fmain%2Fjava%2Fcom%2Fdavidmiguel%2Fgobees%2Fhelp%2FHelpFragment.java","raw_url":"https://github.com/davidmigloz/go-bees/raw/2a566da8f17696130e8b7c28b642bc36139826ee/app%2Fsrc%2Fmain%2Fjava%2Fcom%2Fdavidmiguel%2Fgobees%2Fhelp%2FHelpFragment.java","contents_url":"https://api.github.com/repos/davidmigloz/go-bees/contents/app%2Fsrc%2Fmain%2Fjava%2Fcom%2Fdavidmiguel%2Fgobees%2Fhelp%2FHelpFragment.java?ref=2a566da8f17696130e8b7c28b642bc36139826ee","patch":"@@ -98,6 +98,7 @@ public void loadUrl(String url) {\n     private class MyBrowser extends WebViewClient {\r\n \r\n         @SuppressWarnings(\"deprecation\")\r\n+        @Deprecated\r\n         @Override\r\n         public boolean shouldOverrideUrlLoading(WebView view, String url) {\r\n             view.loadUrl(url);\r"},{"sha":"787a9c91141701c8c62b53154a3940053d1a6820","filename":"app/src/main/java/com/davidmiguel/gobees/monitoring/MonitoringService.java","status":"modified","additions":6,"deletions":8,"changes":14,"blob_url":"https://github.com/davidmigloz/go-bees/blob/2a566da8f17696130e8b7c28b642bc36139826ee/app%2Fsrc%2Fmain%2Fjava%2Fcom%2Fdavidmiguel%2Fgobees%2Fmonitoring%2FMonitoringService.java","raw_url":"https://github.com/davidmigloz/go-bees/raw/2a566da8f17696130e8b7c28b642bc36139826ee/app%2Fsrc%2Fmain%2Fjava%2Fcom%2Fdavidmiguel%2Fgobees%2Fmonitoring%2FMonitoringService.java","contents_url":"https://api.github.com/repos/davidmigloz/go-bees/contents/app%2Fsrc%2Fmain%2Fjava%2Fcom%2Fdavidmiguel%2Fgobees%2Fmonitoring%2FMonitoringService.java?ref=2a566da8f17696130e8b7c28b642bc36139826ee","patch":"@@ -221,6 +221,7 @@ public IBinder onBind(Intent intent) {\n         return binder;\r\n     }\r\n \r\n+    @Override\r\n     public boolean isOpenCvLoaded() {\r\n         return openCvLoaded;\r\n     }\r\n@@ -317,14 +318,11 @@ private void configOpenCv() {\n         BaseLoaderCallback loaderCallback = new BaseLoaderCallback(this) {\r\n             @Override\r\n             public void onManagerConnected(final int status) {\r\n-                switch (status) {\r\n-                    case LoaderCallbackInterface.SUCCESS:\r\n-                        openCvLoaded = true;\r\n-                        startMonitoring();\r\n-                        break;\r\n-                    default:\r\n-                        super.onManagerConnected(status);\r\n-                        break;\r\n+                if (status == LoaderCallbackInterface.SUCCESS) {\r\n+                    openCvLoaded = true;\r\n+                    startMonitoring();\r\n+                } else {\r\n+                    super.onManagerConnected(status);\r\n                 }\r\n             }\r\n         };\r"},{"sha":"60946c3cdc0567a7badb0b6ae881966581aa7f7b","filename":"app/src/main/java/com/davidmiguel/gobees/monitoring/MonitoringSettingsFragment.java","status":"modified","additions":3,"deletions":1,"changes":4,"blob_url":"https://github.com/davidmigloz/go-bees/blob/2a566da8f17696130e8b7c28b642bc36139826ee/app%2Fsrc%2Fmain%2Fjava%2Fcom%2Fdavidmiguel%2Fgobees%2Fmonitoring%2FMonitoringSettingsFragment.java","raw_url":"https://github.com/davidmigloz/go-bees/raw/2a566da8f17696130e8b7c28b642bc36139826ee/app%2Fsrc%2Fmain%2Fjava%2Fcom%2Fdavidmiguel%2Fgobees%2Fmonitoring%2FMonitoringSettingsFragment.java","contents_url":"https://api.github.com/repos/davidmigloz/go-bees/contents/app%2Fsrc%2Fmain%2Fjava%2Fcom%2Fdavidmiguel%2Fgobees%2Fmonitoring%2FMonitoringSettingsFragment.java?ref=2a566da8f17696130e8b7c28b642bc36139826ee","patch":"@@ -105,6 +105,7 @@ public void hideSettings() {\n         fadeOut.setAnimationListener(new Animation.AnimationListener() {\r\n             @Override\r\n             public void onAnimationStart(Animation animation) {\r\n+                // Nothing to do\r\n             }\r\n \r\n             @Override\r\n@@ -114,6 +115,7 @@ public void onAnimationEnd(Animation animation) {\n \r\n             @Override\r\n             public void onAnimationRepeat(Animation animation) {\r\n+                // Nothing to do\r\n             }\r\n         });\r\n         settingsLayout.startAnimation(fadeOut);\r\n@@ -211,7 +213,7 @@ private void updateAlgorithm(Preference preference, Object value) {\n             presenter.updateAlgoMaxArea(((Integer) value).doubleValue());\r\n         } else if (preference.getKey().equals(getString(R.string.pref_zoom_key))) {\r\n             // Update zoom\r\n-            presenter.updateAlgoZoom((Integer.parseInt((String) value)));\r\n+            presenter.updateAlgoZoom(Integer.parseInt((String) value));\r\n         }\r\n     }\r\n \r"},{"sha":"e97a201b854ffeec1356fa8034f089df62f31e98","filename":"app/src/main/java/com/davidmiguel/gobees/monitoring/algorithm/AreaBeesCounter.java","status":"modified","additions":4,"deletions":4,"changes":8,"blob_url":"https://github.com/davidmigloz/go-bees/blob/2a566da8f17696130e8b7c28b642bc36139826ee/app%2Fsrc%2Fmain%2Fjava%2Fcom%2Fdavidmiguel%2Fgobees%2Fmonitoring%2Falgorithm%2FAreaBeesCounter.java","raw_url":"https://github.com/davidmigloz/go-bees/raw/2a566da8f17696130e8b7c28b642bc36139826ee/app%2Fsrc%2Fmain%2Fjava%2Fcom%2Fdavidmiguel%2Fgobees%2Fmonitoring%2Falgorithm%2FAreaBeesCounter.java","contents_url":"https://api.github.com/repos/davidmigloz/go-bees/contents/app%2Fsrc%2Fmain%2Fjava%2Fcom%2Fdavidmiguel%2Fgobees%2Fmonitoring%2Falgorithm%2FAreaBeesCounter.java?ref=2a566da8f17696130e8b7c28b642bc36139826ee","patch":"@@ -34,7 +34,7 @@\n public class AreaBeesCounter implements BeesCounter {\r\n \r\n     private static final String TAG = \"ContourBeesCounter\";\r\n-    private static AreaBeesCounter INSTANCE;\r\n+    private static AreaBeesCounter instance;\r\n \r\n     private Blur blur;\r\n     private BackgroundSubtractor bs;\r\n@@ -55,10 +55,10 @@ private AreaBeesCounter() {\n     }\r\n \r\n     public static AreaBeesCounter getInstance() {\r\n-        if (INSTANCE == null) {\r\n-            INSTANCE = new AreaBeesCounter();\r\n+        if (instance == null) {\r\n+            instance = new AreaBeesCounter();\r\n         }\r\n-        return INSTANCE;\r\n+        return instance;\r\n     }\r\n \r\n     @Override\r"},{"sha":"49d261974ae5475cff459495129f71072fd1af44","filename":"app/src/main/java/com/davidmiguel/gobees/monitoring/camera/AndroidCameraImpl.java","status":"modified","additions":9,"deletions":9,"changes":18,"blob_url":"https://github.com/davidmigloz/go-bees/blob/2a566da8f17696130e8b7c28b642bc36139826ee/app%2Fsrc%2Fmain%2Fjava%2Fcom%2Fdavidmiguel%2Fgobees%2Fmonitoring%2Fcamera%2FAndroidCameraImpl.java","raw_url":"https://github.com/davidmigloz/go-bees/raw/2a566da8f17696130e8b7c28b642bc36139826ee/app%2Fsrc%2Fmain%2Fjava%2Fcom%2Fdavidmiguel%2Fgobees%2Fmonitoring%2Fcamera%2FAndroidCameraImpl.java","contents_url":"https://api.github.com/repos/davidmigloz/go-bees/contents/app%2Fsrc%2Fmain%2Fjava%2Fcom%2Fdavidmiguel%2Fgobees%2Fmonitoring%2Fcamera%2FAndroidCameraImpl.java?ref=2a566da8f17696130e8b7c28b642bc36139826ee","patch":"@@ -195,18 +195,18 @@ void initCamera() {\n     private Camera getCameraInstance(int facing, int maxFrameWidth,\r\n                                      int maxFrameHeight, int zoomRatio) {\r\n         // Get desired camera\r\n-        Camera camera = getCamera(facing);\r\n-        if (camera == null) {\r\n+        Camera cam = getCamera(facing);\r\n+        if (cam == null) {\r\n             Log.e(TAG, \"Could not find any camera matching facing: \" + facing);\r\n             return null;\r\n         }\r\n         // Set frame size\r\n-        setFrameSize(camera, maxFrameWidth, maxFrameHeight);\r\n+        setFrameSize(cam, maxFrameWidth, maxFrameHeight);\r\n         // Set zoom ratio\r\n-        setZoomRatio(camera, zoomRatio);\r\n+        setZoomRatio(cam, zoomRatio);\r\n         // Set autofocus\r\n-        setAutofocus(camera);\r\n-        return camera;\r\n+        setAutofocus(cam);\r\n+        return cam;\r\n     }\r\n \r\n     /**\r\n@@ -216,22 +216,22 @@ private Camera getCameraInstance(int facing, int maxFrameWidth,\n      * @return Camera (or null if it does not exist).\r\n      */\r\n     private Camera getCamera(int facing) {\r\n-        Camera camera = null;\r\n+        Camera cam = null;\r\n         CameraInfo cameraInfo = new CameraInfo();\r\n         int cameraCount = Camera.getNumberOfCameras();\r\n         for (int camIndex = 0; camIndex < cameraCount; camIndex++) {\r\n             Camera.getCameraInfo(camIndex, cameraInfo);\r\n             if (cameraInfo.facing == facing) {\r\n                 try {\r\n                     // Open camera\r\n-                    camera = Camera.open(camIndex);\r\n+                    cam = Camera.open(camIndex);\r\n                     break;\r\n                 } catch (RuntimeException e) {\r\n                     Log.e(TAG, \"AndroidCamera is not available (in use or does not exist).\", e);\r\n                 }\r\n             }\r\n         }\r\n-        return camera;\r\n+        return cam;\r\n     }\r\n \r\n     /**\r"},{"sha":"6ff7f35ffc3b8ca879524d3389a78046f75b1996","filename":"app/src/main/java/com/davidmiguel/gobees/settings/SettingsPresenter.java","status":"modified","additions":2,"deletions":2,"changes":4,"blob_url":"https://github.com/davidmigloz/go-bees/blob/2a566da8f17696130e8b7c28b642bc36139826ee/app%2Fsrc%2Fmain%2Fjava%2Fcom%2Fdavidmiguel%2Fgobees%2Fsettings%2FSettingsPresenter.java","raw_url":"https://github.com/davidmigloz/go-bees/raw/2a566da8f17696130e8b7c28b642bc36139826ee/app%2Fsrc%2Fmain%2Fjava%2Fcom%2Fdavidmiguel%2Fgobees%2Fsettings%2FSettingsPresenter.java","contents_url":"https://api.github.com/repos/davidmigloz/go-bees/contents/app%2Fsrc%2Fmain%2Fjava%2Fcom%2Fdavidmiguel%2Fgobees%2Fsettings%2FSettingsPresenter.java?ref=2a566da8f17696130e8b7c28b642bc36139826ee","patch":"@@ -45,7 +45,7 @@ class SettingsPresenter implements SettingsContract.Presenter,\n \r\n     @Override\r\n     public void start() {\r\n-\r\n+        // Nothing to do\r\n     }\r\n \r\n     @Override\r\n@@ -123,7 +123,7 @@ public void onSuccess() {\n \r\n             @Override\r\n             public void onFailure() {\r\n-\r\n+                // Nothing to do\r\n             }\r\n         });\r\n     }\r"},{"sha":"7d0c10027eb774af7078aa43735c59af0e10763c","filename":"app/src/main/java/com/davidmiguel/gobees/utils/LocationUtils.java","status":"modified","additions":3,"deletions":0,"changes":3,"blob_url":"https://github.com/davidmigloz/go-bees/blob/2a566da8f17696130e8b7c28b642bc36139826ee/app%2Fsrc%2Fmain%2Fjava%2Fcom%2Fdavidmiguel%2Fgobees%2Futils%2FLocationUtils.java","raw_url":"https://github.com/davidmigloz/go-bees/raw/2a566da8f17696130e8b7c28b642bc36139826ee/app%2Fsrc%2Fmain%2Fjava%2Fcom%2Fdavidmiguel%2Fgobees%2Futils%2FLocationUtils.java","contents_url":"https://api.github.com/repos/davidmigloz/go-bees/contents/app%2Fsrc%2Fmain%2Fjava%2Fcom%2Fdavidmiguel%2Fgobees%2Futils%2FLocationUtils.java?ref=2a566da8f17696130e8b7c28b642bc36139826ee","patch":"@@ -34,6 +34,9 @@ public final class LocationUtils {\n     private static final Pattern LONGITUDE_PATTERN = Pattern.compile(\r\n             \"^(\\\\+|-)?(?:180(?:(?:\\\\.0{1,6})?)|(?:[0-9]|[1-9][0-9]|1[0-7][0-9])(?:(?:\\\\.[0-9]{1,6})?))$\");\r\n \r\n+    private LocationUtils() {\r\n+    }\r\n+\r\n     /**\r\n      * Checks if a location is valid.\r\n      * The latitude must be a number between -90 and 90 and the longitude between -180 and 180.\r"}]}
2023-09-24 16:21:09.842 DEBUG 39436 --- [           main] e.u.l.a.s.a.github.GitHubScmClient       : [GitHubScmClient#findCommit] <--- END HTTP (43327-byte body)
2023-09-24 16:21:09.846 DEBUG 39436 --- [           main] e.u.l.a.s.a.github.GitHubScmClient       : [GitHubScmClient#findCommit] ---> GET https://api.github.com/repos/davidmigloz/go-bees/commits/e34ee575fc16f309312fb5d927bda29c756b52f7 HTTP/1.1
2023-09-24 16:21:09.846 DEBUG 39436 --- [           main] e.u.l.a.s.a.github.GitHubScmClient       : [GitHubScmClient#findCommit] Authorization: Bearer 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
2023-09-24 16:21:09.846 DEBUG 39436 --- [           main] e.u.l.a.s.a.github.GitHubScmClient       : [GitHubScmClient#findCommit] ---> END HTTP (0-byte body)
2023-09-24 16:21:10.145 DEBUG 39436 --- [           main] e.u.l.a.s.a.github.GitHubScmClient       : [GitHubScmClient#findCommit] <--- HTTP/1.1 200 OK (298ms)
2023-09-24 16:21:10.145 DEBUG 39436 --- [           main] e.u.l.a.s.a.github.GitHubScmClient       : [GitHubScmClient#findCommit] access-control-allow-origin: *
2023-09-24 16:21:10.146 DEBUG 39436 --- [           main] e.u.l.a.s.a.github.GitHubScmClient       : [GitHubScmClient#findCommit] access-control-expose-headers: ETag, Link, Location, Retry-After, X-GitHub-OTP, X-RateLimit-Limit, X-RateLimit-Remaining, X-RateLimit-Used, X-RateLimit-Resource, X-RateLimit-Reset, X-OAuth-Scopes, X-Accepted-OAuth-Scopes, X-Poll-Interval, X-GitHub-Media-Type, X-GitHub-SSO, X-GitHub-Request-Id, Deprecation, Sunset
2023-09-24 16:21:10.146 DEBUG 39436 --- [           main] e.u.l.a.s.a.github.GitHubScmClient       : [GitHubScmClient#findCommit] cache-control: private, max-age=60, s-maxage=60
2023-09-24 16:21:10.146 DEBUG 39436 --- [           main] e.u.l.a.s.a.github.GitHubScmClient       : [GitHubScmClient#findCommit] content-length: 27514
2023-09-24 16:21:10.146 DEBUG 39436 --- [           main] e.u.l.a.s.a.github.GitHubScmClient       : [GitHubScmClient#findCommit] content-security-policy: default-src 'none'
2023-09-24 16:21:10.146 DEBUG 39436 --- [           main] e.u.l.a.s.a.github.GitHubScmClient       : [GitHubScmClient#findCommit] content-type: application/json; charset=utf-8
2023-09-24 16:21:10.146 DEBUG 39436 --- [           main] e.u.l.a.s.a.github.GitHubScmClient       : [GitHubScmClient#findCommit] date: Sun, 24 Sep 2023 14:21:10 GMT
2023-09-24 16:21:10.146 DEBUG 39436 --- [           main] e.u.l.a.s.a.github.GitHubScmClient       : [GitHubScmClient#findCommit] etag: "3c0714d7bae7edaeac255fc7053f3087ef7688c2bb4db53f3c35978c3eaf8fbb"
2023-09-24 16:21:10.146 DEBUG 39436 --- [           main] e.u.l.a.s.a.github.GitHubScmClient       : [GitHubScmClient#findCommit] last-modified: Wed, 25 Jan 2017 15:11:49 GMT
2023-09-24 16:21:10.146 DEBUG 39436 --- [           main] e.u.l.a.s.a.github.GitHubScmClient       : [GitHubScmClient#findCommit] referrer-policy: origin-when-cross-origin, strict-origin-when-cross-origin
2023-09-24 16:21:10.146 DEBUG 39436 --- [           main] e.u.l.a.s.a.github.GitHubScmClient       : [GitHubScmClient#findCommit] server: GitHub.com
2023-09-24 16:21:10.146 DEBUG 39436 --- [           main] e.u.l.a.s.a.github.GitHubScmClient       : [GitHubScmClient#findCommit] strict-transport-security: max-age=31536000; includeSubdomains; preload
2023-09-24 16:21:10.146 DEBUG 39436 --- [           main] e.u.l.a.s.a.github.GitHubScmClient       : [GitHubScmClient#findCommit] vary: Accept-Encoding, Accept, X-Requested-With
2023-09-24 16:21:10.146 DEBUG 39436 --- [           main] e.u.l.a.s.a.github.GitHubScmClient       : [GitHubScmClient#findCommit] vary: Accept, Authorization, Cookie, X-GitHub-OTP
2023-09-24 16:21:10.146 DEBUG 39436 --- [           main] e.u.l.a.s.a.github.GitHubScmClient       : [GitHubScmClient#findCommit] x-accepted-oauth-scopes: 
2023-09-24 16:21:10.146 DEBUG 39436 --- [           main] e.u.l.a.s.a.github.GitHubScmClient       : [GitHubScmClient#findCommit] x-content-type-options: nosniff
2023-09-24 16:21:10.146 DEBUG 39436 --- [           main] e.u.l.a.s.a.github.GitHubScmClient       : [GitHubScmClient#findCommit] x-frame-options: deny
2023-09-24 16:21:10.146 DEBUG 39436 --- [           main] e.u.l.a.s.a.github.GitHubScmClient       : [GitHubScmClient#findCommit] x-github-api-version-selected: 2022-11-28
2023-09-24 16:21:10.146 DEBUG 39436 --- [           main] e.u.l.a.s.a.github.GitHubScmClient       : [GitHubScmClient#findCommit] x-github-media-type: github.v3; format=json
2023-09-24 16:21:10.146 DEBUG 39436 --- [           main] e.u.l.a.s.a.github.GitHubScmClient       : [GitHubScmClient#findCommit] x-github-request-id: E4B5:5059:2AE33E2:2B7A4A6:651045D5
2023-09-24 16:21:10.146 DEBUG 39436 --- [           main] e.u.l.a.s.a.github.GitHubScmClient       : [GitHubScmClient#findCommit] x-oauth-scopes: gist, notifications, project, repo
2023-09-24 16:21:10.146 DEBUG 39436 --- [           main] e.u.l.a.s.a.github.GitHubScmClient       : [GitHubScmClient#findCommit] x-ratelimit-limit: 5000
2023-09-24 16:21:10.146 DEBUG 39436 --- [           main] e.u.l.a.s.a.github.GitHubScmClient       : [GitHubScmClient#findCommit] x-ratelimit-remaining: 4880
2023-09-24 16:21:10.146 DEBUG 39436 --- [           main] e.u.l.a.s.a.github.GitHubScmClient       : [GitHubScmClient#findCommit] x-ratelimit-reset: 1695568813
2023-09-24 16:21:10.146 DEBUG 39436 --- [           main] e.u.l.a.s.a.github.GitHubScmClient       : [GitHubScmClient#findCommit] x-ratelimit-resource: core
2023-09-24 16:21:10.146 DEBUG 39436 --- [           main] e.u.l.a.s.a.github.GitHubScmClient       : [GitHubScmClient#findCommit] x-ratelimit-used: 120
2023-09-24 16:21:10.147 DEBUG 39436 --- [           main] e.u.l.a.s.a.github.GitHubScmClient       : [GitHubScmClient#findCommit] x-xss-protection: 0
2023-09-24 16:21:10.147 DEBUG 39436 --- [           main] e.u.l.a.s.a.github.GitHubScmClient       : [GitHubScmClient#findCommit] 
2023-09-24 16:21:10.147 DEBUG 39436 --- [           main] e.u.l.a.s.a.github.GitHubScmClient       : [GitHubScmClient#findCommit] {"sha":"e34ee575fc16f309312fb5d927bda29c756b52f7","node_id":"MDY6Q29tbWl0NjU5Mjc2Nzg6ZTM0ZWU1NzVmYzE2ZjMwOTMxMmZiNWQ5MjdiZGEyOWM3NTZiNTJmNw==","commit":{"author":{"name":"davidmigloz","email":"me@davidmiguel.com","date":"2017-01-25T15:11:49Z"},"committer":{"name":"davidmigloz","email":"me@davidmiguel.com","date":"2017-01-25T15:11:49Z"},"message":"Convert to latex points 1 and 2 #124","tree":{"sha":"f7ede40a3c3798f804efa0a54dc9a42ce76d4076","url":"https://api.github.com/repos/davidmigloz/go-bees/git/trees/f7ede40a3c3798f804efa0a54dc9a42ce76d4076"},"url":"https://api.github.com/repos/davidmigloz/go-bees/git/commits/e34ee575fc16f309312fb5d927bda29c756b52f7","comment_count":0,"verification":{"verified":false,"reason":"unsigned","signature":null,"payload":null}},"url":"https://api.github.com/repos/davidmigloz/go-bees/commits/e34ee575fc16f309312fb5d927bda29c756b52f7","html_url":"https://github.com/davidmigloz/go-bees/commit/e34ee575fc16f309312fb5d927bda29c756b52f7","comments_url":"https://api.github.com/repos/davidmigloz/go-bees/commits/e34ee575fc16f309312fb5d927bda29c756b52f7/comments","author":{"login":"davidmigloz","id":6546265,"node_id":"MDQ6VXNlcjY1NDYyNjU=","avatar_url":"https://avatars.githubusercontent.com/u/6546265?v=4","gravatar_id":"","url":"https://api.github.com/users/davidmigloz","html_url":"https://github.com/davidmigloz","followers_url":"https://api.github.com/users/davidmigloz/followers","following_url":"https://api.github.com/users/davidmigloz/following{/other_user}","gists_url":"https://api.github.com/users/davidmigloz/gists{/gist_id}","starred_url":"https://api.github.com/users/davidmigloz/starred{/owner}{/repo}","subscriptions_url":"https://api.github.com/users/davidmigloz/subscriptions","organizations_url":"https://api.github.com/users/davidmigloz/orgs","repos_url":"https://api.github.com/users/davidmigloz/repos","events_url":"https://api.github.com/users/davidmigloz/events{/privacy}","received_events_url":"https://api.github.com/users/davidmigloz/received_events","type":"User","site_admin":false},"committer":{"login":"davidmigloz","id":6546265,"node_id":"MDQ6VXNlcjY1NDYyNjU=","avatar_url":"https://avatars.githubusercontent.com/u/6546265?v=4","gravatar_id":"","url":"https://api.github.com/users/davidmigloz","html_url":"https://github.com/davidmigloz","followers_url":"https://api.github.com/users/davidmigloz/followers","following_url":"https://api.github.com/users/davidmigloz/following{/other_user}","gists_url":"https://api.github.com/users/davidmigloz/gists{/gist_id}","starred_url":"https://api.github.com/users/davidmigloz/starred{/owner}{/repo}","subscriptions_url":"https://api.github.com/users/davidmigloz/subscriptions","organizations_url":"https://api.github.com/users/davidmigloz/orgs","repos_url":"https://api.github.com/users/davidmigloz/repos","events_url":"https://api.github.com/users/davidmigloz/events{/privacy}","received_events_url":"https://api.github.com/users/davidmigloz/received_events","type":"User","site_admin":false},"parents":[{"sha":"b15f3e86c3007d75a41ac3cb53db77ec9e79816b","url":"https://api.github.com/repos/davidmigloz/go-bees/commits/b15f3e86c3007d75a41ac3cb53db77ec9e79816b","html_url":"https://github.com/davidmigloz/go-bees/commit/b15f3e86c3007d75a41ac3cb53db77ec9e79816b"}],"stats":{"total":304,"additions":290,"deletions":14},"files":[{"sha":"471158a539534ddf38c0ae999f503b0254df7516","filename":"app/build.gradle","status":"modified","additions":1,"deletions":1,"changes":2,"blob_url":"https://github.com/davidmigloz/go-bees/blob/e34ee575fc16f309312fb5d927bda29c756b52f7/app%2Fbuild.gradle","raw_url":"https://github.com/davidmigloz/go-bees/raw/e34ee575fc16f309312fb5d927bda29c756b52f7/app%2Fbuild.gradle","contents_url":"https://api.github.com/repos/davidmigloz/go-bees/contents/app%2Fbuild.gradle?ref=e34ee575fc16f309312fb5d927bda29c756b52f7","patch":"@@ -89,7 +89,7 @@ android {\n \r\n     // Lint checks\r\n     lintOptions {\r\n-        disable 'SetJavaScriptEnabled'\r\n+        disable 'SetJavaScriptEnabled','MissingTranslation'\r\n     }\r\n }\r\n \r"},{"sha":"a85bbd1be37f06ddc2385238567469a570439a21","filename":"docs/img/cabecera.pdf","status":"renamed","additions":0,"deletions":0,"changes":0,"blob_url":"https://github.com/davidmigloz/go-bees/blob/e34ee575fc16f309312fb5d927bda29c756b52f7/docs%2Fimg%2Fcabecera.pdf","raw_url":"https://github.com/davidmigloz/go-bees/raw/e34ee575fc16f309312fb5d927bda29c756b52f7/docs%2Fimg%2Fcabecera.pdf","contents_url":"https://api.github.com/repos/davidmigloz/go-bees/contents/docs%2Fimg%2Fcabecera.pdf?ref=e34ee575fc16f309312fb5d927bda29c756b52f7","previous_filename":"docs/latex/img/cabecera.pdf"},{"sha":"fee3d48531a2a56db6aa0a32383e8443869a9ae0","filename":"docs/img/escudoInfor.pdf","status":"renamed","additions":0,"deletions":0,"changes":0,"blob_url":"https://github.com/davidmigloz/go-bees/blob/e34ee575fc16f309312fb5d927bda29c756b52f7/docs%2Fimg%2FescudoInfor.pdf","raw_url":"https://github.com/davidmigloz/go-bees/raw/e34ee575fc16f309312fb5d927bda29c756b52f7/docs%2Fimg%2FescudoInfor.pdf","contents_url":"https://api.github.com/repos/davidmigloz/go-bees/contents/docs%2Fimg%2FescudoInfor.pdf?ref=e34ee575fc16f309312fb5d927bda29c756b52f7","previous_filename":"docs/latex/img/escudoInfor.pdf"},{"sha":"bee1d65041f8983895cd5d48ff4a341d08f5df23","filename":"docs/latex/bibliografia.bib","status":"modified","additions":33,"deletions":0,"changes":33,"blob_url":"https://github.com/davidmigloz/go-bees/blob/e34ee575fc16f309312fb5d927bda29c756b52f7/docs%2Flatex%2Fbibliografia.bib","raw_url":"https://github.com/davidmigloz/go-bees/raw/e34ee575fc16f309312fb5d927bda29c756b52f7/docs%2Flatex%2Fbibliografia.bib","contents_url":"https://api.github.com/repos/davidmigloz/go-bees/contents/docs%2Flatex%2Fbibliografia.bib?ref=e34ee575fc16f309312fb5d927bda29c756b52f7","patch":"@@ -334,3 +334,36 @@ @misc{ opencv:contours\n     url = {http://docs.opencv.org/3.0-beta/doc/py_tutorials/py_imgproc/py_contours/py_table_of_contents_contours/py_table_of_contents_contours.html},\n     note = \"[Online; Accedido 19-Octubre-2016]\"\n }\n+\n+@misc{ gobees:web,\n+    author = \"David Miguel Lozano\",\n+    title = \"Sitio web de GoBees\",\n+    year = \"2016\",\n+    url = {http://gobees.io/},\n+    note = \"[Online; Accedido 25-Enero-2017]\"\n+}\n+\n+@misc{ gobees:repo,\n+    author = \"David Miguel Lozano\",\n+    title = \"Repositorio de GoBees en GitHub\",\n+    year = \"2016\",\n+    url = {https://github.com/davidmigloz/go-bees/},\n+    note = \"[Online; Accedido 25-Enero-2017]\"\n+}\n+\n+@misc{ gobees:play,\n+    author = \"David Miguel Lozano\",\n+    title = \"GoBees en Google Play\",\n+    year = \"2016\",\n+    url = {https://play.google.com/store/apps/details?id=com.davidmiguel.gobees},\n+    note = \"[Online; Accedido 25-Enero-2017]\"\n+}\n+\n+@misc{ gobees:prototipes,\n+    author = \"David Miguel Lozano\",\n+    title = \"Repositorio de las herramientas desarrolladas para GoBees en GitHub\",\n+    year = \"2016\",\n+    url = {https://github.com/davidmigloz/go-bees-prototypes},\n+    note = \"[Online; Accedido 25-Enero-2017]\"\n+}\n+"},{"sha":"dd01c46e7c9b53900fa7c5398131ffe78b158054","filename":"docs/latex/img/thompson-vacio.pdf","status":"removed","additions":0,"deletions":0,"changes":0,"blob_url":"https://github.com/davidmigloz/go-bees/blob/b15f3e86c3007d75a41ac3cb53db77ec9e79816b/docs%2Flatex%2Fimg%2Fthompson-vacio.pdf","raw_url":"https://github.com/davidmigloz/go-bees/raw/b15f3e86c3007d75a41ac3cb53db77ec9e79816b/docs%2Flatex%2Fimg%2Fthompson-vacio.pdf","contents_url":"https://api.github.com/repos/davidmigloz/go-bees/contents/docs%2Flatex%2Fimg%2Fthompson-vacio.pdf?ref=b15f3e86c3007d75a41ac3cb53db77ec9e79816b"},{"sha":"2ae7ebe3ade2101f5f7d77646f5ce67f1dc5f4ca","filename":"docs/latex/memoria.pdf","status":"modified","additions":0,"deletions":0,"changes":0,"blob_url":"https://github.com/davidmigloz/go-bees/blob/e34ee575fc16f309312fb5d927bda29c756b52f7/docs%2Flatex%2Fmemoria.pdf","raw_url":"https://github.com/davidmigloz/go-bees/raw/e34ee575fc16f309312fb5d927bda29c756b52f7/docs%2Flatex%2Fmemoria.pdf","contents_url":"https://api.github.com/repos/davidmigloz/go-bees/contents/docs%2Flatex%2Fmemoria.pdf?ref=e34ee575fc16f309312fb5d927bda29c756b52f7"},{"sha":"feff6ccf8a23de66ff8d13a8fa04b8abaef3798d","filename":"docs/latex/memoria.tex","status":"modified","additions":4,"deletions":1,"changes":5,"blob_url":"https://github.com/davidmigloz/go-bees/blob/e34ee575fc16f309312fb5d927bda29c756b52f7/docs%2Flatex%2Fmemoria.tex","raw_url":"https://github.com/davidmigloz/go-bees/raw/e34ee575fc16f309312fb5d927bda29c756b52f7/docs%2Flatex%2Fmemoria.tex","contents_url":"https://api.github.com/repos/davidmigloz/go-bees/contents/docs%2Flatex%2Fmemoria.tex?ref=e34ee575fc16f309312fb5d927bda29c756b52f7","patch":"@@ -11,6 +11,9 @@\n \\RequirePackage{xtab}\n \\RequirePackage{multirow}\n \n+% Bibliography management\n+\\usepackage[numbers,sort]{natbib}\n+\n % Links\n \\usepackage[colorlinks]{hyperref}\n \\hypersetup{\n@@ -285,7 +288,7 @@\n \n \n \n-\\graphicspath{ {./img/} }\n+\\graphicspath{ {../img/} }\n \n % Capítulos\n \\chapterstyle{bianchi}"},{"sha":"dbad89cc0c8f1ca75d9c48f0ce7d7a97eee680d6","filename":"docs/latex/tex/1_Introduccion.tex","status":"modified","additions":155,"deletions":1,"changes":156,"blob_url":"https://github.com/davidmigloz/go-bees/blob/e34ee575fc16f309312fb5d927bda29c756b52f7/docs%2Flatex%2Ftex%2F1_Introduccion.tex","raw_url":"https://github.com/davidmigloz/go-bees/raw/e34ee575fc16f309312fb5d927bda29c756b52f7/docs%2Flatex%2Ftex%2F1_Introduccion.tex","contents_url":"https://api.github.com/repos/davidmigloz/go-bees/contents/docs%2Flatex%2Ftex%2F1_Introduccion.tex?ref=e34ee575fc16f309312fb5d927bda29c756b52f7","patch":"@@ -1,3 +1,157 @@\n \\capitulo{1}{Introducción}\n \n-Descripción del contenido del trabajo y del estrucutra de la memoria y del resto de materiales entregados.\n+Las abejas son una pieza clave en nuestro ecosistema. La producción de\n+alimentos a nivel mundial y la biodiversidad de nuestro planeta dependen\n+en gran medida de ellas. Son las encargadas de polinizar el 70\\% de los\n+cultivos de comida, que suponen un 90\\% de la alimentación humana \\citep{art:bees_decline}. \n+Sin embargo, la población mundial de abejas\n+está disminuyendo a pasos agigantados en los últimos años debido, entre\n+otras causas, al uso extendido de plaguicidas tóxicos, parásitos como la\n+varroa o la expansión del avispón asiático \\citep{art:ccd}.\n+\n+Actualmente los apicultores inspeccionan sus colmenares de forma manual.\n+Uno de los indicadores que más información les proporciona es la\n+actividad de vuelo de la colmena (número de abejas en vuelo a la entrada\n+de la colmena en un determinado instante) \\citep{art:campbell2008}. Este\n+dato, junto con información previa de la colmena y conocimiento de las\n+condiciones locales, permite conocer al apicultor el estado de la\n+colmena con bastante seguridad, pudiendo determinar si esta necesita o\n+no una intervención.\n+\n+La actividad de vuelo de una colmena varía dependiendo de múltiples\n+factores, tanto externos como internos a la colmena. Entre ellos se\n+encuentran la propia población de la colmena, las condiciones\n+meteorológicas, la presencia de enfermedades, parásitos o depredadores,\n+la exposición a tóxicos, la presencia de fuentes de néctar, etc. A pesar\n+de los numerosos factores que influyen en la actividad de vuelo, su\n+conocimiento es de gran ayuda para la toma de decisiones por parte del\n+apicultor. Ya que este posee información sobre la mayoría de los\n+factores necesarios para su interpretación.\n+\n+La captación prolongada de la actividad de vuelo de forma manual es muy\n+costosa, tediosa y puede introducir una tasa de error elevada. Es por\n+esto que a lo largo de los años se haya intentado automatizar este\n+proceso de muy diversas maneras. Los primeros intentos se remontan a\n+principios del siglo XX, donde se desarrollaron contadores por contacto\n+eléctrico \\citep{art:lundie1925}. Otros métodos posteriores se basan en\n+sensores de infrarrojos \\citep{art:struye1994}, sensores capacitivos\n+\\citep{art:campbell2005}, códigos de barras \\citep{beebarcode} o incluso\n+en microchips acoplados a las abejas\n+\\citep{art:decourtye_honeybee_2011}. En los últimos años, se han\n+desarrollado numerosos métodos basados en visión artificial\n+\\citep{art:campbell2008,art:chiron2013a,art:chiron2013,art:tashakkori2015}.\n+\n+Los métodos basados en contacto, sensores de infrarrojos o capacitivos\n+tienen el inconveniente de que es necesario realizar modificaciones en\n+la colmena, mientras que en los basados en códigos de barras o\n+microchips es necesario manipular las abejas directamente. Estos motivos\n+los convierten en métodos poco prácticos fuera del campo investigador.\n+Por el contrario, la visión artificial aporta un gran potencial, ya que\n+evita tener que realizar ningún tipo de modificación ni en el entorno,\n+ni en las abejas. Además, abre la puerta a la monitorización de nuevos\n+parámetros como la detección de enjambrazón (división de la colmena y\n+salida de un enjambre) o la detección de amenazas (avispones, abejaruco,\n+etc.).\n+\n+Todos los métodos basados en visión artificial propuestos hasta la fecha\n+utilizan hardware específico con un coste elevado. En este trabajo se\n+propone un método de monitorización de la actividad de vuelo de una\n+colmena mediante la cámara de un \\emph{smartphone} con Android.\n+\n+El método propuesto podría revolucionar el campo de la monitorización de\n+la actividad de vuelo de colmenas, ya que lo hace accesible al gran\n+público. Ya no es necesario contar con costoso hardware, difícil de\n+instalar. Solamente es necesario disponer de un smartphone con cámara y\n+la aplicación GoBees. Además, esta facilita la interpretación de los\n+datos, representándolos gráficamente y añadiendo información adicional\n+como la situación meteorológica. Permitiendo a los apicultores centrar\n+su atención donde realmente es necesaria.\n+\n+\\section{Estructura de la memoria}\\label{estructura-de-la-memoria}\n+\n+La memoria sigue la siguiente estructura:\n+\n+\\begin{itemize}\n+\\tightlist\n+\\item\n+  \\textbf{Introducción:} breve descripción del problema a resolver y la\n+  solución propuesta. Estructura de la memoria y listado de materiales\n+  adjuntos.\n+\\item\n+  \\textbf{Objetivos del proyecto:} exposición de los objetivos que\n+  persigue el proyecto.\n+\\item\n+  \\textbf{Conceptos teóricos:} breve explicación de los conceptos\n+  teóricos clave para la comprensión de la solución propuesta.\n+\\item\n+  \\textbf{Técnicas y herramientas:} listado de técnicas metodológicas y\n+  herramientas utilizadas para gestión y desarrollo del proyecto.\n+\\item\n+  \\textbf{Aspectos relevantes del desarrollo:} exposición de aspectos\n+  destacables que tuvieron lugar durante la realización del proyecto.\n+\\item\n+  \\textbf{Trabajos relacionados:} estado del arte en el campo de la\n+  monitorización de la actividad de vuelo de colmenas y proyectos\n+  relacionados.\n+\\item\n+  \\textbf{Conclusiones y líneas de trabajo futuras:} conclusiones\n+  obtenidas tras la realización del proyecto y posibilidades de mejora o\n+  expansión de la solución aportada.\n+\\end{itemize}\n+\n+Junto a la memoria se proporcionan los siguientes anexos:\n+\n+\\begin{itemize}\n+\\tightlist\n+\\item\n+  \\textbf{Plan del proyecto software:} planificación temporal y estudio\n+  de viabilidad del proyecto.\n+\\item\n+  \\textbf{Especificación de requisitos del software:} se describe la\n+  fase de análisis; los objetivos generales, el catálogo de requisitos\n+  del sistema y la especificación de requisitos funcionales y no\n+  funcionales.\n+\\item\n+  \\textbf{Especificación de diseño:} se describe la fase de diseño; el\n+  ámbito del software, el diseño de datos, el diseño procedimental y el\n+  diseño arquitectónico.\n+\\item\n+  \\textbf{Manual del programador:} recoge los aspectos más relevantes\n+  relacionados con el código fuente (estructura, compilación,\n+  instalación, ejecución, pruebas, etc.).\n+\\item\n+  \\textbf{Manual de usuario:} guía de usuario para el correcto manejo de\n+  la aplicación.\n+\\end{itemize}\n+\n+\\section{Materiales adjuntos}\\label{materiales-adjuntos}\n+\n+Los materiales que se adjuntan con la memoria son: \n+\n+\\begin{itemize}\n+\\tightlist\n+\\item\n+\tAplicación para Android GoBees.\n+\\item\n+\tAplicación Java para el desarrollo del algoritmo.\n+\\item\t\n+\tAplicación Java para el etiquetado de fotogramas.\n+\\item\t\n+\tJavaDoc.\n+\\item\t\n+\t\\emph{Dataset} de vídeos de prueba.\n+\\end{itemize}\n+\n+Además, los siguientes recursos están accesibles a través de internet:\n+\n+\\begin{itemize}\n+\\tightlist\n+\\item\n+  Página web del proyecto \\citep{gobees:web}.\n+\\item\n+  GoBees en Google Play \\citep{gobees:play}.\n+\\item\n+  Repositorio del proyecto \\citep{gobees:repo}.\n+\\item\n+  Repositorio de las herramientas desarrolladas para el proyecto \\citep{gobees:prototipes}.\n+\\end{itemize}"},{"sha":"5290dcc1eccb840bbbd5409417c67af0770c29a4","filename":"docs/latex/tex/2_Objetivos_del_proyecto.tex","status":"modified","additions":76,"deletions":1,"changes":77,"blob_url":"https://github.com/davidmigloz/go-bees/blob/e34ee575fc16f309312fb5d927bda29c756b52f7/docs%2Flatex%2Ftex%2F2_Objetivos_del_proyecto.tex","raw_url":"https://github.com/davidmigloz/go-bees/raw/e34ee575fc16f309312fb5d927bda29c756b52f7/docs%2Flatex%2Ftex%2F2_Objetivos_del_proyecto.tex","contents_url":"https://api.github.com/repos/davidmigloz/go-bees/contents/docs%2Flatex%2Ftex%2F2_Objetivos_del_proyecto.tex?ref=e34ee575fc16f309312fb5d927bda29c756b52f7","patch":"@@ -1,3 +1,78 @@\n \\capitulo{2}{Objetivos del proyecto}\n \n-Este apartado explica de forma precisa y concisa cuales son los objetivos que se persiguen con la realización del proyecto. Se puede distinguir entre los objetivos marcados por los requisitos del software a construir y los objetivos de carácter técnico que plantea a la hora de llevar a la práctica el proyecto.\n+A continuación, se detallan los diferentes objetivos que han motivado la\n+realización del proyecto.\n+\n+\\section{Objetivos generales}\\label{objetivos-generales}\n+\n+\\begin{itemize}\n+\\tightlist\n+\\item\n+  Desarrollar una aplicación para \\emph{smartphone} que permita la\n+  monitorización de la actividad de vuelo de una colmena a través de su\n+  cámara.\n+\\item\n+  Facilitar la interpretación de los datos recogidos mediante\n+  representaciones gráficas.\n+\\item\n+  Aportar información extra a los datos de actividad que ayude en la\n+  toma de decisiones.\n+\\item\n+  Almacenar todos los datos generados de forma estructurada y fácilmente\n+  accesible.\n+\\end{itemize}\n+\n+\\section{Objetivos técnicos}\\label{objetivos-tecnicos}\n+\n+\\begin{itemize}\n+\\tightlist\n+\\item\n+  Desarrollar un algoritmo de visión artificial con OpenCV que permita\n+  contar el número de abejas en cada fotograma en tiempo real.\n+\\item\n+  Desarrollar una aplicación Android con soporte para API 19 y\n+  superiores.\n+\\item\n+  Aplicar la arquitectura MVP (\\emph{Model-View-Presenter}) en el\n+  desarrollo de la aplicación.\n+\\item\n+  Utilizar Gradle como herramienta para automatizar el proceso de\n+  construcción de software.\n+\\item\n+  Utilizar Git como sistema de control de versiones distribuido junto\n+  con la plataforma GitHub.\n+\\item\n+  Hacer uso de herramientas de integración continua como Travis,\n+  Codecov, Code Climate, SonarQube o VersionEye en el repositorio.\n+\\item\n+  Aplicar la metodología ágil Scrum junto con TDD (\\emph{Test Driven\n+  Development}) en el desarrollo del software.\n+\\item\n+  Realizar test unitarios, de integración y de interfaz.\n+\\item\n+  Utilizar ZenHub como herramienta de gestión de proyectos.\n+\\item\n+  Utilizar un sistema de documentación continua como Read the Docs.\n+\\item\n+  Distribuir la aplicación resultante en la plataforma Google Play.\n+\\item\n+  Realizar una página web para la difusión de la aplicación.\n+\\end{itemize}\n+\n+\\section{Objetivos personales}\\label{objetivos-personales}\n+\n+\\begin{itemize}\n+\\tightlist\n+\\item\n+  Realizar una aportación a la modernización de la apicultura.\n+\\item\n+  Abarcar el máximo número de conocimientos adquiridos durante la\n+  carrera.\n+\\item\n+  Explorar metodologías y herramientas novedosas utilizadas en el\n+  mercado laboral.\n+\\item\n+  Adentrarme en el campo de la visión artificial.\n+\\item\n+  Profundizar en el desarrollo de aplicaciones Android.\n+\\end{itemize}"},{"sha":"4e40983c587010b7e06690ae6a3414cf7bd75a45","filename":"docs/latex/tex/3_Conceptos_teoricos.tex","status":"modified","additions":0,"deletions":2,"changes":2,"blob_url":"https://github.com/davidmigloz/go-bees/blob/e34ee575fc16f309312fb5d927bda29c756b52f7/docs%2Flatex%2Ftex%2F3_Conceptos_teoricos.tex","raw_url":"https://github.com/davidmigloz/go-bees/raw/e34ee575fc16f309312fb5d927bda29c756b52f7/docs%2Flatex%2Ftex%2F3_Conceptos_teoricos.tex","contents_url":"https://api.github.com/repos/davidmigloz/go-bees/contents/docs%2Flatex%2Ftex%2F3_Conceptos_teoricos.tex?ref=e34ee575fc16f309312fb5d927bda29c756b52f7","patch":"@@ -25,8 +25,6 @@ \\section{Imágenes}\n \n Se pueden incluir imágenes con los comandos standard de \\LaTeX, pero esta plantilla dispone de comandos propios como por ejemplo el siguiente:\n \n-\\imagen{thompson-vacio}{Autómata para una expresión vacía}\n-\n \n \n \\section{Listas de items}"},{"sha":"5e22f2e8ab35d05a34746a89608673f05c0e34cf","filename":"docs/rst/documentacion/1_Introduccion.rst","status":"modified","additions":17,"deletions":4,"changes":21,"blob_url":"https://github.com/davidmigloz/go-bees/blob/e34ee575fc16f309312fb5d927bda29c756b52f7/docs%2Frst%2Fdocumentacion%2F1_Introduccion.rst","raw_url":"https://github.com/davidmigloz/go-bees/raw/e34ee575fc16f309312fb5d927bda29c756b52f7/docs%2Frst%2Fdocumentacion%2F1_Introduccion.rst","contents_url":"https://api.github.com/repos/davidmigloz/go-bees/contents/docs%2Frst%2Fdocumentacion%2F1_Introduccion.rst?ref=e34ee575fc16f309312fb5d927bda29c756b52f7","patch":"@@ -24,7 +24,7 @@ factores, tanto externos como internos a la colmena. Entre ellos se\n encuentran la propia población de la colmena, las condiciones\r\n meteorológicas, la presencia de enfermedades, parásitos o depredadores,\r\n la exposición a tóxicos, la presencia de fuentes de néctar, etc. A pesar \r\n-de los numerosos factores que influyen en actividad de vuelo, su \r\n+de los numerosos factores que influyen en la actividad de vuelo, su \r\n conocimiento es de gran ayuda para la toma de decisiones por parte del \r\n apicultor. Ya que este posee información sobre la mayoría de los \r\n factores necesarios para su interpretación.\r\n@@ -45,7 +45,7 @@ tienen el inconveniente de que es necesario realizar modificaciones en\n la colmena, mientras que en los basados en códigos de barras o\r\n microchips es necesario manipular las abejas directamente. Estos motivos\r\n los convierten en métodos poco prácticos fuera del campo investigador.\r\n-Por el contrario, la visión artificial aporta un gran potencial. Ya que\r\n+Por el contrario, la visión artificial aporta un gran potencial, ya que\r\n evita tener que realizar ningún tipo de modificación ni en el entorno,\r\n ni en las abejas. Además, abre la puerta a la monitorización de nuevos\r\n parámetros como la detección de enjambrazón (división de la colmena y salida de un enjambre) o la detección de amenazas (avispones, abejaruco, etc.).\r\n@@ -56,7 +56,7 @@ propone un método de monitorización de la actividad de vuelo de una\n colmena mediante la cámara de un *smartphone* con Android.\r\n \r\n El método propuesto podría revolucionar el campo de la monitorización de\r\n-colmenas, ya que lo hace accesible al gran público. Ya no es necesario\r\n+la actividad de vuelo de colmenas, ya que lo hace accesible al gran público. Ya no es necesario\r\n contar con costoso hardware, difícil de instalar. Solamente es necesario\r\n disponer de un smartphone con cámara y la aplicación GoBees. Además,\r\n esta facilita la interpretación de los datos, representándolos\r\n@@ -107,7 +107,20 @@ Junto a la memoria se proporcionan los siguientes anexos:\n Materiales adjuntos\r\n -------------------\r\n \r\n-TODO\r\n+Los materiales que se adjuntan con la memoria son:\r\n+\r\n+- Aplicación para Android GoBees.\r\n+- Aplicación Java para el desarrollo del algoritmo.\r\n+- Aplicación Java para el etiquetado de fotogramas.\r\n+- JavaDoc.\r\n+- *Dataset* de vídeos de prueba.\r\n+\r\n+Además, los siguientes recursos están accesibles a través de internet:\r\n+\r\n+- Página web del proyecto: http://gobees.io/\r\n+- GoBees en Google Play: https://play.google.com/store/apps/details?id=com.davidmiguel.gobees\r\n+- Repositorio del proyecto: https://github.com/davidmigloz/go-bees\r\n+- Repositorio de las herramientas desarrolladas para el proyecto: https://github.com/davidmigloz/go-bees-prototypes\r\n \r\n .. References\r\n \r"},{"sha":"7b0d56ab513d6e1b14441b7c842af9a074d66b88","filename":"docs/rst/documentacion/2_ObjetivosDelProyecto.rst","status":"modified","additions":4,"deletions":4,"changes":8,"blob_url":"https://github.com/davidmigloz/go-bees/blob/e34ee575fc16f309312fb5d927bda29c756b52f7/docs%2Frst%2Fdocumentacion%2F2_ObjetivosDelProyecto.rst","raw_url":"https://github.com/davidmigloz/go-bees/raw/e34ee575fc16f309312fb5d927bda29c756b52f7/docs%2Frst%2Fdocumentacion%2F2_ObjetivosDelProyecto.rst","contents_url":"https://api.github.com/repos/davidmigloz/go-bees/contents/docs%2Frst%2Fdocumentacion%2F2_ObjetivosDelProyecto.rst?ref=e34ee575fc16f309312fb5d927bda29c756b52f7","patch":"@@ -1,13 +1,13 @@\n Objetivos del proyecto\r\n ======================\r\n \r\n-A continuación se detallan los diferentes objetivos que han motivado la\r\n+A continuación, se detallan los diferentes objetivos que han motivado la\r\n realización del proyecto.\r\n \r\n Objetivos generales\r\n -------------------\r\n \r\n--  Desarrollar una aplicación para smartphone que permita la\r\n+-  Desarrollar una aplicación para *smartphone* que permita la\r\n    monitorización de la actividad de vuelo de una colmena a través de \r\n    su cámara.\r\n -  Facilitar la interpretación de los datos recogidos mediante\r\n@@ -21,7 +21,7 @@ Objetivos técnicos\n ------------------\r\n \r\n -  Desarrollar un algoritmo de visión artificial con OpenCV que permita\r\n-   realizar el conteo de abejas en tiempo real.\r\n+   contar el número de abejas en cada fotograma en tiempo real.\r\n -  Desarrollar una aplicación Android con soporte para API 19 y\r\n    superiores.\r\n -  Aplicar la arquitectura MVP (*Model-View-Presenter*) en el desarrollo\r\n@@ -31,7 +31,7 @@ Objetivos técnicos\n -  Utilizar Git como sistema de control de versiones distribuido junto\r\n    con la plataforma GitHub.\r\n -  Hacer uso de herramientas de integración continua como Travis,\r\n-   Codecov, Code Climate o VersionEye en el repositorio.\r\n+   Codecov, Code Climate, SonarQube o VersionEye en el repositorio.\r\n -  Aplicar la metodología ágil Scrum junto con TDD (*Test Driven\r\n    Development*) en el desarrollo del software.\r\n -  Realizar test unitarios, de integración y de interfaz.\r"}]}
2023-09-24 16:21:10.148 DEBUG 39436 --- [           main] e.u.l.a.s.a.github.GitHubScmClient       : [GitHubScmClient#findCommit] <--- END HTTP (27514-byte body)
2023-09-24 16:21:10.150 DEBUG 39436 --- [           main] e.u.l.a.a.a.github.GitHubApmClient       : [GitHubApmClient#findIssueById] ---> GET https://api.github.com/repos/davidmigloz/go-bees/issues/124 HTTP/1.1
2023-09-24 16:21:10.150 DEBUG 39436 --- [           main] e.u.l.a.a.a.github.GitHubApmClient       : [GitHubApmClient#findIssueById] Authorization: Bearer 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
2023-09-24 16:21:10.150 DEBUG 39436 --- [           main] e.u.l.a.a.a.github.GitHubApmClient       : [GitHubApmClient#findIssueById] ---> END HTTP (0-byte body)
2023-09-24 16:21:10.451 DEBUG 39436 --- [           main] e.u.l.a.a.a.github.GitHubApmClient       : [GitHubApmClient#findIssueById] <--- HTTP/1.1 200 OK (300ms)
2023-09-24 16:21:10.451 DEBUG 39436 --- [           main] e.u.l.a.a.a.github.GitHubApmClient       : [GitHubApmClient#findIssueById] access-control-allow-origin: *
2023-09-24 16:21:10.451 DEBUG 39436 --- [           main] e.u.l.a.a.a.github.GitHubApmClient       : [GitHubApmClient#findIssueById] access-control-expose-headers: ETag, Link, Location, Retry-After, X-GitHub-OTP, X-RateLimit-Limit, X-RateLimit-Remaining, X-RateLimit-Used, X-RateLimit-Resource, X-RateLimit-Reset, X-OAuth-Scopes, X-Accepted-OAuth-Scopes, X-Poll-Interval, X-GitHub-Media-Type, X-GitHub-SSO, X-GitHub-Request-Id, Deprecation, Sunset
2023-09-24 16:21:10.451 DEBUG 39436 --- [           main] e.u.l.a.a.a.github.GitHubApmClient       : [GitHubApmClient#findIssueById] cache-control: private, max-age=60, s-maxage=60
2023-09-24 16:21:10.451 DEBUG 39436 --- [           main] e.u.l.a.a.a.github.GitHubApmClient       : [GitHubApmClient#findIssueById] content-length: 7152
2023-09-24 16:21:10.451 DEBUG 39436 --- [           main] e.u.l.a.a.a.github.GitHubApmClient       : [GitHubApmClient#findIssueById] content-security-policy: default-src 'none'
2023-09-24 16:21:10.451 DEBUG 39436 --- [           main] e.u.l.a.a.a.github.GitHubApmClient       : [GitHubApmClient#findIssueById] content-type: application/json; charset=utf-8
2023-09-24 16:21:10.451 DEBUG 39436 --- [           main] e.u.l.a.a.a.github.GitHubApmClient       : [GitHubApmClient#findIssueById] date: Sun, 24 Sep 2023 14:21:10 GMT
2023-09-24 16:21:10.451 DEBUG 39436 --- [           main] e.u.l.a.a.a.github.GitHubApmClient       : [GitHubApmClient#findIssueById] etag: "1337385680658e95d2f9c59982c43478fe426f533e2002eddd190e4f36bff605"
2023-09-24 16:21:10.451 DEBUG 39436 --- [           main] e.u.l.a.a.a.github.GitHubApmClient       : [GitHubApmClient#findIssueById] last-modified: Fri, 22 Sep 2023 11:29:33 GMT
2023-09-24 16:21:10.451 DEBUG 39436 --- [           main] e.u.l.a.a.a.github.GitHubApmClient       : [GitHubApmClient#findIssueById] referrer-policy: origin-when-cross-origin, strict-origin-when-cross-origin
2023-09-24 16:21:10.451 DEBUG 39436 --- [           main] e.u.l.a.a.a.github.GitHubApmClient       : [GitHubApmClient#findIssueById] server: GitHub.com
2023-09-24 16:21:10.451 DEBUG 39436 --- [           main] e.u.l.a.a.a.github.GitHubApmClient       : [GitHubApmClient#findIssueById] strict-transport-security: max-age=31536000; includeSubdomains; preload
2023-09-24 16:21:10.451 DEBUG 39436 --- [           main] e.u.l.a.a.a.github.GitHubApmClient       : [GitHubApmClient#findIssueById] vary: Accept-Encoding, Accept, X-Requested-With
2023-09-24 16:21:10.452 DEBUG 39436 --- [           main] e.u.l.a.a.a.github.GitHubApmClient       : [GitHubApmClient#findIssueById] vary: Accept, Authorization, Cookie, X-GitHub-OTP
2023-09-24 16:21:10.452 DEBUG 39436 --- [           main] e.u.l.a.a.a.github.GitHubApmClient       : [GitHubApmClient#findIssueById] x-accepted-oauth-scopes: repo
2023-09-24 16:21:10.452 DEBUG 39436 --- [           main] e.u.l.a.a.a.github.GitHubApmClient       : [GitHubApmClient#findIssueById] x-content-type-options: nosniff
2023-09-24 16:21:10.452 DEBUG 39436 --- [           main] e.u.l.a.a.a.github.GitHubApmClient       : [GitHubApmClient#findIssueById] x-frame-options: deny
2023-09-24 16:21:10.452 DEBUG 39436 --- [           main] e.u.l.a.a.a.github.GitHubApmClient       : [GitHubApmClient#findIssueById] x-github-api-version-selected: 2022-11-28
2023-09-24 16:21:10.452 DEBUG 39436 --- [           main] e.u.l.a.a.a.github.GitHubApmClient       : [GitHubApmClient#findIssueById] x-github-media-type: github.v3; format=json
2023-09-24 16:21:10.452 DEBUG 39436 --- [           main] e.u.l.a.a.a.github.GitHubApmClient       : [GitHubApmClient#findIssueById] x-github-request-id: E4B5:5059:2AE34D9:2B7A598:651045D6
2023-09-24 16:21:10.452 DEBUG 39436 --- [           main] e.u.l.a.a.a.github.GitHubApmClient       : [GitHubApmClient#findIssueById] x-oauth-scopes: gist, notifications, project, repo
2023-09-24 16:21:10.452 DEBUG 39436 --- [           main] e.u.l.a.a.a.github.GitHubApmClient       : [GitHubApmClient#findIssueById] x-ratelimit-limit: 5000
2023-09-24 16:21:10.452 DEBUG 39436 --- [           main] e.u.l.a.a.a.github.GitHubApmClient       : [GitHubApmClient#findIssueById] x-ratelimit-remaining: 4879
2023-09-24 16:21:10.452 DEBUG 39436 --- [           main] e.u.l.a.a.a.github.GitHubApmClient       : [GitHubApmClient#findIssueById] x-ratelimit-reset: 1695568813
2023-09-24 16:21:10.452 DEBUG 39436 --- [           main] e.u.l.a.a.a.github.GitHubApmClient       : [GitHubApmClient#findIssueById] x-ratelimit-resource: core
2023-09-24 16:21:10.452 DEBUG 39436 --- [           main] e.u.l.a.a.a.github.GitHubApmClient       : [GitHubApmClient#findIssueById] x-ratelimit-used: 121
2023-09-24 16:21:10.452 DEBUG 39436 --- [           main] e.u.l.a.a.a.github.GitHubApmClient       : [GitHubApmClient#findIssueById] x-xss-protection: 0
2023-09-24 16:21:10.452 DEBUG 39436 --- [           main] e.u.l.a.a.a.github.GitHubApmClient       : [GitHubApmClient#findIssueById] 
2023-09-24 16:21:10.453 DEBUG 39436 --- [           main] e.u.l.a.a.a.github.GitHubApmClient       : [GitHubApmClient#findIssueById] {"url":"https://api.github.com/repos/davidmigloz/go-bees/issues/124","repository_url":"https://api.github.com/repos/davidmigloz/go-bees","labels_url":"https://api.github.com/repos/davidmigloz/go-bees/issues/124/labels{/name}","comments_url":"https://api.github.com/repos/davidmigloz/go-bees/issues/124/comments","events_url":"https://api.github.com/repos/davidmigloz/go-bees/issues/124/events","html_url":"https://github.com/davidmigloz/go-bees/issues/124","id":195515187,"node_id":"MDU6SXNzdWUxOTU1MTUxODc=","number":124,"title":"Pasar memoria doc a latex","user":{"login":"davidmigloz","id":6546265,"node_id":"MDQ6VXNlcjY1NDYyNjU=","avatar_url":"https://avatars.githubusercontent.com/u/6546265?v=4","gravatar_id":"","url":"https://api.github.com/users/davidmigloz","html_url":"https://github.com/davidmigloz","followers_url":"https://api.github.com/users/davidmigloz/followers","following_url":"https://api.github.com/users/davidmigloz/following{/other_user}","gists_url":"https://api.github.com/users/davidmigloz/gists{/gist_id}","starred_url":"https://api.github.com/users/davidmigloz/starred{/owner}{/repo}","subscriptions_url":"https://api.github.com/users/davidmigloz/subscriptions","organizations_url":"https://api.github.com/users/davidmigloz/orgs","repos_url":"https://api.github.com/users/davidmigloz/repos","events_url":"https://api.github.com/users/davidmigloz/events{/privacy}","received_events_url":"https://api.github.com/users/davidmigloz/received_events","type":"User","site_admin":false},"labels":[{"id":439883968,"node_id":"MDU6TGFiZWw0Mzk4ODM5Njg=","url":"https://api.github.com/repos/davidmigloz/go-bees/labels/documentation","name":"documentation","color":"fbca04","default":true,"description":null}],"state":"closed","locked":false,"assignee":{"login":"davidmigloz","id":6546265,"node_id":"MDQ6VXNlcjY1NDYyNjU=","avatar_url":"https://avatars.githubusercontent.com/u/6546265?v=4","gravatar_id":"","url":"https://api.github.com/users/davidmigloz","html_url":"https://github.com/davidmigloz","followers_url":"https://api.github.com/users/davidmigloz/followers","following_url":"https://api.github.com/users/davidmigloz/following{/other_user}","gists_url":"https://api.github.com/users/davidmigloz/gists{/gist_id}","starred_url":"https://api.github.com/users/davidmigloz/starred{/owner}{/repo}","subscriptions_url":"https://api.github.com/users/davidmigloz/subscriptions","organizations_url":"https://api.github.com/users/davidmigloz/orgs","repos_url":"https://api.github.com/users/davidmigloz/repos","events_url":"https://api.github.com/users/davidmigloz/events{/privacy}","received_events_url":"https://api.github.com/users/davidmigloz/received_events","type":"User","site_admin":false},"assignees":[{"login":"davidmigloz","id":6546265,"node_id":"MDQ6VXNlcjY1NDYyNjU=","avatar_url":"https://avatars.githubusercontent.com/u/6546265?v=4","gravatar_id":"","url":"https://api.github.com/users/davidmigloz","html_url":"https://github.com/davidmigloz","followers_url":"https://api.github.com/users/davidmigloz/followers","following_url":"https://api.github.com/users/davidmigloz/following{/other_user}","gists_url":"https://api.github.com/users/davidmigloz/gists{/gist_id}","starred_url":"https://api.github.com/users/davidmigloz/starred{/owner}{/repo}","subscriptions_url":"https://api.github.com/users/davidmigloz/subscriptions","organizations_url":"https://api.github.com/users/davidmigloz/orgs","repos_url":"https://api.github.com/users/davidmigloz/repos","events_url":"https://api.github.com/users/davidmigloz/events{/privacy}","received_events_url":"https://api.github.com/users/davidmigloz/received_events","type":"User","site_admin":false}],"milestone":{"url":"https://api.github.com/repos/davidmigloz/go-bees/milestones/18","html_url":"https://github.com/davidmigloz/go-bees/milestone/18","labels_url":"https://api.github.com/repos/davidmigloz/go-bees/milestones/18/labels","id":2279829,"node_id":"MDk6TWlsZXN0b25lMjI3OTgyOQ==","number":18,"title":"Sprint 17","description":"(26/01/17 - 01/02/17) Terminar los anexos. Convertir la memoria a formato LaTeX. Pulir los últimos detalles de la aplicación y publicarla en Google Play.","creator":{"login":"davidmigloz","id":6546265,"node_id":"MDQ6VXNlcjY1NDYyNjU=","avatar_url":"https://avatars.githubusercontent.com/u/6546265?v=4","gravatar_id":"","url":"https://api.github.com/users/davidmigloz","html_url":"https://github.com/davidmigloz","followers_url":"https://api.github.com/users/davidmigloz/followers","following_url":"https://api.github.com/users/davidmigloz/following{/other_user}","gists_url":"https://api.github.com/users/davidmigloz/gists{/gist_id}","starred_url":"https://api.github.com/users/davidmigloz/starred{/owner}{/repo}","subscriptions_url":"https://api.github.com/users/davidmigloz/subscriptions","organizations_url":"https://api.github.com/users/davidmigloz/orgs","repos_url":"https://api.github.com/users/davidmigloz/repos","events_url":"https://api.github.com/users/davidmigloz/events{/privacy}","received_events_url":"https://api.github.com/users/davidmigloz/received_events","type":"User","site_admin":false},"open_issues":0,"closed_issues":9,"state":"closed","created_at":"2017-01-26T12:00:58Z","updated_at":"2017-02-07T22:48:38Z","due_on":"2017-02-01T08:00:00Z","closed_at":"2017-02-01T16:43:39Z"},"comments":2,"created_at":"2016-12-14T12:11:53Z","updated_at":"2017-01-28T19:44:04Z","closed_at":"2017-01-28T19:44:04Z","author_association":"OWNER","active_lock_reason":null,"body":"- Revisar imágenes.\r\n- Revisar bibliografía.\r\n- bibentry (http://gking.harvard.edu/files/bibentry2.pdf).\r\n\r\n### Documentación\r\n- [x] Resumen\r\n- [x] Introducción\r\n- [x] Objetivos del proyecto\r\n- [x] Conceptos teóricos\r\n- [x] Técnicas y herramientas\r\n- [x] Aspectos relevantes\r\n- [x] Trabajos relacionados\r\n- [x] Conclusiones y Líneas de trabajo futuras","closed_by":{"login":"davidmigloz","id":6546265,"node_id":"MDQ6VXNlcjY1NDYyNjU=","avatar_url":"https://avatars.githubusercontent.com/u/6546265?v=4","gravatar_id":"","url":"https://api.github.com/users/davidmigloz","html_url":"https://github.com/davidmigloz","followers_url":"https://api.github.com/users/davidmigloz/followers","following_url":"https://api.github.com/users/davidmigloz/following{/other_user}","gists_url":"https://api.github.com/users/davidmigloz/gists{/gist_id}","starred_url":"https://api.github.com/users/davidmigloz/starred{/owner}{/repo}","subscriptions_url":"https://api.github.com/users/davidmigloz/subscriptions","organizations_url":"https://api.github.com/users/davidmigloz/orgs","repos_url":"https://api.github.com/users/davidmigloz/repos","events_url":"https://api.github.com/users/davidmigloz/events{/privacy}","received_events_url":"https://api.github.com/users/davidmigloz/received_events","type":"User","site_admin":false},"reactions":{"url":"https://api.github.com/repos/davidmigloz/go-bees/issues/124/reactions","total_count":0,"+1":0,"-1":0,"laugh":0,"hooray":0,"confused":0,"heart":0,"rocket":0,"eyes":0},"timeline_url":"https://api.github.com/repos/davidmigloz/go-bees/issues/124/timeline","performed_via_github_app":null,"state_reason":"completed"}
2023-09-24 16:21:10.453 DEBUG 39436 --- [           main] e.u.l.a.a.a.github.GitHubApmClient       : [GitHubApmClient#findIssueById] <--- END HTTP (7152-byte body)
  &amp#27;[32mGiven &amp#27;[0m&amp#27;[32ma scm case study with repo owner &amp#27;[0m&amp#27;[32m&amp#27;[1m"davidmigloz"&amp#27;[0m&amp#27;[32m, name &amp#27;[0m&amp#27;[32m&amp#27;[1m"go-bees"&amp#27;[0m&amp#27;[32m, branch is &amp#27;[0m&amp#27;[32m&amp#27;[1m"master"&amp#27;[0m&amp#27;[32m and time period &amp#27;[0m&amp#27;[32m&amp#27;[1m2017-01-25T00:00:00Z&amp#27;[0m&amp#27;[32m &amp#27;[0m&amp#27;[32m&amp#27;[1m2017-01-25T23:59:59Z&amp#27;[0m                    &amp#27;[90m# es.ubu.lsi.avrela.bdd.css.ScmCaseStudySimulationEvaluationSteps.aScmCaseStudyWithRepoOwnerNameBranchIsAndTimePeriod(java.lang.String,java.lang.String,java.lang.String,java.time.ZonedDateTime,java.time.ZonedDateTime)&amp#27;[0m
  &amp#27;[32mAnd &amp#27;[0m&amp#27;[32ma scm simulation with repo owner &amp#27;[0m&amp#27;[32m&amp#27;[1m"davidmigloz"&amp#27;[0m&amp#27;[32m, name &amp#27;[0m&amp#27;[32m&amp#27;[1m"go-bees"&amp#27;[0m&amp#27;[32m, branch is &amp#27;[0m&amp#27;[32m&amp#27;[1m"master"&amp#27;[0m&amp#27;[32m and time period &amp#27;[0m&amp#27;[32m&amp#27;[1m2017-01-25T00:00:00Z&amp#27;[0m&amp#27;[32m &amp#27;[0m&amp#27;[32m&amp#27;[1m2017-01-25T23:59:59Z&amp#27;[0m&amp#27;[32m and &amp#27;[0m&amp#27;[32m&amp#27;[1m1&amp#27;[0m&amp#27;[32m participant(s)&amp#27;[0m &amp#27;[90m# es.ubu.lsi.avrela.bdd.css.ScmCaseStudySimulationEvaluationSteps.aScmSimulationWithRepoOwnerNameBranchIsAndTimePeriod(java.lang.String,java.lang.String,java.lang.String,java.time.ZonedDateTime,java.time.ZonedDateTime,java.lang.Integer)&amp#27;[0m
  &amp#27;[32mAnd &amp#27;[0m&amp#27;[32mcommit similarity function weights are (commit files = &amp#27;[0m&amp#27;[32m&amp#27;[1m1.0&amp#27;[0m&amp#27;[32m , commit message = &amp#27;[0m&amp#27;[32m&amp#27;[1m0.5&amp#27;[0m&amp#27;[32m)&amp#27;[0m                                                                                &amp#27;[90m# es.ubu.lsi.avrela.bdd.css.ScmCaseStudySimulationEvaluationSteps.commitSimilarityFunctionWeightsAreCommitFilesCommitMessage(double,double)&amp#27;[0m
  &amp#27;[32mAnd &amp#27;[0m&amp#27;[32mcommit similarity threshold is set at &amp#27;[0m&amp#27;[32m&amp#27;[1m75&amp#27;[0m                                                                                                                          &amp#27;[90m# es.ubu.lsi.avrela.bdd.css.ScmCaseStudySimulationEvaluationSteps.commitSimilarityThresholdIsSetAt(int)&amp#27;[0m
  &amp#27;[32mAnd &amp#27;[0m&amp#27;[32ma SCM evaluation rubric&amp#27;[0m                                                                                                                                           &amp#27;[90m# es.ubu.lsi.avrela.bdd.css.ScmCaseStudySimulationEvaluationSteps.aRubric(io.cucumber.datatable.DataTable)&amp#27;[0m
    | Criteria               | 0    | 1    | 2   |
    | Teamwork               | 50   | None | 100 |
    | Similarity             | None | 75   | 100 |
    | APM Issue Traceability | None | None | 50  |
  &amp#27;[32mWhen &amp#27;[0m&amp#27;[32mI apply the SCM evaluation rubric&amp#27;[0m                                                                                                                                &amp#27;[90m# es.ubu.lsi.avrela.bdd.css.ScmCaseStudySimulationEvaluationSteps.iApplyTheRubric()&amp#27;[0m
2023-09-24 16:21:10.466 DEBUG 39436 --- [           main] e.u.l.a.c.model.ScmCaseStudySimulation   : Similarity threshold is [75]
2023-09-24 16:21:10.466 DEBUG 39436 --- [           main] e.u.l.avrela.scm.model.CommitSimilarity  : Adjusted similarity of [Commit(sha=2a566da8f17696130e8b7c28b642bc36139826ee, message=Minor fixes)] and [Commit(sha=2a566da8f17696130e8b7c28b642bc36139826ee, message=Minor fixes)] is [1.0]
2023-09-24 16:21:10.467 DEBUG 39436 --- [           main] e.u.l.avrela.scm.model.CommitSimilarity  : Adjusted similarity of [Commit(sha=e34ee575fc16f309312fb5d927bda29c756b52f7, message=Convert to latex points 1 and 2 #124)] and [Commit(sha=e34ee575fc16f309312fb5d927bda29c756b52f7, message=Convert to latex points 1 and 2 #124)] is [1.0]
2023-09-24 16:21:10.467 DEBUG 39436 --- [           main] e.u.l.a.css.port.ScmCriteriaService      : Found [2] similar commits
2023-09-24 16:21:10.467 DEBUG 39436 --- [           main] e.u.l.a.css.port.ScmCriteriaService      : Commit similarity value is [100.0]
2023-09-24 16:21:10.467 DEBUG 39436 --- [           main] .c.ScmCaseStudySimulationEvaluationSteps : Commit similarity value is [100.0]
2023-09-24 16:21:10.467 DEBUG 39436 --- [           main] e.u.l.a.css.port.ScmCriteriaService      : Issue traceability [1]/[2] adjusted is [50.0]
  &amp#27;[32mThen &amp#27;[0m&amp#27;[32mSCM evaluation rubric score should be&amp#27;[0m                                                                                                                            &amp#27;[90m# es.ubu.lsi.avrela.bdd.css.ScmCaseStudySimulationEvaluationSteps.rubricScoreShouldBe(io.cucumber.datatable.DataTable)&amp#27;[0m
    | Criteria               | 0    | 1    | 2 |
    | Teamwork               | None | None | X |
    | Similarity             | None | None | X |
    | APM Issue Traceability | None | None | X |
]]></system-out>
  </testcase>
  <testcase name="Source control management commit import - Import successful - Examples - Example #1" classname="Source control management commit import - Import successful - Examples" time="0.603">
    <system-out><![CDATA[
Scenario Outline: Import successful                                                     &amp#27;[90m# features/scm/CommitImport.feature:13&amp#27;[0m
2023-09-24 16:21:10.528  INFO 39436 --- [           main] e.u.l.avrela.bdd.scm.CommitImportSteps   : Finding out a commit with coordinates [davidmigloz go-bees]
  &amp#27;[32mGiven &amp#27;[0m&amp#27;[32mcommits are imported from the repository owned by &amp#27;[0m&amp#27;[32m&amp#27;[1m"davidmigloz"&amp#27;[0m&amp#27;[32m named &amp#27;[0m&amp#27;[32m&amp#27;[1m"go-bees"&amp#27;[0m &amp#27;[90m# es.ubu.lsi.avrela.bdd.scm.CommitImportSteps.commitsAreImportedFromTheRepositoryOwnedByNamed(java.lang.String,java.lang.String)&amp#27;[0m
2023-09-24 16:21:10.533 DEBUG 39436 --- [           main] e.u.l.a.s.a.github.GitHubScmClient       : [GitHubScmClient#findCommit] ---> GET https://api.github.com/repos/davidmigloz/go-bees/commits/434cd9935020fdcceb4c6fbb5b1f2c9fe4a10d87 HTTP/1.1
2023-09-24 16:21:10.533 DEBUG 39436 --- [           main] e.u.l.a.s.a.github.GitHubScmClient       : [GitHubScmClient#findCommit] Authorization: Bearer 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
2023-09-24 16:21:10.534 DEBUG 39436 --- [           main] e.u.l.a.s.a.github.GitHubScmClient       : [GitHubScmClient#findCommit] ---> END HTTP (0-byte body)
2023-09-24 16:21:10.861 DEBUG 39436 --- [           main] e.u.l.a.s.a.github.GitHubScmClient       : [GitHubScmClient#findCommit] <--- HTTP/1.1 200 OK (327ms)
2023-09-24 16:21:10.861 DEBUG 39436 --- [           main] e.u.l.a.s.a.github.GitHubScmClient       : [GitHubScmClient#findCommit] access-control-allow-origin: *
2023-09-24 16:21:10.861 DEBUG 39436 --- [           main] e.u.l.a.s.a.github.GitHubScmClient       : [GitHubScmClient#findCommit] access-control-expose-headers: ETag, Link, Location, Retry-After, X-GitHub-OTP, X-RateLimit-Limit, X-RateLimit-Remaining, X-RateLimit-Used, X-RateLimit-Resource, X-RateLimit-Reset, X-OAuth-Scopes, X-Accepted-OAuth-Scopes, X-Poll-Interval, X-GitHub-Media-Type, X-GitHub-SSO, X-GitHub-Request-Id, Deprecation, Sunset
2023-09-24 16:21:10.861 DEBUG 39436 --- [           main] e.u.l.a.s.a.github.GitHubScmClient       : [GitHubScmClient#findCommit] cache-control: private, max-age=60, s-maxage=60
2023-09-24 16:21:10.861 DEBUG 39436 --- [           main] e.u.l.a.s.a.github.GitHubScmClient       : [GitHubScmClient#findCommit] content-length: 13516
2023-09-24 16:21:10.861 DEBUG 39436 --- [           main] e.u.l.a.s.a.github.GitHubScmClient       : [GitHubScmClient#findCommit] content-security-policy: default-src 'none'
2023-09-24 16:21:10.861 DEBUG 39436 --- [           main] e.u.l.a.s.a.github.GitHubScmClient       : [GitHubScmClient#findCommit] content-type: application/json; charset=utf-8
2023-09-24 16:21:10.862 DEBUG 39436 --- [           main] e.u.l.a.s.a.github.GitHubScmClient       : [GitHubScmClient#findCommit] date: Sun, 24 Sep 2023 14:21:10 GMT
2023-09-24 16:21:10.862 DEBUG 39436 --- [           main] e.u.l.a.s.a.github.GitHubScmClient       : [GitHubScmClient#findCommit] etag: "14e84409b9c6e0571e468bac1f55b4e3b9033d320a524667c5d6fd6efde71736"
2023-09-24 16:21:10.862 DEBUG 39436 --- [           main] e.u.l.a.s.a.github.GitHubScmClient       : [GitHubScmClient#findCommit] last-modified: Mon, 02 Oct 2017 16:00:59 GMT
2023-09-24 16:21:10.862 DEBUG 39436 --- [           main] e.u.l.a.s.a.github.GitHubScmClient       : [GitHubScmClient#findCommit] referrer-policy: origin-when-cross-origin, strict-origin-when-cross-origin
2023-09-24 16:21:10.862 DEBUG 39436 --- [           main] e.u.l.a.s.a.github.GitHubScmClient       : [GitHubScmClient#findCommit] server: GitHub.com
2023-09-24 16:21:10.862 DEBUG 39436 --- [           main] e.u.l.a.s.a.github.GitHubScmClient       : [GitHubScmClient#findCommit] strict-transport-security: max-age=31536000; includeSubdomains; preload
2023-09-24 16:21:10.862 DEBUG 39436 --- [           main] e.u.l.a.s.a.github.GitHubScmClient       : [GitHubScmClient#findCommit] vary: Accept-Encoding, Accept, X-Requested-With
2023-09-24 16:21:10.862 DEBUG 39436 --- [           main] e.u.l.a.s.a.github.GitHubScmClient       : [GitHubScmClient#findCommit] vary: Accept, Authorization, Cookie, X-GitHub-OTP
2023-09-24 16:21:10.862 DEBUG 39436 --- [           main] e.u.l.a.s.a.github.GitHubScmClient       : [GitHubScmClient#findCommit] x-accepted-oauth-scopes: 
2023-09-24 16:21:10.862 DEBUG 39436 --- [           main] e.u.l.a.s.a.github.GitHubScmClient       : [GitHubScmClient#findCommit] x-content-type-options: nosniff
2023-09-24 16:21:10.862 DEBUG 39436 --- [           main] e.u.l.a.s.a.github.GitHubScmClient       : [GitHubScmClient#findCommit] x-frame-options: deny
2023-09-24 16:21:10.862 DEBUG 39436 --- [           main] e.u.l.a.s.a.github.GitHubScmClient       : [GitHubScmClient#findCommit] x-github-api-version-selected: 2022-11-28
2023-09-24 16:21:10.862 DEBUG 39436 --- [           main] e.u.l.a.s.a.github.GitHubScmClient       : [GitHubScmClient#findCommit] x-github-media-type: github.v3; format=json
2023-09-24 16:21:10.862 DEBUG 39436 --- [           main] e.u.l.a.s.a.github.GitHubScmClient       : [GitHubScmClient#findCommit] x-github-request-id: E4B5:5059:2AE3603:2B7A6DD:651045D6
2023-09-24 16:21:10.862 DEBUG 39436 --- [           main] e.u.l.a.s.a.github.GitHubScmClient       : [GitHubScmClient#findCommit] x-oauth-scopes: gist, notifications, project, repo
2023-09-24 16:21:10.862 DEBUG 39436 --- [           main] e.u.l.a.s.a.github.GitHubScmClient       : [GitHubScmClient#findCommit] x-ratelimit-limit: 5000
2023-09-24 16:21:10.862 DEBUG 39436 --- [           main] e.u.l.a.s.a.github.GitHubScmClient       : [GitHubScmClient#findCommit] x-ratelimit-remaining: 4878
2023-09-24 16:21:10.862 DEBUG 39436 --- [           main] e.u.l.a.s.a.github.GitHubScmClient       : [GitHubScmClient#findCommit] x-ratelimit-reset: 1695568813
2023-09-24 16:21:10.862 DEBUG 39436 --- [           main] e.u.l.a.s.a.github.GitHubScmClient       : [GitHubScmClient#findCommit] x-ratelimit-resource: core
2023-09-24 16:21:10.862 DEBUG 39436 --- [           main] e.u.l.a.s.a.github.GitHubScmClient       : [GitHubScmClient#findCommit] x-ratelimit-used: 122
2023-09-24 16:21:10.862 DEBUG 39436 --- [           main] e.u.l.a.s.a.github.GitHubScmClient       : [GitHubScmClient#findCommit] x-xss-protection: 0
2023-09-24 16:21:10.862 DEBUG 39436 --- [           main] e.u.l.a.s.a.github.GitHubScmClient       : [GitHubScmClient#findCommit] 
2023-09-24 16:21:10.863 DEBUG 39436 --- [           main] e.u.l.a.s.a.github.GitHubScmClient       : [GitHubScmClient#findCommit] {"sha":"434cd9935020fdcceb4c6fbb5b1f2c9fe4a10d87","node_id":"MDY6Q29tbWl0NjU5Mjc2Nzg6NDM0Y2Q5OTM1MDIwZmRjY2ViNGM2ZmJiNWIxZjJjOWZlNGExMGQ4Nw==","commit":{"author":{"name":"David Miguel","email":"david.miguel@peaks.com","date":"2017-10-01T22:55:54Z"},"committer":{"name":"David Miguel","email":"david.miguel@peaks.com","date":"2017-10-02T16:00:59Z"},"message":"Add Firebase Analytics #196","tree":{"sha":"f1b3a608b3c5a38b5d111296220deaba015c8e75","url":"https://api.github.com/repos/davidmigloz/go-bees/git/trees/f1b3a608b3c5a38b5d111296220deaba015c8e75"},"url":"https://api.github.com/repos/davidmigloz/go-bees/git/commits/434cd9935020fdcceb4c6fbb5b1f2c9fe4a10d87","comment_count":0,"verification":{"verified":false,"reason":"unsigned","signature":null,"payload":null}},"url":"https://api.github.com/repos/davidmigloz/go-bees/commits/434cd9935020fdcceb4c6fbb5b1f2c9fe4a10d87","html_url":"https://github.com/davidmigloz/go-bees/commit/434cd9935020fdcceb4c6fbb5b1f2c9fe4a10d87","comments_url":"https://api.github.com/repos/davidmigloz/go-bees/commits/434cd9935020fdcceb4c6fbb5b1f2c9fe4a10d87/comments","author":{"login":"davidmigloz","id":6546265,"node_id":"MDQ6VXNlcjY1NDYyNjU=","avatar_url":"https://avatars.githubusercontent.com/u/6546265?v=4","gravatar_id":"","url":"https://api.github.com/users/davidmigloz","html_url":"https://github.com/davidmigloz","followers_url":"https://api.github.com/users/davidmigloz/followers","following_url":"https://api.github.com/users/davidmigloz/following{/other_user}","gists_url":"https://api.github.com/users/davidmigloz/gists{/gist_id}","starred_url":"https://api.github.com/users/davidmigloz/starred{/owner}{/repo}","subscriptions_url":"https://api.github.com/users/davidmigloz/subscriptions","organizations_url":"https://api.github.com/users/davidmigloz/orgs","repos_url":"https://api.github.com/users/davidmigloz/repos","events_url":"https://api.github.com/users/davidmigloz/events{/privacy}","received_events_url":"https://api.github.com/users/davidmigloz/received_events","type":"User","site_admin":false},"committer":{"login":"davidmigloz","id":6546265,"node_id":"MDQ6VXNlcjY1NDYyNjU=","avatar_url":"https://avatars.githubusercontent.com/u/6546265?v=4","gravatar_id":"","url":"https://api.github.com/users/davidmigloz","html_url":"https://github.com/davidmigloz","followers_url":"https://api.github.com/users/davidmigloz/followers","following_url":"https://api.github.com/users/davidmigloz/following{/other_user}","gists_url":"https://api.github.com/users/davidmigloz/gists{/gist_id}","starred_url":"https://api.github.com/users/davidmigloz/starred{/owner}{/repo}","subscriptions_url":"https://api.github.com/users/davidmigloz/subscriptions","organizations_url":"https://api.github.com/users/davidmigloz/orgs","repos_url":"https://api.github.com/users/davidmigloz/repos","events_url":"https://api.github.com/users/davidmigloz/events{/privacy}","received_events_url":"https://api.github.com/users/davidmigloz/received_events","type":"User","site_admin":false},"parents":[{"sha":"84bba1abe03d290d03bb3bf6f44d774f521769c2","url":"https://api.github.com/repos/davidmigloz/go-bees/commits/84bba1abe03d290d03bb3bf6f44d774f521769c2","html_url":"https://github.com/davidmigloz/go-bees/commit/84bba1abe03d290d03bb3bf6f44d774f521769c2"}],"stats":{"total":173,"additions":172,"deletions":1},"files":[{"sha":"6a3fb32a9fad8186013bc2cdc528a8a8e98c17ac","filename":".travis.yml","status":"modified","additions":1,"deletions":1,"changes":2,"blob_url":"https://github.com/davidmigloz/go-bees/blob/434cd9935020fdcceb4c6fbb5b1f2c9fe4a10d87/.travis.yml","raw_url":"https://github.com/davidmigloz/go-bees/raw/434cd9935020fdcceb4c6fbb5b1f2c9fe4a10d87/.travis.yml","contents_url":"https://api.github.com/repos/davidmigloz/go-bees/contents/.travis.yml?ref=434cd9935020fdcceb4c6fbb5b1f2c9fe4a10d87","patch":"@@ -62,7 +62,7 @@ before_script:\n \n script:\n     # Compile and run lint\n-    - ./gradlew assembleProdRelease lint\n+    - ./gradlew clean assembleProdRelease lint --stacktrace\n     # Run test coverage report\n #    - ./gradlew jacocoTestMockDebugUnitTestReport\n     # Run SonarQube analysis"},{"sha":"abc3cc94279b59fcba7db6049b59d657ecbfb59a","filename":"app/build.gradle","status":"modified","additions":4,"deletions":0,"changes":4,"blob_url":"https://github.com/davidmigloz/go-bees/blob/434cd9935020fdcceb4c6fbb5b1f2c9fe4a10d87/app%2Fbuild.gradle","raw_url":"https://github.com/davidmigloz/go-bees/raw/434cd9935020fdcceb4c6fbb5b1f2c9fe4a10d87/app%2Fbuild.gradle","contents_url":"https://api.github.com/repos/davidmigloz/go-bees/contents/app%2Fbuild.gradle?ref=434cd9935020fdcceb4c6fbb5b1f2c9fe4a10d87","patch":"@@ -154,6 +154,8 @@ dependencies {\n     compile 'com.android.support:support-v4:26.1.0'\r\n     // Google Location and Activity Recognition : https://developers.google.com/android/guides/setup\r\n     compile 'com.google.android.gms:play-services-location:11.4.0'\r\n+    // Firebase Analytics : https://firebase.google.com/docs/android/setup#available_libraries\r\n+    compile 'com.google.firebase:firebase-core:11.4.0'\r\n     // OpenCV (computer vision) : https://github.com/davidmigloz/opencv-android-gradle-repo/\r\n     compile 'com.github.davidmigloz:opencv-android-gradle-repo:3.2.0'\r\n     // Guava (Google Core Libraries) : https://github.com/google/guava\r\n@@ -274,3 +276,5 @@ private static String getBuildDate() {\n private static String getAppName() {\r\n     return \"GoBees\"\r\n }\r\n+\r\n+apply plugin: 'com.google.gms.google-services'\r"},{"sha":"eaf56f4b502d71352ed6976224fc3443a41166f5","filename":"app/src/dev/google-services.json","status":"added","additions":55,"deletions":0,"changes":55,"blob_url":"https://github.com/davidmigloz/go-bees/blob/434cd9935020fdcceb4c6fbb5b1f2c9fe4a10d87/app%2Fsrc%2Fdev%2Fgoogle-services.json","raw_url":"https://github.com/davidmigloz/go-bees/raw/434cd9935020fdcceb4c6fbb5b1f2c9fe4a10d87/app%2Fsrc%2Fdev%2Fgoogle-services.json","contents_url":"https://api.github.com/repos/davidmigloz/go-bees/contents/app%2Fsrc%2Fdev%2Fgoogle-services.json?ref=434cd9935020fdcceb4c6fbb5b1f2c9fe4a10d87","patch":"@@ -0,0 +1,55 @@\n+{\n+  \"project_info\": {\n+    \"project_number\": \"86284097953\",\n+    \"firebase_url\": \"https://gobees-dev.firebaseio.com\",\n+    \"project_id\": \"gobees-dev\",\n+    \"storage_bucket\": \"gobees-dev.appspot.com\"\n+  },\n+  \"client\": [\n+    {\n+      \"client_info\": {\n+        \"mobilesdk_app_id\": \"1:86284097953:android:85b12b21327f2b13\",\n+        \"android_client_info\": {\n+          \"package_name\": \"com.davidmiguel.gobees.dev\"\n+        }\n+      },\n+      \"oauth_client\": [\n+        {\n+          \"client_id\": \"86284097953-uqv99dhe6pfo0fnfmc3b6s153ud2cg25.apps.googleusercontent.com\",\n+          \"client_type\": 1,\n+          \"android_info\": {\n+            \"package_name\": \"com.davidmiguel.gobees.dev\",\n+            \"certificate_hash\": \"8be8d172d7b79efc57c69554be6316eb26813f65\"\n+          }\n+        },\n+        {\n+          \"client_id\": \"86284097953-r7eshjf9j3b59r7c8ah7uvf978pv450l.apps.googleusercontent.com\",\n+          \"client_type\": 3\n+        }\n+      ],\n+      \"api_key\": [\n+        {\n+          \"current_key\": \"AIzaSyD4gcMEVHeXDNC76up2lCmFi_2VlLJilP8\"\n+        }\n+      ],\n+      \"services\": {\n+        \"analytics_service\": {\n+          \"status\": 1\n+        },\n+        \"appinvite_service\": {\n+          \"status\": 2,\n+          \"other_platform_oauth_client\": [\n+            {\n+              \"client_id\": \"86284097953-r7eshjf9j3b59r7c8ah7uvf978pv450l.apps.googleusercontent.com\",\n+              \"client_type\": 3\n+            }\n+          ]\n+        },\n+        \"ads_service\": {\n+          \"status\": 2\n+        }\n+      }\n+    }\n+  ],\n+  \"configuration_version\": \"1\"\n+}\n\\ No newline at end of file"},{"sha":"7809b3682acc91edb0b3141fb55ad3679f914321","filename":"app/src/mock/google-services.json","status":"added","additions":55,"deletions":0,"changes":55,"blob_url":"https://github.com/davidmigloz/go-bees/blob/434cd9935020fdcceb4c6fbb5b1f2c9fe4a10d87/app%2Fsrc%2Fmock%2Fgoogle-services.json","raw_url":"https://github.com/davidmigloz/go-bees/raw/434cd9935020fdcceb4c6fbb5b1f2c9fe4a10d87/app%2Fsrc%2Fmock%2Fgoogle-services.json","contents_url":"https://api.github.com/repos/davidmigloz/go-bees/contents/app%2Fsrc%2Fmock%2Fgoogle-services.json?ref=434cd9935020fdcceb4c6fbb5b1f2c9fe4a10d87","patch":"@@ -0,0 +1,55 @@\n+{\n+  \"project_info\": {\n+    \"project_number\": \"86284097953\",\n+    \"firebase_url\": \"https://gobees-dev.firebaseio.com\",\n+    \"project_id\": \"gobees-dev\",\n+    \"storage_bucket\": \"gobees-dev.appspot.com\"\n+  },\n+  \"client\": [\n+    {\n+      \"client_info\": {\n+        \"mobilesdk_app_id\": \"1:86284097953:android:85b12b21327f2b13\",\n+        \"android_client_info\": {\n+          \"package_name\": \"com.davidmiguel.gobees.mock\"\n+        }\n+      },\n+      \"oauth_client\": [\n+        {\n+          \"client_id\": \"86284097953-uqv99dhe6pfo0fnfmc3b6s153ud2cg25.apps.googleusercontent.com\",\n+          \"client_type\": 1,\n+          \"android_info\": {\n+            \"package_name\": \"com.davidmiguel.gobees.dev\",\n+            \"certificate_hash\": \"8be8d172d7b79efc57c69554be6316eb26813f65\"\n+          }\n+        },\n+        {\n+          \"client_id\": \"86284097953-r7eshjf9j3b59r7c8ah7uvf978pv450l.apps.googleusercontent.com\",\n+          \"client_type\": 3\n+        }\n+      ],\n+      \"api_key\": [\n+        {\n+          \"current_key\": \"AIzaSyD4gcMEVHeXDNC76up2lCmFi_2VlLJilP8\"\n+        }\n+      ],\n+      \"services\": {\n+        \"analytics_service\": {\n+          \"status\": 1\n+        },\n+        \"appinvite_service\": {\n+          \"status\": 2,\n+          \"other_platform_oauth_client\": [\n+            {\n+              \"client_id\": \"86284097953-r7eshjf9j3b59r7c8ah7uvf978pv450l.apps.googleusercontent.com\",\n+              \"client_type\": 3\n+            }\n+          ]\n+        },\n+        \"ads_service\": {\n+          \"status\": 2\n+        }\n+      }\n+    }\n+  ],\n+  \"configuration_version\": \"1\"\n+}"},{"sha":"f2551fa675eb918a058aa660bec59e37a5b82150","filename":"app/src/prod/google-services.json","status":"added","additions":55,"deletions":0,"changes":55,"blob_url":"https://github.com/davidmigloz/go-bees/blob/434cd9935020fdcceb4c6fbb5b1f2c9fe4a10d87/app%2Fsrc%2Fprod%2Fgoogle-services.json","raw_url":"https://github.com/davidmigloz/go-bees/raw/434cd9935020fdcceb4c6fbb5b1f2c9fe4a10d87/app%2Fsrc%2Fprod%2Fgoogle-services.json","contents_url":"https://api.github.com/repos/davidmigloz/go-bees/contents/app%2Fsrc%2Fprod%2Fgoogle-services.json?ref=434cd9935020fdcceb4c6fbb5b1f2c9fe4a10d87","patch":"@@ -0,0 +1,55 @@\n+{\n+  \"project_info\": {\n+    \"project_number\": \"141439530142\",\n+    \"firebase_url\": \"https://gobees-prod.firebaseio.com\",\n+    \"project_id\": \"gobees-prod\",\n+    \"storage_bucket\": \"gobees-prod.appspot.com\"\n+  },\n+  \"client\": [\n+    {\n+      \"client_info\": {\n+        \"mobilesdk_app_id\": \"1:141439530142:android:443d41831b56ad31\",\n+        \"android_client_info\": {\n+          \"package_name\": \"com.davidmiguel.gobees\"\n+        }\n+      },\n+      \"oauth_client\": [\n+        {\n+          \"client_id\": \"141439530142-dccbf18dq73f83g09rbj31nqktrt7f3o.apps.googleusercontent.com\",\n+          \"client_type\": 1,\n+          \"android_info\": {\n+            \"package_name\": \"com.davidmiguel.gobees\",\n+            \"certificate_hash\": \"8be8d172d7b79efc57c69554be6316eb26813f65\"\n+          }\n+        },\n+        {\n+          \"client_id\": \"141439530142-bp4od1ea9die661nvghfd59d0mmcb52g.apps.googleusercontent.com\",\n+          \"client_type\": 3\n+        }\n+      ],\n+      \"api_key\": [\n+        {\n+          \"current_key\": \"AIzaSyDvF9i80nPidFtqfmA5gar7Y4vUBJ3baeY\"\n+        }\n+      ],\n+      \"services\": {\n+        \"analytics_service\": {\n+          \"status\": 1\n+        },\n+        \"appinvite_service\": {\n+          \"status\": 2,\n+          \"other_platform_oauth_client\": [\n+            {\n+              \"client_id\": \"141439530142-bp4od1ea9die661nvghfd59d0mmcb52g.apps.googleusercontent.com\",\n+              \"client_type\": 3\n+            }\n+          ]\n+        },\n+        \"ads_service\": {\n+          \"status\": 2\n+        }\n+      }\n+    }\n+  ],\n+  \"configuration_version\": \"1\"\n+}\n\\ No newline at end of file"},{"sha":"5772d50a232538de0e67d1c91f94a552a9fde5ae","filename":"build.gradle","status":"modified","additions":2,"deletions":0,"changes":2,"blob_url":"https://github.com/davidmigloz/go-bees/blob/434cd9935020fdcceb4c6fbb5b1f2c9fe4a10d87/build.gradle","raw_url":"https://github.com/davidmigloz/go-bees/raw/434cd9935020fdcceb4c6fbb5b1f2c9fe4a10d87/build.gradle","contents_url":"https://api.github.com/repos/davidmigloz/go-bees/contents/build.gradle?ref=434cd9935020fdcceb4c6fbb5b1f2c9fe4a10d87","patch":"@@ -30,6 +30,8 @@ buildscript {\n         classpath 'io.realm:realm-gradle-plugin:3.7.0'\r\n         // Fabric Gradle Plugin (For Crashlytics) : https://docs.fabric.io/android/changelog.html#fabric-gradle-plugin\r\n         classpath 'io.fabric.tools:gradle:1.24.2'\r\n+        // Google Services Gradle Plugin (for Firebase) : https://developers.google.com/android/guides/google-services-plugin\r\n+        classpath 'com.google.gms:google-services:3.1.0'\r\n     }\r\n }\r\n \r"}]}
2023-09-24 16:21:10.863 DEBUG 39436 --- [           main] e.u.l.a.s.a.github.GitHubScmClient       : [GitHubScmClient#findCommit] <--- END HTTP (13516-byte body)
2023-09-24 16:21:10.864 DEBUG 39436 --- [           main] e.u.l.a.a.a.github.GitHubApmClient       : [GitHubApmClient#findIssueById] ---> GET https://api.github.com/repos/davidmigloz/go-bees/issues/196 HTTP/1.1
2023-09-24 16:21:10.864 DEBUG 39436 --- [           main] e.u.l.a.a.a.github.GitHubApmClient       : [GitHubApmClient#findIssueById] Authorization: Bearer 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
2023-09-24 16:21:10.864 DEBUG 39436 --- [           main] e.u.l.a.a.a.github.GitHubApmClient       : [GitHubApmClient#findIssueById] ---> END HTTP (0-byte body)
2023-09-24 16:21:11.085 DEBUG 39436 --- [           main] e.u.l.a.a.a.github.GitHubApmClient       : [GitHubApmClient#findIssueById] <--- HTTP/1.1 200 OK (220ms)
2023-09-24 16:21:11.085 DEBUG 39436 --- [           main] e.u.l.a.a.a.github.GitHubApmClient       : [GitHubApmClient#findIssueById] access-control-allow-origin: *
2023-09-24 16:21:11.085 DEBUG 39436 --- [           main] e.u.l.a.a.a.github.GitHubApmClient       : [GitHubApmClient#findIssueById] access-control-expose-headers: ETag, Link, Location, Retry-After, X-GitHub-OTP, X-RateLimit-Limit, X-RateLimit-Remaining, X-RateLimit-Used, X-RateLimit-Resource, X-RateLimit-Reset, X-OAuth-Scopes, X-Accepted-OAuth-Scopes, X-Poll-Interval, X-GitHub-Media-Type, X-GitHub-SSO, X-GitHub-Request-Id, Deprecation, Sunset
2023-09-24 16:21:11.085 DEBUG 39436 --- [           main] e.u.l.a.a.a.github.GitHubApmClient       : [GitHubApmClient#findIssueById] cache-control: private, max-age=60, s-maxage=60
2023-09-24 16:21:11.085 DEBUG 39436 --- [           main] e.u.l.a.a.a.github.GitHubApmClient       : [GitHubApmClient#findIssueById] content-length: 6661
2023-09-24 16:21:11.086 DEBUG 39436 --- [           main] e.u.l.a.a.a.github.GitHubApmClient       : [GitHubApmClient#findIssueById] content-security-policy: default-src 'none'
2023-09-24 16:21:11.086 DEBUG 39436 --- [           main] e.u.l.a.a.a.github.GitHubApmClient       : [GitHubApmClient#findIssueById] content-type: application/json; charset=utf-8
2023-09-24 16:21:11.086 DEBUG 39436 --- [           main] e.u.l.a.a.a.github.GitHubApmClient       : [GitHubApmClient#findIssueById] date: Sun, 24 Sep 2023 14:21:11 GMT
2023-09-24 16:21:11.086 DEBUG 39436 --- [           main] e.u.l.a.a.a.github.GitHubApmClient       : [GitHubApmClient#findIssueById] etag: "1bb887463e1d90c48cfd5ecec25e487456a6cb109c9a0fe5a41ae45252e6dd13"
2023-09-24 16:21:11.086 DEBUG 39436 --- [           main] e.u.l.a.a.a.github.GitHubApmClient       : [GitHubApmClient#findIssueById] last-modified: Fri, 22 Sep 2023 11:29:33 GMT
2023-09-24 16:21:11.086 DEBUG 39436 --- [           main] e.u.l.a.a.a.github.GitHubApmClient       : [GitHubApmClient#findIssueById] referrer-policy: origin-when-cross-origin, strict-origin-when-cross-origin
2023-09-24 16:21:11.086 DEBUG 39436 --- [           main] e.u.l.a.a.a.github.GitHubApmClient       : [GitHubApmClient#findIssueById] server: GitHub.com
2023-09-24 16:21:11.086 DEBUG 39436 --- [           main] e.u.l.a.a.a.github.GitHubApmClient       : [GitHubApmClient#findIssueById] strict-transport-security: max-age=31536000; includeSubdomains; preload
2023-09-24 16:21:11.086 DEBUG 39436 --- [           main] e.u.l.a.a.a.github.GitHubApmClient       : [GitHubApmClient#findIssueById] vary: Accept-Encoding, Accept, X-Requested-With
2023-09-24 16:21:11.086 DEBUG 39436 --- [           main] e.u.l.a.a.a.github.GitHubApmClient       : [GitHubApmClient#findIssueById] vary: Accept, Authorization, Cookie, X-GitHub-OTP
2023-09-24 16:21:11.086 DEBUG 39436 --- [           main] e.u.l.a.a.a.github.GitHubApmClient       : [GitHubApmClient#findIssueById] x-accepted-oauth-scopes: repo
2023-09-24 16:21:11.086 DEBUG 39436 --- [           main] e.u.l.a.a.a.github.GitHubApmClient       : [GitHubApmClient#findIssueById] x-content-type-options: nosniff
2023-09-24 16:21:11.086 DEBUG 39436 --- [           main] e.u.l.a.a.a.github.GitHubApmClient       : [GitHubApmClient#findIssueById] x-frame-options: deny
2023-09-24 16:21:11.086 DEBUG 39436 --- [           main] e.u.l.a.a.a.github.GitHubApmClient       : [GitHubApmClient#findIssueById] x-github-api-version-selected: 2022-11-28
2023-09-24 16:21:11.086 DEBUG 39436 --- [           main] e.u.l.a.a.a.github.GitHubApmClient       : [GitHubApmClient#findIssueById] x-github-media-type: github.v3; format=json
2023-09-24 16:21:11.086 DEBUG 39436 --- [           main] e.u.l.a.a.a.github.GitHubApmClient       : [GitHubApmClient#findIssueById] x-github-request-id: E4B5:5059:2AE3716:2B7A7DB:651045D6
2023-09-24 16:21:11.086 DEBUG 39436 --- [           main] e.u.l.a.a.a.github.GitHubApmClient       : [GitHubApmClient#findIssueById] x-oauth-scopes: gist, notifications, project, repo
2023-09-24 16:21:11.087 DEBUG 39436 --- [           main] e.u.l.a.a.a.github.GitHubApmClient       : [GitHubApmClient#findIssueById] x-ratelimit-limit: 5000
2023-09-24 16:21:11.087 DEBUG 39436 --- [           main] e.u.l.a.a.a.github.GitHubApmClient       : [GitHubApmClient#findIssueById] x-ratelimit-remaining: 4877
2023-09-24 16:21:11.087 DEBUG 39436 --- [           main] e.u.l.a.a.a.github.GitHubApmClient       : [GitHubApmClient#findIssueById] x-ratelimit-reset: 1695568813
2023-09-24 16:21:11.087 DEBUG 39436 --- [           main] e.u.l.a.a.a.github.GitHubApmClient       : [GitHubApmClient#findIssueById] x-ratelimit-resource: core
2023-09-24 16:21:11.087 DEBUG 39436 --- [           main] e.u.l.a.a.a.github.GitHubApmClient       : [GitHubApmClient#findIssueById] x-ratelimit-used: 123
2023-09-24 16:21:11.087 DEBUG 39436 --- [           main] e.u.l.a.a.a.github.GitHubApmClient       : [GitHubApmClient#findIssueById] x-xss-protection: 0
2023-09-24 16:21:11.087 DEBUG 39436 --- [           main] e.u.l.a.a.a.github.GitHubApmClient       : [GitHubApmClient#findIssueById] 
2023-09-24 16:21:11.087 DEBUG 39436 --- [           main] e.u.l.a.a.a.github.GitHubApmClient       : [GitHubApmClient#findIssueById] {"url":"https://api.github.com/repos/davidmigloz/go-bees/issues/196","repository_url":"https://api.github.com/repos/davidmigloz/go-bees","labels_url":"https://api.github.com/repos/davidmigloz/go-bees/issues/196/labels{/name}","comments_url":"https://api.github.com/repos/davidmigloz/go-bees/issues/196/comments","events_url":"https://api.github.com/repos/davidmigloz/go-bees/issues/196/events","html_url":"https://github.com/davidmigloz/go-bees/issues/196","id":260045985,"node_id":"MDU6SXNzdWUyNjAwNDU5ODU=","number":196,"title":"Add Firebase Analytics","user":{"login":"davidmigloz","id":6546265,"node_id":"MDQ6VXNlcjY1NDYyNjU=","avatar_url":"https://avatars.githubusercontent.com/u/6546265?v=4","gravatar_id":"","url":"https://api.github.com/users/davidmigloz","html_url":"https://github.com/davidmigloz","followers_url":"https://api.github.com/users/davidmigloz/followers","following_url":"https://api.github.com/users/davidmigloz/following{/other_user}","gists_url":"https://api.github.com/users/davidmigloz/gists{/gist_id}","starred_url":"https://api.github.com/users/davidmigloz/starred{/owner}{/repo}","subscriptions_url":"https://api.github.com/users/davidmigloz/subscriptions","organizations_url":"https://api.github.com/users/davidmigloz/orgs","repos_url":"https://api.github.com/users/davidmigloz/repos","events_url":"https://api.github.com/users/davidmigloz/events{/privacy}","received_events_url":"https://api.github.com/users/davidmigloz/received_events","type":"User","site_admin":false},"labels":[{"id":426435732,"node_id":"MDU6TGFiZWw0MjY0MzU3MzI=","url":"https://api.github.com/repos/davidmigloz/go-bees/labels/feature","name":"feature","color":"84b6eb","default":false,"description":null}],"state":"closed","locked":false,"assignee":{"login":"davidmigloz","id":6546265,"node_id":"MDQ6VXNlcjY1NDYyNjU=","avatar_url":"https://avatars.githubusercontent.com/u/6546265?v=4","gravatar_id":"","url":"https://api.github.com/users/davidmigloz","html_url":"https://github.com/davidmigloz","followers_url":"https://api.github.com/users/davidmigloz/followers","following_url":"https://api.github.com/users/davidmigloz/following{/other_user}","gists_url":"https://api.github.com/users/davidmigloz/gists{/gist_id}","starred_url":"https://api.github.com/users/davidmigloz/starred{/owner}{/repo}","subscriptions_url":"https://api.github.com/users/davidmigloz/subscriptions","organizations_url":"https://api.github.com/users/davidmigloz/orgs","repos_url":"https://api.github.com/users/davidmigloz/repos","events_url":"https://api.github.com/users/davidmigloz/events{/privacy}","received_events_url":"https://api.github.com/users/davidmigloz/received_events","type":"User","site_admin":false},"assignees":[{"login":"davidmigloz","id":6546265,"node_id":"MDQ6VXNlcjY1NDYyNjU=","avatar_url":"https://avatars.githubusercontent.com/u/6546265?v=4","gravatar_id":"","url":"https://api.github.com/users/davidmigloz","html_url":"https://github.com/davidmigloz","followers_url":"https://api.github.com/users/davidmigloz/followers","following_url":"https://api.github.com/users/davidmigloz/following{/other_user}","gists_url":"https://api.github.com/users/davidmigloz/gists{/gist_id}","starred_url":"https://api.github.com/users/davidmigloz/starred{/owner}{/repo}","subscriptions_url":"https://api.github.com/users/davidmigloz/subscriptions","organizations_url":"https://api.github.com/users/davidmigloz/orgs","repos_url":"https://api.github.com/users/davidmigloz/repos","events_url":"https://api.github.com/users/davidmigloz/events{/privacy}","received_events_url":"https://api.github.com/users/davidmigloz/received_events","type":"User","site_admin":false}],"milestone":{"url":"https://api.github.com/repos/davidmigloz/go-bees/milestones/21","html_url":"https://github.com/davidmigloz/go-bees/milestone/21","labels_url":"https://api.github.com/repos/davidmigloz/go-bees/milestones/21/labels","id":2787248,"node_id":"MDk6TWlsZXN0b25lMjc4NzI0OA==","number":21,"title":"Version 1.2","description":"","creator":{"login":"davidmigloz","id":6546265,"node_id":"MDQ6VXNlcjY1NDYyNjU=","avatar_url":"https://avatars.githubusercontent.com/u/6546265?v=4","gravatar_id":"","url":"https://api.github.com/users/davidmigloz","html_url":"https://github.com/davidmigloz","followers_url":"https://api.github.com/users/davidmigloz/followers","following_url":"https://api.github.com/users/davidmigloz/following{/other_user}","gists_url":"https://api.github.com/users/davidmigloz/gists{/gist_id}","starred_url":"https://api.github.com/users/davidmigloz/starred{/owner}{/repo}","subscriptions_url":"https://api.github.com/users/davidmigloz/subscriptions","organizations_url":"https://api.github.com/users/davidmigloz/orgs","repos_url":"https://api.github.com/users/davidmigloz/repos","events_url":"https://api.github.com/users/davidmigloz/events{/privacy}","received_events_url":"https://api.github.com/users/davidmigloz/received_events","type":"User","site_admin":false},"open_issues":0,"closed_issues":10,"state":"closed","created_at":"2017-09-23T23:26:41Z","updated_at":"2017-10-16T22:17:10Z","due_on":"2017-10-16T07:00:00Z","closed_at":"2017-10-16T22:17:10Z"},"comments":0,"created_at":"2017-09-23T23:41:36Z","updated_at":"2017-10-15T22:42:36Z","closed_at":"2017-10-15T22:42:36Z","author_association":"OWNER","active_lock_reason":null,"body":"https://firebase.google.com/docs/analytics/android/start/","closed_by":{"login":"davidmigloz","id":6546265,"node_id":"MDQ6VXNlcjY1NDYyNjU=","avatar_url":"https://avatars.githubusercontent.com/u/6546265?v=4","gravatar_id":"","url":"https://api.github.com/users/davidmigloz","html_url":"https://github.com/davidmigloz","followers_url":"https://api.github.com/users/davidmigloz/followers","following_url":"https://api.github.com/users/davidmigloz/following{/other_user}","gists_url":"https://api.github.com/users/davidmigloz/gists{/gist_id}","starred_url":"https://api.github.com/users/davidmigloz/starred{/owner}{/repo}","subscriptions_url":"https://api.github.com/users/davidmigloz/subscriptions","organizations_url":"https://api.github.com/users/davidmigloz/orgs","repos_url":"https://api.github.com/users/davidmigloz/repos","events_url":"https://api.github.com/users/davidmigloz/events{/privacy}","received_events_url":"https://api.github.com/users/davidmigloz/received_events","type":"User","site_admin":false},"reactions":{"url":"https://api.github.com/repos/davidmigloz/go-bees/issues/196/reactions","total_count":0,"+1":0,"-1":0,"laugh":0,"hooray":0,"confused":0,"heart":0,"rocket":0,"eyes":0},"timeline_url":"https://api.github.com/repos/davidmigloz/go-bees/issues/196/timeline","performed_via_github_app":null,"state_reason":"completed"}
2023-09-24 16:21:11.087 DEBUG 39436 --- [           main] e.u.l.a.a.a.github.GitHubApmClient       : [GitHubApmClient#findIssueById] <--- END HTTP (6661-byte body)
  &amp#27;[32mWhen &amp#27;[0m&amp#27;[32mI import the commit &amp#27;[0m&amp#27;[32m&amp#27;[1m"434cd9935020fdcceb4c6fbb5b1f2c9fe4a10d87"&amp#27;[0m                   &amp#27;[90m# es.ubu.lsi.avrela.bdd.scm.CommitImportSteps.iImportTheCommit(java.lang.String)&amp#27;[0m
  &amp#27;[32mThen &amp#27;[0m&amp#27;[32mtotal files changed should be &amp#27;[0m&amp#27;[32m&amp#27;[1m6&amp#27;[0m                                                  &amp#27;[90m# es.ubu.lsi.avrela.bdd.scm.CommitImportSteps.totalFilesChangedShouldBeTotalFilesChanged(java.lang.Long)&amp#27;[0m
  &amp#27;[32mAnd &amp#27;[0m&amp#27;[32mtotal additions should be &amp#27;[0m&amp#27;[32m&amp#27;[1m172&amp#27;[0m                                                     &amp#27;[90m# es.ubu.lsi.avrela.bdd.scm.CommitImportSteps.totalAdditionsShouldBeTotalAdditions(java.lang.Long)&amp#27;[0m
  &amp#27;[32mAnd &amp#27;[0m&amp#27;[32mtotal deletions should be &amp#27;[0m&amp#27;[32m&amp#27;[1m1&amp#27;[0m                                                       &amp#27;[90m# es.ubu.lsi.avrela.bdd.scm.CommitImportSteps.totalDeletionsShouldBeTotalDeletions(java.lang.Long)&amp#27;[0m
  &amp#27;[32mAnd &amp#27;[0m&amp#27;[32mcommit author should be &amp#27;[0m&amp#27;[32m&amp#27;[1m"David Miguel"&amp#27;[0m                                            &amp#27;[90m# es.ubu.lsi.avrela.bdd.scm.CommitImportSteps.commitAuthorShouldBe(java.lang.String)&amp#27;[0m
  &amp#27;[32mAnd &amp#27;[0m&amp#27;[32mcommit message should be &amp#27;[0m&amp#27;[32m&amp#27;[1m"Add Firebase Analytics #196"&amp#27;[0m                            &amp#27;[90m# es.ubu.lsi.avrela.bdd.scm.CommitImportSteps.commitMessageShouldBe(java.lang.String)&amp#27;[0m
]]></system-out>
  </testcase>
  <testcase name="Source control management commit import - Import successful - Examples - Example #2" classname="Source control management commit import - Import successful - Examples" time="0.693">
    <system-out><![CDATA[
Scenario Outline: Import successful                                                     &amp#27;[90m# features/scm/CommitImport.feature:14&amp#27;[0m
2023-09-24 16:21:11.120  INFO 39436 --- [           main] e.u.l.avrela.bdd.scm.CommitImportSteps   : Finding out a commit with coordinates [davidmigloz go-bees]
  &amp#27;[32mGiven &amp#27;[0m&amp#27;[32mcommits are imported from the repository owned by &amp#27;[0m&amp#27;[32m&amp#27;[1m"davidmigloz"&amp#27;[0m&amp#27;[32m named &amp#27;[0m&amp#27;[32m&amp#27;[1m"go-bees"&amp#27;[0m &amp#27;[90m# es.ubu.lsi.avrela.bdd.scm.CommitImportSteps.commitsAreImportedFromTheRepositoryOwnedByNamed(java.lang.String,java.lang.String)&amp#27;[0m
2023-09-24 16:21:11.127 DEBUG 39436 --- [           main] e.u.l.a.s.a.github.GitHubScmClient       : [GitHubScmClient#findCommit] ---> GET https://api.github.com/repos/davidmigloz/go-bees/commits/043866c401c9b386e81ed12ae251e285e66c466b HTTP/1.1
2023-09-24 16:21:11.127 DEBUG 39436 --- [           main] e.u.l.a.s.a.github.GitHubScmClient       : [GitHubScmClient#findCommit] Authorization: Bearer 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
2023-09-24 16:21:11.128 DEBUG 39436 --- [           main] e.u.l.a.s.a.github.GitHubScmClient       : [GitHubScmClient#findCommit] ---> END HTTP (0-byte body)
2023-09-24 16:21:11.477 DEBUG 39436 --- [           main] e.u.l.a.s.a.github.GitHubScmClient       : [GitHubScmClient#findCommit] <--- HTTP/1.1 200 OK (349ms)
2023-09-24 16:21:11.477 DEBUG 39436 --- [           main] e.u.l.a.s.a.github.GitHubScmClient       : [GitHubScmClient#findCommit] access-control-allow-origin: *
2023-09-24 16:21:11.477 DEBUG 39436 --- [           main] e.u.l.a.s.a.github.GitHubScmClient       : [GitHubScmClient#findCommit] access-control-expose-headers: ETag, Link, Location, Retry-After, X-GitHub-OTP, X-RateLimit-Limit, X-RateLimit-Remaining, X-RateLimit-Used, X-RateLimit-Resource, X-RateLimit-Reset, X-OAuth-Scopes, X-Accepted-OAuth-Scopes, X-Poll-Interval, X-GitHub-Media-Type, X-GitHub-SSO, X-GitHub-Request-Id, Deprecation, Sunset
2023-09-24 16:21:11.477 DEBUG 39436 --- [           main] e.u.l.a.s.a.github.GitHubScmClient       : [GitHubScmClient#findCommit] cache-control: private, max-age=60, s-maxage=60
2023-09-24 16:21:11.477 DEBUG 39436 --- [           main] e.u.l.a.s.a.github.GitHubScmClient       : [GitHubScmClient#findCommit] content-length: 15342
2023-09-24 16:21:11.477 DEBUG 39436 --- [           main] e.u.l.a.s.a.github.GitHubScmClient       : [GitHubScmClient#findCommit] content-security-policy: default-src 'none'
2023-09-24 16:21:11.477 DEBUG 39436 --- [           main] e.u.l.a.s.a.github.GitHubScmClient       : [GitHubScmClient#findCommit] content-type: application/json; charset=utf-8
2023-09-24 16:21:11.477 DEBUG 39436 --- [           main] e.u.l.a.s.a.github.GitHubScmClient       : [GitHubScmClient#findCommit] date: Sun, 24 Sep 2023 14:21:11 GMT
2023-09-24 16:21:11.477 DEBUG 39436 --- [           main] e.u.l.a.s.a.github.GitHubScmClient       : [GitHubScmClient#findCommit] etag: "d99ba898f3114f6c36be19a675bcd3a4a722131e9fc96e0b29532508576673cc"
2023-09-24 16:21:11.477 DEBUG 39436 --- [           main] e.u.l.a.s.a.github.GitHubScmClient       : [GitHubScmClient#findCommit] last-modified: Mon, 02 Oct 2017 22:25:21 GMT
2023-09-24 16:21:11.478 DEBUG 39436 --- [           main] e.u.l.a.s.a.github.GitHubScmClient       : [GitHubScmClient#findCommit] referrer-policy: origin-when-cross-origin, strict-origin-when-cross-origin
2023-09-24 16:21:11.478 DEBUG 39436 --- [           main] e.u.l.a.s.a.github.GitHubScmClient       : [GitHubScmClient#findCommit] server: GitHub.com
2023-09-24 16:21:11.478 DEBUG 39436 --- [           main] e.u.l.a.s.a.github.GitHubScmClient       : [GitHubScmClient#findCommit] strict-transport-security: max-age=31536000; includeSubdomains; preload
2023-09-24 16:21:11.478 DEBUG 39436 --- [           main] e.u.l.a.s.a.github.GitHubScmClient       : [GitHubScmClient#findCommit] vary: Accept-Encoding, Accept, X-Requested-With
2023-09-24 16:21:11.478 DEBUG 39436 --- [           main] e.u.l.a.s.a.github.GitHubScmClient       : [GitHubScmClient#findCommit] vary: Accept, Authorization, Cookie, X-GitHub-OTP
2023-09-24 16:21:11.478 DEBUG 39436 --- [           main] e.u.l.a.s.a.github.GitHubScmClient       : [GitHubScmClient#findCommit] x-accepted-oauth-scopes: 
2023-09-24 16:21:11.478 DEBUG 39436 --- [           main] e.u.l.a.s.a.github.GitHubScmClient       : [GitHubScmClient#findCommit] x-content-type-options: nosniff
2023-09-24 16:21:11.478 DEBUG 39436 --- [           main] e.u.l.a.s.a.github.GitHubScmClient       : [GitHubScmClient#findCommit] x-frame-options: deny
2023-09-24 16:21:11.478 DEBUG 39436 --- [           main] e.u.l.a.s.a.github.GitHubScmClient       : [GitHubScmClient#findCommit] x-github-api-version-selected: 2022-11-28
2023-09-24 16:21:11.479 DEBUG 39436 --- [           main] e.u.l.a.s.a.github.GitHubScmClient       : [GitHubScmClient#findCommit] x-github-media-type: github.v3; format=json
2023-09-24 16:21:11.479 DEBUG 39436 --- [           main] e.u.l.a.s.a.github.GitHubScmClient       : [GitHubScmClient#findCommit] x-github-request-id: E4B5:5059:2AE37E0:2B7A8B4:651045D7
2023-09-24 16:21:11.479 DEBUG 39436 --- [           main] e.u.l.a.s.a.github.GitHubScmClient       : [GitHubScmClient#findCommit] x-oauth-scopes: gist, notifications, project, repo
2023-09-24 16:21:11.479 DEBUG 39436 --- [           main] e.u.l.a.s.a.github.GitHubScmClient       : [GitHubScmClient#findCommit] x-ratelimit-limit: 5000
2023-09-24 16:21:11.479 DEBUG 39436 --- [           main] e.u.l.a.s.a.github.GitHubScmClient       : [GitHubScmClient#findCommit] x-ratelimit-remaining: 4876
2023-09-24 16:21:11.479 DEBUG 39436 --- [           main] e.u.l.a.s.a.github.GitHubScmClient       : [GitHubScmClient#findCommit] x-ratelimit-reset: 1695568813
2023-09-24 16:21:11.479 DEBUG 39436 --- [           main] e.u.l.a.s.a.github.GitHubScmClient       : [GitHubScmClient#findCommit] x-ratelimit-resource: core
2023-09-24 16:21:11.479 DEBUG 39436 --- [           main] e.u.l.a.s.a.github.GitHubScmClient       : [GitHubScmClient#findCommit] x-ratelimit-used: 124
2023-09-24 16:21:11.479 DEBUG 39436 --- [           main] e.u.l.a.s.a.github.GitHubScmClient       : [GitHubScmClient#findCommit] x-xss-protection: 0
2023-09-24 16:21:11.479 DEBUG 39436 --- [           main] e.u.l.a.s.a.github.GitHubScmClient       : [GitHubScmClient#findCommit] 
2023-09-24 16:21:11.480 DEBUG 39436 --- [           main] e.u.l.a.s.a.github.GitHubScmClient       : [GitHubScmClient#findCommit] {"sha":"043866c401c9b386e81ed12ae251e285e66c466b","node_id":"MDY6Q29tbWl0NjU5Mjc2Nzg6MDQzODY2YzQwMWM5YjM4NmU4MWVkMTJhZTI1MWUyODVlNjZjNDY2Yg==","commit":{"author":{"name":"David Miguel","email":"david.miguel@peaks.com","date":"2017-10-02T22:25:21Z"},"committer":{"name":"David Miguel","email":"david.miguel@peaks.com","date":"2017-10-02T22:25:21Z"},"message":"Update dependences #191","tree":{"sha":"f8c13150f911f8e23b04907aba733c096b44505d","url":"https://api.github.com/repos/davidmigloz/go-bees/git/trees/f8c13150f911f8e23b04907aba733c096b44505d"},"url":"https://api.github.com/repos/davidmigloz/go-bees/git/commits/043866c401c9b386e81ed12ae251e285e66c466b","comment_count":0,"verification":{"verified":false,"reason":"unsigned","signature":null,"payload":null}},"url":"https://api.github.com/repos/davidmigloz/go-bees/commits/043866c401c9b386e81ed12ae251e285e66c466b","html_url":"https://github.com/davidmigloz/go-bees/commit/043866c401c9b386e81ed12ae251e285e66c466b","comments_url":"https://api.github.com/repos/davidmigloz/go-bees/commits/043866c401c9b386e81ed12ae251e285e66c466b/comments","author":{"login":"davidmigloz","id":6546265,"node_id":"MDQ6VXNlcjY1NDYyNjU=","avatar_url":"https://avatars.githubusercontent.com/u/6546265?v=4","gravatar_id":"","url":"https://api.github.com/users/davidmigloz","html_url":"https://github.com/davidmigloz","followers_url":"https://api.github.com/users/davidmigloz/followers","following_url":"https://api.github.com/users/davidmigloz/following{/other_user}","gists_url":"https://api.github.com/users/davidmigloz/gists{/gist_id}","starred_url":"https://api.github.com/users/davidmigloz/starred{/owner}{/repo}","subscriptions_url":"https://api.github.com/users/davidmigloz/subscriptions","organizations_url":"https://api.github.com/users/davidmigloz/orgs","repos_url":"https://api.github.com/users/davidmigloz/repos","events_url":"https://api.github.com/users/davidmigloz/events{/privacy}","received_events_url":"https://api.github.com/users/davidmigloz/received_events","type":"User","site_admin":false},"committer":{"login":"davidmigloz","id":6546265,"node_id":"MDQ6VXNlcjY1NDYyNjU=","avatar_url":"https://avatars.githubusercontent.com/u/6546265?v=4","gravatar_id":"","url":"https://api.github.com/users/davidmigloz","html_url":"https://github.com/davidmigloz","followers_url":"https://api.github.com/users/davidmigloz/followers","following_url":"https://api.github.com/users/davidmigloz/following{/other_user}","gists_url":"https://api.github.com/users/davidmigloz/gists{/gist_id}","starred_url":"https://api.github.com/users/davidmigloz/starred{/owner}{/repo}","subscriptions_url":"https://api.github.com/users/davidmigloz/subscriptions","organizations_url":"https://api.github.com/users/davidmigloz/orgs","repos_url":"https://api.github.com/users/davidmigloz/repos","events_url":"https://api.github.com/users/davidmigloz/events{/privacy}","received_events_url":"https://api.github.com/users/davidmigloz/received_events","type":"User","site_admin":false},"parents":[{"sha":"434cd9935020fdcceb4c6fbb5b1f2c9fe4a10d87","url":"https://api.github.com/repos/davidmigloz/go-bees/commits/434cd9935020fdcceb4c6fbb5b1f2c9fe4a10d87","html_url":"https://github.com/davidmigloz/go-bees/commit/434cd9935020fdcceb4c6fbb5b1f2c9fe4a10d87"}],"stats":{"total":60,"additions":32,"deletions":28},"files":[{"sha":"36f07306147623038caafcbf7304a555611fa50c","filename":"app/build.gradle","status":"modified","additions":7,"deletions":4,"changes":11,"blob_url":"https://github.com/davidmigloz/go-bees/blob/043866c401c9b386e81ed12ae251e285e66c466b/app%2Fbuild.gradle","raw_url":"https://github.com/davidmigloz/go-bees/raw/043866c401c9b386e81ed12ae251e285e66c466b/app%2Fbuild.gradle","contents_url":"https://api.github.com/repos/davidmigloz/go-bees/contents/app%2Fbuild.gradle?ref=043866c401c9b386e81ed12ae251e285e66c466b","patch":"@@ -147,11 +147,13 @@ dependencies {\n     //----------------------------------------------------------------------------------------------\r\n \r\n     // Support libraries : https://developer.android.com/topic/libraries/support-library/packages.html\r\n-    compile 'com.android.support:recyclerview-v7:26.1.0'\r\n+    compile 'com.android.support:support-fragment:26.1.0'\r\n+    compile 'com.android.support:support-core-utils:26.1.0'\r\n+    compile 'com.android.support:support-core-ui:26.1.0'\r\n     compile 'com.android.support:appcompat-v7:26.1.0'\r\n-    compile 'com.android.support:design:26.1.0'\r\n+    compile 'com.android.support:recyclerview-v7:26.1.0'\r\n     compile 'com.android.support:cardview-v7:26.1.0'\r\n-    compile 'com.android.support:support-v4:26.1.0'\r\n+    compile 'com.android.support:design:26.1.0'\r\n     // Google Location and Activity Recognition : https://developers.google.com/android/guides/setup\r\n     compile 'com.google.android.gms:play-services-location:11.4.0'\r\n     // Firebase Analytics : https://firebase.google.com/docs/android/setup#available_libraries\r\n@@ -167,7 +169,7 @@ dependencies {\n     // VNTNumberPickerPreference (NumberPicker Preference) : https://github.com/vanniktech/VNTNumberPickerPreference\r\n     compile 'com.vanniktech:vntnumberpickerpreference:1.0.0'\r\n     // Permission Utils (check runtime permissions) : https://github.com/rebus007/PermissionUtils\r\n-    compile 'rebus:permission-utils:1.0.6'\r\n+    compile 'rebus:permission-utils:2.0.1'\r\n \r\n     //----------------------------------------------------------------------------------------------\r\n     // Debugging / logging dependencies\r\n@@ -206,6 +208,7 @@ dependencies {\n     androidTestCompile 'com.android.support.test.espresso:espresso-contrib:2.2.2'\r\n     androidTestCompile 'com.android.support.test.espresso:espresso-intents:2.2.2'\r\n     // Resolve conflicts between main and test APK:\r\n+    androidTestCompile 'com.android.support:support-v4:26.1.0'\r\n     androidTestCompile 'com.android.support:support-annotations:26.1.0'\r\n \r\n }\r"},{"sha":"932ab316a868419b6c92a6dd0d34c3c49d853ab9","filename":"app/src/main/java/com/davidmiguel/gobees/addeditapiary/AddEditApiaryFragment.java","status":"modified","additions":14,"deletions":14,"changes":28,"blob_url":"https://github.com/davidmigloz/go-bees/blob/043866c401c9b386e81ed12ae251e285e66c466b/app%2Fsrc%2Fmain%2Fjava%2Fcom%2Fdavidmiguel%2Fgobees%2Faddeditapiary%2FAddEditApiaryFragment.java","raw_url":"https://github.com/davidmigloz/go-bees/raw/043866c401c9b386e81ed12ae251e285e66c466b/app%2Fsrc%2Fmain%2Fjava%2Fcom%2Fdavidmiguel%2Fgobees%2Faddeditapiary%2FAddEditApiaryFragment.java","contents_url":"https://api.github.com/repos/davidmigloz/go-bees/contents/app%2Fsrc%2Fmain%2Fjava%2Fcom%2Fdavidmiguel%2Fgobees%2Faddeditapiary%2FAddEditApiaryFragment.java?ref=043866c401c9b386e81ed12ae251e285e66c466b","patch":"@@ -42,7 +42,7 @@\n \r\n import java.util.Locale;\r\n \r\n-import rebus.permissionutils.AskagainCallback;\r\n+import rebus.permissionutils.AskAgainCallback;\r\n import rebus.permissionutils.PermissionEnum;\r\n import rebus.permissionutils.PermissionManager;\r\n import rebus.permissionutils.PermissionUtils;\r\n@@ -79,12 +79,12 @@ public static AddEditApiaryFragment newInstance() {\n     public View onCreateView(LayoutInflater inflater, ViewGroup container,\r\n                              Bundle savedInstanceState) {\r\n         View root = inflater.inflate(R.layout.addeditapiary_frag, container, false);\r\n-        nameEditText = (EditText) root.findViewById(R.id.add_apiary_name);\r\n-        latitudeEditText = (EditText) root.findViewById(R.id.add_apiary_latitude);\r\n-        longitudeEditText = (EditText) root.findViewById(R.id.add_apiary_longitude);\r\n-        getLocationIcon = (ImageView) root.findViewById(R.id.get_location_icon);\r\n-        locationPrecisionTextView = (TextView) root.findViewById(R.id.location_precision);\r\n-        notesEditText = (EditText) root.findViewById(R.id.add_apiary_notes);\r\n+        nameEditText = root.findViewById(R.id.add_apiary_name);\r\n+        latitudeEditText = root.findViewById(R.id.add_apiary_latitude);\r\n+        longitudeEditText = root.findViewById(R.id.add_apiary_longitude);\r\n+        getLocationIcon = root.findViewById(R.id.get_location_icon);\r\n+        locationPrecisionTextView = root.findViewById(R.id.location_precision);\r\n+        notesEditText = root.findViewById(R.id.add_apiary_notes);\r\n \r\n         setHasOptionsMenu(true);\r\n         setRetainInstance(true);\r\n@@ -104,8 +104,7 @@ public void onClick(View view) {\n         });\r\n \r\n         // Configure floating action button\r\n-        FloatingActionButton fab =\r\n-                (FloatingActionButton) getActivity().findViewById(R.id.fab_add_apiary);\r\n+        FloatingActionButton fab = getActivity().findViewById(R.id.fab_add_apiary);\r\n         fab.setOnClickListener(new View.OnClickListener() {\r\n             @Override\r\n             public void onClick(View view) {\r\n@@ -199,10 +198,10 @@ public boolean checkLocationPermission() {\n             return true;\r\n         }\r\n         // Ask for permission\r\n-        PermissionManager.with(getActivity())\r\n+        PermissionManager.Builder()\r\n                 .permission(PermissionEnum.ACCESS_FINE_LOCATION)\r\n-                .askagain(true)\r\n-                .askagainCallback(new AskagainCallback() {\r\n+                .askAgain(true)\r\n+                .askAgainCallback(new AskAgainCallback() {\r\n                     @Override\r\n                     public void showRequestPermission(final UserResponse response) {\r\n                         new AlertDialog.Builder(getActivity())\r\n@@ -244,7 +243,7 @@ public void result(boolean allPermissionsGranted) {\n                         }\r\n                     }\r\n                 })\r\n-                .ask();\r\n+                .ask(getActivity());\r\n         return false;\r\n     }\r\n \r\n@@ -256,7 +255,8 @@ public void closeKeyboard() {\n     @Override\r\n     public void onRequestPermissionsResult(int requestCode, @NonNull String[] permissions,\r\n                                            @NonNull int[] grantResults) {\r\n-        PermissionManager.handleResult(requestCode, permissions, grantResults);\r\n+        super.onRequestPermissionsResult(requestCode, permissions, grantResults);\r\n+        PermissionManager.handleResult(this, requestCode, permissions, grantResults);\r\n     }\r\n \r\n     @Override\r"},{"sha":"600c357f1e630ad335becec1c0452e857771cb17","filename":"app/src/main/java/com/davidmiguel/gobees/hive/HiveRecordingsFragment.java","status":"modified","additions":10,"deletions":9,"changes":19,"blob_url":"https://github.com/davidmigloz/go-bees/blob/043866c401c9b386e81ed12ae251e285e66c466b/app%2Fsrc%2Fmain%2Fjava%2Fcom%2Fdavidmiguel%2Fgobees%2Fhive%2FHiveRecordingsFragment.java","raw_url":"https://github.com/davidmigloz/go-bees/raw/043866c401c9b386e81ed12ae251e285e66c466b/app%2Fsrc%2Fmain%2Fjava%2Fcom%2Fdavidmiguel%2Fgobees%2Fhive%2FHiveRecordingsFragment.java","contents_url":"https://api.github.com/repos/davidmigloz/go-bees/contents/app%2Fsrc%2Fmain%2Fjava%2Fcom%2Fdavidmiguel%2Fgobees%2Fhive%2FHiveRecordingsFragment.java?ref=043866c401c9b386e81ed12ae251e285e66c466b","patch":"@@ -49,7 +49,7 @@\n import java.util.Date;\r\n import java.util.List;\r\n \r\n-import rebus.permissionutils.AskagainCallback;\r\n+import rebus.permissionutils.AskAgainCallback;\r\n import rebus.permissionutils.PermissionEnum;\r\n import rebus.permissionutils.PermissionManager;\r\n import rebus.permissionutils.PermissionUtils;\r\n@@ -97,17 +97,17 @@ public View onCreateView(LayoutInflater inflater, ViewGroup container,\n         View root = inflater.inflate(R.layout.hive_recordings_frag, container, false);\r\n \r\n         // Set up recordings list view\r\n-        RecyclerView recyclerView = (RecyclerView) root.findViewById(R.id.recordings_list);\r\n+        RecyclerView recyclerView = root.findViewById(R.id.recordings_list);\r\n         LinearLayoutManager llm = new LinearLayoutManager(getActivity());\r\n         recyclerView.setLayoutManager(llm);\r\n         recyclerView.setAdapter(listAdapter);\r\n-        hivesView = (LinearLayout) root.findViewById(R.id.recordingsLL);\r\n+        hivesView = root.findViewById(R.id.recordingsLL);\r\n \r\n         // Set up  no recordings view\r\n         noRecordingsView = root.findViewById(R.id.no_recordings);\r\n \r\n         // Set up floating action button\r\n-        fab = (FloatingActionButton) getActivity().findViewById(R.id.fab_new_recording);\r\n+        fab = getActivity().findViewById(R.id.fab_new_recording);\r\n         fab.setOnClickListener(new View.OnClickListener() {\r\n             @Override\r\n             public void onClick(View v) {\r\n@@ -221,10 +221,10 @@ public boolean checkCameraPermission() {\n             return true;\r\n         }\r\n         // Ask for permission\r\n-        PermissionManager.with(getActivity())\r\n+        PermissionManager.Builder()\r\n                 .permission(PermissionEnum.CAMERA)\r\n-                .askagain(true)\r\n-                .askagainCallback(new AskagainCallback() {\r\n+                .askAgain(true)\r\n+                .askAgainCallback(new AskAgainCallback() {\r\n                     @Override\r\n                     public void showRequestPermission(final UserResponse response) {\r\n                         new AlertDialog.Builder(getActivity())\r\n@@ -261,14 +261,15 @@ public void result(boolean allPermissionsGranted) {\n                         }\r\n                     }\r\n                 })\r\n-                .ask();\r\n+                .ask(getActivity());\r\n         return false;\r\n     }\r\n \r\n     @Override\r\n     public void onRequestPermissionsResult(int requestCode, @NonNull String[] permissions,\r\n                                            @NonNull int[] grantResults) {\r\n-        PermissionManager.handleResult(requestCode, permissions, grantResults);\r\n+        super.onRequestPermissionsResult(requestCode, permissions, grantResults);\r\n+        PermissionManager.handleResult(this, requestCode, permissions, grantResults);\r\n     }\r\n \r\n     @Override\r"},{"sha":"404c4c48300445c5b7e11e1db7c0caeeb0c57720","filename":"build.gradle","status":"modified","additions":1,"deletions":1,"changes":2,"blob_url":"https://github.com/davidmigloz/go-bees/blob/043866c401c9b386e81ed12ae251e285e66c466b/build.gradle","raw_url":"https://github.com/davidmigloz/go-bees/raw/043866c401c9b386e81ed12ae251e285e66c466b/build.gradle","contents_url":"https://api.github.com/repos/davidmigloz/go-bees/contents/build.gradle?ref=043866c401c9b386e81ed12ae251e285e66c466b","patch":"@@ -27,7 +27,7 @@ buildscript {\n         // JaCoCo Android : https://github.com/arturdm/jacoco-android-gradle-plugin\r\n         classpath 'com.dicedmelon.gradle:jacoco-android:0.1.2'\r\n         // Realm db : https://github.com/realm/realm-java/blob/master/CHANGELOG.md\r\n-        classpath 'io.realm:realm-gradle-plugin:3.7.0'\r\n+        classpath 'io.realm:realm-gradle-plugin:3.7.2'\r\n         // Fabric Gradle Plugin (For Crashlytics) : https://docs.fabric.io/android/changelog.html#fabric-gradle-plugin\r\n         classpath 'io.fabric.tools:gradle:1.24.2'\r\n         // Google Services Gradle Plugin (for Firebase) : https://developers.google.com/android/guides/google-services-plugin\r"}]}
2023-09-24 16:21:11.480 DEBUG 39436 --- [           main] e.u.l.a.s.a.github.GitHubScmClient       : [GitHubScmClient#findCommit] <--- END HTTP (15342-byte body)
2023-09-24 16:21:11.481 DEBUG 39436 --- [           main] e.u.l.a.a.a.github.GitHubApmClient       : [GitHubApmClient#findIssueById] ---> GET https://api.github.com/repos/davidmigloz/go-bees/issues/191 HTTP/1.1
2023-09-24 16:21:11.481 DEBUG 39436 --- [           main] e.u.l.a.a.a.github.GitHubApmClient       : [GitHubApmClient#findIssueById] Authorization: Bearer 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
2023-09-24 16:21:11.481 DEBUG 39436 --- [           main] e.u.l.a.a.a.github.GitHubApmClient       : [GitHubApmClient#findIssueById] ---> END HTTP (0-byte body)
2023-09-24 16:21:11.783 DEBUG 39436 --- [           main] e.u.l.a.a.a.github.GitHubApmClient       : [GitHubApmClient#findIssueById] <--- HTTP/1.1 200 OK (301ms)
2023-09-24 16:21:11.783 DEBUG 39436 --- [           main] e.u.l.a.a.a.github.GitHubApmClient       : [GitHubApmClient#findIssueById] access-control-allow-origin: *
2023-09-24 16:21:11.783 DEBUG 39436 --- [           main] e.u.l.a.a.a.github.GitHubApmClient       : [GitHubApmClient#findIssueById] access-control-expose-headers: ETag, Link, Location, Retry-After, X-GitHub-OTP, X-RateLimit-Limit, X-RateLimit-Remaining, X-RateLimit-Used, X-RateLimit-Resource, X-RateLimit-Reset, X-OAuth-Scopes, X-Accepted-OAuth-Scopes, X-Poll-Interval, X-GitHub-Media-Type, X-GitHub-SSO, X-GitHub-Request-Id, Deprecation, Sunset
2023-09-24 16:21:11.783 DEBUG 39436 --- [           main] e.u.l.a.a.a.github.GitHubApmClient       : [GitHubApmClient#findIssueById] cache-control: private, max-age=60, s-maxage=60
2023-09-24 16:21:11.783 DEBUG 39436 --- [           main] e.u.l.a.a.a.github.GitHubApmClient       : [GitHubApmClient#findIssueById] content-length: 6786
2023-09-24 16:21:11.783 DEBUG 39436 --- [           main] e.u.l.a.a.a.github.GitHubApmClient       : [GitHubApmClient#findIssueById] content-security-policy: default-src 'none'
2023-09-24 16:21:11.783 DEBUG 39436 --- [           main] e.u.l.a.a.a.github.GitHubApmClient       : [GitHubApmClient#findIssueById] content-type: application/json; charset=utf-8
2023-09-24 16:21:11.783 DEBUG 39436 --- [           main] e.u.l.a.a.a.github.GitHubApmClient       : [GitHubApmClient#findIssueById] date: Sun, 24 Sep 2023 14:21:11 GMT
2023-09-24 16:21:11.783 DEBUG 39436 --- [           main] e.u.l.a.a.a.github.GitHubApmClient       : [GitHubApmClient#findIssueById] etag: "e23400c8819f537b7fc213b231c1f6ec2ebf3f61d97532bf643000c3b50cd41d"
2023-09-24 16:21:11.783 DEBUG 39436 --- [           main] e.u.l.a.a.a.github.GitHubApmClient       : [GitHubApmClient#findIssueById] last-modified: Fri, 22 Sep 2023 11:29:33 GMT
2023-09-24 16:21:11.783 DEBUG 39436 --- [           main] e.u.l.a.a.a.github.GitHubApmClient       : [GitHubApmClient#findIssueById] referrer-policy: origin-when-cross-origin, strict-origin-when-cross-origin
2023-09-24 16:21:11.783 DEBUG 39436 --- [           main] e.u.l.a.a.a.github.GitHubApmClient       : [GitHubApmClient#findIssueById] server: GitHub.com
2023-09-24 16:21:11.784 DEBUG 39436 --- [           main] e.u.l.a.a.a.github.GitHubApmClient       : [GitHubApmClient#findIssueById] strict-transport-security: max-age=31536000; includeSubdomains; preload
2023-09-24 16:21:11.784 DEBUG 39436 --- [           main] e.u.l.a.a.a.github.GitHubApmClient       : [GitHubApmClient#findIssueById] vary: Accept-Encoding, Accept, X-Requested-With
2023-09-24 16:21:11.784 DEBUG 39436 --- [           main] e.u.l.a.a.a.github.GitHubApmClient       : [GitHubApmClient#findIssueById] vary: Accept, Authorization, Cookie, X-GitHub-OTP
2023-09-24 16:21:11.784 DEBUG 39436 --- [           main] e.u.l.a.a.a.github.GitHubApmClient       : [GitHubApmClient#findIssueById] x-accepted-oauth-scopes: repo
2023-09-24 16:21:11.784 DEBUG 39436 --- [           main] e.u.l.a.a.a.github.GitHubApmClient       : [GitHubApmClient#findIssueById] x-content-type-options: nosniff
2023-09-24 16:21:11.784 DEBUG 39436 --- [           main] e.u.l.a.a.a.github.GitHubApmClient       : [GitHubApmClient#findIssueById] x-frame-options: deny
2023-09-24 16:21:11.784 DEBUG 39436 --- [           main] e.u.l.a.a.a.github.GitHubApmClient       : [GitHubApmClient#findIssueById] x-github-api-version-selected: 2022-11-28
2023-09-24 16:21:11.784 DEBUG 39436 --- [           main] e.u.l.a.a.a.github.GitHubApmClient       : [GitHubApmClient#findIssueById] x-github-media-type: github.v3; format=json
2023-09-24 16:21:11.784 DEBUG 39436 --- [           main] e.u.l.a.a.a.github.GitHubApmClient       : [GitHubApmClient#findIssueById] x-github-request-id: E4B5:5059:2AE38F7:2B7A9C9:651045D7
2023-09-24 16:21:11.784 DEBUG 39436 --- [           main] e.u.l.a.a.a.github.GitHubApmClient       : [GitHubApmClient#findIssueById] x-oauth-scopes: gist, notifications, project, repo
2023-09-24 16:21:11.784 DEBUG 39436 --- [           main] e.u.l.a.a.a.github.GitHubApmClient       : [GitHubApmClient#findIssueById] x-ratelimit-limit: 5000
2023-09-24 16:21:11.784 DEBUG 39436 --- [           main] e.u.l.a.a.a.github.GitHubApmClient       : [GitHubApmClient#findIssueById] x-ratelimit-remaining: 4875
2023-09-24 16:21:11.784 DEBUG 39436 --- [           main] e.u.l.a.a.a.github.GitHubApmClient       : [GitHubApmClient#findIssueById] x-ratelimit-reset: 1695568813
2023-09-24 16:21:11.784 DEBUG 39436 --- [           main] e.u.l.a.a.a.github.GitHubApmClient       : [GitHubApmClient#findIssueById] x-ratelimit-resource: core
2023-09-24 16:21:11.784 DEBUG 39436 --- [           main] e.u.l.a.a.a.github.GitHubApmClient       : [GitHubApmClient#findIssueById] x-ratelimit-used: 125
2023-09-24 16:21:11.784 DEBUG 39436 --- [           main] e.u.l.a.a.a.github.GitHubApmClient       : [GitHubApmClient#findIssueById] x-xss-protection: 0
2023-09-24 16:21:11.784 DEBUG 39436 --- [           main] e.u.l.a.a.a.github.GitHubApmClient       : [GitHubApmClient#findIssueById] 
2023-09-24 16:21:11.785 DEBUG 39436 --- [           main] e.u.l.a.a.a.github.GitHubApmClient       : [GitHubApmClient#findIssueById] {"url":"https://api.github.com/repos/davidmigloz/go-bees/issues/191","repository_url":"https://api.github.com/repos/davidmigloz/go-bees","labels_url":"https://api.github.com/repos/davidmigloz/go-bees/issues/191/labels{/name}","comments_url":"https://api.github.com/repos/davidmigloz/go-bees/issues/191/comments","events_url":"https://api.github.com/repos/davidmigloz/go-bees/issues/191/events","html_url":"https://github.com/davidmigloz/go-bees/issues/191","id":215685585,"node_id":"MDU6SXNzdWUyMTU2ODU1ODU=","number":191,"title":"Update dependences","user":{"login":"davidmigloz","id":6546265,"node_id":"MDQ6VXNlcjY1NDYyNjU=","avatar_url":"https://avatars.githubusercontent.com/u/6546265?v=4","gravatar_id":"","url":"https://api.github.com/users/davidmigloz","html_url":"https://github.com/davidmigloz","followers_url":"https://api.github.com/users/davidmigloz/followers","following_url":"https://api.github.com/users/davidmigloz/following{/other_user}","gists_url":"https://api.github.com/users/davidmigloz/gists{/gist_id}","starred_url":"https://api.github.com/users/davidmigloz/starred{/owner}{/repo}","subscriptions_url":"https://api.github.com/users/davidmigloz/subscriptions","organizations_url":"https://api.github.com/users/davidmigloz/orgs","repos_url":"https://api.github.com/users/davidmigloz/repos","events_url":"https://api.github.com/users/davidmigloz/events{/privacy}","received_events_url":"https://api.github.com/users/davidmigloz/received_events","type":"User","site_admin":false},"labels":[{"id":426435732,"node_id":"MDU6TGFiZWw0MjY0MzU3MzI=","url":"https://api.github.com/repos/davidmigloz/go-bees/labels/feature","name":"feature","color":"84b6eb","default":false,"description":null}],"state":"closed","locked":false,"assignee":{"login":"davidmigloz","id":6546265,"node_id":"MDQ6VXNlcjY1NDYyNjU=","avatar_url":"https://avatars.githubusercontent.com/u/6546265?v=4","gravatar_id":"","url":"https://api.github.com/users/davidmigloz","html_url":"https://github.com/davidmigloz","followers_url":"https://api.github.com/users/davidmigloz/followers","following_url":"https://api.github.com/users/davidmigloz/following{/other_user}","gists_url":"https://api.github.com/users/davidmigloz/gists{/gist_id}","starred_url":"https://api.github.com/users/davidmigloz/starred{/owner}{/repo}","subscriptions_url":"https://api.github.com/users/davidmigloz/subscriptions","organizations_url":"https://api.github.com/users/davidmigloz/orgs","repos_url":"https://api.github.com/users/davidmigloz/repos","events_url":"https://api.github.com/users/davidmigloz/events{/privacy}","received_events_url":"https://api.github.com/users/davidmigloz/received_events","type":"User","site_admin":false},"assignees":[{"login":"davidmigloz","id":6546265,"node_id":"MDQ6VXNlcjY1NDYyNjU=","avatar_url":"https://avatars.githubusercontent.com/u/6546265?v=4","gravatar_id":"","url":"https://api.github.com/users/davidmigloz","html_url":"https://github.com/davidmigloz","followers_url":"https://api.github.com/users/davidmigloz/followers","following_url":"https://api.github.com/users/davidmigloz/following{/other_user}","gists_url":"https://api.github.com/users/davidmigloz/gists{/gist_id}","starred_url":"https://api.github.com/users/davidmigloz/starred{/owner}{/repo}","subscriptions_url":"https://api.github.com/users/davidmigloz/subscriptions","organizations_url":"https://api.github.com/users/davidmigloz/orgs","repos_url":"https://api.github.com/users/davidmigloz/repos","events_url":"https://api.github.com/users/davidmigloz/events{/privacy}","received_events_url":"https://api.github.com/users/davidmigloz/received_events","type":"User","site_admin":false}],"milestone":{"url":"https://api.github.com/repos/davidmigloz/go-bees/milestones/21","html_url":"https://github.com/davidmigloz/go-bees/milestone/21","labels_url":"https://api.github.com/repos/davidmigloz/go-bees/milestones/21/labels","id":2787248,"node_id":"MDk6TWlsZXN0b25lMjc4NzI0OA==","number":21,"title":"Version 1.2","description":"","creator":{"login":"davidmigloz","id":6546265,"node_id":"MDQ6VXNlcjY1NDYyNjU=","avatar_url":"https://avatars.githubusercontent.com/u/6546265?v=4","gravatar_id":"","url":"https://api.github.com/users/davidmigloz","html_url":"https://github.com/davidmigloz","followers_url":"https://api.github.com/users/davidmigloz/followers","following_url":"https://api.github.com/users/davidmigloz/following{/other_user}","gists_url":"https://api.github.com/users/davidmigloz/gists{/gist_id}","starred_url":"https://api.github.com/users/davidmigloz/starred{/owner}{/repo}","subscriptions_url":"https://api.github.com/users/davidmigloz/subscriptions","organizations_url":"https://api.github.com/users/davidmigloz/orgs","repos_url":"https://api.github.com/users/davidmigloz/repos","events_url":"https://api.github.com/users/davidmigloz/events{/privacy}","received_events_url":"https://api.github.com/users/davidmigloz/received_events","type":"User","site_admin":false},"open_issues":0,"closed_issues":10,"state":"closed","created_at":"2017-09-23T23:26:41Z","updated_at":"2017-10-16T22:17:10Z","due_on":"2017-10-16T07:00:00Z","closed_at":"2017-10-16T22:17:10Z"},"comments":0,"created_at":"2017-03-21T10:09:01Z","updated_at":"2017-10-15T22:42:40Z","closed_at":"2017-10-15T22:42:40Z","author_association":"OWNER","active_lock_reason":null,"body":"- Check if it's possible to use v13 support library instead of v4.\r\n- Update Realm to 3.0.0\r\n- Permission Utils\r\nhttp://martiancraft.com/blog/2015/06/android-support-library/ #190 ","closed_by":{"login":"davidmigloz","id":6546265,"node_id":"MDQ6VXNlcjY1NDYyNjU=","avatar_url":"https://avatars.githubusercontent.com/u/6546265?v=4","gravatar_id":"","url":"https://api.github.com/users/davidmigloz","html_url":"https://github.com/davidmigloz","followers_url":"https://api.github.com/users/davidmigloz/followers","following_url":"https://api.github.com/users/davidmigloz/following{/other_user}","gists_url":"https://api.github.com/users/davidmigloz/gists{/gist_id}","starred_url":"https://api.github.com/users/davidmigloz/starred{/owner}{/repo}","subscriptions_url":"https://api.github.com/users/davidmigloz/subscriptions","organizations_url":"https://api.github.com/users/davidmigloz/orgs","repos_url":"https://api.github.com/users/davidmigloz/repos","events_url":"https://api.github.com/users/davidmigloz/events{/privacy}","received_events_url":"https://api.github.com/users/davidmigloz/received_events","type":"User","site_admin":false},"reactions":{"url":"https://api.github.com/repos/davidmigloz/go-bees/issues/191/reactions","total_count":0,"+1":0,"-1":0,"laugh":0,"hooray":0,"confused":0,"heart":0,"rocket":0,"eyes":0},"timeline_url":"https://api.github.com/repos/davidmigloz/go-bees/issues/191/timeline","performed_via_github_app":null,"state_reason":"completed"}
2023-09-24 16:21:11.785 DEBUG 39436 --- [           main] e.u.l.a.a.a.github.GitHubApmClient       : [GitHubApmClient#findIssueById] <--- END HTTP (6786-byte body)
  &amp#27;[32mWhen &amp#27;[0m&amp#27;[32mI import the commit &amp#27;[0m&amp#27;[32m&amp#27;[1m"043866c401c9b386e81ed12ae251e285e66c466b"&amp#27;[0m                   &amp#27;[90m# es.ubu.lsi.avrela.bdd.scm.CommitImportSteps.iImportTheCommit(java.lang.String)&amp#27;[0m
  &amp#27;[32mThen &amp#27;[0m&amp#27;[32mtotal files changed should be &amp#27;[0m&amp#27;[32m&amp#27;[1m4&amp#27;[0m                                                  &amp#27;[90m# es.ubu.lsi.avrela.bdd.scm.CommitImportSteps.totalFilesChangedShouldBeTotalFilesChanged(java.lang.Long)&amp#27;[0m
  &amp#27;[32mAnd &amp#27;[0m&amp#27;[32mtotal additions should be &amp#27;[0m&amp#27;[32m&amp#27;[1m32&amp#27;[0m                                                      &amp#27;[90m# es.ubu.lsi.avrela.bdd.scm.CommitImportSteps.totalAdditionsShouldBeTotalAdditions(java.lang.Long)&amp#27;[0m
  &amp#27;[32mAnd &amp#27;[0m&amp#27;[32mtotal deletions should be &amp#27;[0m&amp#27;[32m&amp#27;[1m28&amp#27;[0m                                                      &amp#27;[90m# es.ubu.lsi.avrela.bdd.scm.CommitImportSteps.totalDeletionsShouldBeTotalDeletions(java.lang.Long)&amp#27;[0m
  &amp#27;[32mAnd &amp#27;[0m&amp#27;[32mcommit author should be &amp#27;[0m&amp#27;[32m&amp#27;[1m"David Miguel"&amp#27;[0m                                            &amp#27;[90m# es.ubu.lsi.avrela.bdd.scm.CommitImportSteps.commitAuthorShouldBe(java.lang.String)&amp#27;[0m
  &amp#27;[32mAnd &amp#27;[0m&amp#27;[32mcommit message should be &amp#27;[0m&amp#27;[32m&amp#27;[1m"Update dependences #191"&amp#27;[0m                                &amp#27;[90m# es.ubu.lsi.avrela.bdd.scm.CommitImportSteps.commitMessageShouldBe(java.lang.String)&amp#27;[0m
]]></system-out>
  </testcase>
  <testcase name="Source control management commit import - Import successful - Examples - Example #3" classname="Source control management commit import - Import successful - Examples" time="0.643">
    <system-out><![CDATA[
Scenario Outline: Import successful                                                     &amp#27;[90m# features/scm/CommitImport.feature:15&amp#27;[0m
2023-09-24 16:21:11.816  INFO 39436 --- [           main] e.u.l.avrela.bdd.scm.CommitImportSteps   : Finding out a commit with coordinates [davidmigloz go-bees]
  &amp#27;[32mGiven &amp#27;[0m&amp#27;[32mcommits are imported from the repository owned by &amp#27;[0m&amp#27;[32m&amp#27;[1m"davidmigloz"&amp#27;[0m&amp#27;[32m named &amp#27;[0m&amp#27;[32m&amp#27;[1m"go-bees"&amp#27;[0m &amp#27;[90m# es.ubu.lsi.avrela.bdd.scm.CommitImportSteps.commitsAreImportedFromTheRepositoryOwnedByNamed(java.lang.String,java.lang.String)&amp#27;[0m
2023-09-24 16:21:11.821 DEBUG 39436 --- [           main] e.u.l.a.s.a.github.GitHubScmClient       : [GitHubScmClient#findCommit] ---> GET https://api.github.com/repos/davidmigloz/go-bees/commits/ba45e3bd0f9cecc6ae21ca94c565a5a24dcdda2f HTTP/1.1
2023-09-24 16:21:11.822 DEBUG 39436 --- [           main] e.u.l.a.s.a.github.GitHubScmClient       : [GitHubScmClient#findCommit] Authorization: Bearer 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
2023-09-24 16:21:11.822 DEBUG 39436 --- [           main] e.u.l.a.s.a.github.GitHubScmClient       : [GitHubScmClient#findCommit] ---> END HTTP (0-byte body)
2023-09-24 16:21:12.193 DEBUG 39436 --- [           main] e.u.l.a.s.a.github.GitHubScmClient       : [GitHubScmClient#findCommit] <--- HTTP/1.1 200 OK (370ms)
2023-09-24 16:21:12.193 DEBUG 39436 --- [           main] e.u.l.a.s.a.github.GitHubScmClient       : [GitHubScmClient#findCommit] access-control-allow-origin: *
2023-09-24 16:21:12.193 DEBUG 39436 --- [           main] e.u.l.a.s.a.github.GitHubScmClient       : [GitHubScmClient#findCommit] access-control-expose-headers: ETag, Link, Location, Retry-After, X-GitHub-OTP, X-RateLimit-Limit, X-RateLimit-Remaining, X-RateLimit-Used, X-RateLimit-Resource, X-RateLimit-Reset, X-OAuth-Scopes, X-Accepted-OAuth-Scopes, X-Poll-Interval, X-GitHub-Media-Type, X-GitHub-SSO, X-GitHub-Request-Id, Deprecation, Sunset
2023-09-24 16:21:12.193 DEBUG 39436 --- [           main] e.u.l.a.s.a.github.GitHubScmClient       : [GitHubScmClient#findCommit] cache-control: private, max-age=60, s-maxage=60
2023-09-24 16:21:12.193 DEBUG 39436 --- [           main] e.u.l.a.s.a.github.GitHubScmClient       : [GitHubScmClient#findCommit] content-length: 6081
2023-09-24 16:21:12.193 DEBUG 39436 --- [           main] e.u.l.a.s.a.github.GitHubScmClient       : [GitHubScmClient#findCommit] content-security-policy: default-src 'none'
2023-09-24 16:21:12.193 DEBUG 39436 --- [           main] e.u.l.a.s.a.github.GitHubScmClient       : [GitHubScmClient#findCommit] content-type: application/json; charset=utf-8
2023-09-24 16:21:12.193 DEBUG 39436 --- [           main] e.u.l.a.s.a.github.GitHubScmClient       : [GitHubScmClient#findCommit] date: Sun, 24 Sep 2023 14:21:12 GMT
2023-09-24 16:21:12.193 DEBUG 39436 --- [           main] e.u.l.a.s.a.github.GitHubScmClient       : [GitHubScmClient#findCommit] etag: "bf150761d801e3e4bef573892d0a0eeb436b2b0bdb037e4e6b9350006823fa52"
2023-09-24 16:21:12.193 DEBUG 39436 --- [           main] e.u.l.a.s.a.github.GitHubScmClient       : [GitHubScmClient#findCommit] last-modified: Thu, 05 Oct 2017 21:34:26 GMT
2023-09-24 16:21:12.193 DEBUG 39436 --- [           main] e.u.l.a.s.a.github.GitHubScmClient       : [GitHubScmClient#findCommit] referrer-policy: origin-when-cross-origin, strict-origin-when-cross-origin
2023-09-24 16:21:12.193 DEBUG 39436 --- [           main] e.u.l.a.s.a.github.GitHubScmClient       : [GitHubScmClient#findCommit] server: GitHub.com
2023-09-24 16:21:12.193 DEBUG 39436 --- [           main] e.u.l.a.s.a.github.GitHubScmClient       : [GitHubScmClient#findCommit] strict-transport-security: max-age=31536000; includeSubdomains; preload
2023-09-24 16:21:12.193 DEBUG 39436 --- [           main] e.u.l.a.s.a.github.GitHubScmClient       : [GitHubScmClient#findCommit] vary: Accept-Encoding, Accept, X-Requested-With
2023-09-24 16:21:12.194 DEBUG 39436 --- [           main] e.u.l.a.s.a.github.GitHubScmClient       : [GitHubScmClient#findCommit] vary: Accept, Authorization, Cookie, X-GitHub-OTP
2023-09-24 16:21:12.194 DEBUG 39436 --- [           main] e.u.l.a.s.a.github.GitHubScmClient       : [GitHubScmClient#findCommit] x-accepted-oauth-scopes: 
2023-09-24 16:21:12.194 DEBUG 39436 --- [           main] e.u.l.a.s.a.github.GitHubScmClient       : [GitHubScmClient#findCommit] x-content-type-options: nosniff
2023-09-24 16:21:12.194 DEBUG 39436 --- [           main] e.u.l.a.s.a.github.GitHubScmClient       : [GitHubScmClient#findCommit] x-frame-options: deny
2023-09-24 16:21:12.194 DEBUG 39436 --- [           main] e.u.l.a.s.a.github.GitHubScmClient       : [GitHubScmClient#findCommit] x-github-api-version-selected: 2022-11-28
2023-09-24 16:21:12.194 DEBUG 39436 --- [           main] e.u.l.a.s.a.github.GitHubScmClient       : [GitHubScmClient#findCommit] x-github-media-type: github.v3; format=json
2023-09-24 16:21:12.194 DEBUG 39436 --- [           main] e.u.l.a.s.a.github.GitHubScmClient       : [GitHubScmClient#findCommit] x-github-request-id: E4B5:5059:2AE3A0A:2B7AAE3:651045D7
2023-09-24 16:21:12.194 DEBUG 39436 --- [           main] e.u.l.a.s.a.github.GitHubScmClient       : [GitHubScmClient#findCommit] x-oauth-scopes: gist, notifications, project, repo
2023-09-24 16:21:12.194 DEBUG 39436 --- [           main] e.u.l.a.s.a.github.GitHubScmClient       : [GitHubScmClient#findCommit] x-ratelimit-limit: 5000
2023-09-24 16:21:12.194 DEBUG 39436 --- [           main] e.u.l.a.s.a.github.GitHubScmClient       : [GitHubScmClient#findCommit] x-ratelimit-remaining: 4874
2023-09-24 16:21:12.194 DEBUG 39436 --- [           main] e.u.l.a.s.a.github.GitHubScmClient       : [GitHubScmClient#findCommit] x-ratelimit-reset: 1695568813
2023-09-24 16:21:12.194 DEBUG 39436 --- [           main] e.u.l.a.s.a.github.GitHubScmClient       : [GitHubScmClient#findCommit] x-ratelimit-resource: core
2023-09-24 16:21:12.194 DEBUG 39436 --- [           main] e.u.l.a.s.a.github.GitHubScmClient       : [GitHubScmClient#findCommit] x-ratelimit-used: 126
2023-09-24 16:21:12.194 DEBUG 39436 --- [           main] e.u.l.a.s.a.github.GitHubScmClient       : [GitHubScmClient#findCommit] x-xss-protection: 0
2023-09-24 16:21:12.194 DEBUG 39436 --- [           main] e.u.l.a.s.a.github.GitHubScmClient       : [GitHubScmClient#findCommit] 
2023-09-24 16:21:12.195 DEBUG 39436 --- [           main] e.u.l.a.s.a.github.GitHubScmClient       : [GitHubScmClient#findCommit] {"sha":"ba45e3bd0f9cecc6ae21ca94c565a5a24dcdda2f","node_id":"MDY6Q29tbWl0NjU5Mjc2Nzg6YmE0NWUzYmQwZjljZWNjNmFlMjFjYTk0YzU2NWE1YTI0ZGNkZGEyZg==","commit":{"author":{"name":"David Miguel","email":"david.miguel@peaks.com","date":"2017-10-05T21:34:26Z"},"committer":{"name":"David Miguel","email":"david.miguel@peaks.com","date":"2017-10-05T21:34:26Z"},"message":"Improve versioning #201","tree":{"sha":"ce2818017c10d6adbebe26be8dbd987516318283","url":"https://api.github.com/repos/davidmigloz/go-bees/git/trees/ce2818017c10d6adbebe26be8dbd987516318283"},"url":"https://api.github.com/repos/davidmigloz/go-bees/git/commits/ba45e3bd0f9cecc6ae21ca94c565a5a24dcdda2f","comment_count":0,"verification":{"verified":false,"reason":"unsigned","signature":null,"payload":null}},"url":"https://api.github.com/repos/davidmigloz/go-bees/commits/ba45e3bd0f9cecc6ae21ca94c565a5a24dcdda2f","html_url":"https://github.com/davidmigloz/go-bees/commit/ba45e3bd0f9cecc6ae21ca94c565a5a24dcdda2f","comments_url":"https://api.github.com/repos/davidmigloz/go-bees/commits/ba45e3bd0f9cecc6ae21ca94c565a5a24dcdda2f/comments","author":{"login":"davidmigloz","id":6546265,"node_id":"MDQ6VXNlcjY1NDYyNjU=","avatar_url":"https://avatars.githubusercontent.com/u/6546265?v=4","gravatar_id":"","url":"https://api.github.com/users/davidmigloz","html_url":"https://github.com/davidmigloz","followers_url":"https://api.github.com/users/davidmigloz/followers","following_url":"https://api.github.com/users/davidmigloz/following{/other_user}","gists_url":"https://api.github.com/users/davidmigloz/gists{/gist_id}","starred_url":"https://api.github.com/users/davidmigloz/starred{/owner}{/repo}","subscriptions_url":"https://api.github.com/users/davidmigloz/subscriptions","organizations_url":"https://api.github.com/users/davidmigloz/orgs","repos_url":"https://api.github.com/users/davidmigloz/repos","events_url":"https://api.github.com/users/davidmigloz/events{/privacy}","received_events_url":"https://api.github.com/users/davidmigloz/received_events","type":"User","site_admin":false},"committer":{"login":"davidmigloz","id":6546265,"node_id":"MDQ6VXNlcjY1NDYyNjU=","avatar_url":"https://avatars.githubusercontent.com/u/6546265?v=4","gravatar_id":"","url":"https://api.github.com/users/davidmigloz","html_url":"https://github.com/davidmigloz","followers_url":"https://api.github.com/users/davidmigloz/followers","following_url":"https://api.github.com/users/davidmigloz/following{/other_user}","gists_url":"https://api.github.com/users/davidmigloz/gists{/gist_id}","starred_url":"https://api.github.com/users/davidmigloz/starred{/owner}{/repo}","subscriptions_url":"https://api.github.com/users/davidmigloz/subscriptions","organizations_url":"https://api.github.com/users/davidmigloz/orgs","repos_url":"https://api.github.com/users/davidmigloz/repos","events_url":"https://api.github.com/users/davidmigloz/events{/privacy}","received_events_url":"https://api.github.com/users/davidmigloz/received_events","type":"User","site_admin":false},"parents":[{"sha":"043866c401c9b386e81ed12ae251e285e66c466b","url":"https://api.github.com/repos/davidmigloz/go-bees/commits/043866c401c9b386e81ed12ae251e285e66c466b","html_url":"https://github.com/davidmigloz/go-bees/commit/043866c401c9b386e81ed12ae251e285e66c466b"}],"stats":{"total":42,"additions":40,"deletions":2},"files":[{"sha":"56c73cf8025cd423b360f7b18b9b2ff9ff20d7ac","filename":"app/build.gradle","status":"modified","additions":40,"deletions":2,"changes":42,"blob_url":"https://github.com/davidmigloz/go-bees/blob/ba45e3bd0f9cecc6ae21ca94c565a5a24dcdda2f/app%2Fbuild.gradle","raw_url":"https://github.com/davidmigloz/go-bees/raw/ba45e3bd0f9cecc6ae21ca94c565a5a24dcdda2f/app%2Fbuild.gradle","contents_url":"https://api.github.com/repos/davidmigloz/go-bees/contents/app%2Fbuild.gradle?ref=ba45e3bd0f9cecc6ae21ca94c565a5a24dcdda2f","patch":"@@ -21,6 +21,12 @@ apply plugin: 'jacoco-android'\n apply plugin: 'realm-android'\r\n apply plugin: 'io.fabric'\r\n \r\n+// App version\r\n+ext.versionMajor = 1 // API Changes, adding big new feature, redesign the App\r\n+ext.versionMinor = 2 // New features in a backwards-compatible manner\r\n+ext.versionPatch = 0 // Backwards-compatible bug fixes\r\n+ext.versionClassifier = null // Pre-releases (alpha, beta, rc, SNAPSHOT...)\r\n+\r\n // Get signing config\r\n def keystorePropertiesFile = rootProject.file(\"secrets/keystore.properties\")\r\n def keystoreProperties = new Properties()\r\n@@ -35,8 +41,8 @@ android {\n         applicationId \"com.davidmiguel.gobees\"\r\n         minSdkVersion 19\r\n         targetSdkVersion 26\r\n-        versionCode 11\r\n-        versionName \"v1.1\"\r\n+        versionCode generateVersionCode()\r\n+        versionName generateVersionName()\r\n         testInstrumentationRunner \"android.support.test.runner.AndroidJUnitRunner\"\r\n         manifestPlaceholders = [\r\n                 crashlyticsKey: keystoreProperties['CrashlyticsKey']\r\n@@ -259,6 +265,38 @@ sonarqube {\n     }\r\n }\r\n \r\n+/**\r\n+ * Returns the number of the current build in Travis.\r\n+ */\r\n+private static Integer getBuildNumber() {\r\n+    return System.getenv()[\"TRAVIS_BUILD_NUMBER\"] as Integer ?: 0\r\n+}\r\n+\r\n+/**\r\n+ * Version code: MMMmmppbbb\r\n+ */\r\n+private Integer generateVersionCode() {\r\n+    Integer versionCode = ext.versionMajor * 10000000 +\r\n+            ext.versionMinor * 100000 +\r\n+            ext.versionPatch * 1000 +\r\n+            (getBuildNumber() % 1000)\r\n+    println \"Version code: \" + versionCode\r\n+    return versionCode\r\n+}\r\n+\r\n+/**\r\n+ * Version name: <major>.<minor>.<patch>\r\n+ * For mock, dev, tst and acc <build> is attached at the end.\r\n+ */\r\n+private String generateVersionName() {\r\n+    String versionName = \"${ext.versionMajor}.${ext.versionMinor}.${ext.versionPatch}\"\r\n+    if (ext.versionClassifier != null) {\r\n+        versionName += \"-\" + ext.versionClassifier\r\n+    }\r\n+    println \"Version name: \" + versionName\r\n+    return versionName;\r\n+}\r\n+\r\n /**\r\n  * Returns git commit long hash.\r\n  */\r"}]}
2023-09-24 16:21:12.195 DEBUG 39436 --- [           main] e.u.l.a.s.a.github.GitHubScmClient       : [GitHubScmClient#findCommit] <--- END HTTP (6081-byte body)
2023-09-24 16:21:12.196 DEBUG 39436 --- [           main] e.u.l.a.a.a.github.GitHubApmClient       : [GitHubApmClient#findIssueById] ---> GET https://api.github.com/repos/davidmigloz/go-bees/issues/201 HTTP/1.1
2023-09-24 16:21:12.196 DEBUG 39436 --- [           main] e.u.l.a.a.a.github.GitHubApmClient       : [GitHubApmClient#findIssueById] Authorization: Bearer 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
2023-09-24 16:21:12.196 DEBUG 39436 --- [           main] e.u.l.a.a.a.github.GitHubApmClient       : [GitHubApmClient#findIssueById] ---> END HTTP (0-byte body)
2023-09-24 16:21:12.428 DEBUG 39436 --- [           main] e.u.l.a.a.a.github.GitHubApmClient       : [GitHubApmClient#findIssueById] <--- HTTP/1.1 200 OK (232ms)
2023-09-24 16:21:12.428 DEBUG 39436 --- [           main] e.u.l.a.a.a.github.GitHubApmClient       : [GitHubApmClient#findIssueById] access-control-allow-origin: *
2023-09-24 16:21:12.428 DEBUG 39436 --- [           main] e.u.l.a.a.a.github.GitHubApmClient       : [GitHubApmClient#findIssueById] access-control-expose-headers: ETag, Link, Location, Retry-After, X-GitHub-OTP, X-RateLimit-Limit, X-RateLimit-Remaining, X-RateLimit-Used, X-RateLimit-Resource, X-RateLimit-Reset, X-OAuth-Scopes, X-Accepted-OAuth-Scopes, X-Poll-Interval, X-GitHub-Media-Type, X-GitHub-SSO, X-GitHub-Request-Id, Deprecation, Sunset
2023-09-24 16:21:12.429 DEBUG 39436 --- [           main] e.u.l.a.a.a.github.GitHubApmClient       : [GitHubApmClient#findIssueById] cache-control: private, max-age=60, s-maxage=60
2023-09-24 16:21:12.429 DEBUG 39436 --- [           main] e.u.l.a.a.a.github.GitHubApmClient       : [GitHubApmClient#findIssueById] content-length: 6668
2023-09-24 16:21:12.429 DEBUG 39436 --- [           main] e.u.l.a.a.a.github.GitHubApmClient       : [GitHubApmClient#findIssueById] content-security-policy: default-src 'none'
2023-09-24 16:21:12.429 DEBUG 39436 --- [           main] e.u.l.a.a.a.github.GitHubApmClient       : [GitHubApmClient#findIssueById] content-type: application/json; charset=utf-8
2023-09-24 16:21:12.429 DEBUG 39436 --- [           main] e.u.l.a.a.a.github.GitHubApmClient       : [GitHubApmClient#findIssueById] date: Sun, 24 Sep 2023 14:21:12 GMT
2023-09-24 16:21:12.429 DEBUG 39436 --- [           main] e.u.l.a.a.a.github.GitHubApmClient       : [GitHubApmClient#findIssueById] etag: "80419ba875f25661124ec7e054f59dee8af162cf1f3fb7b58aa69f0a70542c3f"
2023-09-24 16:21:12.429 DEBUG 39436 --- [           main] e.u.l.a.a.a.github.GitHubApmClient       : [GitHubApmClient#findIssueById] last-modified: Fri, 22 Sep 2023 11:29:33 GMT
2023-09-24 16:21:12.429 DEBUG 39436 --- [           main] e.u.l.a.a.a.github.GitHubApmClient       : [GitHubApmClient#findIssueById] referrer-policy: origin-when-cross-origin, strict-origin-when-cross-origin
2023-09-24 16:21:12.429 DEBUG 39436 --- [           main] e.u.l.a.a.a.github.GitHubApmClient       : [GitHubApmClient#findIssueById] server: GitHub.com
2023-09-24 16:21:12.429 DEBUG 39436 --- [           main] e.u.l.a.a.a.github.GitHubApmClient       : [GitHubApmClient#findIssueById] strict-transport-security: max-age=31536000; includeSubdomains; preload
2023-09-24 16:21:12.429 DEBUG 39436 --- [           main] e.u.l.a.a.a.github.GitHubApmClient       : [GitHubApmClient#findIssueById] vary: Accept-Encoding, Accept, X-Requested-With
2023-09-24 16:21:12.429 DEBUG 39436 --- [           main] e.u.l.a.a.a.github.GitHubApmClient       : [GitHubApmClient#findIssueById] vary: Accept, Authorization, Cookie, X-GitHub-OTP
2023-09-24 16:21:12.429 DEBUG 39436 --- [           main] e.u.l.a.a.a.github.GitHubApmClient       : [GitHubApmClient#findIssueById] x-accepted-oauth-scopes: repo
2023-09-24 16:21:12.429 DEBUG 39436 --- [           main] e.u.l.a.a.a.github.GitHubApmClient       : [GitHubApmClient#findIssueById] x-content-type-options: nosniff
2023-09-24 16:21:12.429 DEBUG 39436 --- [           main] e.u.l.a.a.a.github.GitHubApmClient       : [GitHubApmClient#findIssueById] x-frame-options: deny
2023-09-24 16:21:12.429 DEBUG 39436 --- [           main] e.u.l.a.a.a.github.GitHubApmClient       : [GitHubApmClient#findIssueById] x-github-api-version-selected: 2022-11-28
2023-09-24 16:21:12.429 DEBUG 39436 --- [           main] e.u.l.a.a.a.github.GitHubApmClient       : [GitHubApmClient#findIssueById] x-github-media-type: github.v3; format=json
2023-09-24 16:21:12.429 DEBUG 39436 --- [           main] e.u.l.a.a.a.github.GitHubApmClient       : [GitHubApmClient#findIssueById] x-github-request-id: E4B5:5059:2AE3B27:2B7ABFC:651045D8
2023-09-24 16:21:12.429 DEBUG 39436 --- [           main] e.u.l.a.a.a.github.GitHubApmClient       : [GitHubApmClient#findIssueById] x-oauth-scopes: gist, notifications, project, repo
2023-09-24 16:21:12.429 DEBUG 39436 --- [           main] e.u.l.a.a.a.github.GitHubApmClient       : [GitHubApmClient#findIssueById] x-ratelimit-limit: 5000
2023-09-24 16:21:12.429 DEBUG 39436 --- [           main] e.u.l.a.a.a.github.GitHubApmClient       : [GitHubApmClient#findIssueById] x-ratelimit-remaining: 4873
2023-09-24 16:21:12.429 DEBUG 39436 --- [           main] e.u.l.a.a.a.github.GitHubApmClient       : [GitHubApmClient#findIssueById] x-ratelimit-reset: 1695568813
2023-09-24 16:21:12.429 DEBUG 39436 --- [           main] e.u.l.a.a.a.github.GitHubApmClient       : [GitHubApmClient#findIssueById] x-ratelimit-resource: core
2023-09-24 16:21:12.429 DEBUG 39436 --- [           main] e.u.l.a.a.a.github.GitHubApmClient       : [GitHubApmClient#findIssueById] x-ratelimit-used: 127
2023-09-24 16:21:12.429 DEBUG 39436 --- [           main] e.u.l.a.a.a.github.GitHubApmClient       : [GitHubApmClient#findIssueById] x-xss-protection: 0
2023-09-24 16:21:12.429 DEBUG 39436 --- [           main] e.u.l.a.a.a.github.GitHubApmClient       : [GitHubApmClient#findIssueById] 
2023-09-24 16:21:12.429 DEBUG 39436 --- [           main] e.u.l.a.a.a.github.GitHubApmClient       : [GitHubApmClient#findIssueById] {"url":"https://api.github.com/repos/davidmigloz/go-bees/issues/201","repository_url":"https://api.github.com/repos/davidmigloz/go-bees","labels_url":"https://api.github.com/repos/davidmigloz/go-bees/issues/201/labels{/name}","comments_url":"https://api.github.com/repos/davidmigloz/go-bees/issues/201/comments","events_url":"https://api.github.com/repos/davidmigloz/go-bees/issues/201/events","html_url":"https://github.com/davidmigloz/go-bees/issues/201","id":262756478,"node_id":"MDU6SXNzdWUyNjI3NTY0Nzg=","number":201,"title":"Improve versioning ","user":{"login":"davidmigloz","id":6546265,"node_id":"MDQ6VXNlcjY1NDYyNjU=","avatar_url":"https://avatars.githubusercontent.com/u/6546265?v=4","gravatar_id":"","url":"https://api.github.com/users/davidmigloz","html_url":"https://github.com/davidmigloz","followers_url":"https://api.github.com/users/davidmigloz/followers","following_url":"https://api.github.com/users/davidmigloz/following{/other_user}","gists_url":"https://api.github.com/users/davidmigloz/gists{/gist_id}","starred_url":"https://api.github.com/users/davidmigloz/starred{/owner}{/repo}","subscriptions_url":"https://api.github.com/users/davidmigloz/subscriptions","organizations_url":"https://api.github.com/users/davidmigloz/orgs","repos_url":"https://api.github.com/users/davidmigloz/repos","events_url":"https://api.github.com/users/davidmigloz/events{/privacy}","received_events_url":"https://api.github.com/users/davidmigloz/received_events","type":"User","site_admin":false},"labels":[{"id":426435732,"node_id":"MDU6TGFiZWw0MjY0MzU3MzI=","url":"https://api.github.com/repos/davidmigloz/go-bees/labels/feature","name":"feature","color":"84b6eb","default":false,"description":null}],"state":"closed","locked":false,"assignee":{"login":"davidmigloz","id":6546265,"node_id":"MDQ6VXNlcjY1NDYyNjU=","avatar_url":"https://avatars.githubusercontent.com/u/6546265?v=4","gravatar_id":"","url":"https://api.github.com/users/davidmigloz","html_url":"https://github.com/davidmigloz","followers_url":"https://api.github.com/users/davidmigloz/followers","following_url":"https://api.github.com/users/davidmigloz/following{/other_user}","gists_url":"https://api.github.com/users/davidmigloz/gists{/gist_id}","starred_url":"https://api.github.com/users/davidmigloz/starred{/owner}{/repo}","subscriptions_url":"https://api.github.com/users/davidmigloz/subscriptions","organizations_url":"https://api.github.com/users/davidmigloz/orgs","repos_url":"https://api.github.com/users/davidmigloz/repos","events_url":"https://api.github.com/users/davidmigloz/events{/privacy}","received_events_url":"https://api.github.com/users/davidmigloz/received_events","type":"User","site_admin":false},"assignees":[{"login":"davidmigloz","id":6546265,"node_id":"MDQ6VXNlcjY1NDYyNjU=","avatar_url":"https://avatars.githubusercontent.com/u/6546265?v=4","gravatar_id":"","url":"https://api.github.com/users/davidmigloz","html_url":"https://github.com/davidmigloz","followers_url":"https://api.github.com/users/davidmigloz/followers","following_url":"https://api.github.com/users/davidmigloz/following{/other_user}","gists_url":"https://api.github.com/users/davidmigloz/gists{/gist_id}","starred_url":"https://api.github.com/users/davidmigloz/starred{/owner}{/repo}","subscriptions_url":"https://api.github.com/users/davidmigloz/subscriptions","organizations_url":"https://api.github.com/users/davidmigloz/orgs","repos_url":"https://api.github.com/users/davidmigloz/repos","events_url":"https://api.github.com/users/davidmigloz/events{/privacy}","received_events_url":"https://api.github.com/users/davidmigloz/received_events","type":"User","site_admin":false}],"milestone":{"url":"https://api.github.com/repos/davidmigloz/go-bees/milestones/21","html_url":"https://github.com/davidmigloz/go-bees/milestone/21","labels_url":"https://api.github.com/repos/davidmigloz/go-bees/milestones/21/labels","id":2787248,"node_id":"MDk6TWlsZXN0b25lMjc4NzI0OA==","number":21,"title":"Version 1.2","description":"","creator":{"login":"davidmigloz","id":6546265,"node_id":"MDQ6VXNlcjY1NDYyNjU=","avatar_url":"https://avatars.githubusercontent.com/u/6546265?v=4","gravatar_id":"","url":"https://api.github.com/users/davidmigloz","html_url":"https://github.com/davidmigloz","followers_url":"https://api.github.com/users/davidmigloz/followers","following_url":"https://api.github.com/users/davidmigloz/following{/other_user}","gists_url":"https://api.github.com/users/davidmigloz/gists{/gist_id}","starred_url":"https://api.github.com/users/davidmigloz/starred{/owner}{/repo}","subscriptions_url":"https://api.github.com/users/davidmigloz/subscriptions","organizations_url":"https://api.github.com/users/davidmigloz/orgs","repos_url":"https://api.github.com/users/davidmigloz/repos","events_url":"https://api.github.com/users/davidmigloz/events{/privacy}","received_events_url":"https://api.github.com/users/davidmigloz/received_events","type":"User","site_admin":false},"open_issues":0,"closed_issues":10,"state":"closed","created_at":"2017-09-23T23:26:41Z","updated_at":"2017-10-16T22:17:10Z","due_on":"2017-10-16T07:00:00Z","closed_at":"2017-10-16T22:17:10Z"},"comments":0,"created_at":"2017-10-04T11:40:37Z","updated_at":"2017-10-15T22:42:04Z","closed_at":"2017-10-15T22:42:04Z","author_association":"OWNER","active_lock_reason":null,"body":"https://medium.com/@maxirosson/versioning-android-apps-d6ec171cfd82","closed_by":{"login":"davidmigloz","id":6546265,"node_id":"MDQ6VXNlcjY1NDYyNjU=","avatar_url":"https://avatars.githubusercontent.com/u/6546265?v=4","gravatar_id":"","url":"https://api.github.com/users/davidmigloz","html_url":"https://github.com/davidmigloz","followers_url":"https://api.github.com/users/davidmigloz/followers","following_url":"https://api.github.com/users/davidmigloz/following{/other_user}","gists_url":"https://api.github.com/users/davidmigloz/gists{/gist_id}","starred_url":"https://api.github.com/users/davidmigloz/starred{/owner}{/repo}","subscriptions_url":"https://api.github.com/users/davidmigloz/subscriptions","organizations_url":"https://api.github.com/users/davidmigloz/orgs","repos_url":"https://api.github.com/users/davidmigloz/repos","events_url":"https://api.github.com/users/davidmigloz/events{/privacy}","received_events_url":"https://api.github.com/users/davidmigloz/received_events","type":"User","site_admin":false},"reactions":{"url":"https://api.github.com/repos/davidmigloz/go-bees/issues/201/reactions","total_count":0,"+1":0,"-1":0,"laugh":0,"hooray":0,"confused":0,"heart":0,"rocket":0,"eyes":0},"timeline_url":"https://api.github.com/repos/davidmigloz/go-bees/issues/201/timeline","performed_via_github_app":null,"state_reason":"completed"}
2023-09-24 16:21:12.430 DEBUG 39436 --- [           main] e.u.l.a.a.a.github.GitHubApmClient       : [GitHubApmClient#findIssueById] <--- END HTTP (6668-byte body)
  &amp#27;[32mWhen &amp#27;[0m&amp#27;[32mI import the commit &amp#27;[0m&amp#27;[32m&amp#27;[1m"ba45e3bd0f9cecc6ae21ca94c565a5a24dcdda2f"&amp#27;[0m                   &amp#27;[90m# es.ubu.lsi.avrela.bdd.scm.CommitImportSteps.iImportTheCommit(java.lang.String)&amp#27;[0m
  &amp#27;[32mThen &amp#27;[0m&amp#27;[32mtotal files changed should be &amp#27;[0m&amp#27;[32m&amp#27;[1m1&amp#27;[0m                                                  &amp#27;[90m# es.ubu.lsi.avrela.bdd.scm.CommitImportSteps.totalFilesChangedShouldBeTotalFilesChanged(java.lang.Long)&amp#27;[0m
  &amp#27;[32mAnd &amp#27;[0m&amp#27;[32mtotal additions should be &amp#27;[0m&amp#27;[32m&amp#27;[1m40&amp#27;[0m                                                      &amp#27;[90m# es.ubu.lsi.avrela.bdd.scm.CommitImportSteps.totalAdditionsShouldBeTotalAdditions(java.lang.Long)&amp#27;[0m
  &amp#27;[32mAnd &amp#27;[0m&amp#27;[32mtotal deletions should be &amp#27;[0m&amp#27;[32m&amp#27;[1m2&amp#27;[0m                                                       &amp#27;[90m# es.ubu.lsi.avrela.bdd.scm.CommitImportSteps.totalDeletionsShouldBeTotalDeletions(java.lang.Long)&amp#27;[0m
  &amp#27;[32mAnd &amp#27;[0m&amp#27;[32mcommit author should be &amp#27;[0m&amp#27;[32m&amp#27;[1m"David Miguel"&amp#27;[0m                                            &amp#27;[90m# es.ubu.lsi.avrela.bdd.scm.CommitImportSteps.commitAuthorShouldBe(java.lang.String)&amp#27;[0m
  &amp#27;[32mAnd &amp#27;[0m&amp#27;[32mcommit message should be &amp#27;[0m&amp#27;[32m&amp#27;[1m"Improve versioning #201"&amp#27;[0m                                &amp#27;[90m# es.ubu.lsi.avrela.bdd.scm.CommitImportSteps.commitMessageShouldBe(java.lang.String)&amp#27;[0m
]]></system-out>
  </testcase>
  <testcase name="Source control management commit import - Import successful - Examples - Example #4" classname="Source control management commit import - Import successful - Examples" time="0.584">
    <system-out><![CDATA[
Scenario Outline: Import successful                                                     &amp#27;[90m# features/scm/CommitImport.feature:16&amp#27;[0m
2023-09-24 16:21:12.455  INFO 39436 --- [           main] e.u.l.avrela.bdd.scm.CommitImportSteps   : Finding out a commit with coordinates [davidmigloz go-bees]
  &amp#27;[32mGiven &amp#27;[0m&amp#27;[32mcommits are imported from the repository owned by &amp#27;[0m&amp#27;[32m&amp#27;[1m"davidmigloz"&amp#27;[0m&amp#27;[32m named &amp#27;[0m&amp#27;[32m&amp#27;[1m"go-bees"&amp#27;[0m &amp#27;[90m# es.ubu.lsi.avrela.bdd.scm.CommitImportSteps.commitsAreImportedFromTheRepositoryOwnedByNamed(java.lang.String,java.lang.String)&amp#27;[0m
2023-09-24 16:21:12.464 DEBUG 39436 --- [           main] e.u.l.a.s.a.github.GitHubScmClient       : [GitHubScmClient#findCommit] ---> GET https://api.github.com/repos/davidmigloz/go-bees/commits/63c953f366823f944a9f9c5775b549f18076d055 HTTP/1.1
2023-09-24 16:21:12.464 DEBUG 39436 --- [           main] e.u.l.a.s.a.github.GitHubScmClient       : [GitHubScmClient#findCommit] Authorization: Bearer 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
2023-09-24 16:21:12.464 DEBUG 39436 --- [           main] e.u.l.a.s.a.github.GitHubScmClient       : [GitHubScmClient#findCommit] ---> END HTTP (0-byte body)
2023-09-24 16:21:12.739 DEBUG 39436 --- [           main] e.u.l.a.s.a.github.GitHubScmClient       : [GitHubScmClient#findCommit] <--- HTTP/1.1 200 OK (275ms)
2023-09-24 16:21:12.740 DEBUG 39436 --- [           main] e.u.l.a.s.a.github.GitHubScmClient       : [GitHubScmClient#findCommit] access-control-allow-origin: *
2023-09-24 16:21:12.740 DEBUG 39436 --- [           main] e.u.l.a.s.a.github.GitHubScmClient       : [GitHubScmClient#findCommit] access-control-expose-headers: ETag, Link, Location, Retry-After, X-GitHub-OTP, X-RateLimit-Limit, X-RateLimit-Remaining, X-RateLimit-Used, X-RateLimit-Resource, X-RateLimit-Reset, X-OAuth-Scopes, X-Accepted-OAuth-Scopes, X-Poll-Interval, X-GitHub-Media-Type, X-GitHub-SSO, X-GitHub-Request-Id, Deprecation, Sunset
2023-09-24 16:21:12.740 DEBUG 39436 --- [           main] e.u.l.a.s.a.github.GitHubScmClient       : [GitHubScmClient#findCommit] cache-control: private, max-age=60, s-maxage=60
2023-09-24 16:21:12.740 DEBUG 39436 --- [           main] e.u.l.a.s.a.github.GitHubScmClient       : [GitHubScmClient#findCommit] content-length: 10916
2023-09-24 16:21:12.740 DEBUG 39436 --- [           main] e.u.l.a.s.a.github.GitHubScmClient       : [GitHubScmClient#findCommit] content-security-policy: default-src 'none'
2023-09-24 16:21:12.740 DEBUG 39436 --- [           main] e.u.l.a.s.a.github.GitHubScmClient       : [GitHubScmClient#findCommit] content-type: application/json; charset=utf-8
2023-09-24 16:21:12.740 DEBUG 39436 --- [           main] e.u.l.a.s.a.github.GitHubScmClient       : [GitHubScmClient#findCommit] date: Sun, 24 Sep 2023 14:21:12 GMT
2023-09-24 16:21:12.740 DEBUG 39436 --- [           main] e.u.l.a.s.a.github.GitHubScmClient       : [GitHubScmClient#findCommit] etag: "341e3e7938c75ed30a9666adbdcb58828cd1f4ae746bc52323bd65bbfe7f2281"
2023-09-24 16:21:12.740 DEBUG 39436 --- [           main] e.u.l.a.s.a.github.GitHubScmClient       : [GitHubScmClient#findCommit] last-modified: Sun, 08 Oct 2017 22:21:42 GMT
2023-09-24 16:21:12.740 DEBUG 39436 --- [           main] e.u.l.a.s.a.github.GitHubScmClient       : [GitHubScmClient#findCommit] referrer-policy: origin-when-cross-origin, strict-origin-when-cross-origin
2023-09-24 16:21:12.740 DEBUG 39436 --- [           main] e.u.l.a.s.a.github.GitHubScmClient       : [GitHubScmClient#findCommit] server: GitHub.com
2023-09-24 16:21:12.741 DEBUG 39436 --- [           main] e.u.l.a.s.a.github.GitHubScmClient       : [GitHubScmClient#findCommit] strict-transport-security: max-age=31536000; includeSubdomains; preload
2023-09-24 16:21:12.741 DEBUG 39436 --- [           main] e.u.l.a.s.a.github.GitHubScmClient       : [GitHubScmClient#findCommit] vary: Accept-Encoding, Accept, X-Requested-With
2023-09-24 16:21:12.741 DEBUG 39436 --- [           main] e.u.l.a.s.a.github.GitHubScmClient       : [GitHubScmClient#findCommit] vary: Accept, Authorization, Cookie, X-GitHub-OTP
2023-09-24 16:21:12.741 DEBUG 39436 --- [           main] e.u.l.a.s.a.github.GitHubScmClient       : [GitHubScmClient#findCommit] x-accepted-oauth-scopes: 
2023-09-24 16:21:12.741 DEBUG 39436 --- [           main] e.u.l.a.s.a.github.GitHubScmClient       : [GitHubScmClient#findCommit] x-content-type-options: nosniff
2023-09-24 16:21:12.741 DEBUG 39436 --- [           main] e.u.l.a.s.a.github.GitHubScmClient       : [GitHubScmClient#findCommit] x-frame-options: deny
2023-09-24 16:21:12.741 DEBUG 39436 --- [           main] e.u.l.a.s.a.github.GitHubScmClient       : [GitHubScmClient#findCommit] x-github-api-version-selected: 2022-11-28
2023-09-24 16:21:12.741 DEBUG 39436 --- [           main] e.u.l.a.s.a.github.GitHubScmClient       : [GitHubScmClient#findCommit] x-github-media-type: github.v3; format=json
2023-09-24 16:21:12.741 DEBUG 39436 --- [           main] e.u.l.a.s.a.github.GitHubScmClient       : [GitHubScmClient#findCommit] x-github-request-id: E4B5:5059:2AE3BFB:2B7ACD1:651045D8
2023-09-24 16:21:12.741 DEBUG 39436 --- [           main] e.u.l.a.s.a.github.GitHubScmClient       : [GitHubScmClient#findCommit] x-oauth-scopes: gist, notifications, project, repo
2023-09-24 16:21:12.741 DEBUG 39436 --- [           main] e.u.l.a.s.a.github.GitHubScmClient       : [GitHubScmClient#findCommit] x-ratelimit-limit: 5000
2023-09-24 16:21:12.741 DEBUG 39436 --- [           main] e.u.l.a.s.a.github.GitHubScmClient       : [GitHubScmClient#findCommit] x-ratelimit-remaining: 4872
2023-09-24 16:21:12.741 DEBUG 39436 --- [           main] e.u.l.a.s.a.github.GitHubScmClient       : [GitHubScmClient#findCommit] x-ratelimit-reset: 1695568813
2023-09-24 16:21:12.741 DEBUG 39436 --- [           main] e.u.l.a.s.a.github.GitHubScmClient       : [GitHubScmClient#findCommit] x-ratelimit-resource: core
2023-09-24 16:21:12.741 DEBUG 39436 --- [           main] e.u.l.a.s.a.github.GitHubScmClient       : [GitHubScmClient#findCommit] x-ratelimit-used: 128
2023-09-24 16:21:12.741 DEBUG 39436 --- [           main] e.u.l.a.s.a.github.GitHubScmClient       : [GitHubScmClient#findCommit] x-xss-protection: 0
2023-09-24 16:21:12.741 DEBUG 39436 --- [           main] e.u.l.a.s.a.github.GitHubScmClient       : [GitHubScmClient#findCommit] 
2023-09-24 16:21:12.742 DEBUG 39436 --- [           main] e.u.l.a.s.a.github.GitHubScmClient       : [GitHubScmClient#findCommit] {"sha":"63c953f366823f944a9f9c5775b549f18076d055","node_id":"MDY6Q29tbWl0NjU5Mjc2Nzg6NjNjOTUzZjM2NjgyM2Y5NDRhOWY5YzU3NzViNTQ5ZjE4MDc2ZDA1NQ==","commit":{"author":{"name":"David Miguel","email":"david.miguel@peaks.com","date":"2017-10-08T22:21:42Z"},"committer":{"name":"David Miguel","email":"david.miguel@peaks.com","date":"2017-10-08T22:21:42Z"},"message":"Continuous deployment to Google Play #200","tree":{"sha":"097f84a173b1ca86ce20fcfb932144afc3d5d52c","url":"https://api.github.com/repos/davidmigloz/go-bees/git/trees/097f84a173b1ca86ce20fcfb932144afc3d5d52c"},"url":"https://api.github.com/repos/davidmigloz/go-bees/git/commits/63c953f366823f944a9f9c5775b549f18076d055","comment_count":0,"verification":{"verified":false,"reason":"unsigned","signature":null,"payload":null}},"url":"https://api.github.com/repos/davidmigloz/go-bees/commits/63c953f366823f944a9f9c5775b549f18076d055","html_url":"https://github.com/davidmigloz/go-bees/commit/63c953f366823f944a9f9c5775b549f18076d055","comments_url":"https://api.github.com/repos/davidmigloz/go-bees/commits/63c953f366823f944a9f9c5775b549f18076d055/comments","author":{"login":"davidmigloz","id":6546265,"node_id":"MDQ6VXNlcjY1NDYyNjU=","avatar_url":"https://avatars.githubusercontent.com/u/6546265?v=4","gravatar_id":"","url":"https://api.github.com/users/davidmigloz","html_url":"https://github.com/davidmigloz","followers_url":"https://api.github.com/users/davidmigloz/followers","following_url":"https://api.github.com/users/davidmigloz/following{/other_user}","gists_url":"https://api.github.com/users/davidmigloz/gists{/gist_id}","starred_url":"https://api.github.com/users/davidmigloz/starred{/owner}{/repo}","subscriptions_url":"https://api.github.com/users/davidmigloz/subscriptions","organizations_url":"https://api.github.com/users/davidmigloz/orgs","repos_url":"https://api.github.com/users/davidmigloz/repos","events_url":"https://api.github.com/users/davidmigloz/events{/privacy}","received_events_url":"https://api.github.com/users/davidmigloz/received_events","type":"User","site_admin":false},"committer":{"login":"davidmigloz","id":6546265,"node_id":"MDQ6VXNlcjY1NDYyNjU=","avatar_url":"https://avatars.githubusercontent.com/u/6546265?v=4","gravatar_id":"","url":"https://api.github.com/users/davidmigloz","html_url":"https://github.com/davidmigloz","followers_url":"https://api.github.com/users/davidmigloz/followers","following_url":"https://api.github.com/users/davidmigloz/following{/other_user}","gists_url":"https://api.github.com/users/davidmigloz/gists{/gist_id}","starred_url":"https://api.github.com/users/davidmigloz/starred{/owner}{/repo}","subscriptions_url":"https://api.github.com/users/davidmigloz/subscriptions","organizations_url":"https://api.github.com/users/davidmigloz/orgs","repos_url":"https://api.github.com/users/davidmigloz/repos","events_url":"https://api.github.com/users/davidmigloz/events{/privacy}","received_events_url":"https://api.github.com/users/davidmigloz/received_events","type":"User","site_admin":false},"parents":[{"sha":"ba45e3bd0f9cecc6ae21ca94c565a5a24dcdda2f","url":"https://api.github.com/repos/davidmigloz/go-bees/commits/ba45e3bd0f9cecc6ae21ca94c565a5a24dcdda2f","html_url":"https://github.com/davidmigloz/go-bees/commit/ba45e3bd0f9cecc6ae21ca94c565a5a24dcdda2f"}],"stats":{"total":94,"additions":56,"deletions":38},"files":[{"sha":"731866fbe0c6d19711c6dd67ec5ce510378b5088","filename":".travis.yml","status":"modified","additions":25,"deletions":22,"changes":47,"blob_url":"https://github.com/davidmigloz/go-bees/blob/63c953f366823f944a9f9c5775b549f18076d055/.travis.yml","raw_url":"https://github.com/davidmigloz/go-bees/raw/63c953f366823f944a9f9c5775b549f18076d055/.travis.yml","contents_url":"https://api.github.com/repos/davidmigloz/go-bees/contents/.travis.yml?ref=63c953f366823f944a9f9c5775b549f18076d055","patch":"@@ -58,34 +58,37 @@ before_script:\n #    - mkdir opencv_lib\n #    - cp opencv/build/lib/libopencv_java320.so opencv_lib/libopencv_java320.so\n #    - export LD_LIBRARY_PATH=$LD_LIBRARY_PATH:$PWD/opencv_lib/\n-    - chmod +x gradlew\n+- chmod +x gradlew\n \n script:\n-    # Compile and run lint\n-    - ./gradlew clean assembleProdRelease lint --stacktrace\n-    # Run test coverage report\n-#    - ./gradlew jacocoTestMockDebugUnitTestReport\n-    # Run SonarQube analysis\n-#    - ./gradlew sonarqube\n-    # Build test app\n-    # ./gradlew assembleAndroidTest\n-    # Create and lunch emulator\n-    #- echo no | android create avd --force -n test -t $ANDROID_TARGET --abi $ANDROID_ABI\n-    #- emulator -avd test -no-audio -no-window &\n-    #- android-wait-for-emulator\n-    #- adb shell setprop dalvik.vm.dexopt-flags v=n,o=v\n-    #- ./gradlew connectedMockDebugAndroidTest\n+# Compile and run lint\n+- ./gradlew clean assembleProdRelease lint --stacktrace\n+# Deploy app to Google Play\n+- if [ \"$TRAVIS_BRANCH\" == \"develop\" ]; then ./gradlew publishApkDevRelease; fi\n+- if [ \"$TRAVIS_BRANCH\" == \"master\" ]; then ./gradlew publishApkProdRelease; fi\n+# Run test coverage report\n+# - ./gradlew jacocoTestMockDebugUnitTestReport\n+# Run SonarQube analysis\n+# - ./gradlew sonarqube\n+# Build test app\n+# ./gradlew assembleAndroidTest\n+# Create and lunch emulator\n+# - echo no | android create avd --force -n test -t $ANDROID_TARGET --abi $ANDROID_ABI\n+# - emulator -avd test -no-audio -no-window &\n+# - android-wait-for-emulator\n+# - adb shell setprop dalvik.vm.dexopt-flags v=n,o=v\n+# - ./gradlew connectedMockDebugAndroidTest\n \n after_success:\n-#    - bash <(curl -s https://codecov.io/bash)\n+# - bash <(curl -s https://codecov.io/bash)\n \n before_cache:\n-  - rm -f  $HOME/.gradle/caches/modules-2/modules-2.lock\n-  - rm -fr $HOME/.gradle/caches/*/plugin-resolution/\n+- rm -f  $HOME/.gradle/caches/modules-2/modules-2.lock\n+- rm -fr $HOME/.gradle/caches/*/plugin-resolution/\n \n cache:\n   directories:\n-    - $HOME/.gradle/caches/\n-    - $HOME/.gradle/wrapper/\n-    - $HOME/.android/build-cache\n-    - $HOME/.sonar/cache\n+  - $HOME/.gradle/caches/\n+  - $HOME/.gradle/wrapper/\n+  - $HOME/.android/build-cache\n+  - $HOME/.sonar/cache"},{"sha":"153adb7e1aaa4a1aca5f4659b21558a96e4d67f3","filename":"app/build.gradle","status":"modified","additions":29,"deletions":16,"changes":45,"blob_url":"https://github.com/davidmigloz/go-bees/blob/63c953f366823f944a9f9c5775b549f18076d055/app%2Fbuild.gradle","raw_url":"https://github.com/davidmigloz/go-bees/raw/63c953f366823f944a9f9c5775b549f18076d055/app%2Fbuild.gradle","contents_url":"https://api.github.com/repos/davidmigloz/go-bees/contents/app%2Fbuild.gradle?ref=63c953f366823f944a9f9c5775b549f18076d055","patch":"@@ -20,6 +20,7 @@ apply plugin: 'com.android.application'\n apply plugin: 'jacoco-android'\r\n apply plugin: 'realm-android'\r\n apply plugin: 'io.fabric'\r\n+apply plugin: 'com.github.triplet.play'\r\n \r\n // App version\r\n ext.versionMajor = 1 // API Changes, adding big new feature, redesign the App\r\n@@ -37,21 +38,6 @@ android {\n     compileSdkVersion 26\r\n     buildToolsVersion '26.0.1'\r\n \r\n-    defaultConfig {\r\n-        applicationId \"com.davidmiguel.gobees\"\r\n-        minSdkVersion 19\r\n-        targetSdkVersion 26\r\n-        versionCode generateVersionCode()\r\n-        versionName generateVersionName()\r\n-        testInstrumentationRunner \"android.support.test.runner.AndroidJUnitRunner\"\r\n-        manifestPlaceholders = [\r\n-                crashlyticsKey: keystoreProperties['CrashlyticsKey']\r\n-        ]\r\n-        buildConfigField 'String', 'COMMIT_HASH', \"\\\"${getCommitHash()}\\\"\"\r\n-        buildConfigField 'String', 'BUILD_DATE', \"\\\"${getBuildDate()}\\\"\"\r\n-        buildConfigField 'String', 'OPEN_WEATHER_MAP_API_KEY', keystoreProperties['OpenWeatherMapApiKey']\r\n-    }\r\n-\r\n     signingConfigs {\r\n         debug {\r\n             keyAlias keystoreProperties['keyAliasDebug']\r\n@@ -67,6 +53,33 @@ android {\n         }\r\n     }\r\n \r\n+    playAccountConfigs {\r\n+        defaultAccountConfig {\r\n+            serviceAccountEmail = keystoreProperties['serviceAccountEmail']\r\n+            jsonFile = file(keystoreProperties['googlePlayKey'])\r\n+        }\r\n+    }\r\n+\r\n+    play {\r\n+        track = 'beta'\r\n+    }\r\n+\r\n+    defaultConfig {\r\n+        applicationId \"com.davidmiguel.gobees\"\r\n+        minSdkVersion 19\r\n+        targetSdkVersion 26\r\n+        versionCode generateVersionCode()\r\n+        versionName generateVersionName()\r\n+        testInstrumentationRunner \"android.support.test.runner.AndroidJUnitRunner\"\r\n+        manifestPlaceholders = [\r\n+                crashlyticsKey: keystoreProperties['CrashlyticsKey']\r\n+        ]\r\n+        buildConfigField 'String', 'COMMIT_HASH', \"\\\"${getCommitHash()}\\\"\"\r\n+        buildConfigField 'String', 'BUILD_DATE', \"\\\"${getBuildDate()}\\\"\"\r\n+        buildConfigField 'String', 'OPEN_WEATHER_MAP_API_KEY', keystoreProperties['OpenWeatherMapApiKey']\r\n+        playAccountConfig = playAccountConfigs.defaultAccountConfig\r\n+    }\r\n+\r\n     buildTypes {\r\n         debug {\r\n             testCoverageEnabled true\r\n@@ -269,7 +282,7 @@ sonarqube {\n  * Returns the number of the current build in Travis.\r\n  */\r\n private static Integer getBuildNumber() {\r\n-    return System.getenv()[\"TRAVIS_BUILD_NUMBER\"] as Integer ?: 0\r\n+    return System.getenv()[\"TRAVIS_BUILD_NUMBER\"] as Integer ?: 1\r\n }\r\n \r\n /**\r"},{"sha":"52303074ccd965e936582ed661e0d262ae0c7a89","filename":"build.gradle","status":"modified","additions":2,"deletions":0,"changes":2,"blob_url":"https://github.com/davidmigloz/go-bees/blob/63c953f366823f944a9f9c5775b549f18076d055/build.gradle","raw_url":"https://github.com/davidmigloz/go-bees/raw/63c953f366823f944a9f9c5775b549f18076d055/build.gradle","contents_url":"https://api.github.com/repos/davidmigloz/go-bees/contents/build.gradle?ref=63c953f366823f944a9f9c5775b549f18076d055","patch":"@@ -32,6 +32,8 @@ buildscript {\n         classpath 'io.fabric.tools:gradle:1.24.2'\r\n         // Google Services Gradle Plugin (for Firebase) : https://developers.google.com/android/guides/google-services-plugin\r\n         classpath 'com.google.gms:google-services:3.1.0'\r\n+        // Gradle Play Publisher : https://github.com/Triple-T/gradle-play-publisher\r\n+        classpath 'com.github.triplet.gradle:play-publisher:1.2.0'\r\n     }\r\n }\r\n \r"},{"sha":"f481b321f31bbd60f7a0dd8577eed4e45e429485","filename":"secrets.tar.enc","status":"modified","additions":0,"deletions":0,"changes":0,"blob_url":"https://github.com/davidmigloz/go-bees/blob/63c953f366823f944a9f9c5775b549f18076d055/secrets.tar.enc","raw_url":"https://github.com/davidmigloz/go-bees/raw/63c953f366823f944a9f9c5775b549f18076d055/secrets.tar.enc","contents_url":"https://api.github.com/repos/davidmigloz/go-bees/contents/secrets.tar.enc?ref=63c953f366823f944a9f9c5775b549f18076d055"}]}
2023-09-24 16:21:12.743 DEBUG 39436 --- [           main] e.u.l.a.s.a.github.GitHubScmClient       : [GitHubScmClient#findCommit] <--- END HTTP (10916-byte body)
2023-09-24 16:21:12.744 DEBUG 39436 --- [           main] e.u.l.a.a.a.github.GitHubApmClient       : [GitHubApmClient#findIssueById] ---> GET https://api.github.com/repos/davidmigloz/go-bees/issues/200 HTTP/1.1
2023-09-24 16:21:12.745 DEBUG 39436 --- [           main] e.u.l.a.a.a.github.GitHubApmClient       : [GitHubApmClient#findIssueById] Authorization: Bearer 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
2023-09-24 16:21:12.745 DEBUG 39436 --- [           main] e.u.l.a.a.a.github.GitHubApmClient       : [GitHubApmClient#findIssueById] ---> END HTTP (0-byte body)
2023-09-24 16:21:13.011 DEBUG 39436 --- [           main] e.u.l.a.a.a.github.GitHubApmClient       : [GitHubApmClient#findIssueById] <--- HTTP/1.1 200 OK (266ms)
2023-09-24 16:21:13.012 DEBUG 39436 --- [           main] e.u.l.a.a.a.github.GitHubApmClient       : [GitHubApmClient#findIssueById] access-control-allow-origin: *
2023-09-24 16:21:13.012 DEBUG 39436 --- [           main] e.u.l.a.a.a.github.GitHubApmClient       : [GitHubApmClient#findIssueById] access-control-expose-headers: ETag, Link, Location, Retry-After, X-GitHub-OTP, X-RateLimit-Limit, X-RateLimit-Remaining, X-RateLimit-Used, X-RateLimit-Resource, X-RateLimit-Reset, X-OAuth-Scopes, X-Accepted-OAuth-Scopes, X-Poll-Interval, X-GitHub-Media-Type, X-GitHub-SSO, X-GitHub-Request-Id, Deprecation, Sunset
2023-09-24 16:21:13.012 DEBUG 39436 --- [           main] e.u.l.a.a.a.github.GitHubApmClient       : [GitHubApmClient#findIssueById] cache-control: private, max-age=60, s-maxage=60
2023-09-24 16:21:13.012 DEBUG 39436 --- [           main] e.u.l.a.a.a.github.GitHubApmClient       : [GitHubApmClient#findIssueById] content-length: 6739
2023-09-24 16:21:13.012 DEBUG 39436 --- [           main] e.u.l.a.a.a.github.GitHubApmClient       : [GitHubApmClient#findIssueById] content-security-policy: default-src 'none'
2023-09-24 16:21:13.012 DEBUG 39436 --- [           main] e.u.l.a.a.a.github.GitHubApmClient       : [GitHubApmClient#findIssueById] content-type: application/json; charset=utf-8
2023-09-24 16:21:13.012 DEBUG 39436 --- [           main] e.u.l.a.a.a.github.GitHubApmClient       : [GitHubApmClient#findIssueById] date: Sun, 24 Sep 2023 14:21:12 GMT
2023-09-24 16:21:13.012 DEBUG 39436 --- [           main] e.u.l.a.a.a.github.GitHubApmClient       : [GitHubApmClient#findIssueById] etag: "e2c5cff1a44ee59ccaced93d4de9b0cef043d5b4dc20714143bcdd0d4443ffe1"
2023-09-24 16:21:13.012 DEBUG 39436 --- [           main] e.u.l.a.a.a.github.GitHubApmClient       : [GitHubApmClient#findIssueById] last-modified: Fri, 22 Sep 2023 11:29:33 GMT
2023-09-24 16:21:13.012 DEBUG 39436 --- [           main] e.u.l.a.a.a.github.GitHubApmClient       : [GitHubApmClient#findIssueById] referrer-policy: origin-when-cross-origin, strict-origin-when-cross-origin
2023-09-24 16:21:13.012 DEBUG 39436 --- [           main] e.u.l.a.a.a.github.GitHubApmClient       : [GitHubApmClient#findIssueById] server: GitHub.com
2023-09-24 16:21:13.012 DEBUG 39436 --- [           main] e.u.l.a.a.a.github.GitHubApmClient       : [GitHubApmClient#findIssueById] strict-transport-security: max-age=31536000; includeSubdomains; preload
2023-09-24 16:21:13.012 DEBUG 39436 --- [           main] e.u.l.a.a.a.github.GitHubApmClient       : [GitHubApmClient#findIssueById] vary: Accept-Encoding, Accept, X-Requested-With
2023-09-24 16:21:13.012 DEBUG 39436 --- [           main] e.u.l.a.a.a.github.GitHubApmClient       : [GitHubApmClient#findIssueById] vary: Accept, Authorization, Cookie, X-GitHub-OTP
2023-09-24 16:21:13.012 DEBUG 39436 --- [           main] e.u.l.a.a.a.github.GitHubApmClient       : [GitHubApmClient#findIssueById] x-accepted-oauth-scopes: repo
2023-09-24 16:21:13.012 DEBUG 39436 --- [           main] e.u.l.a.a.a.github.GitHubApmClient       : [GitHubApmClient#findIssueById] x-content-type-options: nosniff
2023-09-24 16:21:13.013 DEBUG 39436 --- [           main] e.u.l.a.a.a.github.GitHubApmClient       : [GitHubApmClient#findIssueById] x-frame-options: deny
2023-09-24 16:21:13.013 DEBUG 39436 --- [           main] e.u.l.a.a.a.github.GitHubApmClient       : [GitHubApmClient#findIssueById] x-github-api-version-selected: 2022-11-28
2023-09-24 16:21:13.013 DEBUG 39436 --- [           main] e.u.l.a.a.a.github.GitHubApmClient       : [GitHubApmClient#findIssueById] x-github-media-type: github.v3; format=json
2023-09-24 16:21:13.013 DEBUG 39436 --- [           main] e.u.l.a.a.a.github.GitHubApmClient       : [GitHubApmClient#findIssueById] x-github-request-id: E4B5:5059:2AE3CBF:2B7AD91:651045D8
2023-09-24 16:21:13.013 DEBUG 39436 --- [           main] e.u.l.a.a.a.github.GitHubApmClient       : [GitHubApmClient#findIssueById] x-oauth-scopes: gist, notifications, project, repo
2023-09-24 16:21:13.013 DEBUG 39436 --- [           main] e.u.l.a.a.a.github.GitHubApmClient       : [GitHubApmClient#findIssueById] x-ratelimit-limit: 5000
2023-09-24 16:21:13.013 DEBUG 39436 --- [           main] e.u.l.a.a.a.github.GitHubApmClient       : [GitHubApmClient#findIssueById] x-ratelimit-remaining: 4871
2023-09-24 16:21:13.013 DEBUG 39436 --- [           main] e.u.l.a.a.a.github.GitHubApmClient       : [GitHubApmClient#findIssueById] x-ratelimit-reset: 1695568813
2023-09-24 16:21:13.013 DEBUG 39436 --- [           main] e.u.l.a.a.a.github.GitHubApmClient       : [GitHubApmClient#findIssueById] x-ratelimit-resource: core
2023-09-24 16:21:13.013 DEBUG 39436 --- [           main] e.u.l.a.a.a.github.GitHubApmClient       : [GitHubApmClient#findIssueById] x-ratelimit-used: 129
2023-09-24 16:21:13.013 DEBUG 39436 --- [           main] e.u.l.a.a.a.github.GitHubApmClient       : [GitHubApmClient#findIssueById] x-xss-protection: 0
2023-09-24 16:21:13.013 DEBUG 39436 --- [           main] e.u.l.a.a.a.github.GitHubApmClient       : [GitHubApmClient#findIssueById] 
2023-09-24 16:21:13.013 DEBUG 39436 --- [           main] e.u.l.a.a.a.github.GitHubApmClient       : [GitHubApmClient#findIssueById] {"url":"https://api.github.com/repos/davidmigloz/go-bees/issues/200","repository_url":"https://api.github.com/repos/davidmigloz/go-bees","labels_url":"https://api.github.com/repos/davidmigloz/go-bees/issues/200/labels{/name}","comments_url":"https://api.github.com/repos/davidmigloz/go-bees/issues/200/comments","events_url":"https://api.github.com/repos/davidmigloz/go-bees/issues/200/events","html_url":"https://github.com/davidmigloz/go-bees/issues/200","id":261855842,"node_id":"MDU6SXNzdWUyNjE4NTU4NDI=","number":200,"title":"Continuous deployment to Google Play","user":{"login":"davidmigloz","id":6546265,"node_id":"MDQ6VXNlcjY1NDYyNjU=","avatar_url":"https://avatars.githubusercontent.com/u/6546265?v=4","gravatar_id":"","url":"https://api.github.com/users/davidmigloz","html_url":"https://github.com/davidmigloz","followers_url":"https://api.github.com/users/davidmigloz/followers","following_url":"https://api.github.com/users/davidmigloz/following{/other_user}","gists_url":"https://api.github.com/users/davidmigloz/gists{/gist_id}","starred_url":"https://api.github.com/users/davidmigloz/starred{/owner}{/repo}","subscriptions_url":"https://api.github.com/users/davidmigloz/subscriptions","organizations_url":"https://api.github.com/users/davidmigloz/orgs","repos_url":"https://api.github.com/users/davidmigloz/repos","events_url":"https://api.github.com/users/davidmigloz/events{/privacy}","received_events_url":"https://api.github.com/users/davidmigloz/received_events","type":"User","site_admin":false},"labels":[{"id":426435732,"node_id":"MDU6TGFiZWw0MjY0MzU3MzI=","url":"https://api.github.com/repos/davidmigloz/go-bees/labels/feature","name":"feature","color":"84b6eb","default":false,"description":null}],"state":"closed","locked":false,"assignee":{"login":"davidmigloz","id":6546265,"node_id":"MDQ6VXNlcjY1NDYyNjU=","avatar_url":"https://avatars.githubusercontent.com/u/6546265?v=4","gravatar_id":"","url":"https://api.github.com/users/davidmigloz","html_url":"https://github.com/davidmigloz","followers_url":"https://api.github.com/users/davidmigloz/followers","following_url":"https://api.github.com/users/davidmigloz/following{/other_user}","gists_url":"https://api.github.com/users/davidmigloz/gists{/gist_id}","starred_url":"https://api.github.com/users/davidmigloz/starred{/owner}{/repo}","subscriptions_url":"https://api.github.com/users/davidmigloz/subscriptions","organizations_url":"https://api.github.com/users/davidmigloz/orgs","repos_url":"https://api.github.com/users/davidmigloz/repos","events_url":"https://api.github.com/users/davidmigloz/events{/privacy}","received_events_url":"https://api.github.com/users/davidmigloz/received_events","type":"User","site_admin":false},"assignees":[{"login":"davidmigloz","id":6546265,"node_id":"MDQ6VXNlcjY1NDYyNjU=","avatar_url":"https://avatars.githubusercontent.com/u/6546265?v=4","gravatar_id":"","url":"https://api.github.com/users/davidmigloz","html_url":"https://github.com/davidmigloz","followers_url":"https://api.github.com/users/davidmigloz/followers","following_url":"https://api.github.com/users/davidmigloz/following{/other_user}","gists_url":"https://api.github.com/users/davidmigloz/gists{/gist_id}","starred_url":"https://api.github.com/users/davidmigloz/starred{/owner}{/repo}","subscriptions_url":"https://api.github.com/users/davidmigloz/subscriptions","organizations_url":"https://api.github.com/users/davidmigloz/orgs","repos_url":"https://api.github.com/users/davidmigloz/repos","events_url":"https://api.github.com/users/davidmigloz/events{/privacy}","received_events_url":"https://api.github.com/users/davidmigloz/received_events","type":"User","site_admin":false}],"milestone":{"url":"https://api.github.com/repos/davidmigloz/go-bees/milestones/21","html_url":"https://github.com/davidmigloz/go-bees/milestone/21","labels_url":"https://api.github.com/repos/davidmigloz/go-bees/milestones/21/labels","id":2787248,"node_id":"MDk6TWlsZXN0b25lMjc4NzI0OA==","number":21,"title":"Version 1.2","description":"","creator":{"login":"davidmigloz","id":6546265,"node_id":"MDQ6VXNlcjY1NDYyNjU=","avatar_url":"https://avatars.githubusercontent.com/u/6546265?v=4","gravatar_id":"","url":"https://api.github.com/users/davidmigloz","html_url":"https://github.com/davidmigloz","followers_url":"https://api.github.com/users/davidmigloz/followers","following_url":"https://api.github.com/users/davidmigloz/following{/other_user}","gists_url":"https://api.github.com/users/davidmigloz/gists{/gist_id}","starred_url":"https://api.github.com/users/davidmigloz/starred{/owner}{/repo}","subscriptions_url":"https://api.github.com/users/davidmigloz/subscriptions","organizations_url":"https://api.github.com/users/davidmigloz/orgs","repos_url":"https://api.github.com/users/davidmigloz/repos","events_url":"https://api.github.com/users/davidmigloz/events{/privacy}","received_events_url":"https://api.github.com/users/davidmigloz/received_events","type":"User","site_admin":false},"open_issues":0,"closed_issues":10,"state":"closed","created_at":"2017-09-23T23:26:41Z","updated_at":"2017-10-16T22:17:10Z","due_on":"2017-10-16T07:00:00Z","closed_at":"2017-10-16T22:17:10Z"},"comments":0,"created_at":"2017-09-30T16:45:17Z","updated_at":"2017-10-15T22:42:12Z","closed_at":"2017-10-15T22:42:12Z","author_association":"OWNER","active_lock_reason":null,"body":"Whenever develop is merged into master Travis has to create a new build, sign it and deploy it to Google Play Beta track.","closed_by":{"login":"davidmigloz","id":6546265,"node_id":"MDQ6VXNlcjY1NDYyNjU=","avatar_url":"https://avatars.githubusercontent.com/u/6546265?v=4","gravatar_id":"","url":"https://api.github.com/users/davidmigloz","html_url":"https://github.com/davidmigloz","followers_url":"https://api.github.com/users/davidmigloz/followers","following_url":"https://api.github.com/users/davidmigloz/following{/other_user}","gists_url":"https://api.github.com/users/davidmigloz/gists{/gist_id}","starred_url":"https://api.github.com/users/davidmigloz/starred{/owner}{/repo}","subscriptions_url":"https://api.github.com/users/davidmigloz/subscriptions","organizations_url":"https://api.github.com/users/davidmigloz/orgs","repos_url":"https://api.github.com/users/davidmigloz/repos","events_url":"https://api.github.com/users/davidmigloz/events{/privacy}","received_events_url":"https://api.github.com/users/davidmigloz/received_events","type":"User","site_admin":false},"reactions":{"url":"https://api.github.com/repos/davidmigloz/go-bees/issues/200/reactions","total_count":0,"+1":0,"-1":0,"laugh":0,"hooray":0,"confused":0,"heart":0,"rocket":0,"eyes":0},"timeline_url":"https://api.github.com/repos/davidmigloz/go-bees/issues/200/timeline","performed_via_github_app":null,"state_reason":"completed"}
2023-09-24 16:21:13.013 DEBUG 39436 --- [           main] e.u.l.a.a.a.github.GitHubApmClient       : [GitHubApmClient#findIssueById] <--- END HTTP (6739-byte body)
  &amp#27;[32mWhen &amp#27;[0m&amp#27;[32mI import the commit &amp#27;[0m&amp#27;[32m&amp#27;[1m"63c953f366823f944a9f9c5775b549f18076d055"&amp#27;[0m                   &amp#27;[90m# es.ubu.lsi.avrela.bdd.scm.CommitImportSteps.iImportTheCommit(java.lang.String)&amp#27;[0m
  &amp#27;[32mThen &amp#27;[0m&amp#27;[32mtotal files changed should be &amp#27;[0m&amp#27;[32m&amp#27;[1m4&amp#27;[0m                                                  &amp#27;[90m# es.ubu.lsi.avrela.bdd.scm.CommitImportSteps.totalFilesChangedShouldBeTotalFilesChanged(java.lang.Long)&amp#27;[0m
  &amp#27;[32mAnd &amp#27;[0m&amp#27;[32mtotal additions should be &amp#27;[0m&amp#27;[32m&amp#27;[1m56&amp#27;[0m                                                      &amp#27;[90m# es.ubu.lsi.avrela.bdd.scm.CommitImportSteps.totalAdditionsShouldBeTotalAdditions(java.lang.Long)&amp#27;[0m
  &amp#27;[32mAnd &amp#27;[0m&amp#27;[32mtotal deletions should be &amp#27;[0m&amp#27;[32m&amp#27;[1m38&amp#27;[0m                                                      &amp#27;[90m# es.ubu.lsi.avrela.bdd.scm.CommitImportSteps.totalDeletionsShouldBeTotalDeletions(java.lang.Long)&amp#27;[0m
  &amp#27;[32mAnd &amp#27;[0m&amp#27;[32mcommit author should be &amp#27;[0m&amp#27;[32m&amp#27;[1m"David Miguel"&amp#27;[0m                                            &amp#27;[90m# es.ubu.lsi.avrela.bdd.scm.CommitImportSteps.commitAuthorShouldBe(java.lang.String)&amp#27;[0m
  &amp#27;[32mAnd &amp#27;[0m&amp#27;[32mcommit message should be &amp#27;[0m&amp#27;[32m&amp#27;[1m"Continuous deployment to Google Play #200"&amp#27;[0m              &amp#27;[90m# es.ubu.lsi.avrela.bdd.scm.CommitImportSteps.commitMessageShouldBe(java.lang.String)&amp#27;[0m
]]></system-out>
  </testcase>
  <testcase name="Source control management commit import - Import successful - Examples - Example #5" classname="Source control management commit import - Import successful - Examples" time="0.655">
    <system-out><![CDATA[
Scenario Outline: Import successful                                                     &amp#27;[90m# features/scm/CommitImport.feature:17&amp#27;[0m
2023-09-24 16:21:13.055  INFO 39436 --- [           main] e.u.l.avrela.bdd.scm.CommitImportSteps   : Finding out a commit with coordinates [davidmigloz go-bees]
  &amp#27;[32mGiven &amp#27;[0m&amp#27;[32mcommits are imported from the repository owned by &amp#27;[0m&amp#27;[32m&amp#27;[1m"davidmigloz"&amp#27;[0m&amp#27;[32m named &amp#27;[0m&amp#27;[32m&amp#27;[1m"go-bees"&amp#27;[0m &amp#27;[90m# es.ubu.lsi.avrela.bdd.scm.CommitImportSteps.commitsAreImportedFromTheRepositoryOwnedByNamed(java.lang.String,java.lang.String)&amp#27;[0m
2023-09-24 16:21:13.064 DEBUG 39436 --- [           main] e.u.l.a.s.a.github.GitHubScmClient       : [GitHubScmClient#findCommit] ---> GET https://api.github.com/repos/davidmigloz/go-bees/commits/42f7ad239c65d138844c69e0b1ef6533f498191d HTTP/1.1
2023-09-24 16:21:13.064 DEBUG 39436 --- [           main] e.u.l.a.s.a.github.GitHubScmClient       : [GitHubScmClient#findCommit] Authorization: Bearer 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
2023-09-24 16:21:13.064 DEBUG 39436 --- [           main] e.u.l.a.s.a.github.GitHubScmClient       : [GitHubScmClient#findCommit] ---> END HTTP (0-byte body)
2023-09-24 16:21:13.420 DEBUG 39436 --- [           main] e.u.l.a.s.a.github.GitHubScmClient       : [GitHubScmClient#findCommit] <--- HTTP/1.1 200 OK (355ms)
2023-09-24 16:21:13.420 DEBUG 39436 --- [           main] e.u.l.a.s.a.github.GitHubScmClient       : [GitHubScmClient#findCommit] access-control-allow-origin: *
2023-09-24 16:21:13.420 DEBUG 39436 --- [           main] e.u.l.a.s.a.github.GitHubScmClient       : [GitHubScmClient#findCommit] access-control-expose-headers: ETag, Link, Location, Retry-After, X-GitHub-OTP, X-RateLimit-Limit, X-RateLimit-Remaining, X-RateLimit-Used, X-RateLimit-Resource, X-RateLimit-Reset, X-OAuth-Scopes, X-Accepted-OAuth-Scopes, X-Poll-Interval, X-GitHub-Media-Type, X-GitHub-SSO, X-GitHub-Request-Id, Deprecation, Sunset
2023-09-24 16:21:13.420 DEBUG 39436 --- [           main] e.u.l.a.s.a.github.GitHubScmClient       : [GitHubScmClient#findCommit] cache-control: private, max-age=60, s-maxage=60
2023-09-24 16:21:13.420 DEBUG 39436 --- [           main] e.u.l.a.s.a.github.GitHubScmClient       : [GitHubScmClient#findCommit] content-length: 5485
2023-09-24 16:21:13.420 DEBUG 39436 --- [           main] e.u.l.a.s.a.github.GitHubScmClient       : [GitHubScmClient#findCommit] content-security-policy: default-src 'none'
2023-09-24 16:21:13.420 DEBUG 39436 --- [           main] e.u.l.a.s.a.github.GitHubScmClient       : [GitHubScmClient#findCommit] content-type: application/json; charset=utf-8
2023-09-24 16:21:13.420 DEBUG 39436 --- [           main] e.u.l.a.s.a.github.GitHubScmClient       : [GitHubScmClient#findCommit] date: Sun, 24 Sep 2023 14:21:13 GMT
2023-09-24 16:21:13.420 DEBUG 39436 --- [           main] e.u.l.a.s.a.github.GitHubScmClient       : [GitHubScmClient#findCommit] etag: "705b2eb195a5ef4e1b703815da9f59e55d8c71179bd0e128ce5de90e87d37710"
2023-09-24 16:21:13.420 DEBUG 39436 --- [           main] e.u.l.a.s.a.github.GitHubScmClient       : [GitHubScmClient#findCommit] last-modified: Sun, 15 Oct 2017 21:09:35 GMT
2023-09-24 16:21:13.420 DEBUG 39436 --- [           main] e.u.l.a.s.a.github.GitHubScmClient       : [GitHubScmClient#findCommit] referrer-policy: origin-when-cross-origin, strict-origin-when-cross-origin
2023-09-24 16:21:13.421 DEBUG 39436 --- [           main] e.u.l.a.s.a.github.GitHubScmClient       : [GitHubScmClient#findCommit] server: GitHub.com
2023-09-24 16:21:13.421 DEBUG 39436 --- [           main] e.u.l.a.s.a.github.GitHubScmClient       : [GitHubScmClient#findCommit] strict-transport-security: max-age=31536000; includeSubdomains; preload
2023-09-24 16:21:13.421 DEBUG 39436 --- [           main] e.u.l.a.s.a.github.GitHubScmClient       : [GitHubScmClient#findCommit] vary: Accept-Encoding, Accept, X-Requested-With
2023-09-24 16:21:13.421 DEBUG 39436 --- [           main] e.u.l.a.s.a.github.GitHubScmClient       : [GitHubScmClient#findCommit] vary: Accept, Authorization, Cookie, X-GitHub-OTP
2023-09-24 16:21:13.421 DEBUG 39436 --- [           main] e.u.l.a.s.a.github.GitHubScmClient       : [GitHubScmClient#findCommit] x-accepted-oauth-scopes: 
2023-09-24 16:21:13.421 DEBUG 39436 --- [           main] e.u.l.a.s.a.github.GitHubScmClient       : [GitHubScmClient#findCommit] x-content-type-options: nosniff
2023-09-24 16:21:13.421 DEBUG 39436 --- [           main] e.u.l.a.s.a.github.GitHubScmClient       : [GitHubScmClient#findCommit] x-frame-options: deny
2023-09-24 16:21:13.421 DEBUG 39436 --- [           main] e.u.l.a.s.a.github.GitHubScmClient       : [GitHubScmClient#findCommit] x-github-api-version-selected: 2022-11-28
2023-09-24 16:21:13.421 DEBUG 39436 --- [           main] e.u.l.a.s.a.github.GitHubScmClient       : [GitHubScmClient#findCommit] x-github-media-type: github.v3; format=json
2023-09-24 16:21:13.421 DEBUG 39436 --- [           main] e.u.l.a.s.a.github.GitHubScmClient       : [GitHubScmClient#findCommit] x-github-request-id: E4B5:5059:2AE3DAC:2B7AE7E:651045D9
2023-09-24 16:21:13.421 DEBUG 39436 --- [           main] e.u.l.a.s.a.github.GitHubScmClient       : [GitHubScmClient#findCommit] x-oauth-scopes: gist, notifications, project, repo
2023-09-24 16:21:13.421 DEBUG 39436 --- [           main] e.u.l.a.s.a.github.GitHubScmClient       : [GitHubScmClient#findCommit] x-ratelimit-limit: 5000
2023-09-24 16:21:13.421 DEBUG 39436 --- [           main] e.u.l.a.s.a.github.GitHubScmClient       : [GitHubScmClient#findCommit] x-ratelimit-remaining: 4870
2023-09-24 16:21:13.421 DEBUG 39436 --- [           main] e.u.l.a.s.a.github.GitHubScmClient       : [GitHubScmClient#findCommit] x-ratelimit-reset: 1695568813
2023-09-24 16:21:13.421 DEBUG 39436 --- [           main] e.u.l.a.s.a.github.GitHubScmClient       : [GitHubScmClient#findCommit] x-ratelimit-resource: core
2023-09-24 16:21:13.421 DEBUG 39436 --- [           main] e.u.l.a.s.a.github.GitHubScmClient       : [GitHubScmClient#findCommit] x-ratelimit-used: 130
2023-09-24 16:21:13.421 DEBUG 39436 --- [           main] e.u.l.a.s.a.github.GitHubScmClient       : [GitHubScmClient#findCommit] x-xss-protection: 0
2023-09-24 16:21:13.421 DEBUG 39436 --- [           main] e.u.l.a.s.a.github.GitHubScmClient       : [GitHubScmClient#findCommit] 
2023-09-24 16:21:13.421 DEBUG 39436 --- [           main] e.u.l.a.s.a.github.GitHubScmClient       : [GitHubScmClient#findCommit] {"sha":"42f7ad239c65d138844c69e0b1ef6533f498191d","node_id":"MDY6Q29tbWl0NjU5Mjc2Nzg6NDJmN2FkMjM5YzY1ZDEzODg0NGM2OWUwYjFlZjY1MzNmNDk4MTkxZA==","commit":{"author":{"name":"David Miguel","email":"david.miguel@peaks.com","date":"2017-10-15T21:09:35Z"},"committer":{"name":"David Miguel","email":"david.miguel@peaks.com","date":"2017-10-15T21:09:35Z"},"message":"Update Crashlytics to 2.7.0 #203","tree":{"sha":"a1face980ab97c9b6790851a109f8b6bddcfe6c7","url":"https://api.github.com/repos/davidmigloz/go-bees/git/trees/a1face980ab97c9b6790851a109f8b6bddcfe6c7"},"url":"https://api.github.com/repos/davidmigloz/go-bees/git/commits/42f7ad239c65d138844c69e0b1ef6533f498191d","comment_count":0,"verification":{"verified":false,"reason":"unsigned","signature":null,"payload":null}},"url":"https://api.github.com/repos/davidmigloz/go-bees/commits/42f7ad239c65d138844c69e0b1ef6533f498191d","html_url":"https://github.com/davidmigloz/go-bees/commit/42f7ad239c65d138844c69e0b1ef6533f498191d","comments_url":"https://api.github.com/repos/davidmigloz/go-bees/commits/42f7ad239c65d138844c69e0b1ef6533f498191d/comments","author":{"login":"davidmigloz","id":6546265,"node_id":"MDQ6VXNlcjY1NDYyNjU=","avatar_url":"https://avatars.githubusercontent.com/u/6546265?v=4","gravatar_id":"","url":"https://api.github.com/users/davidmigloz","html_url":"https://github.com/davidmigloz","followers_url":"https://api.github.com/users/davidmigloz/followers","following_url":"https://api.github.com/users/davidmigloz/following{/other_user}","gists_url":"https://api.github.com/users/davidmigloz/gists{/gist_id}","starred_url":"https://api.github.com/users/davidmigloz/starred{/owner}{/repo}","subscriptions_url":"https://api.github.com/users/davidmigloz/subscriptions","organizations_url":"https://api.github.com/users/davidmigloz/orgs","repos_url":"https://api.github.com/users/davidmigloz/repos","events_url":"https://api.github.com/users/davidmigloz/events{/privacy}","received_events_url":"https://api.github.com/users/davidmigloz/received_events","type":"User","site_admin":false},"committer":{"login":"davidmigloz","id":6546265,"node_id":"MDQ6VXNlcjY1NDYyNjU=","avatar_url":"https://avatars.githubusercontent.com/u/6546265?v=4","gravatar_id":"","url":"https://api.github.com/users/davidmigloz","html_url":"https://github.com/davidmigloz","followers_url":"https://api.github.com/users/davidmigloz/followers","following_url":"https://api.github.com/users/davidmigloz/following{/other_user}","gists_url":"https://api.github.com/users/davidmigloz/gists{/gist_id}","starred_url":"https://api.github.com/users/davidmigloz/starred{/owner}{/repo}","subscriptions_url":"https://api.github.com/users/davidmigloz/subscriptions","organizations_url":"https://api.github.com/users/davidmigloz/orgs","repos_url":"https://api.github.com/users/davidmigloz/repos","events_url":"https://api.github.com/users/davidmigloz/events{/privacy}","received_events_url":"https://api.github.com/users/davidmigloz/received_events","type":"User","site_admin":false},"parents":[{"sha":"63c953f366823f944a9f9c5775b549f18076d055","url":"https://api.github.com/repos/davidmigloz/go-bees/commits/63c953f366823f944a9f9c5775b549f18076d055","html_url":"https://github.com/davidmigloz/go-bees/commit/63c953f366823f944a9f9c5775b549f18076d055"}],"stats":{"total":4,"additions":2,"deletions":2},"files":[{"sha":"6c70a2c5681399ae2452403dc0a51e06101150ca","filename":"app/build.gradle","status":"modified","additions":1,"deletions":1,"changes":2,"blob_url":"https://github.com/davidmigloz/go-bees/blob/42f7ad239c65d138844c69e0b1ef6533f498191d/app%2Fbuild.gradle","raw_url":"https://github.com/davidmigloz/go-bees/raw/42f7ad239c65d138844c69e0b1ef6533f498191d/app%2Fbuild.gradle","contents_url":"https://api.github.com/repos/davidmigloz/go-bees/contents/app%2Fbuild.gradle?ref=42f7ad239c65d138844c69e0b1ef6533f498191d","patch":"@@ -197,7 +197,7 @@ dependencies {\n     // Timber (logger) : https://github.com/JakeWharton/timber\r\n     compile 'com.jakewharton.timber:timber:4.5.1'\r\n     // Crashlytics (Crash reporting) : https://docs.fabric.io/android/changelog.html#crashlytics\r\n-    compile('com.crashlytics.sdk.android:crashlytics:2.6.8@aar') {\r\n+    compile('com.crashlytics.sdk.android:crashlytics:2.7.0@aar') {\r\n         transitive = true;\r\n     }\r\n \r"},{"sha":"4baa009e72a507eb0aef282e2e80b23417d6d06b","filename":"app/src/main/java/com/davidmiguel/gobees/monitoring/algorithm/AreaBeesCounter.java","status":"modified","additions":1,"deletions":1,"changes":2,"blob_url":"https://github.com/davidmigloz/go-bees/blob/42f7ad239c65d138844c69e0b1ef6533f498191d/app%2Fsrc%2Fmain%2Fjava%2Fcom%2Fdavidmiguel%2Fgobees%2Fmonitoring%2Falgorithm%2FAreaBeesCounter.java","raw_url":"https://github.com/davidmigloz/go-bees/raw/42f7ad239c65d138844c69e0b1ef6533f498191d/app%2Fsrc%2Fmain%2Fjava%2Fcom%2Fdavidmiguel%2Fgobees%2Fmonitoring%2Falgorithm%2FAreaBeesCounter.java","contents_url":"https://api.github.com/repos/davidmigloz/go-bees/contents/app%2Fsrc%2Fmain%2Fjava%2Fcom%2Fdavidmiguel%2Fgobees%2Fmonitoring%2Falgorithm%2FAreaBeesCounter.java?ref=42f7ad239c65d138844c69e0b1ef6533f498191d","patch":"@@ -70,7 +70,7 @@ public int countBees(@NonNull Mat frame) {\n         r0.release();\r\n         r1.release();\r\n         r2.release();\r\n-        Log.d(\"countBees time: %f\", (System.nanoTime() - t0) / 1000000);\r\n+        Log.d(\"countBees time: %d\", (System.nanoTime() - t0) / 1000000);\r\n         return cf.getNumBees();\r\n     }\r\n \r"}]}
2023-09-24 16:21:13.421 DEBUG 39436 --- [           main] e.u.l.a.s.a.github.GitHubScmClient       : [GitHubScmClient#findCommit] <--- END HTTP (5485-byte body)
2023-09-24 16:21:13.422 DEBUG 39436 --- [           main] e.u.l.a.a.a.github.GitHubApmClient       : [GitHubApmClient#findIssueById] ---> GET https://api.github.com/repos/davidmigloz/go-bees/issues/203 HTTP/1.1
2023-09-24 16:21:13.423 DEBUG 39436 --- [           main] e.u.l.a.a.a.github.GitHubApmClient       : [GitHubApmClient#findIssueById] Authorization: Bearer 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
2023-09-24 16:21:13.423 DEBUG 39436 --- [           main] e.u.l.a.a.a.github.GitHubApmClient       : [GitHubApmClient#findIssueById] ---> END HTTP (0-byte body)
2023-09-24 16:21:13.667 DEBUG 39436 --- [           main] e.u.l.a.a.a.github.GitHubApmClient       : [GitHubApmClient#findIssueById] <--- HTTP/1.1 200 OK (244ms)
2023-09-24 16:21:13.667 DEBUG 39436 --- [           main] e.u.l.a.a.a.github.GitHubApmClient       : [GitHubApmClient#findIssueById] access-control-allow-origin: *
2023-09-24 16:21:13.668 DEBUG 39436 --- [           main] e.u.l.a.a.a.github.GitHubApmClient       : [GitHubApmClient#findIssueById] access-control-expose-headers: ETag, Link, Location, Retry-After, X-GitHub-OTP, X-RateLimit-Limit, X-RateLimit-Remaining, X-RateLimit-Used, X-RateLimit-Resource, X-RateLimit-Reset, X-OAuth-Scopes, X-Accepted-OAuth-Scopes, X-Poll-Interval, X-GitHub-Media-Type, X-GitHub-SSO, X-GitHub-Request-Id, Deprecation, Sunset
2023-09-24 16:21:13.668 DEBUG 39436 --- [           main] e.u.l.a.a.a.github.GitHubApmClient       : [GitHubApmClient#findIssueById] cache-control: private, max-age=60, s-maxage=60
2023-09-24 16:21:13.668 DEBUG 39436 --- [           main] e.u.l.a.a.a.github.GitHubApmClient       : [GitHubApmClient#findIssueById] content-length: 6743
2023-09-24 16:21:13.668 DEBUG 39436 --- [           main] e.u.l.a.a.a.github.GitHubApmClient       : [GitHubApmClient#findIssueById] content-security-policy: default-src 'none'
2023-09-24 16:21:13.668 DEBUG 39436 --- [           main] e.u.l.a.a.a.github.GitHubApmClient       : [GitHubApmClient#findIssueById] content-type: application/json; charset=utf-8
2023-09-24 16:21:13.668 DEBUG 39436 --- [           main] e.u.l.a.a.a.github.GitHubApmClient       : [GitHubApmClient#findIssueById] date: Sun, 24 Sep 2023 14:21:13 GMT
2023-09-24 16:21:13.668 DEBUG 39436 --- [           main] e.u.l.a.a.a.github.GitHubApmClient       : [GitHubApmClient#findIssueById] etag: "1f0dd0cf6fea68a487ff0e579f7348069400467d8e791a84c1f03d5bdf647e2a"
2023-09-24 16:21:13.668 DEBUG 39436 --- [           main] e.u.l.a.a.a.github.GitHubApmClient       : [GitHubApmClient#findIssueById] last-modified: Fri, 22 Sep 2023 11:29:33 GMT
2023-09-24 16:21:13.668 DEBUG 39436 --- [           main] e.u.l.a.a.a.github.GitHubApmClient       : [GitHubApmClient#findIssueById] referrer-policy: origin-when-cross-origin, strict-origin-when-cross-origin
2023-09-24 16:21:13.668 DEBUG 39436 --- [           main] e.u.l.a.a.a.github.GitHubApmClient       : [GitHubApmClient#findIssueById] server: GitHub.com
2023-09-24 16:21:13.668 DEBUG 39436 --- [           main] e.u.l.a.a.a.github.GitHubApmClient       : [GitHubApmClient#findIssueById] strict-transport-security: max-age=31536000; includeSubdomains; preload
2023-09-24 16:21:13.668 DEBUG 39436 --- [           main] e.u.l.a.a.a.github.GitHubApmClient       : [GitHubApmClient#findIssueById] vary: Accept-Encoding, Accept, X-Requested-With
2023-09-24 16:21:13.668 DEBUG 39436 --- [           main] e.u.l.a.a.a.github.GitHubApmClient       : [GitHubApmClient#findIssueById] vary: Accept, Authorization, Cookie, X-GitHub-OTP
2023-09-24 16:21:13.668 DEBUG 39436 --- [           main] e.u.l.a.a.a.github.GitHubApmClient       : [GitHubApmClient#findIssueById] x-accepted-oauth-scopes: repo
2023-09-24 16:21:13.668 DEBUG 39436 --- [           main] e.u.l.a.a.a.github.GitHubApmClient       : [GitHubApmClient#findIssueById] x-content-type-options: nosniff
2023-09-24 16:21:13.668 DEBUG 39436 --- [           main] e.u.l.a.a.a.github.GitHubApmClient       : [GitHubApmClient#findIssueById] x-frame-options: deny
2023-09-24 16:21:13.668 DEBUG 39436 --- [           main] e.u.l.a.a.a.github.GitHubApmClient       : [GitHubApmClient#findIssueById] x-github-api-version-selected: 2022-11-28
2023-09-24 16:21:13.668 DEBUG 39436 --- [           main] e.u.l.a.a.a.github.GitHubApmClient       : [GitHubApmClient#findIssueById] x-github-media-type: github.v3; format=json
2023-09-24 16:21:13.668 DEBUG 39436 --- [           main] e.u.l.a.a.a.github.GitHubApmClient       : [GitHubApmClient#findIssueById] x-github-request-id: E4B5:5059:2AE3EBE:2B7AFAB:651045D9
2023-09-24 16:21:13.668 DEBUG 39436 --- [           main] e.u.l.a.a.a.github.GitHubApmClient       : [GitHubApmClient#findIssueById] x-oauth-scopes: gist, notifications, project, repo
2023-09-24 16:21:13.668 DEBUG 39436 --- [           main] e.u.l.a.a.a.github.GitHubApmClient       : [GitHubApmClient#findIssueById] x-ratelimit-limit: 5000
2023-09-24 16:21:13.668 DEBUG 39436 --- [           main] e.u.l.a.a.a.github.GitHubApmClient       : [GitHubApmClient#findIssueById] x-ratelimit-remaining: 4869
2023-09-24 16:21:13.669 DEBUG 39436 --- [           main] e.u.l.a.a.a.github.GitHubApmClient       : [GitHubApmClient#findIssueById] x-ratelimit-reset: 1695568813
2023-09-24 16:21:13.669 DEBUG 39436 --- [           main] e.u.l.a.a.a.github.GitHubApmClient       : [GitHubApmClient#findIssueById] x-ratelimit-resource: core
2023-09-24 16:21:13.669 DEBUG 39436 --- [           main] e.u.l.a.a.a.github.GitHubApmClient       : [GitHubApmClient#findIssueById] x-ratelimit-used: 131
2023-09-24 16:21:13.669 DEBUG 39436 --- [           main] e.u.l.a.a.a.github.GitHubApmClient       : [GitHubApmClient#findIssueById] x-xss-protection: 0
2023-09-24 16:21:13.669 DEBUG 39436 --- [           main] e.u.l.a.a.a.github.GitHubApmClient       : [GitHubApmClient#findIssueById] 
2023-09-24 16:21:13.669 DEBUG 39436 --- [           main] e.u.l.a.a.a.github.GitHubApmClient       : [GitHubApmClient#findIssueById] {"url":"https://api.github.com/repos/davidmigloz/go-bees/issues/203","repository_url":"https://api.github.com/repos/davidmigloz/go-bees","labels_url":"https://api.github.com/repos/davidmigloz/go-bees/issues/203/labels{/name}","comments_url":"https://api.github.com/repos/davidmigloz/go-bees/issues/203/comments","events_url":"https://api.github.com/repos/davidmigloz/go-bees/issues/203/events","html_url":"https://github.com/davidmigloz/go-bees/issues/203","id":264494085,"node_id":"MDU6SXNzdWUyNjQ0OTQwODU=","number":203,"title":"Update Crashlytics to 2.7.0","user":{"login":"davidmigloz","id":6546265,"node_id":"MDQ6VXNlcjY1NDYyNjU=","avatar_url":"https://avatars.githubusercontent.com/u/6546265?v=4","gravatar_id":"","url":"https://api.github.com/users/davidmigloz","html_url":"https://github.com/davidmigloz","followers_url":"https://api.github.com/users/davidmigloz/followers","following_url":"https://api.github.com/users/davidmigloz/following{/other_user}","gists_url":"https://api.github.com/users/davidmigloz/gists{/gist_id}","starred_url":"https://api.github.com/users/davidmigloz/starred{/owner}{/repo}","subscriptions_url":"https://api.github.com/users/davidmigloz/subscriptions","organizations_url":"https://api.github.com/users/davidmigloz/orgs","repos_url":"https://api.github.com/users/davidmigloz/repos","events_url":"https://api.github.com/users/davidmigloz/events{/privacy}","received_events_url":"https://api.github.com/users/davidmigloz/received_events","type":"User","site_admin":false},"labels":[{"id":426435732,"node_id":"MDU6TGFiZWw0MjY0MzU3MzI=","url":"https://api.github.com/repos/davidmigloz/go-bees/labels/feature","name":"feature","color":"84b6eb","default":false,"description":null}],"state":"closed","locked":false,"assignee":{"login":"davidmigloz","id":6546265,"node_id":"MDQ6VXNlcjY1NDYyNjU=","avatar_url":"https://avatars.githubusercontent.com/u/6546265?v=4","gravatar_id":"","url":"https://api.github.com/users/davidmigloz","html_url":"https://github.com/davidmigloz","followers_url":"https://api.github.com/users/davidmigloz/followers","following_url":"https://api.github.com/users/davidmigloz/following{/other_user}","gists_url":"https://api.github.com/users/davidmigloz/gists{/gist_id}","starred_url":"https://api.github.com/users/davidmigloz/starred{/owner}{/repo}","subscriptions_url":"https://api.github.com/users/davidmigloz/subscriptions","organizations_url":"https://api.github.com/users/davidmigloz/orgs","repos_url":"https://api.github.com/users/davidmigloz/repos","events_url":"https://api.github.com/users/davidmigloz/events{/privacy}","received_events_url":"https://api.github.com/users/davidmigloz/received_events","type":"User","site_admin":false},"assignees":[{"login":"davidmigloz","id":6546265,"node_id":"MDQ6VXNlcjY1NDYyNjU=","avatar_url":"https://avatars.githubusercontent.com/u/6546265?v=4","gravatar_id":"","url":"https://api.github.com/users/davidmigloz","html_url":"https://github.com/davidmigloz","followers_url":"https://api.github.com/users/davidmigloz/followers","following_url":"https://api.github.com/users/davidmigloz/following{/other_user}","gists_url":"https://api.github.com/users/davidmigloz/gists{/gist_id}","starred_url":"https://api.github.com/users/davidmigloz/starred{/owner}{/repo}","subscriptions_url":"https://api.github.com/users/davidmigloz/subscriptions","organizations_url":"https://api.github.com/users/davidmigloz/orgs","repos_url":"https://api.github.com/users/davidmigloz/repos","events_url":"https://api.github.com/users/davidmigloz/events{/privacy}","received_events_url":"https://api.github.com/users/davidmigloz/received_events","type":"User","site_admin":false}],"milestone":{"url":"https://api.github.com/repos/davidmigloz/go-bees/milestones/21","html_url":"https://github.com/davidmigloz/go-bees/milestone/21","labels_url":"https://api.github.com/repos/davidmigloz/go-bees/milestones/21/labels","id":2787248,"node_id":"MDk6TWlsZXN0b25lMjc4NzI0OA==","number":21,"title":"Version 1.2","description":"","creator":{"login":"davidmigloz","id":6546265,"node_id":"MDQ6VXNlcjY1NDYyNjU=","avatar_url":"https://avatars.githubusercontent.com/u/6546265?v=4","gravatar_id":"","url":"https://api.github.com/users/davidmigloz","html_url":"https://github.com/davidmigloz","followers_url":"https://api.github.com/users/davidmigloz/followers","following_url":"https://api.github.com/users/davidmigloz/following{/other_user}","gists_url":"https://api.github.com/users/davidmigloz/gists{/gist_id}","starred_url":"https://api.github.com/users/davidmigloz/starred{/owner}{/repo}","subscriptions_url":"https://api.github.com/users/davidmigloz/subscriptions","organizations_url":"https://api.github.com/users/davidmigloz/orgs","repos_url":"https://api.github.com/users/davidmigloz/repos","events_url":"https://api.github.com/users/davidmigloz/events{/privacy}","received_events_url":"https://api.github.com/users/davidmigloz/received_events","type":"User","site_admin":false},"open_issues":0,"closed_issues":10,"state":"closed","created_at":"2017-09-23T23:26:41Z","updated_at":"2017-10-16T22:17:10Z","due_on":"2017-10-16T07:00:00Z","closed_at":"2017-10-16T22:17:10Z"},"comments":0,"created_at":"2017-10-11T08:13:06Z","updated_at":"2017-10-15T22:42:52Z","closed_at":"2017-10-15T22:42:52Z","author_association":"OWNER","active_lock_reason":null,"body":"2.7.0: October 9, 2017\r\nSDK updates to support future Firebase integrations\r\n\r\nhttps://fabric.io/kits/android/crashlytics/update","closed_by":{"login":"davidmigloz","id":6546265,"node_id":"MDQ6VXNlcjY1NDYyNjU=","avatar_url":"https://avatars.githubusercontent.com/u/6546265?v=4","gravatar_id":"","url":"https://api.github.com/users/davidmigloz","html_url":"https://github.com/davidmigloz","followers_url":"https://api.github.com/users/davidmigloz/followers","following_url":"https://api.github.com/users/davidmigloz/following{/other_user}","gists_url":"https://api.github.com/users/davidmigloz/gists{/gist_id}","starred_url":"https://api.github.com/users/davidmigloz/starred{/owner}{/repo}","subscriptions_url":"https://api.github.com/users/davidmigloz/subscriptions","organizations_url":"https://api.github.com/users/davidmigloz/orgs","repos_url":"https://api.github.com/users/davidmigloz/repos","events_url":"https://api.github.com/users/davidmigloz/events{/privacy}","received_events_url":"https://api.github.com/users/davidmigloz/received_events","type":"User","site_admin":false},"reactions":{"url":"https://api.github.com/repos/davidmigloz/go-bees/issues/203/reactions","total_count":0,"+1":0,"-1":0,"laugh":0,"hooray":0,"confused":0,"heart":0,"rocket":0,"eyes":0},"timeline_url":"https://api.github.com/repos/davidmigloz/go-bees/issues/203/timeline","performed_via_github_app":null,"state_reason":"completed"}
2023-09-24 16:21:13.670 DEBUG 39436 --- [           main] e.u.l.a.a.a.github.GitHubApmClient       : [GitHubApmClient#findIssueById] <--- END HTTP (6743-byte body)
  &amp#27;[32mWhen &amp#27;[0m&amp#27;[32mI import the commit &amp#27;[0m&amp#27;[32m&amp#27;[1m"42f7ad239c65d138844c69e0b1ef6533f498191d"&amp#27;[0m                   &amp#27;[90m# es.ubu.lsi.avrela.bdd.scm.CommitImportSteps.iImportTheCommit(java.lang.String)&amp#27;[0m
  &amp#27;[32mThen &amp#27;[0m&amp#27;[32mtotal files changed should be &amp#27;[0m&amp#27;[32m&amp#27;[1m2&amp#27;[0m                                                  &amp#27;[90m# es.ubu.lsi.avrela.bdd.scm.CommitImportSteps.totalFilesChangedShouldBeTotalFilesChanged(java.lang.Long)&amp#27;[0m
  &amp#27;[32mAnd &amp#27;[0m&amp#27;[32mtotal additions should be &amp#27;[0m&amp#27;[32m&amp#27;[1m2&amp#27;[0m                                                       &amp#27;[90m# es.ubu.lsi.avrela.bdd.scm.CommitImportSteps.totalAdditionsShouldBeTotalAdditions(java.lang.Long)&amp#27;[0m
  &amp#27;[32mAnd &amp#27;[0m&amp#27;[32mtotal deletions should be &amp#27;[0m&amp#27;[32m&amp#27;[1m2&amp#27;[0m                                                       &amp#27;[90m# es.ubu.lsi.avrela.bdd.scm.CommitImportSteps.totalDeletionsShouldBeTotalDeletions(java.lang.Long)&amp#27;[0m
  &amp#27;[32mAnd &amp#27;[0m&amp#27;[32mcommit author should be &amp#27;[0m&amp#27;[32m&amp#27;[1m"David Miguel"&amp#27;[0m                                            &amp#27;[90m# es.ubu.lsi.avrela.bdd.scm.CommitImportSteps.commitAuthorShouldBe(java.lang.String)&amp#27;[0m
  &amp#27;[32mAnd &amp#27;[0m&amp#27;[32mcommit message should be &amp#27;[0m&amp#27;[32m&amp#27;[1m"Update Crashlytics to 2.7.0 #203"&amp#27;[0m                       &amp#27;[90m# es.ubu.lsi.avrela.bdd.scm.CommitImportSteps.commitMessageShouldBe(java.lang.String)&amp#27;[0m
]]></system-out>
  </testcase>
  <testcase name="Source control management commit import - Import successful - Examples - Example #6" classname="Source control management commit import - Import successful - Examples" time="0.675">
    <system-out><![CDATA[
Scenario Outline: Import successful                                                     &amp#27;[90m# features/scm/CommitImport.feature:18&amp#27;[0m
2023-09-24 16:21:13.697  INFO 39436 --- [           main] e.u.l.avrela.bdd.scm.CommitImportSteps   : Finding out a commit with coordinates [davidmigloz go-bees]
  &amp#27;[32mGiven &amp#27;[0m&amp#27;[32mcommits are imported from the repository owned by &amp#27;[0m&amp#27;[32m&amp#27;[1m"davidmigloz"&amp#27;[0m&amp#27;[32m named &amp#27;[0m&amp#27;[32m&amp#27;[1m"go-bees"&amp#27;[0m &amp#27;[90m# es.ubu.lsi.avrela.bdd.scm.CommitImportSteps.commitsAreImportedFromTheRepositoryOwnedByNamed(java.lang.String,java.lang.String)&amp#27;[0m
2023-09-24 16:21:13.704 DEBUG 39436 --- [           main] e.u.l.a.s.a.github.GitHubScmClient       : [GitHubScmClient#findCommit] ---> GET https://api.github.com/repos/davidmigloz/go-bees/commits/2b54d064b390981e6270632886b2b019b2fc258b HTTP/1.1
2023-09-24 16:21:13.704 DEBUG 39436 --- [           main] e.u.l.a.s.a.github.GitHubScmClient       : [GitHubScmClient#findCommit] Authorization: Bearer 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
2023-09-24 16:21:13.705 DEBUG 39436 --- [           main] e.u.l.a.s.a.github.GitHubScmClient       : [GitHubScmClient#findCommit] ---> END HTTP (0-byte body)
2023-09-24 16:21:14.035 DEBUG 39436 --- [           main] e.u.l.a.s.a.github.GitHubScmClient       : [GitHubScmClient#findCommit] <--- HTTP/1.1 200 OK (329ms)
2023-09-24 16:21:14.035 DEBUG 39436 --- [           main] e.u.l.a.s.a.github.GitHubScmClient       : [GitHubScmClient#findCommit] access-control-allow-origin: *
2023-09-24 16:21:14.035 DEBUG 39436 --- [           main] e.u.l.a.s.a.github.GitHubScmClient       : [GitHubScmClient#findCommit] access-control-expose-headers: ETag, Link, Location, Retry-After, X-GitHub-OTP, X-RateLimit-Limit, X-RateLimit-Remaining, X-RateLimit-Used, X-RateLimit-Resource, X-RateLimit-Reset, X-OAuth-Scopes, X-Accepted-OAuth-Scopes, X-Poll-Interval, X-GitHub-Media-Type, X-GitHub-SSO, X-GitHub-Request-Id, Deprecation, Sunset
2023-09-24 16:21:14.035 DEBUG 39436 --- [           main] e.u.l.a.s.a.github.GitHubScmClient       : [GitHubScmClient#findCommit] cache-control: private, max-age=60, s-maxage=60
2023-09-24 16:21:14.035 DEBUG 39436 --- [           main] e.u.l.a.s.a.github.GitHubScmClient       : [GitHubScmClient#findCommit] content-length: 4796
2023-09-24 16:21:14.035 DEBUG 39436 --- [           main] e.u.l.a.s.a.github.GitHubScmClient       : [GitHubScmClient#findCommit] content-security-policy: default-src 'none'
2023-09-24 16:21:14.035 DEBUG 39436 --- [           main] e.u.l.a.s.a.github.GitHubScmClient       : [GitHubScmClient#findCommit] content-type: application/json; charset=utf-8
2023-09-24 16:21:14.035 DEBUG 39436 --- [           main] e.u.l.a.s.a.github.GitHubScmClient       : [GitHubScmClient#findCommit] date: Sun, 24 Sep 2023 14:21:13 GMT
2023-09-24 16:21:14.035 DEBUG 39436 --- [           main] e.u.l.a.s.a.github.GitHubScmClient       : [GitHubScmClient#findCommit] etag: "8d81d18a077214d1e85dfe19d8ae04644a0cae328c4359f7c24ea06fdd7432b9"
2023-09-24 16:21:14.035 DEBUG 39436 --- [           main] e.u.l.a.s.a.github.GitHubScmClient       : [GitHubScmClient#findCommit] last-modified: Sun, 15 Oct 2017 22:29:03 GMT
2023-09-24 16:21:14.035 DEBUG 39436 --- [           main] e.u.l.a.s.a.github.GitHubScmClient       : [GitHubScmClient#findCommit] referrer-policy: origin-when-cross-origin, strict-origin-when-cross-origin
2023-09-24 16:21:14.035 DEBUG 39436 --- [           main] e.u.l.a.s.a.github.GitHubScmClient       : [GitHubScmClient#findCommit] server: GitHub.com
2023-09-24 16:21:14.035 DEBUG 39436 --- [           main] e.u.l.a.s.a.github.GitHubScmClient       : [GitHubScmClient#findCommit] strict-transport-security: max-age=31536000; includeSubdomains; preload
2023-09-24 16:21:14.035 DEBUG 39436 --- [           main] e.u.l.a.s.a.github.GitHubScmClient       : [GitHubScmClient#findCommit] vary: Accept-Encoding, Accept, X-Requested-With
2023-09-24 16:21:14.035 DEBUG 39436 --- [           main] e.u.l.a.s.a.github.GitHubScmClient       : [GitHubScmClient#findCommit] vary: Accept, Authorization, Cookie, X-GitHub-OTP
2023-09-24 16:21:14.035 DEBUG 39436 --- [           main] e.u.l.a.s.a.github.GitHubScmClient       : [GitHubScmClient#findCommit] x-accepted-oauth-scopes: 
2023-09-24 16:21:14.035 DEBUG 39436 --- [           main] e.u.l.a.s.a.github.GitHubScmClient       : [GitHubScmClient#findCommit] x-content-type-options: nosniff
2023-09-24 16:21:14.035 DEBUG 39436 --- [           main] e.u.l.a.s.a.github.GitHubScmClient       : [GitHubScmClient#findCommit] x-frame-options: deny
2023-09-24 16:21:14.035 DEBUG 39436 --- [           main] e.u.l.a.s.a.github.GitHubScmClient       : [GitHubScmClient#findCommit] x-github-api-version-selected: 2022-11-28
2023-09-24 16:21:14.035 DEBUG 39436 --- [           main] e.u.l.a.s.a.github.GitHubScmClient       : [GitHubScmClient#findCommit] x-github-media-type: github.v3; format=json
2023-09-24 16:21:14.035 DEBUG 39436 --- [           main] e.u.l.a.s.a.github.GitHubScmClient       : [GitHubScmClient#findCommit] x-github-request-id: E4B5:5059:2AE3FA0:2B7B08D:651045D9
2023-09-24 16:21:14.035 DEBUG 39436 --- [           main] e.u.l.a.s.a.github.GitHubScmClient       : [GitHubScmClient#findCommit] x-oauth-scopes: gist, notifications, project, repo
2023-09-24 16:21:14.035 DEBUG 39436 --- [           main] e.u.l.a.s.a.github.GitHubScmClient       : [GitHubScmClient#findCommit] x-ratelimit-limit: 5000
2023-09-24 16:21:14.035 DEBUG 39436 --- [           main] e.u.l.a.s.a.github.GitHubScmClient       : [GitHubScmClient#findCommit] x-ratelimit-remaining: 4868
2023-09-24 16:21:14.035 DEBUG 39436 --- [           main] e.u.l.a.s.a.github.GitHubScmClient       : [GitHubScmClient#findCommit] x-ratelimit-reset: 1695568813
2023-09-24 16:21:14.035 DEBUG 39436 --- [           main] e.u.l.a.s.a.github.GitHubScmClient       : [GitHubScmClient#findCommit] x-ratelimit-resource: core
2023-09-24 16:21:14.035 DEBUG 39436 --- [           main] e.u.l.a.s.a.github.GitHubScmClient       : [GitHubScmClient#findCommit] x-ratelimit-used: 132
2023-09-24 16:21:14.035 DEBUG 39436 --- [           main] e.u.l.a.s.a.github.GitHubScmClient       : [GitHubScmClient#findCommit] x-xss-protection: 0
2023-09-24 16:21:14.035 DEBUG 39436 --- [           main] e.u.l.a.s.a.github.GitHubScmClient       : [GitHubScmClient#findCommit] 
2023-09-24 16:21:14.036 DEBUG 39436 --- [           main] e.u.l.a.s.a.github.GitHubScmClient       : [GitHubScmClient#findCommit] {"sha":"2b54d064b390981e6270632886b2b019b2fc258b","node_id":"MDY6Q29tbWl0NjU5Mjc2Nzg6MmI1NGQwNjRiMzkwOTgxZTYyNzA2MzI4ODZiMmIwMTliMmZjMjU4Yg==","commit":{"author":{"name":"David Miguel","email":"david.miguel@peaks.com","date":"2017-10-15T22:20:44Z"},"committer":{"name":"David Miguel","email":"david.miguel@peaks.com","date":"2017-10-15T22:29:03Z"},"message":"Update build tools to 26.0.2 #204","tree":{"sha":"6abbdb09ab6b743931ed4b1f88877337c34ad4ba","url":"https://api.github.com/repos/davidmigloz/go-bees/git/trees/6abbdb09ab6b743931ed4b1f88877337c34ad4ba"},"url":"https://api.github.com/repos/davidmigloz/go-bees/git/commits/2b54d064b390981e6270632886b2b019b2fc258b","comment_count":0,"verification":{"verified":false,"reason":"unsigned","signature":null,"payload":null}},"url":"https://api.github.com/repos/davidmigloz/go-bees/commits/2b54d064b390981e6270632886b2b019b2fc258b","html_url":"https://github.com/davidmigloz/go-bees/commit/2b54d064b390981e6270632886b2b019b2fc258b","comments_url":"https://api.github.com/repos/davidmigloz/go-bees/commits/2b54d064b390981e6270632886b2b019b2fc258b/comments","author":{"login":"davidmigloz","id":6546265,"node_id":"MDQ6VXNlcjY1NDYyNjU=","avatar_url":"https://avatars.githubusercontent.com/u/6546265?v=4","gravatar_id":"","url":"https://api.github.com/users/davidmigloz","html_url":"https://github.com/davidmigloz","followers_url":"https://api.github.com/users/davidmigloz/followers","following_url":"https://api.github.com/users/davidmigloz/following{/other_user}","gists_url":"https://api.github.com/users/davidmigloz/gists{/gist_id}","starred_url":"https://api.github.com/users/davidmigloz/starred{/owner}{/repo}","subscriptions_url":"https://api.github.com/users/davidmigloz/subscriptions","organizations_url":"https://api.github.com/users/davidmigloz/orgs","repos_url":"https://api.github.com/users/davidmigloz/repos","events_url":"https://api.github.com/users/davidmigloz/events{/privacy}","received_events_url":"https://api.github.com/users/davidmigloz/received_events","type":"User","site_admin":false},"committer":{"login":"davidmigloz","id":6546265,"node_id":"MDQ6VXNlcjY1NDYyNjU=","avatar_url":"https://avatars.githubusercontent.com/u/6546265?v=4","gravatar_id":"","url":"https://api.github.com/users/davidmigloz","html_url":"https://github.com/davidmigloz","followers_url":"https://api.github.com/users/davidmigloz/followers","following_url":"https://api.github.com/users/davidmigloz/following{/other_user}","gists_url":"https://api.github.com/users/davidmigloz/gists{/gist_id}","starred_url":"https://api.github.com/users/davidmigloz/starred{/owner}{/repo}","subscriptions_url":"https://api.github.com/users/davidmigloz/subscriptions","organizations_url":"https://api.github.com/users/davidmigloz/orgs","repos_url":"https://api.github.com/users/davidmigloz/repos","events_url":"https://api.github.com/users/davidmigloz/events{/privacy}","received_events_url":"https://api.github.com/users/davidmigloz/received_events","type":"User","site_admin":false},"parents":[{"sha":"42f7ad239c65d138844c69e0b1ef6533f498191d","url":"https://api.github.com/repos/davidmigloz/go-bees/commits/42f7ad239c65d138844c69e0b1ef6533f498191d","html_url":"https://github.com/davidmigloz/go-bees/commit/42f7ad239c65d138844c69e0b1ef6533f498191d"}],"stats":{"total":4,"additions":2,"deletions":2},"files":[{"sha":"034c8daf03a5915f8d764f6e547c74759d7362e8","filename":".travis.yml","status":"modified","additions":1,"deletions":1,"changes":2,"blob_url":"https://github.com/davidmigloz/go-bees/blob/2b54d064b390981e6270632886b2b019b2fc258b/.travis.yml","raw_url":"https://github.com/davidmigloz/go-bees/raw/2b54d064b390981e6270632886b2b019b2fc258b/.travis.yml","contents_url":"https://api.github.com/repos/davidmigloz/go-bees/contents/.travis.yml?ref=2b54d064b390981e6270632886b2b019b2fc258b","patch":"@@ -12,7 +12,7 @@ env:\n   global:\n   - ANDROID_API=26\n   - EMULATOR_API=26\n-  - ANDROID_BUILD_TOOLS=26.0.1\n+  - ANDROID_BUILD_TOOLS=26.0.2\n   - ADB_INSTALL_TIMEOUT=5\n \n android:"},{"sha":"a0035b6ca4ca8e6047afd891151c8f2121922ef1","filename":"app/build.gradle","status":"modified","additions":1,"deletions":1,"changes":2,"blob_url":"https://github.com/davidmigloz/go-bees/blob/2b54d064b390981e6270632886b2b019b2fc258b/app%2Fbuild.gradle","raw_url":"https://github.com/davidmigloz/go-bees/raw/2b54d064b390981e6270632886b2b019b2fc258b/app%2Fbuild.gradle","contents_url":"https://api.github.com/repos/davidmigloz/go-bees/contents/app%2Fbuild.gradle?ref=2b54d064b390981e6270632886b2b019b2fc258b","patch":"@@ -36,7 +36,7 @@ keystoreProperties.load(new FileInputStream(keystorePropertiesFile))\n android {\r\n \r\n     compileSdkVersion 26\r\n-    buildToolsVersion '26.0.1'\r\n+    buildToolsVersion '26.0.2'\r\n \r\n     signingConfigs {\r\n         debug {\r"}]}
2023-09-24 16:21:14.036 DEBUG 39436 --- [           main] e.u.l.a.s.a.github.GitHubScmClient       : [GitHubScmClient#findCommit] <--- END HTTP (4796-byte body)
2023-09-24 16:21:14.037 DEBUG 39436 --- [           main] e.u.l.a.a.a.github.GitHubApmClient       : [GitHubApmClient#findIssueById] ---> GET https://api.github.com/repos/davidmigloz/go-bees/issues/204 HTTP/1.1
2023-09-24 16:21:14.037 DEBUG 39436 --- [           main] e.u.l.a.a.a.github.GitHubApmClient       : [GitHubApmClient#findIssueById] Authorization: Bearer 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
2023-09-24 16:21:14.037 DEBUG 39436 --- [           main] e.u.l.a.a.a.github.GitHubApmClient       : [GitHubApmClient#findIssueById] ---> END HTTP (0-byte body)
2023-09-24 16:21:14.343 DEBUG 39436 --- [           main] e.u.l.a.a.a.github.GitHubApmClient       : [GitHubApmClient#findIssueById] <--- HTTP/1.1 200 OK (305ms)
2023-09-24 16:21:14.343 DEBUG 39436 --- [           main] e.u.l.a.a.a.github.GitHubApmClient       : [GitHubApmClient#findIssueById] access-control-allow-origin: *
2023-09-24 16:21:14.343 DEBUG 39436 --- [           main] e.u.l.a.a.a.github.GitHubApmClient       : [GitHubApmClient#findIssueById] access-control-expose-headers: ETag, Link, Location, Retry-After, X-GitHub-OTP, X-RateLimit-Limit, X-RateLimit-Remaining, X-RateLimit-Used, X-RateLimit-Resource, X-RateLimit-Reset, X-OAuth-Scopes, X-Accepted-OAuth-Scopes, X-Poll-Interval, X-GitHub-Media-Type, X-GitHub-SSO, X-GitHub-Request-Id, Deprecation, Sunset
2023-09-24 16:21:14.343 DEBUG 39436 --- [           main] e.u.l.a.a.a.github.GitHubApmClient       : [GitHubApmClient#findIssueById] cache-control: private, max-age=60, s-maxage=60
2023-09-24 16:21:14.343 DEBUG 39436 --- [           main] e.u.l.a.a.a.github.GitHubApmClient       : [GitHubApmClient#findIssueById] content-length: 6610
2023-09-24 16:21:14.343 DEBUG 39436 --- [           main] e.u.l.a.a.a.github.GitHubApmClient       : [GitHubApmClient#findIssueById] content-security-policy: default-src 'none'
2023-09-24 16:21:14.343 DEBUG 39436 --- [           main] e.u.l.a.a.a.github.GitHubApmClient       : [GitHubApmClient#findIssueById] content-type: application/json; charset=utf-8
2023-09-24 16:21:14.343 DEBUG 39436 --- [           main] e.u.l.a.a.a.github.GitHubApmClient       : [GitHubApmClient#findIssueById] date: Sun, 24 Sep 2023 14:21:14 GMT
2023-09-24 16:21:14.343 DEBUG 39436 --- [           main] e.u.l.a.a.a.github.GitHubApmClient       : [GitHubApmClient#findIssueById] etag: "cc497a3eff7c3533a5bf75ecb9646a621d39e765fd9d01a59a16d78f77d91e0a"
2023-09-24 16:21:14.343 DEBUG 39436 --- [           main] e.u.l.a.a.a.github.GitHubApmClient       : [GitHubApmClient#findIssueById] last-modified: Fri, 22 Sep 2023 11:29:33 GMT
2023-09-24 16:21:14.343 DEBUG 39436 --- [           main] e.u.l.a.a.a.github.GitHubApmClient       : [GitHubApmClient#findIssueById] referrer-policy: origin-when-cross-origin, strict-origin-when-cross-origin
2023-09-24 16:21:14.343 DEBUG 39436 --- [           main] e.u.l.a.a.a.github.GitHubApmClient       : [GitHubApmClient#findIssueById] server: GitHub.com
2023-09-24 16:21:14.344 DEBUG 39436 --- [           main] e.u.l.a.a.a.github.GitHubApmClient       : [GitHubApmClient#findIssueById] strict-transport-security: max-age=31536000; includeSubdomains; preload
2023-09-24 16:21:14.344 DEBUG 39436 --- [           main] e.u.l.a.a.a.github.GitHubApmClient       : [GitHubApmClient#findIssueById] vary: Accept-Encoding, Accept, X-Requested-With
2023-09-24 16:21:14.344 DEBUG 39436 --- [           main] e.u.l.a.a.a.github.GitHubApmClient       : [GitHubApmClient#findIssueById] vary: Accept, Authorization, Cookie, X-GitHub-OTP
2023-09-24 16:21:14.344 DEBUG 39436 --- [           main] e.u.l.a.a.a.github.GitHubApmClient       : [GitHubApmClient#findIssueById] x-accepted-oauth-scopes: repo
2023-09-24 16:21:14.344 DEBUG 39436 --- [           main] e.u.l.a.a.a.github.GitHubApmClient       : [GitHubApmClient#findIssueById] x-content-type-options: nosniff
2023-09-24 16:21:14.344 DEBUG 39436 --- [           main] e.u.l.a.a.a.github.GitHubApmClient       : [GitHubApmClient#findIssueById] x-frame-options: deny
2023-09-24 16:21:14.344 DEBUG 39436 --- [           main] e.u.l.a.a.a.github.GitHubApmClient       : [GitHubApmClient#findIssueById] x-github-api-version-selected: 2022-11-28
2023-09-24 16:21:14.344 DEBUG 39436 --- [           main] e.u.l.a.a.a.github.GitHubApmClient       : [GitHubApmClient#findIssueById] x-github-media-type: github.v3; format=json
2023-09-24 16:21:14.344 DEBUG 39436 --- [           main] e.u.l.a.a.a.github.GitHubApmClient       : [GitHubApmClient#findIssueById] x-github-request-id: E4B5:5059:2AE40A3:2B7B186:651045DA
2023-09-24 16:21:14.344 DEBUG 39436 --- [           main] e.u.l.a.a.a.github.GitHubApmClient       : [GitHubApmClient#findIssueById] x-oauth-scopes: gist, notifications, project, repo
2023-09-24 16:21:14.344 DEBUG 39436 --- [           main] e.u.l.a.a.a.github.GitHubApmClient       : [GitHubApmClient#findIssueById] x-ratelimit-limit: 5000
2023-09-24 16:21:14.344 DEBUG 39436 --- [           main] e.u.l.a.a.a.github.GitHubApmClient       : [GitHubApmClient#findIssueById] x-ratelimit-remaining: 4867
2023-09-24 16:21:14.344 DEBUG 39436 --- [           main] e.u.l.a.a.a.github.GitHubApmClient       : [GitHubApmClient#findIssueById] x-ratelimit-reset: 1695568813
2023-09-24 16:21:14.344 DEBUG 39436 --- [           main] e.u.l.a.a.a.github.GitHubApmClient       : [GitHubApmClient#findIssueById] x-ratelimit-resource: core
2023-09-24 16:21:14.344 DEBUG 39436 --- [           main] e.u.l.a.a.a.github.GitHubApmClient       : [GitHubApmClient#findIssueById] x-ratelimit-used: 133
2023-09-24 16:21:14.344 DEBUG 39436 --- [           main] e.u.l.a.a.a.github.GitHubApmClient       : [GitHubApmClient#findIssueById] x-xss-protection: 0
2023-09-24 16:21:14.344 DEBUG 39436 --- [           main] e.u.l.a.a.a.github.GitHubApmClient       : [GitHubApmClient#findIssueById] 
2023-09-24 16:21:14.344 DEBUG 39436 --- [           main] e.u.l.a.a.a.github.GitHubApmClient       : [GitHubApmClient#findIssueById] {"url":"https://api.github.com/repos/davidmigloz/go-bees/issues/204","repository_url":"https://api.github.com/repos/davidmigloz/go-bees","labels_url":"https://api.github.com/repos/davidmigloz/go-bees/issues/204/labels{/name}","comments_url":"https://api.github.com/repos/davidmigloz/go-bees/issues/204/comments","events_url":"https://api.github.com/repos/davidmigloz/go-bees/issues/204/events","html_url":"https://github.com/davidmigloz/go-bees/issues/204","id":265609644,"node_id":"MDU6SXNzdWUyNjU2MDk2NDQ=","number":204,"title":"Update build tools to 26.0.2","user":{"login":"davidmigloz","id":6546265,"node_id":"MDQ6VXNlcjY1NDYyNjU=","avatar_url":"https://avatars.githubusercontent.com/u/6546265?v=4","gravatar_id":"","url":"https://api.github.com/users/davidmigloz","html_url":"https://github.com/davidmigloz","followers_url":"https://api.github.com/users/davidmigloz/followers","following_url":"https://api.github.com/users/davidmigloz/following{/other_user}","gists_url":"https://api.github.com/users/davidmigloz/gists{/gist_id}","starred_url":"https://api.github.com/users/davidmigloz/starred{/owner}{/repo}","subscriptions_url":"https://api.github.com/users/davidmigloz/subscriptions","organizations_url":"https://api.github.com/users/davidmigloz/orgs","repos_url":"https://api.github.com/users/davidmigloz/repos","events_url":"https://api.github.com/users/davidmigloz/events{/privacy}","received_events_url":"https://api.github.com/users/davidmigloz/received_events","type":"User","site_admin":false},"labels":[{"id":426435732,"node_id":"MDU6TGFiZWw0MjY0MzU3MzI=","url":"https://api.github.com/repos/davidmigloz/go-bees/labels/feature","name":"feature","color":"84b6eb","default":false,"description":null}],"state":"closed","locked":false,"assignee":{"login":"davidmigloz","id":6546265,"node_id":"MDQ6VXNlcjY1NDYyNjU=","avatar_url":"https://avatars.githubusercontent.com/u/6546265?v=4","gravatar_id":"","url":"https://api.github.com/users/davidmigloz","html_url":"https://github.com/davidmigloz","followers_url":"https://api.github.com/users/davidmigloz/followers","following_url":"https://api.github.com/users/davidmigloz/following{/other_user}","gists_url":"https://api.github.com/users/davidmigloz/gists{/gist_id}","starred_url":"https://api.github.com/users/davidmigloz/starred{/owner}{/repo}","subscriptions_url":"https://api.github.com/users/davidmigloz/subscriptions","organizations_url":"https://api.github.com/users/davidmigloz/orgs","repos_url":"https://api.github.com/users/davidmigloz/repos","events_url":"https://api.github.com/users/davidmigloz/events{/privacy}","received_events_url":"https://api.github.com/users/davidmigloz/received_events","type":"User","site_admin":false},"assignees":[{"login":"davidmigloz","id":6546265,"node_id":"MDQ6VXNlcjY1NDYyNjU=","avatar_url":"https://avatars.githubusercontent.com/u/6546265?v=4","gravatar_id":"","url":"https://api.github.com/users/davidmigloz","html_url":"https://github.com/davidmigloz","followers_url":"https://api.github.com/users/davidmigloz/followers","following_url":"https://api.github.com/users/davidmigloz/following{/other_user}","gists_url":"https://api.github.com/users/davidmigloz/gists{/gist_id}","starred_url":"https://api.github.com/users/davidmigloz/starred{/owner}{/repo}","subscriptions_url":"https://api.github.com/users/davidmigloz/subscriptions","organizations_url":"https://api.github.com/users/davidmigloz/orgs","repos_url":"https://api.github.com/users/davidmigloz/repos","events_url":"https://api.github.com/users/davidmigloz/events{/privacy}","received_events_url":"https://api.github.com/users/davidmigloz/received_events","type":"User","site_admin":false}],"milestone":{"url":"https://api.github.com/repos/davidmigloz/go-bees/milestones/21","html_url":"https://github.com/davidmigloz/go-bees/milestone/21","labels_url":"https://api.github.com/repos/davidmigloz/go-bees/milestones/21/labels","id":2787248,"node_id":"MDk6TWlsZXN0b25lMjc4NzI0OA==","number":21,"title":"Version 1.2","description":"","creator":{"login":"davidmigloz","id":6546265,"node_id":"MDQ6VXNlcjY1NDYyNjU=","avatar_url":"https://avatars.githubusercontent.com/u/6546265?v=4","gravatar_id":"","url":"https://api.github.com/users/davidmigloz","html_url":"https://github.com/davidmigloz","followers_url":"https://api.github.com/users/davidmigloz/followers","following_url":"https://api.github.com/users/davidmigloz/following{/other_user}","gists_url":"https://api.github.com/users/davidmigloz/gists{/gist_id}","starred_url":"https://api.github.com/users/davidmigloz/starred{/owner}{/repo}","subscriptions_url":"https://api.github.com/users/davidmigloz/subscriptions","organizations_url":"https://api.github.com/users/davidmigloz/orgs","repos_url":"https://api.github.com/users/davidmigloz/repos","events_url":"https://api.github.com/users/davidmigloz/events{/privacy}","received_events_url":"https://api.github.com/users/davidmigloz/received_events","type":"User","site_admin":false},"open_issues":0,"closed_issues":10,"state":"closed","created_at":"2017-09-23T23:26:41Z","updated_at":"2017-10-16T22:17:10Z","due_on":"2017-10-16T07:00:00Z","closed_at":"2017-10-16T22:17:10Z"},"comments":0,"created_at":"2017-10-15T22:20:24Z","updated_at":"2017-10-15T22:42:53Z","closed_at":"2017-10-15T22:42:53Z","author_association":"OWNER","active_lock_reason":null,"body":"","closed_by":{"login":"davidmigloz","id":6546265,"node_id":"MDQ6VXNlcjY1NDYyNjU=","avatar_url":"https://avatars.githubusercontent.com/u/6546265?v=4","gravatar_id":"","url":"https://api.github.com/users/davidmigloz","html_url":"https://github.com/davidmigloz","followers_url":"https://api.github.com/users/davidmigloz/followers","following_url":"https://api.github.com/users/davidmigloz/following{/other_user}","gists_url":"https://api.github.com/users/davidmigloz/gists{/gist_id}","starred_url":"https://api.github.com/users/davidmigloz/starred{/owner}{/repo}","subscriptions_url":"https://api.github.com/users/davidmigloz/subscriptions","organizations_url":"https://api.github.com/users/davidmigloz/orgs","repos_url":"https://api.github.com/users/davidmigloz/repos","events_url":"https://api.github.com/users/davidmigloz/events{/privacy}","received_events_url":"https://api.github.com/users/davidmigloz/received_events","type":"User","site_admin":false},"reactions":{"url":"https://api.github.com/repos/davidmigloz/go-bees/issues/204/reactions","total_count":0,"+1":0,"-1":0,"laugh":0,"hooray":0,"confused":0,"heart":0,"rocket":0,"eyes":0},"timeline_url":"https://api.github.com/repos/davidmigloz/go-bees/issues/204/timeline","performed_via_github_app":null,"state_reason":"completed"}
2023-09-24 16:21:14.345 DEBUG 39436 --- [           main] e.u.l.a.a.a.github.GitHubApmClient       : [GitHubApmClient#findIssueById] <--- END HTTP (6610-byte body)
  &amp#27;[32mWhen &amp#27;[0m&amp#27;[32mI import the commit &amp#27;[0m&amp#27;[32m&amp#27;[1m"2b54d064b390981e6270632886b2b019b2fc258b"&amp#27;[0m                   &amp#27;[90m# es.ubu.lsi.avrela.bdd.scm.CommitImportSteps.iImportTheCommit(java.lang.String)&amp#27;[0m
  &amp#27;[32mThen &amp#27;[0m&amp#27;[32mtotal files changed should be &amp#27;[0m&amp#27;[32m&amp#27;[1m2&amp#27;[0m                                                  &amp#27;[90m# es.ubu.lsi.avrela.bdd.scm.CommitImportSteps.totalFilesChangedShouldBeTotalFilesChanged(java.lang.Long)&amp#27;[0m
  &amp#27;[32mAnd &amp#27;[0m&amp#27;[32mtotal additions should be &amp#27;[0m&amp#27;[32m&amp#27;[1m2&amp#27;[0m                                                       &amp#27;[90m# es.ubu.lsi.avrela.bdd.scm.CommitImportSteps.totalAdditionsShouldBeTotalAdditions(java.lang.Long)&amp#27;[0m
  &amp#27;[32mAnd &amp#27;[0m&amp#27;[32mtotal deletions should be &amp#27;[0m&amp#27;[32m&amp#27;[1m2&amp#27;[0m                                                       &amp#27;[90m# es.ubu.lsi.avrela.bdd.scm.CommitImportSteps.totalDeletionsShouldBeTotalDeletions(java.lang.Long)&amp#27;[0m
  &amp#27;[32mAnd &amp#27;[0m&amp#27;[32mcommit author should be &amp#27;[0m&amp#27;[32m&amp#27;[1m"David Miguel"&amp#27;[0m                                            &amp#27;[90m# es.ubu.lsi.avrela.bdd.scm.CommitImportSteps.commitAuthorShouldBe(java.lang.String)&amp#27;[0m
  &amp#27;[32mAnd &amp#27;[0m&amp#27;[32mcommit message should be &amp#27;[0m&amp#27;[32m&amp#27;[1m"Update build tools to 26.0.2 #204"&amp#27;[0m                      &amp#27;[90m# es.ubu.lsi.avrela.bdd.scm.CommitImportSteps.commitMessageShouldBe(java.lang.String)&amp#27;[0m
]]></system-out>
  </testcase>
  <testcase name="Source control management commit import - Import successful - Examples - Example #7" classname="Source control management commit import - Import successful - Examples" time="0.407">
    <system-out><![CDATA[
Scenario Outline: Import successful                                                     &amp#27;[90m# features/scm/CommitImport.feature:19&amp#27;[0m
2023-09-24 16:21:14.372  INFO 39436 --- [           main] e.u.l.avrela.bdd.scm.CommitImportSteps   : Finding out a commit with coordinates [davidmigloz go-bees]
  &amp#27;[32mGiven &amp#27;[0m&amp#27;[32mcommits are imported from the repository owned by &amp#27;[0m&amp#27;[32m&amp#27;[1m"davidmigloz"&amp#27;[0m&amp#27;[32m named &amp#27;[0m&amp#27;[32m&amp#27;[1m"go-bees"&amp#27;[0m &amp#27;[90m# es.ubu.lsi.avrela.bdd.scm.CommitImportSteps.commitsAreImportedFromTheRepositoryOwnedByNamed(java.lang.String,java.lang.String)&amp#27;[0m
2023-09-24 16:21:14.380 DEBUG 39436 --- [           main] e.u.l.a.s.a.github.GitHubScmClient       : [GitHubScmClient#findCommit] ---> GET https://api.github.com/repos/davidmigloz/go-bees/commits/14a4462b4bc65d2e319c6a22a2aea3892e218748 HTTP/1.1
2023-09-24 16:21:14.380 DEBUG 39436 --- [           main] e.u.l.a.s.a.github.GitHubScmClient       : [GitHubScmClient#findCommit] Authorization: Bearer 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
2023-09-24 16:21:14.380 DEBUG 39436 --- [           main] e.u.l.a.s.a.github.GitHubScmClient       : [GitHubScmClient#findCommit] ---> END HTTP (0-byte body)
2023-09-24 16:21:14.751 DEBUG 39436 --- [           main] e.u.l.a.s.a.github.GitHubScmClient       : [GitHubScmClient#findCommit] <--- HTTP/1.1 200 OK (371ms)
2023-09-24 16:21:14.751 DEBUG 39436 --- [           main] e.u.l.a.s.a.github.GitHubScmClient       : [GitHubScmClient#findCommit] access-control-allow-origin: *
2023-09-24 16:21:14.751 DEBUG 39436 --- [           main] e.u.l.a.s.a.github.GitHubScmClient       : [GitHubScmClient#findCommit] access-control-expose-headers: ETag, Link, Location, Retry-After, X-GitHub-OTP, X-RateLimit-Limit, X-RateLimit-Remaining, X-RateLimit-Used, X-RateLimit-Resource, X-RateLimit-Reset, X-OAuth-Scopes, X-Accepted-OAuth-Scopes, X-Poll-Interval, X-GitHub-Media-Type, X-GitHub-SSO, X-GitHub-Request-Id, Deprecation, Sunset
2023-09-24 16:21:14.751 DEBUG 39436 --- [           main] e.u.l.a.s.a.github.GitHubScmClient       : [GitHubScmClient#findCommit] cache-control: private, max-age=60, s-maxage=60
2023-09-24 16:21:14.751 DEBUG 39436 --- [           main] e.u.l.a.s.a.github.GitHubScmClient       : [GitHubScmClient#findCommit] content-length: 4317
2023-09-24 16:21:14.751 DEBUG 39436 --- [           main] e.u.l.a.s.a.github.GitHubScmClient       : [GitHubScmClient#findCommit] content-security-policy: default-src 'none'
2023-09-24 16:21:14.751 DEBUG 39436 --- [           main] e.u.l.a.s.a.github.GitHubScmClient       : [GitHubScmClient#findCommit] content-type: application/json; charset=utf-8
2023-09-24 16:21:14.751 DEBUG 39436 --- [           main] e.u.l.a.s.a.github.GitHubScmClient       : [GitHubScmClient#findCommit] date: Sun, 24 Sep 2023 14:21:14 GMT
2023-09-24 16:21:14.751 DEBUG 39436 --- [           main] e.u.l.a.s.a.github.GitHubScmClient       : [GitHubScmClient#findCommit] etag: "06578e994e7955c3b8da9e319892f60dc4b716df252030cf99bc10cafe88d155"
2023-09-24 16:21:14.751 DEBUG 39436 --- [           main] e.u.l.a.s.a.github.GitHubScmClient       : [GitHubScmClient#findCommit] last-modified: Sun, 15 Oct 2017 22:32:04 GMT
2023-09-24 16:21:14.751 DEBUG 39436 --- [           main] e.u.l.a.s.a.github.GitHubScmClient       : [GitHubScmClient#findCommit] referrer-policy: origin-when-cross-origin, strict-origin-when-cross-origin
2023-09-24 16:21:14.752 DEBUG 39436 --- [           main] e.u.l.a.s.a.github.GitHubScmClient       : [GitHubScmClient#findCommit] server: GitHub.com
2023-09-24 16:21:14.752 DEBUG 39436 --- [           main] e.u.l.a.s.a.github.GitHubScmClient       : [GitHubScmClient#findCommit] strict-transport-security: max-age=31536000; includeSubdomains; preload
2023-09-24 16:21:14.752 DEBUG 39436 --- [           main] e.u.l.a.s.a.github.GitHubScmClient       : [GitHubScmClient#findCommit] vary: Accept-Encoding, Accept, X-Requested-With
2023-09-24 16:21:14.752 DEBUG 39436 --- [           main] e.u.l.a.s.a.github.GitHubScmClient       : [GitHubScmClient#findCommit] vary: Accept, Authorization, Cookie, X-GitHub-OTP
2023-09-24 16:21:14.752 DEBUG 39436 --- [           main] e.u.l.a.s.a.github.GitHubScmClient       : [GitHubScmClient#findCommit] x-accepted-oauth-scopes: 
2023-09-24 16:21:14.752 DEBUG 39436 --- [           main] e.u.l.a.s.a.github.GitHubScmClient       : [GitHubScmClient#findCommit] x-content-type-options: nosniff
2023-09-24 16:21:14.752 DEBUG 39436 --- [           main] e.u.l.a.s.a.github.GitHubScmClient       : [GitHubScmClient#findCommit] x-frame-options: deny
2023-09-24 16:21:14.752 DEBUG 39436 --- [           main] e.u.l.a.s.a.github.GitHubScmClient       : [GitHubScmClient#findCommit] x-github-api-version-selected: 2022-11-28
2023-09-24 16:21:14.752 DEBUG 39436 --- [           main] e.u.l.a.s.a.github.GitHubScmClient       : [GitHubScmClient#findCommit] x-github-media-type: github.v3; format=json
2023-09-24 16:21:14.752 DEBUG 39436 --- [           main] e.u.l.a.s.a.github.GitHubScmClient       : [GitHubScmClient#findCommit] x-github-request-id: E4B5:5059:2AE41B2:2B7B2A9:651045DA
2023-09-24 16:21:14.752 DEBUG 39436 --- [           main] e.u.l.a.s.a.github.GitHubScmClient       : [GitHubScmClient#findCommit] x-oauth-scopes: gist, notifications, project, repo
2023-09-24 16:21:14.752 DEBUG 39436 --- [           main] e.u.l.a.s.a.github.GitHubScmClient       : [GitHubScmClient#findCommit] x-ratelimit-limit: 5000
2023-09-24 16:21:14.752 DEBUG 39436 --- [           main] e.u.l.a.s.a.github.GitHubScmClient       : [GitHubScmClient#findCommit] x-ratelimit-remaining: 4866
2023-09-24 16:21:14.752 DEBUG 39436 --- [           main] e.u.l.a.s.a.github.GitHubScmClient       : [GitHubScmClient#findCommit] x-ratelimit-reset: 1695568813
2023-09-24 16:21:14.752 DEBUG 39436 --- [           main] e.u.l.a.s.a.github.GitHubScmClient       : [GitHubScmClient#findCommit] x-ratelimit-resource: core
2023-09-24 16:21:14.752 DEBUG 39436 --- [           main] e.u.l.a.s.a.github.GitHubScmClient       : [GitHubScmClient#findCommit] x-ratelimit-used: 134
2023-09-24 16:21:14.752 DEBUG 39436 --- [           main] e.u.l.a.s.a.github.GitHubScmClient       : [GitHubScmClient#findCommit] x-xss-protection: 0
2023-09-24 16:21:14.752 DEBUG 39436 --- [           main] e.u.l.a.s.a.github.GitHubScmClient       : [GitHubScmClient#findCommit] 
2023-09-24 16:21:14.753 DEBUG 39436 --- [           main] e.u.l.a.s.a.github.GitHubScmClient       : [GitHubScmClient#findCommit] {"sha":"14a4462b4bc65d2e319c6a22a2aea3892e218748","node_id":"MDY6Q29tbWl0NjU5Mjc2Nzg6MTRhNDQ2MmI0YmM2NWQyZTMxOWM2YTIyYTJhZWEzODkyZTIxODc0OA==","commit":{"author":{"name":"David Miguel","email":"david.miguel@peaks.com","date":"2017-10-15T22:32:04Z"},"committer":{"name":"David Miguel","email":"david.miguel@peaks.com","date":"2017-10-15T22:32:04Z"},"message":"Bumped version number to 1.2","tree":{"sha":"7d3292d8efccb104b839caf34a89370bc27abef1","url":"https://api.github.com/repos/davidmigloz/go-bees/git/trees/7d3292d8efccb104b839caf34a89370bc27abef1"},"url":"https://api.github.com/repos/davidmigloz/go-bees/git/commits/14a4462b4bc65d2e319c6a22a2aea3892e218748","comment_count":0,"verification":{"verified":false,"reason":"unsigned","signature":null,"payload":null}},"url":"https://api.github.com/repos/davidmigloz/go-bees/commits/14a4462b4bc65d2e319c6a22a2aea3892e218748","html_url":"https://github.com/davidmigloz/go-bees/commit/14a4462b4bc65d2e319c6a22a2aea3892e218748","comments_url":"https://api.github.com/repos/davidmigloz/go-bees/commits/14a4462b4bc65d2e319c6a22a2aea3892e218748/comments","author":{"login":"davidmigloz","id":6546265,"node_id":"MDQ6VXNlcjY1NDYyNjU=","avatar_url":"https://avatars.githubusercontent.com/u/6546265?v=4","gravatar_id":"","url":"https://api.github.com/users/davidmigloz","html_url":"https://github.com/davidmigloz","followers_url":"https://api.github.com/users/davidmigloz/followers","following_url":"https://api.github.com/users/davidmigloz/following{/other_user}","gists_url":"https://api.github.com/users/davidmigloz/gists{/gist_id}","starred_url":"https://api.github.com/users/davidmigloz/starred{/owner}{/repo}","subscriptions_url":"https://api.github.com/users/davidmigloz/subscriptions","organizations_url":"https://api.github.com/users/davidmigloz/orgs","repos_url":"https://api.github.com/users/davidmigloz/repos","events_url":"https://api.github.com/users/davidmigloz/events{/privacy}","received_events_url":"https://api.github.com/users/davidmigloz/received_events","type":"User","site_admin":false},"committer":{"login":"davidmigloz","id":6546265,"node_id":"MDQ6VXNlcjY1NDYyNjU=","avatar_url":"https://avatars.githubusercontent.com/u/6546265?v=4","gravatar_id":"","url":"https://api.github.com/users/davidmigloz","html_url":"https://github.com/davidmigloz","followers_url":"https://api.github.com/users/davidmigloz/followers","following_url":"https://api.github.com/users/davidmigloz/following{/other_user}","gists_url":"https://api.github.com/users/davidmigloz/gists{/gist_id}","starred_url":"https://api.github.com/users/davidmigloz/starred{/owner}{/repo}","subscriptions_url":"https://api.github.com/users/davidmigloz/subscriptions","organizations_url":"https://api.github.com/users/davidmigloz/orgs","repos_url":"https://api.github.com/users/davidmigloz/repos","events_url":"https://api.github.com/users/davidmigloz/events{/privacy}","received_events_url":"https://api.github.com/users/davidmigloz/received_events","type":"User","site_admin":false},"parents":[{"sha":"2b54d064b390981e6270632886b2b019b2fc258b","url":"https://api.github.com/repos/davidmigloz/go-bees/commits/2b54d064b390981e6270632886b2b019b2fc258b","html_url":"https://github.com/davidmigloz/go-bees/commit/2b54d064b390981e6270632886b2b019b2fc258b"}],"stats":{"total":2,"additions":2,"deletions":0},"files":[{"sha":"fd4c4310ed158c4f7905e94eabc918809cced19f","filename":"app/src/main/res/values/strings.xml","status":"modified","additions":2,"deletions":0,"changes":2,"blob_url":"https://github.com/davidmigloz/go-bees/blob/14a4462b4bc65d2e319c6a22a2aea3892e218748/app%2Fsrc%2Fmain%2Fres%2Fvalues%2Fstrings.xml","raw_url":"https://github.com/davidmigloz/go-bees/raw/14a4462b4bc65d2e319c6a22a2aea3892e218748/app%2Fsrc%2Fmain%2Fres%2Fvalues%2Fstrings.xml","contents_url":"https://api.github.com/repos/davidmigloz/go-bees/contents/app%2Fsrc%2Fmain%2Fres%2Fvalues%2Fstrings.xml?ref=14a4462b4bc65d2e319c6a22a2aea3892e218748","patch":"@@ -602,6 +602,8 @@\n     <!-- Changelog [CHAR LIMIT=NONE] -->\r\n     <string name=\"changelog\" translatable=\"false\">\r\n         <![CDATA[\r\n+        <b>Version 1.2:</b><br/>\r\n+        - Minor improvements and fixes.<br/><br/>\r\n         <b>Version 1.1:</b><br/>\r\n         - Add user guide.<br/>\r\n         - Minor improvements and fixes.<br/><br/>\r"}]}
2023-09-24 16:21:14.753 DEBUG 39436 --- [           main] e.u.l.a.s.a.github.GitHubScmClient       : [GitHubScmClient#findCommit] <--- END HTTP (4317-byte body)
  &amp#27;[32mWhen &amp#27;[0m&amp#27;[32mI import the commit &amp#27;[0m&amp#27;[32m&amp#27;[1m"14a4462b4bc65d2e319c6a22a2aea3892e218748"&amp#27;[0m                   &amp#27;[90m# es.ubu.lsi.avrela.bdd.scm.CommitImportSteps.iImportTheCommit(java.lang.String)&amp#27;[0m
  &amp#27;[32mThen &amp#27;[0m&amp#27;[32mtotal files changed should be &amp#27;[0m&amp#27;[32m&amp#27;[1m1&amp#27;[0m                                                  &amp#27;[90m# es.ubu.lsi.avrela.bdd.scm.CommitImportSteps.totalFilesChangedShouldBeTotalFilesChanged(java.lang.Long)&amp#27;[0m
  &amp#27;[32mAnd &amp#27;[0m&amp#27;[32mtotal additions should be &amp#27;[0m&amp#27;[32m&amp#27;[1m2&amp#27;[0m                                                       &amp#27;[90m# es.ubu.lsi.avrela.bdd.scm.CommitImportSteps.totalAdditionsShouldBeTotalAdditions(java.lang.Long)&amp#27;[0m
  &amp#27;[32mAnd &amp#27;[0m&amp#27;[32mtotal deletions should be &amp#27;[0m&amp#27;[32m&amp#27;[1m0&amp#27;[0m                                                       &amp#27;[90m# es.ubu.lsi.avrela.bdd.scm.CommitImportSteps.totalDeletionsShouldBeTotalDeletions(java.lang.Long)&amp#27;[0m
  &amp#27;[32mAnd &amp#27;[0m&amp#27;[32mcommit author should be &amp#27;[0m&amp#27;[32m&amp#27;[1m"David Miguel"&amp#27;[0m                                            &amp#27;[90m# es.ubu.lsi.avrela.bdd.scm.CommitImportSteps.commitAuthorShouldBe(java.lang.String)&amp#27;[0m
  &amp#27;[32mAnd &amp#27;[0m&amp#27;[32mcommit message should be &amp#27;[0m&amp#27;[32m&amp#27;[1m"Bumped version number to 1.2"&amp#27;[0m                           &amp#27;[90m# es.ubu.lsi.avrela.bdd.scm.CommitImportSteps.commitMessageShouldBe(java.lang.String)&amp#27;[0m
]]></system-out>
  </testcase>
  <testcase name="SCM commit range import - Commit range import by date range successful" classname="SCM commit range import" time="0.291">
    <system-out><![CDATA[
Scenario: Commit range import by date range successful                                    &amp#27;[90m# features/scm/CommitRangeImport.feature:3&amp#27;[0m
  &amp#27;[32mGiven &amp#27;[0m&amp#27;[32mthe commit range belongs to the repository owned by &amp#27;[0m&amp#27;[32m&amp#27;[1m"davidmigloz"&amp#27;[0m&amp#27;[32m named &amp#27;[0m&amp#27;[32m&amp#27;[1m"go-bees"&amp#27;[0m &amp#27;[90m# es.ubu.lsi.avrela.bdd.scm.CommitRangeImportSteps.theCommitRangeBelongsToTheRepositoryOwnedByNamed(java.lang.String,java.lang.String)&amp#27;[0m
  &amp#27;[32mAnd &amp#27;[0m&amp#27;[32mbranch is &amp#27;[0m&amp#27;[32m&amp#27;[1m"master"&amp#27;[0m                                                                  &amp#27;[90m# es.ubu.lsi.avrela.bdd.scm.CommitRangeImportSteps.branchIs(java.lang.String)&amp#27;[0m
  &amp#27;[32mAnd &amp#27;[0m&amp#27;[32mrange is &amp#27;[0m&amp#27;[32m&amp#27;[1m2017-10-15T00:00:00Z&amp#27;[0m&amp#27;[32m &amp#27;[0m&amp#27;[32m&amp#27;[1m2021-03-12T23:59:59Z&amp#27;[0m                                  &amp#27;[90m# es.ubu.lsi.avrela.bdd.scm.CommitRangeImportSteps.andRangeIs(java.time.ZonedDateTime,java.time.ZonedDateTime)&amp#27;[0m
2023-09-24 16:21:14.786 DEBUG 39436 --- [           main] e.u.l.a.s.a.github.GitHubScmClient       : [GitHubScmClient#findCommits] ---> GET https://api.github.com/repos/davidmigloz/go-bees/commits?sha=master&since=2017-10-15T00%3A00Z&until=2021-03-12T23%3A59%3A59Z HTTP/1.1
2023-09-24 16:21:14.786 DEBUG 39436 --- [           main] e.u.l.a.s.a.github.GitHubScmClient       : [GitHubScmClient#findCommits] Authorization: Bearer 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
2023-09-24 16:21:14.786 DEBUG 39436 --- [           main] e.u.l.a.s.a.github.GitHubScmClient       : [GitHubScmClient#findCommits] ---> END HTTP (0-byte body)
2023-09-24 16:21:15.046 DEBUG 39436 --- [           main] e.u.l.a.s.a.github.GitHubScmClient       : [GitHubScmClient#findCommits] <--- HTTP/1.1 200 OK (259ms)
2023-09-24 16:21:15.046 DEBUG 39436 --- [           main] e.u.l.a.s.a.github.GitHubScmClient       : [GitHubScmClient#findCommits] access-control-allow-origin: *
2023-09-24 16:21:15.046 DEBUG 39436 --- [           main] e.u.l.a.s.a.github.GitHubScmClient       : [GitHubScmClient#findCommits] access-control-expose-headers: ETag, Link, Location, Retry-After, X-GitHub-OTP, X-RateLimit-Limit, X-RateLimit-Remaining, X-RateLimit-Used, X-RateLimit-Resource, X-RateLimit-Reset, X-OAuth-Scopes, X-Accepted-OAuth-Scopes, X-Poll-Interval, X-GitHub-Media-Type, X-GitHub-SSO, X-GitHub-Request-Id, Deprecation, Sunset
2023-09-24 16:21:15.046 DEBUG 39436 --- [           main] e.u.l.a.s.a.github.GitHubScmClient       : [GitHubScmClient#findCommits] cache-control: private, max-age=60, s-maxage=60
2023-09-24 16:21:15.046 DEBUG 39436 --- [           main] e.u.l.a.s.a.github.GitHubScmClient       : [GitHubScmClient#findCommits] content-length: 16666
2023-09-24 16:21:15.046 DEBUG 39436 --- [           main] e.u.l.a.s.a.github.GitHubScmClient       : [GitHubScmClient#findCommits] content-security-policy: default-src 'none'
2023-09-24 16:21:15.046 DEBUG 39436 --- [           main] e.u.l.a.s.a.github.GitHubScmClient       : [GitHubScmClient#findCommits] content-type: application/json; charset=utf-8
2023-09-24 16:21:15.046 DEBUG 39436 --- [           main] e.u.l.a.s.a.github.GitHubScmClient       : [GitHubScmClient#findCommits] date: Sun, 24 Sep 2023 14:21:15 GMT
2023-09-24 16:21:15.046 DEBUG 39436 --- [           main] e.u.l.a.s.a.github.GitHubScmClient       : [GitHubScmClient#findCommits] etag: "d8c72d74eec9457b7c97e4eab4e134db9aa781d63645a1cebaed760d02ba6511"
2023-09-24 16:21:15.046 DEBUG 39436 --- [           main] e.u.l.a.s.a.github.GitHubScmClient       : [GitHubScmClient#findCommits] last-modified: Fri, 12 Mar 2021 20:29:14 GMT
2023-09-24 16:21:15.046 DEBUG 39436 --- [           main] e.u.l.a.s.a.github.GitHubScmClient       : [GitHubScmClient#findCommits] referrer-policy: origin-when-cross-origin, strict-origin-when-cross-origin
2023-09-24 16:21:15.046 DEBUG 39436 --- [           main] e.u.l.a.s.a.github.GitHubScmClient       : [GitHubScmClient#findCommits] server: GitHub.com
2023-09-24 16:21:15.046 DEBUG 39436 --- [           main] e.u.l.a.s.a.github.GitHubScmClient       : [GitHubScmClient#findCommits] strict-transport-security: max-age=31536000; includeSubdomains; preload
2023-09-24 16:21:15.046 DEBUG 39436 --- [           main] e.u.l.a.s.a.github.GitHubScmClient       : [GitHubScmClient#findCommits] vary: Accept-Encoding, Accept, X-Requested-With
2023-09-24 16:21:15.046 DEBUG 39436 --- [           main] e.u.l.a.s.a.github.GitHubScmClient       : [GitHubScmClient#findCommits] vary: Accept, Authorization, Cookie, X-GitHub-OTP
2023-09-24 16:21:15.046 DEBUG 39436 --- [           main] e.u.l.a.s.a.github.GitHubScmClient       : [GitHubScmClient#findCommits] x-accepted-oauth-scopes: 
2023-09-24 16:21:15.047 DEBUG 39436 --- [           main] e.u.l.a.s.a.github.GitHubScmClient       : [GitHubScmClient#findCommits] x-content-type-options: nosniff
2023-09-24 16:21:15.047 DEBUG 39436 --- [           main] e.u.l.a.s.a.github.GitHubScmClient       : [GitHubScmClient#findCommits] x-frame-options: deny
2023-09-24 16:21:15.047 DEBUG 39436 --- [           main] e.u.l.a.s.a.github.GitHubScmClient       : [GitHubScmClient#findCommits] x-github-api-version-selected: 2022-11-28
2023-09-24 16:21:15.047 DEBUG 39436 --- [           main] e.u.l.a.s.a.github.GitHubScmClient       : [GitHubScmClient#findCommits] x-github-media-type: github.v3; format=json
2023-09-24 16:21:15.047 DEBUG 39436 --- [           main] e.u.l.a.s.a.github.GitHubScmClient       : [GitHubScmClient#findCommits] x-github-request-id: E4B5:5059:2AE42FE:2B7B3DD:651045DA
2023-09-24 16:21:15.047 DEBUG 39436 --- [           main] e.u.l.a.s.a.github.GitHubScmClient       : [GitHubScmClient#findCommits] x-oauth-scopes: gist, notifications, project, repo
2023-09-24 16:21:15.047 DEBUG 39436 --- [           main] e.u.l.a.s.a.github.GitHubScmClient       : [GitHubScmClient#findCommits] x-ratelimit-limit: 5000
2023-09-24 16:21:15.047 DEBUG 39436 --- [           main] e.u.l.a.s.a.github.GitHubScmClient       : [GitHubScmClient#findCommits] x-ratelimit-remaining: 4865
2023-09-24 16:21:15.047 DEBUG 39436 --- [           main] e.u.l.a.s.a.github.GitHubScmClient       : [GitHubScmClient#findCommits] x-ratelimit-reset: 1695568813
2023-09-24 16:21:15.047 DEBUG 39436 --- [           main] e.u.l.a.s.a.github.GitHubScmClient       : [GitHubScmClient#findCommits] x-ratelimit-resource: core
2023-09-24 16:21:15.047 DEBUG 39436 --- [           main] e.u.l.a.s.a.github.GitHubScmClient       : [GitHubScmClient#findCommits] x-ratelimit-used: 135
2023-09-24 16:21:15.047 DEBUG 39436 --- [           main] e.u.l.a.s.a.github.GitHubScmClient       : [GitHubScmClient#findCommits] x-xss-protection: 0
2023-09-24 16:21:15.047 DEBUG 39436 --- [           main] e.u.l.a.s.a.github.GitHubScmClient       : [GitHubScmClient#findCommits] 
2023-09-24 16:21:15.047 DEBUG 39436 --- [           main] e.u.l.a.s.a.github.GitHubScmClient       : [GitHubScmClient#findCommits] [{"sha":"8289ea5ef2b644a551fda4c3b034f9ef9fcd0209","node_id":"MDY6Q29tbWl0NjU5Mjc2Nzg6ODI4OWVhNWVmMmI2NDRhNTUxZmRhNGMzYjAzNGY5ZWY5ZmNkMDIwOQ==","commit":{"author":{"name":"David Miguel Lozano","email":"davidmigloz@users.noreply.github.com","date":"2021-03-12T20:29:14Z"},"committer":{"name":"David Miguel Lozano","email":"davidmigloz@users.noreply.github.com","date":"2021-03-12T20:29:14Z"},"message":"Create CNAME","tree":{"sha":"0075784b7aaa8645e600fe82258d9ec8a4412f83","url":"https://api.github.com/repos/davidmigloz/go-bees/git/trees/0075784b7aaa8645e600fe82258d9ec8a4412f83"},"url":"https://api.github.com/repos/davidmigloz/go-bees/git/commits/8289ea5ef2b644a551fda4c3b034f9ef9fcd0209","comment_count":0,"verification":{"verified":false,"reason":"unsigned","signature":null,"payload":null}},"url":"https://api.github.com/repos/davidmigloz/go-bees/commits/8289ea5ef2b644a551fda4c3b034f9ef9fcd0209","html_url":"https://github.com/davidmigloz/go-bees/commit/8289ea5ef2b644a551fda4c3b034f9ef9fcd0209","comments_url":"https://api.github.com/repos/davidmigloz/go-bees/commits/8289ea5ef2b644a551fda4c3b034f9ef9fcd0209/comments","author":{"login":"davidmigloz","id":6546265,"node_id":"MDQ6VXNlcjY1NDYyNjU=","avatar_url":"https://avatars.githubusercontent.com/u/6546265?v=4","gravatar_id":"","url":"https://api.github.com/users/davidmigloz","html_url":"https://github.com/davidmigloz","followers_url":"https://api.github.com/users/davidmigloz/followers","following_url":"https://api.github.com/users/davidmigloz/following{/other_user}","gists_url":"https://api.github.com/users/davidmigloz/gists{/gist_id}","starred_url":"https://api.github.com/users/davidmigloz/starred{/owner}{/repo}","subscriptions_url":"https://api.github.com/users/davidmigloz/subscriptions","organizations_url":"https://api.github.com/users/davidmigloz/orgs","repos_url":"https://api.github.com/users/davidmigloz/repos","events_url":"https://api.github.com/users/davidmigloz/events{/privacy}","received_events_url":"https://api.github.com/users/davidmigloz/received_events","type":"User","site_admin":false},"committer":{"login":"davidmigloz","id":6546265,"node_id":"MDQ6VXNlcjY1NDYyNjU=","avatar_url":"https://avatars.githubusercontent.com/u/6546265?v=4","gravatar_id":"","url":"https://api.github.com/users/davidmigloz","html_url":"https://github.com/davidmigloz","followers_url":"https://api.github.com/users/davidmigloz/followers","following_url":"https://api.github.com/users/davidmigloz/following{/other_user}","gists_url":"https://api.github.com/users/davidmigloz/gists{/gist_id}","starred_url":"https://api.github.com/users/davidmigloz/starred{/owner}{/repo}","subscriptions_url":"https://api.github.com/users/davidmigloz/subscriptions","organizations_url":"https://api.github.com/users/davidmigloz/orgs","repos_url":"https://api.github.com/users/davidmigloz/repos","events_url":"https://api.github.com/users/davidmigloz/events{/privacy}","received_events_url":"https://api.github.com/users/davidmigloz/received_events","type":"User","site_admin":false},"parents":[{"sha":"a5aaf9016611f9913c21d1f906d7c75df580529a","url":"https://api.github.com/repos/davidmigloz/go-bees/commits/a5aaf9016611f9913c21d1f906d7c75df580529a","html_url":"https://github.com/davidmigloz/go-bees/commit/a5aaf9016611f9913c21d1f906d7c75df580529a"}]},{"sha":"a5aaf9016611f9913c21d1f906d7c75df580529a","node_id":"MDY6Q29tbWl0NjU5Mjc2Nzg6YTVhYWY5MDE2NjExZjk5MTNjMjFkMWY5MDZkN2M3NWRmNTgwNTI5YQ==","commit":{"author":{"name":"David Miguel","email":"david.miguel@peaks.com","date":"2017-10-15T22:40:41Z"},"committer":{"name":"David Miguel","email":"david.miguel@peaks.com","date":"2017-10-15T22:40:41Z"},"message":"Merge branch 'release-1.2'","tree":{"sha":"7d3292d8efccb104b839caf34a89370bc27abef1","url":"https://api.github.com/repos/davidmigloz/go-bees/git/trees/7d3292d8efccb104b839caf34a89370bc27abef1"},"url":"https://api.github.com/repos/davidmigloz/go-bees/git/commits/a5aaf9016611f9913c21d1f906d7c75df580529a","comment_count":0,"verification":{"verified":false,"reason":"unsigned","signature":null,"payload":null}},"url":"https://api.github.com/repos/davidmigloz/go-bees/commits/a5aaf9016611f9913c21d1f906d7c75df580529a","html_url":"https://github.com/davidmigloz/go-bees/commit/a5aaf9016611f9913c21d1f906d7c75df580529a","comments_url":"https://api.github.com/repos/davidmigloz/go-bees/commits/a5aaf9016611f9913c21d1f906d7c75df580529a/comments","author":{"login":"davidmigloz","id":6546265,"node_id":"MDQ6VXNlcjY1NDYyNjU=","avatar_url":"https://avatars.githubusercontent.com/u/6546265?v=4","gravatar_id":"","url":"https://api.github.com/users/davidmigloz","html_url":"https://github.com/davidmigloz","followers_url":"https://api.github.com/users/davidmigloz/followers","following_url":"https://api.github.com/users/davidmigloz/following{/other_user}","gists_url":"https://api.github.com/users/davidmigloz/gists{/gist_id}","starred_url":"https://api.github.com/users/davidmigloz/starred{/owner}{/repo}","subscriptions_url":"https://api.github.com/users/davidmigloz/subscriptions","organizations_url":"https://api.github.com/users/davidmigloz/orgs","repos_url":"https://api.github.com/users/davidmigloz/repos","events_url":"https://api.github.com/users/davidmigloz/events{/privacy}","received_events_url":"https://api.github.com/users/davidmigloz/received_events","type":"User","site_admin":false},"committer":{"login":"davidmigloz","id":6546265,"node_id":"MDQ6VXNlcjY1NDYyNjU=","avatar_url":"https://avatars.githubusercontent.com/u/6546265?v=4","gravatar_id":"","url":"https://api.github.com/users/davidmigloz","html_url":"https://github.com/davidmigloz","followers_url":"https://api.github.com/users/davidmigloz/followers","following_url":"https://api.github.com/users/davidmigloz/following{/other_user}","gists_url":"https://api.github.com/users/davidmigloz/gists{/gist_id}","starred_url":"https://api.github.com/users/davidmigloz/starred{/owner}{/repo}","subscriptions_url":"https://api.github.com/users/davidmigloz/subscriptions","organizations_url":"https://api.github.com/users/davidmigloz/orgs","repos_url":"https://api.github.com/users/davidmigloz/repos","events_url":"https://api.github.com/users/davidmigloz/events{/privacy}","received_events_url":"https://api.github.com/users/davidmigloz/received_events","type":"User","site_admin":false},"parents":[{"sha":"fa0a5e28dd33779806b2644876516511caf8f948","url":"https://api.github.com/repos/davidmigloz/go-bees/commits/fa0a5e28dd33779806b2644876516511caf8f948","html_url":"https://github.com/davidmigloz/go-bees/commit/fa0a5e28dd33779806b2644876516511caf8f948"},{"sha":"14a4462b4bc65d2e319c6a22a2aea3892e218748","url":"https://api.github.com/repos/davidmigloz/go-bees/commits/14a4462b4bc65d2e319c6a22a2aea3892e218748","html_url":"https://github.com/davidmigloz/go-bees/commit/14a4462b4bc65d2e319c6a22a2aea3892e218748"}]},{"sha":"14a4462b4bc65d2e319c6a22a2aea3892e218748","node_id":"MDY6Q29tbWl0NjU5Mjc2Nzg6MTRhNDQ2MmI0YmM2NWQyZTMxOWM2YTIyYTJhZWEzODkyZTIxODc0OA==","commit":{"author":{"name":"David Miguel","email":"david.miguel@peaks.com","date":"2017-10-15T22:32:04Z"},"committer":{"name":"David Miguel","email":"david.miguel@peaks.com","date":"2017-10-15T22:32:04Z"},"message":"Bumped version number to 1.2","tree":{"sha":"7d3292d8efccb104b839caf34a89370bc27abef1","url":"https://api.github.com/repos/davidmigloz/go-bees/git/trees/7d3292d8efccb104b839caf34a89370bc27abef1"},"url":"https://api.github.com/repos/davidmigloz/go-bees/git/commits/14a4462b4bc65d2e319c6a22a2aea3892e218748","comment_count":0,"verification":{"verified":false,"reason":"unsigned","signature":null,"payload":null}},"url":"https://api.github.com/repos/davidmigloz/go-bees/commits/14a4462b4bc65d2e319c6a22a2aea3892e218748","html_url":"https://github.com/davidmigloz/go-bees/commit/14a4462b4bc65d2e319c6a22a2aea3892e218748","comments_url":"https://api.github.com/repos/davidmigloz/go-bees/commits/14a4462b4bc65d2e319c6a22a2aea3892e218748/comments","author":{"login":"davidmigloz","id":6546265,"node_id":"MDQ6VXNlcjY1NDYyNjU=","avatar_url":"https://avatars.githubusercontent.com/u/6546265?v=4","gravatar_id":"","url":"https://api.github.com/users/davidmigloz","html_url":"https://github.com/davidmigloz","followers_url":"https://api.github.com/users/davidmigloz/followers","following_url":"https://api.github.com/users/davidmigloz/following{/other_user}","gists_url":"https://api.github.com/users/davidmigloz/gists{/gist_id}","starred_url":"https://api.github.com/users/davidmigloz/starred{/owner}{/repo}","subscriptions_url":"https://api.github.com/users/davidmigloz/subscriptions","organizations_url":"https://api.github.com/users/davidmigloz/orgs","repos_url":"https://api.github.com/users/davidmigloz/repos","events_url":"https://api.github.com/users/davidmigloz/events{/privacy}","received_events_url":"https://api.github.com/users/davidmigloz/received_events","type":"User","site_admin":false},"committer":{"login":"davidmigloz","id":6546265,"node_id":"MDQ6VXNlcjY1NDYyNjU=","avatar_url":"https://avatars.githubusercontent.com/u/6546265?v=4","gravatar_id":"","url":"https://api.github.com/users/davidmigloz","html_url":"https://github.com/davidmigloz","followers_url":"https://api.github.com/users/davidmigloz/followers","following_url":"https://api.github.com/users/davidmigloz/following{/other_user}","gists_url":"https://api.github.com/users/davidmigloz/gists{/gist_id}","starred_url":"https://api.github.com/users/davidmigloz/starred{/owner}{/repo}","subscriptions_url":"https://api.github.com/users/davidmigloz/subscriptions","organizations_url":"https://api.github.com/users/davidmigloz/orgs","repos_url":"https://api.github.com/users/davidmigloz/repos","events_url":"https://api.github.com/users/davidmigloz/events{/privacy}","received_events_url":"https://api.github.com/users/davidmigloz/received_events","type":"User","site_admin":false},"parents":[{"sha":"2b54d064b390981e6270632886b2b019b2fc258b","url":"https://api.github.com/repos/davidmigloz/go-bees/commits/2b54d064b390981e6270632886b2b019b2fc258b","html_url":"https://github.com/davidmigloz/go-bees/commit/2b54d064b390981e6270632886b2b019b2fc258b"}]},{"sha":"2b54d064b390981e6270632886b2b019b2fc258b","node_id":"MDY6Q29tbWl0NjU5Mjc2Nzg6MmI1NGQwNjRiMzkwOTgxZTYyNzA2MzI4ODZiMmIwMTliMmZjMjU4Yg==","commit":{"author":{"name":"David Miguel","email":"david.miguel@peaks.com","date":"2017-10-15T22:20:44Z"},"committer":{"name":"David Miguel","email":"david.miguel@peaks.com","date":"2017-10-15T22:29:03Z"},"message":"Update build tools to 26.0.2 #204","tree":{"sha":"6abbdb09ab6b743931ed4b1f88877337c34ad4ba","url":"https://api.github.com/repos/davidmigloz/go-bees/git/trees/6abbdb09ab6b743931ed4b1f88877337c34ad4ba"},"url":"https://api.github.com/repos/davidmigloz/go-bees/git/commits/2b54d064b390981e6270632886b2b019b2fc258b","comment_count":0,"verification":{"verified":false,"reason":"unsigned","signature":null,"payload":null}},"url":"https://api.github.com/repos/davidmigloz/go-bees/commits/2b54d064b390981e6270632886b2b019b2fc258b","html_url":"https://github.com/davidmigloz/go-bees/commit/2b54d064b390981e6270632886b2b019b2fc258b","comments_url":"https://api.github.com/repos/davidmigloz/go-bees/commits/2b54d064b390981e6270632886b2b019b2fc258b/comments","author":{"login":"davidmigloz","id":6546265,"node_id":"MDQ6VXNlcjY1NDYyNjU=","avatar_url":"https://avatars.githubusercontent.com/u/6546265?v=4","gravatar_id":"","url":"https://api.github.com/users/davidmigloz","html_url":"https://github.com/davidmigloz","followers_url":"https://api.github.com/users/davidmigloz/followers","following_url":"https://api.github.com/users/davidmigloz/following{/other_user}","gists_url":"https://api.github.com/users/davidmigloz/gists{/gist_id}","starred_url":"https://api.github.com/users/davidmigloz/starred{/owner}{/repo}","subscriptions_url":"https://api.github.com/users/davidmigloz/subscriptions","organizations_url":"https://api.github.com/users/davidmigloz/orgs","repos_url":"https://api.github.com/users/davidmigloz/repos","events_url":"https://api.github.com/users/davidmigloz/events{/privacy}","received_events_url":"https://api.github.com/users/davidmigloz/received_events","type":"User","site_admin":false},"committer":{"login":"davidmigloz","id":6546265,"node_id":"MDQ6VXNlcjY1NDYyNjU=","avatar_url":"https://avatars.githubusercontent.com/u/6546265?v=4","gravatar_id":"","url":"https://api.github.com/users/davidmigloz","html_url":"https://github.com/davidmigloz","followers_url":"https://api.github.com/users/davidmigloz/followers","following_url":"https://api.github.com/users/davidmigloz/following{/other_user}","gists_url":"https://api.github.com/users/davidmigloz/gists{/gist_id}","starred_url":"https://api.github.com/users/davidmigloz/starred{/owner}{/repo}","subscriptions_url":"https://api.github.com/users/davidmigloz/subscriptions","organizations_url":"https://api.github.com/users/davidmigloz/orgs","repos_url":"https://api.github.com/users/davidmigloz/repos","events_url":"https://api.github.com/users/davidmigloz/events{/privacy}","received_events_url":"https://api.github.com/users/davidmigloz/received_events","type":"User","site_admin":false},"parents":[{"sha":"42f7ad239c65d138844c69e0b1ef6533f498191d","url":"https://api.github.com/repos/davidmigloz/go-bees/commits/42f7ad239c65d138844c69e0b1ef6533f498191d","html_url":"https://github.com/davidmigloz/go-bees/commit/42f7ad239c65d138844c69e0b1ef6533f498191d"}]},{"sha":"42f7ad239c65d138844c69e0b1ef6533f498191d","node_id":"MDY6Q29tbWl0NjU5Mjc2Nzg6NDJmN2FkMjM5YzY1ZDEzODg0NGM2OWUwYjFlZjY1MzNmNDk4MTkxZA==","commit":{"author":{"name":"David Miguel","email":"david.miguel@peaks.com","date":"2017-10-15T21:09:35Z"},"committer":{"name":"David Miguel","email":"david.miguel@peaks.com","date":"2017-10-15T21:09:35Z"},"message":"Update Crashlytics to 2.7.0 #203","tree":{"sha":"a1face980ab97c9b6790851a109f8b6bddcfe6c7","url":"https://api.github.com/repos/davidmigloz/go-bees/git/trees/a1face980ab97c9b6790851a109f8b6bddcfe6c7"},"url":"https://api.github.com/repos/davidmigloz/go-bees/git/commits/42f7ad239c65d138844c69e0b1ef6533f498191d","comment_count":0,"verification":{"verified":false,"reason":"unsigned","signature":null,"payload":null}},"url":"https://api.github.com/repos/davidmigloz/go-bees/commits/42f7ad239c65d138844c69e0b1ef6533f498191d","html_url":"https://github.com/davidmigloz/go-bees/commit/42f7ad239c65d138844c69e0b1ef6533f498191d","comments_url":"https://api.github.com/repos/davidmigloz/go-bees/commits/42f7ad239c65d138844c69e0b1ef6533f498191d/comments","author":{"login":"davidmigloz","id":6546265,"node_id":"MDQ6VXNlcjY1NDYyNjU=","avatar_url":"https://avatars.githubusercontent.com/u/6546265?v=4","gravatar_id":"","url":"https://api.github.com/users/davidmigloz","html_url":"https://github.com/davidmigloz","followers_url":"https://api.github.com/users/davidmigloz/followers","following_url":"https://api.github.com/users/davidmigloz/following{/other_user}","gists_url":"https://api.github.com/users/davidmigloz/gists{/gist_id}","starred_url":"https://api.github.com/users/davidmigloz/starred{/owner}{/repo}","subscriptions_url":"https://api.github.com/users/davidmigloz/subscriptions","organizations_url":"https://api.github.com/users/davidmigloz/orgs","repos_url":"https://api.github.com/users/davidmigloz/repos","events_url":"https://api.github.com/users/davidmigloz/events{/privacy}","received_events_url":"https://api.github.com/users/davidmigloz/received_events","type":"User","site_admin":false},"committer":{"login":"davidmigloz","id":6546265,"node_id":"MDQ6VXNlcjY1NDYyNjU=","avatar_url":"https://avatars.githubusercontent.com/u/6546265?v=4","gravatar_id":"","url":"https://api.github.com/users/davidmigloz","html_url":"https://github.com/davidmigloz","followers_url":"https://api.github.com/users/davidmigloz/followers","following_url":"https://api.github.com/users/davidmigloz/following{/other_user}","gists_url":"https://api.github.com/users/davidmigloz/gists{/gist_id}","starred_url":"https://api.github.com/users/davidmigloz/starred{/owner}{/repo}","subscriptions_url":"https://api.github.com/users/davidmigloz/subscriptions","organizations_url":"https://api.github.com/users/davidmigloz/orgs","repos_url":"https://api.github.com/users/davidmigloz/repos","events_url":"https://api.github.com/users/davidmigloz/events{/privacy}","received_events_url":"https://api.github.com/users/davidmigloz/received_events","type":"User","site_admin":false},"parents":[{"sha":"63c953f366823f944a9f9c5775b549f18076d055","url":"https://api.github.com/repos/davidmigloz/go-bees/commits/63c953f366823f944a9f9c5775b549f18076d055","html_url":"https://github.com/davidmigloz/go-bees/commit/63c953f366823f944a9f9c5775b549f18076d055"}]}]
2023-09-24 16:21:15.048 DEBUG 39436 --- [           main] e.u.l.a.s.a.github.GitHubScmClient       : [GitHubScmClient#findCommits] <--- END HTTP (16666-byte body)
  &amp#27;[32mWhen &amp#27;[0m&amp#27;[32mI import the commit&amp#27;[0m                                                                &amp#27;[90m# es.ubu.lsi.avrela.bdd.scm.CommitRangeImportSteps.iImportTheCommit()&amp#27;[0m
  &amp#27;[32mThen &amp#27;[0m&amp#27;[32mthe following commits should be present in same order&amp#27;[0m                              &amp#27;[90m# es.ubu.lsi.avrela.bdd.scm.CommitRangeImportSteps.theFollowingCommitsShouldBePresentInSameOrder(io.cucumber.datatable.DataTable)&amp#27;[0m
    | CommitSHA                                |
    | 8289ea5ef2b644a551fda4c3b034f9ef9fcd0209 |
    | a5aaf9016611f9913c21d1f906d7c75df580529a |
    | 14a4462b4bc65d2e319c6a22a2aea3892e218748 |
    | 2b54d064b390981e6270632886b2b019b2fc258b |
    | 42f7ad239c65d138844c69e0b1ef6533f498191d |
]]></system-out>
  </testcase>
</testsuite>